overwrite output file: KD_ls.log
HF energy:  -2649.1455509803927
LASSCF energy:  -2649.1523536694403
CASCI with LAS orbital -2649.1537232707124
current fragment 0
converged SCF energy = -5.35796186544604
converged SCF energy = -5.35796186544604

WARN: RCCSD method does not support ROHF method. ROHF object is converted to UHF object and UCCSD method is called.

E(UCCSD) = -5.361685222637081  E_corr = -0.003723357191040787
nelec (3, 0)
current fid 0.9990818318333151
current fid 0.9990818318334931
current fid 0.9990818318333169
current fid 0.9990818318333247
current fid 0.999081831833247
current fid 0.9990818318331517
current fid 0.9990818318332045
current fid 0.9990818318333098
current fid 0.9990818318333189
current fid 0.9990818318334775
current fid 0.999081831833286
current fid 0.9990818318333153
current fid 0.9990818318332283
current fid 0.9990818318333087
current fid 0.9990818318333178
current fid 0.9990818318332616
current fid 0.9990818318333113
current fid 0.9990818318334087
current fid 0.9990818318332199
current fid 0.9990818318333118
current fid 0.9990818318333127
current fid 0.9990818318333162
current fid 0.9990818318333947
current fid 0.9990818318333149
current fid 0.9990818318332985
current fid 0.9990818318333127
current fid 0.9990818318333151
current fid 0.9990818318333151
current fid 0.9990818318333151
current fid 0.9990818318333151
current fid 0.9990818318333151
current fid 0.9990818318333151
current fid 0.9990818318333151
current fid 0.9990818318333151
current fid 0.9990818318333151
current fid 0.9990818318333151
current fid 0.9990818318333151
current fid 0.9990818318333151
current fid 0.9990818318333151
current fid 0.9990818318333151
current fid 0.9990818318333151
current fid 0.9990818318333151
current fid 0.9990818318333151
current fid 0.9990818318333151
current fid 0.9990818318333151
current fid 0.9990818318333151
current fid 0.9990818318333151
current fid 0.9990818318333151
current fid 0.9990818318333151
current fid 0.9990818318333151
current fid 0.9990818318333151
current fid 0.9990818319830176
current fid 0.9990818318327869
current fid 0.9990818318328006
current fid 0.9990818319830307
current fid 0.9990818318333151
current fid 0.9990818318333151
current fid 0.9990818318333151
current fid 0.9990818318333151
current fid 0.9990818318333151
current fid 0.9990818318333151
current fid 0.9990818318333151
current fid 0.9990818318333151
current fid 0.9990818318333151
current fid 0.9990818318336799
current fid 0.99908183183331
current fid 0.9990818318355498
current fid 0.999081831833151
current fid 0.999081831833312
current fid 0.9990818318112071
current fid 0.9990818318351279
current fid 0.9990818318350815
current fid 0.9990818318564282
current fid 0.999081831833312
current fid 0.9990818318333127
current fid 0.9990818318333129
current fid 0.9990818318333133
current fid 0.9990818318333118
current fid 0.9990818318333113
current fid 0.9990818318333142
current fid 0.9990818318333116
current fid 0.9990818318333138
current fid 0.9990818318333105
current fid 0.9990818318333125
current fid 0.9990818318333144
current fid 0.9990818318333116
current fid 0.999081831833312
current fid 0.9990818318333122
current fid 0.9990818318333131
current fid 0.9990818318333151
current fid 0.9990818318333151
current fid 0.9990818318333151
current fid 0.9990818318333151
current fid 0.9990818318333151
current fid 0.9990818318333151
current fid 0.9990818318333151
current fid 0.9990818318333151
current fid 0.9990818318333151
current fid 0.9990818318333151
current fid 0.9990818318333151
current fid 0.9990818318333151
current fid 0.9990818318333151
current fid 0.9990818318333151
current fid 0.9990818318333151
current fid 0.9990818318333151
current fid 0.9990818318333151
current fid 0.9990818318333151
current fid 0.9990818318333151
current fid 0.9990818318333151
current fid 0.9990818318333151
current fid 0.9990818318333151
current fid 0.9990818318333151
current fid 0.9990818318333151
current fid 0.9990818318333151
current fid 0.8736103028796138
current fid 0.8736103029827789
current fid 0.8736103028573952
current fid 0.8736103027942804
current fid 0.8736103034871243
current fid 0.8736103029646286
current fid 0.8736103037563512
current fid 0.8736103029136565
current fid 0.8736103028410939
current fid 0.8736103025659339
current fid 0.8736103029316831
current fid 0.8736103028750822
current fid 0.8736103029306358
current fid 0.8736103028784985
current fid 0.873610302825814
current fid 0.8736103027528781
current fid 0.8736103028922476
current fid 0.873610302943675
current fid 0.8736103032163149
current fid 0.873610302828985
current fid 0.8736103028841146
current fid 0.8736103028520323
current fid 0.8736103023524419
current fid 0.8736103028733946
current fid 0.8736103028815834
current fid 0.8736103028732352
current fid 0.8736103028796138
current fid 0.8736103028796138
current fid 0.8736103028796138
current fid 0.8736103028796138
current fid 0.8736103028796138
current fid 0.8736103028796138
current fid 0.8736103028796138
current fid 0.8736103028796138
current fid 0.8736103028796138
current fid 0.8736103028796138
current fid 0.8736103028796138
current fid 0.8736103028796138
current fid 0.8736103028796138
current fid 0.8736103028796138
current fid 0.8736103028796138
current fid 0.8736103028796138
current fid 0.8736103028796138
current fid 0.8736103028796138
current fid 0.8736103028796138
current fid 0.8736103028796138
current fid 0.8736103028796138
current fid 0.8736103028796138
current fid 0.8736103028796138
current fid 0.8736103028796138
current fid 0.8736103028796138
current fid 0.8736103013798313
current fid 0.8736103029510589
current fid 0.8736103029492783
current fid 0.8736103013786016
current fid 0.8736103028796138
current fid 0.8736103028796138
current fid 0.8736103028796138
current fid 0.8736103028796138
current fid 0.8736103028796138
current fid 0.8736103028796138
current fid 0.8736103028796138
current fid 0.8736103028796138
current fid 0.8736103028796138
current fid 0.8736103029053659
current fid 0.87361030287905
current fid 0.8736103026142038
current fid 0.873610302900327
current fid 0.8736103028818132
current fid 0.873610305430827
current fid 0.8736103026533172
current fid 0.873610302655587
current fid 0.8736103002716644
current fid 0.8736103028818185
current fid 0.8736103028796102
current fid 0.8736103028796685
current fid 0.8736103028796018
current fid 0.8736103028805602
current fid 0.873610302879404
current fid 0.8736103028792974
current fid 0.8736103028795231
current fid 0.8736103028750841
current fid 0.8736103028899981
current fid 0.8736103028792354
current fid 0.8736103028883384
current fid 0.873610302885722
current fid 0.8736103028799277
current fid 0.873610302879572
current fid 0.8736103028799974
current fid 0.8736103028796138
current fid 0.8736103028796138
current fid 0.8736103028796138
current fid 0.8736103028796138
current fid 0.8736103028796138
current fid 0.8736103028796138
current fid 0.8736103028796138
current fid 0.8736103028796138
current fid 0.8736103028796138
current fid 0.8736103028796138
current fid 0.8736103028796138
current fid 0.8736103028796138
current fid 0.8736103028796138
current fid 0.8736103028796138
current fid 0.8736103028796138
current fid 0.8736103028796138
current fid 0.8736103028796138
current fid 0.8736103028796138
current fid 0.8736103028796138
current fid 0.8736103028796138
current fid 0.8736103028796138
current fid 0.8736103028796138
current fid 0.8736103028796138
current fid 0.8736103028796138
current fid 0.8736103028796138
current fid 0.9998658368351014
current fid 0.9998658368368499
current fid 0.9998658368350002
current fid 0.999865836834628
current fid 0.9998658368384905
current fid 0.9998658368346227
current fid 0.999865836839893
current fid 0.9998658368352982
current fid 0.9998658368348943
current fid 0.9998658368341653
current fid 0.9998658368352615
current fid 0.9998658368350941
current fid 0.9998658368348965
current fid 0.9998658368350648
current fid 0.9998658368348168
current fid 0.999865836833995
current fid 0.9998658368351474
current fid 0.9998658368360894
current fid 0.9998658368366228
current fid 0.9998658368348019
current fid 0.9998658368351372
current fid 0.9998658368349427
current fid 0.9998658368323087
current fid 0.9998658368350666
current fid 0.9998658368350224
current fid 0.9998658368350637
current fid 0.9998658368351014
current fid 0.9998658368351014
current fid 0.9998658368351014
current fid 0.9998658368351014
current fid 0.9998658368351014
current fid 0.9998658368351014
current fid 0.9998658368351014
current fid 0.9998658368351014
current fid 0.9998658368351014
current fid 0.9998658368351014
current fid 0.9998658368351014
current fid 0.9998658368351014
current fid 0.9998658368351014
current fid 0.9998658368351014
current fid 0.9998658368351014
current fid 0.9998658368351014
current fid 0.9998658368351014
current fid 0.9998658368351014
current fid 0.9998658368351014
current fid 0.9998658368351014
current fid 0.9998658368351014
current fid 0.9998658368351014
current fid 0.9998658368351014
current fid 0.9998658368351014
current fid 0.9998658368351014
current fid 0.999865836862789
current fid 0.9998658368390975
current fid 0.9998658368389682
current fid 0.9998658368626628
current fid 0.9998658368351014
current fid 0.9998658368351014
current fid 0.9998658368351014
current fid 0.9998658368351014
current fid 0.9998658368351014
current fid 0.9998658368351014
current fid 0.9998658368351014
current fid 0.9998658368351014
current fid 0.9998658368351014
current fid 0.9998658368375481
current fid 0.9998658368350668
current fid 0.9998658368223104
current fid 0.9998658368361938
current fid 0.9998658368351114
current fid 0.9998658369660426
current fid 0.9998658368231178
current fid 0.999865836823404
current fid 0.9998658366989694
current fid 0.9998658368351092
current fid 0.9998658368351023
current fid 0.9998658368351003
current fid 0.9998658368350999
current fid 0.9998658368351265
current fid 0.9998658368349826
current fid 0.9998658368351017
current fid 0.9998658368351026
current fid 0.9998658368350957
current fid 0.9998658368362844
current fid 0.9998658368351006
current fid 0.9998658368361982
current fid 0.9998658368351461
current fid 0.9998658368351017
current fid 0.9998658368351019
current fid 0.9998658368351017
current fid 0.9998658368351014
current fid 0.9998658368351014
current fid 0.9998658368351014
current fid 0.9998658368351014
current fid 0.9998658368351014
current fid 0.9998658368351014
current fid 0.9998658368351014
current fid 0.9998658368351014
current fid 0.9998658368351014
current fid 0.9998658368351014
current fid 0.9998658368351014
current fid 0.9998658368351014
current fid 0.9998658368351014
current fid 0.9998658368351014
current fid 0.9998658368351014
current fid 0.9998658368351014
current fid 0.9998658368351014
current fid 0.9998658368351014
current fid 0.9998658368351014
current fid 0.9998658368351014
current fid 0.9998658368351014
current fid 0.9998658368351014
current fid 0.9998658368351014
current fid 0.9998658368351014
current fid 0.9998658368351014
current fid 0.9993875020333056
current fid 0.9993875020333354
current fid 0.9993875020339399
current fid 0.9993875020352717
current fid 0.9993875020215229
current fid 0.999387502030026
current fid 0.9993875020161556
current fid 0.9993875020324591
current fid 0.9993875020343699
current fid 0.9993875020408938
current fid 0.9993875020320555
current fid 0.9993875020333693
current fid 0.9993875020313816
current fid 0.9993875020333305
current fid 0.999387502034624
current fid 0.99938750203499
current fid 0.999387502032884
current fid 0.9993875020332607
current fid 0.9993875020259818
current fid 0.9993875020346491
current fid 0.9993875020331559
current fid 0.9993875020338959
current fid 0.9993875020438404
current fid 0.9993875020335716
current fid 0.9993875020332131
current fid 0.9993875020335594
current fid 0.9993875020333056
current fid 0.9993875020333056
current fid 0.9993875020333056
current fid 0.9993875020333056
current fid 0.9993875020333056
current fid 0.9993875020333056
current fid 0.9993875020333056
current fid 0.9993875020333056
current fid 0.9993875020333056
current fid 0.9993875020333056
current fid 0.9993875020333056
current fid 0.9993875020333056
current fid 0.9993875020333056
current fid 0.9993875020333056
current fid 0.9993875020333056
current fid 0.9993875020333056
current fid 0.9993875020333056
current fid 0.9993875020333056
current fid 0.9993875020333056
current fid 0.9993875020333056
current fid 0.9993875020333056
current fid 0.9993875020333056
current fid 0.9993875020333056
current fid 0.9993875020333056
current fid 0.9993875020333056
current fid 0.9993875019831234
current fid 0.9993875020198386
current fid 0.9993875020203993
current fid 0.9993875019836449
current fid 0.9993875020333056
current fid 0.9993875020333056
current fid 0.9993875020333056
current fid 0.9993875020333056
current fid 0.9993875020333056
current fid 0.9993875020333056
current fid 0.9993875020333056
current fid 0.9993875020333056
current fid 0.9993875020333056
current fid 0.9993875020370242
current fid 0.9993875020332458
current fid 0.9993875020633389
current fid 0.9993875020301216
current fid 0.9993875020333591
current fid 0.9993875017127699
current fid 0.9993875020683398
current fid 0.9993875020675187
current fid 0.9993875023639218
current fid 0.9993875020333627
current fid 0.9993875020333054
current fid 0.9993875020333101
current fid 0.9993875020333076
current fid 0.9993875020331197
current fid 0.999387502034105
current fid 0.9993875020332987
current fid 0.9993875020333041
current fid 0.9993875020342737
current fid 0.999387502025861
current fid 0.9993875020332978
current fid 0.9993875020264343
current fid 0.9993875020323358
current fid 0.9993875020333152
current fid 0.9993875020333054
current fid 0.999387502033313
current fid 0.9993875020333056
current fid 0.9993875020333056
current fid 0.9993875020333056
current fid 0.9993875020333056
current fid 0.9993875020333056
current fid 0.9993875020333056
current fid 0.9993875020333056
current fid 0.9993875020333056
current fid 0.9993875020333056
current fid 0.9993875020333056
current fid 0.9993875020333056
current fid 0.9993875020333056
current fid 0.9993875020333056
current fid 0.9993875020333056
current fid 0.9993875020333056
current fid 0.9993875020333056
current fid 0.9993875020333056
current fid 0.9993875020333056
current fid 0.9993875020333056
current fid 0.9993875020333056
current fid 0.9993875020333056
current fid 0.9993875020333056
current fid 0.9993875020333056
current fid 0.9993875020333056
current fid 0.9993875020333056
current fid 0.9999809006058308
current fid 0.9999809006072705
current fid 0.9999809006059014
current fid 0.9999809006059112
current fid 0.9999809006058341
current fid 0.9999809006046686
current fid 0.9999809006057124
current fid 0.9999809006058019
current fid 0.9999809006059172
current fid 0.9999809006068524
current fid 0.9999809006056722
current fid 0.9999809006058414
current fid 0.9999809006052317
current fid 0.9999809006058128
current fid 0.9999809006059138
current fid 0.999980900605339
current fid 0.9999809006057799
current fid 0.9999809006066126
current fid 0.9999809006053736
current fid 0.9999809006059072
current fid 0.9999809006058312
current fid 0.9999809006058434
current fid 0.9999809006060164
current fid 0.9999809006058625
current fid 0.999980900605728
current fid 0.9999809006058596
current fid 0.9999809006058308
current fid 0.9999809006058308
current fid 0.9999809006058308
current fid 0.9999809006058308
current fid 0.9999809006058308
current fid 0.9999809006058308
current fid 0.9999809006058308
current fid 0.9999809006058308
current fid 0.9999809006058308
current fid 0.9999809006058308
current fid 0.9999809006058308
current fid 0.9999809006058308
current fid 0.9999809006058308
current fid 0.9999809006058308
current fid 0.9999809006058308
current fid 0.9999809006058308
current fid 0.9999809006058308
current fid 0.9999809006058308
current fid 0.9999809006058308
current fid 0.9999809006058308
current fid 0.9999809006058308
current fid 0.9999809006058308
current fid 0.9999809006058308
current fid 0.9999809006058308
current fid 0.9999809006058308
current fid 0.9999809006102309
current fid 0.9999809006045287
current fid 0.9999809006045993
current fid 0.9999809006102987
current fid 0.9999809006058308
current fid 0.9999809006058308
current fid 0.9999809006058308
current fid 0.9999809006058308
current fid 0.9999809006058308
current fid 0.9999809006058308
current fid 0.9999809006058308
current fid 0.9999809006058308
current fid 0.9999809006058308
current fid 0.9999809006086774
current fid 0.9999809006057933
current fid 0.999980900605966
current fid 0.9999809006056216
current fid 0.9999809006058346
current fid 0.9999809006000565
current fid 0.999980900608099
current fid 0.999980900608037
current fid 0.9999809006111184
current fid 0.9999809006058332
current fid 0.9999809006058337
current fid 0.9999809006058341
current fid 0.999980900605833
current fid 0.9999809006058021
current fid 0.9999809006060058
current fid 0.9999809006058339
current fid 0.9999809006058328
current fid 0.9999809006060486
current fid 0.9999809006043546
current fid 0.9999809006058348
current fid 0.9999809006044657
current fid 0.9999809006056356
current fid 0.9999809006058332
current fid 0.9999809006058317
current fid 0.9999809006058332
current fid 0.9999809006058308
current fid 0.9999809006058308
current fid 0.9999809006058308
current fid 0.9999809006058308
current fid 0.9999809006058308
current fid 0.9999809006058308
current fid 0.9999809006058308
current fid 0.9999809006058308
current fid 0.9999809006058308
current fid 0.9999809006058308
current fid 0.9999809006058308
current fid 0.9999809006058308
current fid 0.9999809006058308
current fid 0.9999809006058308
current fid 0.9999809006058308
current fid 0.9999809006058308
current fid 0.9999809006058308
current fid 0.9999809006058308
current fid 0.9999809006058308
current fid 0.9999809006058308
current fid 0.9999809006058308
current fid 0.9999809006058308
current fid 0.9999809006058308
current fid 0.9999809006058308
current fid 0.9999809006058308
current fid 0.9999819459345997
current fid 0.9999819459360956
current fid 0.9999819459346185
current fid 0.9999819459345717
current fid 0.9999819459347622
current fid 0.9999819459334208
current fid 0.999981945934704
current fid 0.9999819459346292
current fid 0.9999819459345723
current fid 0.9999819459355416
current fid 0.9999819459344464
current fid 0.9999819459346279
current fid 0.9999819459339915
current fid 0.9999819459345475
current fid 0.9999819459345968
current fid 0.9999819459340628
current fid 0.9999819459345772
current fid 0.999981945935411
current fid 0.9999819459342251
current fid 0.9999819459345299
current fid 0.9999819459346154
current fid 0.9999819459345863
current fid 0.9999819459346516
current fid 0.9999819459345872
current fid 0.9999819459344906
current fid 0.9999819459345883
current fid 0.9999819459345997
current fid 0.9999819459345997
current fid 0.9999819459345997
current fid 0.9999819459345997
current fid 0.9999819459345997
current fid 0.9999819459345997
current fid 0.9999819459345997
current fid 0.9999819459345997
current fid 0.9999819459345997
current fid 0.9999819459345997
current fid 0.9999819459345997
current fid 0.9999819459345997
current fid 0.9999819459345997
current fid 0.9999819459345997
current fid 0.9999819459345997
current fid 0.9999819459345997
current fid 0.9999819459345997
current fid 0.9999819459345997
current fid 0.9999819459345997
current fid 0.9999819459345997
current fid 0.9999819459345997
current fid 0.9999819459345997
current fid 0.9999819459345997
current fid 0.9999819459345997
current fid 0.9999819459345997
current fid 0.9999819459346019
current fid 0.9999819459350897
current fid 0.9999819459350435
current fid 0.9999819459345526
current fid 0.9999819459345997
current fid 0.9999819459345997
current fid 0.9999819459345997
current fid 0.9999819459345997
current fid 0.9999819459345997
current fid 0.9999819459345997
current fid 0.9999819459345997
current fid 0.9999819459345997
current fid 0.9999819459345997
current fid 0.9999819459375129
current fid 0.9999819459345577
current fid 0.9999819459346627
current fid 0.9999819459346874
current fid 0.9999819459345988
current fid 0.9999819459344806
current fid 0.9999819459337475
current fid 0.9999819459337979
current fid 0.99998194593478
current fid 0.9999819459345992
current fid 0.9999819459345979
current fid 0.9999819459346005
current fid 0.9999819459345988
current fid 0.9999819459345974
current fid 0.9999819459345257
current fid 0.999981945934601
current fid 0.999981945934601
current fid 0.9999819459345948
current fid 0.9999819459351215
current fid 0.9999819459345992
current fid 0.9999819459350464
current fid 0.9999819459346116
current fid 0.9999819459346008
current fid 0.9999819459346003
current fid 0.9999819459345977
current fid 0.9999819459345997
current fid 0.9999819459345997
current fid 0.9999819459345997
current fid 0.9999819459345997
current fid 0.9999819459345997
current fid 0.9999819459345997
current fid 0.9999819459345997
current fid 0.9999819459345997
current fid 0.9999819459345997
current fid 0.9999819459345997
current fid 0.9999819459345997
current fid 0.9999819459345997
current fid 0.9999819459345997
current fid 0.9999819459345997
current fid 0.9999819459345997
current fid 0.9999819459345997
current fid 0.9999819459345997
current fid 0.9999819459345997
current fid 0.9999819459345997
current fid 0.9999819459345997
current fid 0.9999819459345997
current fid 0.9999819459345997
current fid 0.9999819459345997
current fid 0.9999819459345997
current fid 0.9999819459345997
current fid 0.9999821367465664
current fid 0.9999821367480597
current fid 0.9999821367466344
current fid 0.9999821367466257
current fid 0.9999821367467525
current fid 0.9999821367454058
current fid 0.9999821367467052
current fid 0.999982136746536
current fid 0.9999821367466553
current fid 0.9999821367474948
current fid 0.9999821367464194
current fid 0.9999821367465713
current fid 0.9999821367459669
current fid 0.9999821367465533
current fid 0.9999821367466377
current fid 0.9999821367460191
current fid 0.9999821367465067
current fid 0.9999821367473798
current fid 0.9999821367462134
current fid 0.9999821367466444
current fid 0.9999821367465591
current fid 0.9999821367465644
current fid 0.9999821367466002
current fid 0.9999821367466055
current fid 0.9999821367464614
current fid 0.9999821367465942
current fid 0.9999821367465664
current fid 0.9999821367465664
current fid 0.9999821367465664
current fid 0.9999821367465664
current fid 0.9999821367465664
current fid 0.9999821367465664
current fid 0.9999821367465664
current fid 0.9999821367465664
current fid 0.9999821367465664
current fid 0.9999821367465664
current fid 0.9999821367465664
current fid 0.9999821367465664
current fid 0.9999821367465664
current fid 0.9999821367465664
current fid 0.9999821367465664
current fid 0.9999821367465664
current fid 0.9999821367465664
current fid 0.9999821367465664
current fid 0.9999821367465664
current fid 0.9999821367465664
current fid 0.9999821367465664
current fid 0.9999821367465664
current fid 0.9999821367465664
current fid 0.9999821367465664
current fid 0.9999821367465664
current fid 0.9999821367460777
current fid 0.9999821367451713
current fid 0.9999821367453443
current fid 0.99998213674625
current fid 0.9999821367465664
current fid 0.9999821367465664
current fid 0.9999821367465664
current fid 0.9999821367465664
current fid 0.9999821367465664
current fid 0.9999821367465664
current fid 0.9999821367465664
current fid 0.9999821367465664
current fid 0.9999821367465664
current fid 0.9999821367494659
current fid 0.9999821367465249
current fid 0.9999821367464126
current fid 0.9999821367463098
current fid 0.9999821367465662
current fid 0.9999821367472577
current fid 0.9999821367490087
current fid 0.9999821367488266
current fid 0.9999821367458097
current fid 0.9999821367465667
current fid 0.9999821367465664
current fid 0.9999821367465676
current fid 0.999982136746566
current fid 0.9999821367465744
current fid 0.9999821367467805
current fid 0.999982136746566
current fid 0.9999821367465651
current fid 0.9999821367465678
current fid 0.9999821367451034
current fid 0.9999821367465664
current fid 0.9999821367453761
current fid 0.9999821367465878
current fid 0.9999821367465664
current fid 0.9999821367465636
current fid 0.9999821367465669
current fid 0.9999821367465664
current fid 0.9999821367465664
current fid 0.9999821367465664
current fid 0.9999821367465664
current fid 0.9999821367465664
current fid 0.9999821367465664
current fid 0.9999821367465664
current fid 0.9999821367465664
current fid 0.9999821367465664
current fid 0.9999821367465664
current fid 0.9999821367465664
current fid 0.9999821367465664
current fid 0.9999821367465664
current fid 0.9999821367465664
current fid 0.9999821367465664
current fid 0.9999821367465664
current fid 0.9999821367465664
current fid 0.9999821367465664
current fid 0.9999821367465664
current fid 0.9999821367465664
current fid 0.9999821367465664
current fid 0.9999821367465664
current fid 0.9999821367465664
current fid 0.9999821367465664
current fid 0.9999821367465664
current fid 0.9999826133103542
current fid 0.9999826133118308
current fid 0.9999826133104524
current fid 0.9999826133104777
current fid 0.9999826133105576
current fid 0.9999826133092149
current fid 0.9999826133105238
current fid 0.9999826133102825
current fid 0.9999826133105256
current fid 0.9999826133112621
current fid 0.999982613310207
current fid 0.9999826133103429
current fid 0.9999826133097682
current fid 0.999982613310364
current fid 0.9999826133104779
current fid 0.9999826133098026
current fid 0.9999826133102665
current fid 0.9999826133111624
current fid 0.9999826133100205
current fid 0.9999826133105367
current fid 0.9999826133103318
current fid 0.9999826133103642
current fid 0.9999826133103702
current fid 0.9999826133104319
current fid 0.9999826133102472
current fid 0.9999826133104115
current fid 0.9999826133103542
current fid 0.9999826133103542
current fid 0.9999826133103542
current fid 0.9999826133103542
current fid 0.9999826133103542
current fid 0.9999826133103542
current fid 0.9999826133103542
current fid 0.9999826133103542
current fid 0.9999826133103542
current fid 0.9999826133103542
current fid 0.9999826133103542
current fid 0.9999826133103542
current fid 0.9999826133103542
current fid 0.9999826133103542
current fid 0.9999826133103542
current fid 0.9999826133103542
current fid 0.9999826133103542
current fid 0.9999826133103542
current fid 0.9999826133103542
current fid 0.9999826133103542
current fid 0.9999826133103542
current fid 0.9999826133103542
current fid 0.9999826133103542
current fid 0.9999826133103542
current fid 0.9999826133103542
current fid 0.9999826133094554
current fid 0.9999826133076588
current fid 0.9999826133079139
current fid 0.9999826133097098
current fid 0.9999826133103542
current fid 0.9999826133103542
current fid 0.9999826133103542
current fid 0.9999826133103542
current fid 0.9999826133103542
current fid 0.9999826133103542
current fid 0.9999826133103542
current fid 0.9999826133103542
current fid 0.9999826133103542
current fid 0.9999826133132137
current fid 0.9999826133103162
current fid 0.9999826133099812
current fid 0.9999826133098648
current fid 0.9999826133103562
current fid 0.9999826133117569
current fid 0.9999826133150573
current fid 0.9999826133147931
current fid 0.999982613308761
current fid 0.9999826133103555
current fid 0.9999826133103575
current fid 0.9999826133103566
current fid 0.9999826133103573
current fid 0.9999826133103717
current fid 0.9999826133107723
current fid 0.9999826133103569
current fid 0.999982613310356
current fid 0.9999826133103635
current fid 0.9999826133075089
current fid 0.9999826133103553
current fid 0.9999826133079062
current fid 0.9999826133103857
current fid 0.9999826133103564
current fid 0.9999826133103562
current fid 0.999982613310358
current fid 0.9999826133103542
current fid 0.9999826133103542
current fid 0.9999826133103542
current fid 0.9999826133103542
current fid 0.9999826133103542
current fid 0.9999826133103542
current fid 0.9999826133103542
current fid 0.9999826133103542
current fid 0.9999826133103542
current fid 0.9999826133103542
current fid 0.9999826133103542
current fid 0.9999826133103542
current fid 0.9999826133103542
current fid 0.9999826133103542
current fid 0.9999826133103542
current fid 0.9999826133103542
current fid 0.9999826133103542
current fid 0.9999826133103542
current fid 0.9999826133103542
current fid 0.9999826133103542
current fid 0.9999826133103542
current fid 0.9999826133103542
current fid 0.9999826133103542
current fid 0.9999826133103542
current fid 0.9999826133103542
current fid 0.9999858648159038
current fid 0.9999858648171818
current fid 0.9999858648161395
current fid 0.9999858648162958
current fid 0.9999858648161668
current fid 0.9999858648149414
current fid 0.9999858648161901
current fid 0.9999858648156333
current fid 0.9999858648164182
current fid 0.9999858648166382
current fid 0.9999858648157808
current fid 0.9999858648158083
current fid 0.9999858648154109
current fid 0.9999858648160243
current fid 0.9999858648162534
current fid 0.9999858648153722
current fid 0.9999858648156997
current fid 0.9999858648166045
current fid 0.9999858648156753
current fid 0.9999858648165314
current fid 0.9999858648157965
current fid 0.999985864815946
current fid 0.9999858648158301
current fid 0.9999858648161226
current fid 0.9999858648158072
current fid 0.9999858648160806
current fid 0.9999858648159038
current fid 0.9999858648159038
current fid 0.9999858648159038
current fid 0.9999858648159038
current fid 0.9999858648159038
current fid 0.9999858648159038
current fid 0.9999858648159038
current fid 0.9999858648159038
current fid 0.9999858648159038
current fid 0.9999858648159038
current fid 0.9999858648159038
current fid 0.9999858648159038
current fid 0.9999858648159038
current fid 0.9999858648159038
current fid 0.9999858648159038
current fid 0.9999858648159038
current fid 0.9999858648159038
current fid 0.9999858648159038
current fid 0.9999858648159038
current fid 0.9999858648159038
current fid 0.9999858648159038
current fid 0.9999858648159038
current fid 0.9999858648159038
current fid 0.9999858648159038
current fid 0.9999858648159038
current fid 0.9999858648130974
current fid 0.9999858648075978
current fid 0.9999858648083771
current fid 0.999985864813891
current fid 0.9999858648159038
current fid 0.9999858648159038
current fid 0.9999858648159038
current fid 0.9999858648159038
current fid 0.9999858648159038
current fid 0.9999858648159038
current fid 0.9999858648159038
current fid 0.9999858648159038
current fid 0.9999858648159038
current fid 0.9999858648183637
current fid 0.9999858648158749
current fid 0.9999858648145513
current fid 0.9999858648144327
current fid 0.9999858648159007
current fid 0.9999858648203432
current fid 0.9999858648302999
current fid 0.9999858648294453
current fid 0.9999858648106609
current fid 0.9999858648159031
current fid 0.9999858648159031
current fid 0.9999858648159033
current fid 0.999985864815902
current fid 0.9999858648159349
current fid 0.9999858648171678
current fid 0.999985864815898
current fid 0.9999858648159038
current fid 0.9999858648159595
current fid 0.9999858648070162
current fid 0.9999858648158982
current fid 0.9999858648082206
current fid 0.9999858648159253
current fid 0.9999858648159056
current fid 0.9999858648159016
current fid 0.9999858648159073
current fid 0.9999858648159038
current fid 0.9999858648159038
current fid 0.9999858648159038
current fid 0.9999858648159038
current fid 0.9999858648159038
current fid 0.9999858648159038
current fid 0.9999858648159038
current fid 0.9999858648159038
current fid 0.9999858648159038
current fid 0.9999858648159038
current fid 0.9999858648159038
current fid 0.9999858648159038
current fid 0.9999858648159038
current fid 0.9999858648159038
current fid 0.9999858648159038
current fid 0.9999858648159038
current fid 0.9999858648159038
current fid 0.9999858648159038
current fid 0.9999858648159038
current fid 0.9999858648159038
current fid 0.9999858648159038
current fid 0.9999858648159038
current fid 0.9999858648159038
current fid 0.9999858648159038
current fid 0.9999858648159038
current fid 0.9999903175252605
current fid 0.999990317526207
current fid 0.9999903175255829
current fid 0.9999903175258211
current fid 0.9999903175255547
current fid 0.9999903175245806
current fid 0.99999031752562
current fid 0.9999903175248779
current fid 0.9999903175259806
current fid 0.999990317525749
current fid 0.9999903175251892
current fid 0.9999903175251192
current fid 0.9999903175249236
current fid 0.9999903175254576
current fid 0.9999903175257434
current fid 0.9999903175248459
current fid 0.999990317524994
current fid 0.9999903175257892
current fid 0.9999903175251543
current fid 0.9999903175261766
current fid 0.9999903175251106
current fid 0.9999903175253322
current fid 0.9999903175251341
current fid 0.999990317525572
current fid 0.9999903175251967
current fid 0.9999903175255174
current fid 0.9999903175252605
current fid 0.9999903175252605
current fid 0.9999903175252605
current fid 0.9999903175252605
current fid 0.9999903175252605
current fid 0.9999903175252605
current fid 0.9999903175252605
current fid 0.9999903175252605
current fid 0.9999903175252605
current fid 0.9999903175252605
current fid 0.9999903175252605
current fid 0.9999903175252605
current fid 0.9999903175252605
current fid 0.9999903175252605
current fid 0.9999903175252605
current fid 0.9999903175252605
current fid 0.9999903175252605
current fid 0.9999903175252605
current fid 0.9999903175252605
current fid 0.9999903175252605
current fid 0.9999903175252605
current fid 0.9999903175252605
current fid 0.9999903175252605
current fid 0.9999903175252605
current fid 0.9999903175252605
current fid 0.9999903175213065
current fid 0.9999903175138063
current fid 0.9999903175146665
current fid 0.9999903175222049
current fid 0.9999903175252605
current fid 0.9999903175252605
current fid 0.9999903175252605
current fid 0.9999903175252605
current fid 0.9999903175252605
current fid 0.9999903175252605
current fid 0.9999903175252605
current fid 0.9999903175252605
current fid 0.9999903175252605
current fid 0.9999903175270475
current fid 0.9999903175252409
current fid 0.9999903175234979
current fid 0.9999903175232259
current fid 0.9999903175252625
current fid 0.9999903175316611
current fid 0.9999903175452308
current fid 0.9999903175443209
current fid 0.9999903175178286
current fid 0.9999903175252645
current fid 0.999990317525262
current fid 0.9999903175252607
current fid 0.9999903175252616
current fid 0.9999903175253573
current fid 0.9999903175270319
current fid 0.9999903175252522
current fid 0.9999903175252618
current fid 0.999990317525359
current fid 0.9999903175130659
current fid 0.9999903175252494
current fid 0.999990317514438
current fid 0.9999903175253402
current fid 0.9999903175252707
current fid 0.9999903175252591
current fid 0.9999903175252716
current fid 0.9999903175252605
current fid 0.9999903175252605
current fid 0.9999903175252605
current fid 0.9999903175252605
current fid 0.9999903175252605
current fid 0.9999903175252605
current fid 0.9999903175252605
current fid 0.9999903175252605
current fid 0.9999903175252605
current fid 0.9999903175252605
current fid 0.9999903175252605
current fid 0.9999903175252605
current fid 0.9999903175252605
current fid 0.9999903175252605
current fid 0.9999903175252605
current fid 0.9999903175252605
current fid 0.9999903175252605
current fid 0.9999903175252605
current fid 0.9999903175252605
current fid 0.9999903175252605
current fid 0.9999903175252605
current fid 0.9999903175252605
current fid 0.9999903175252605
current fid 0.9999903175252605
current fid 0.9999903175252605
current fid 0.9999966224385601
current fid 0.9999966224388857
current fid 0.9999966224388639
current fid 0.9999966224391164
current fid 0.9999966224387877
current fid 0.9999966224383501
current fid 0.9999966224388765
current fid 0.9999966224382606
current fid 0.9999966224392469
current fid 0.9999966224386578
current fid 0.9999966224385544
current fid 0.9999966224384089
current fid 0.999996622438462
current fid 0.9999966224387531
current fid 0.9999966224390344
current fid 0.9999966224384218
current fid 0.999996622438359
current fid 0.9999966224387493
current fid 0.9999966224385728
current fid 0.9999966224392496
current fid 0.9999966224384078
current fid 0.9999966224386401
current fid 0.9999966224384071
current fid 0.9999966224388628
current fid 0.9999966224385408
current fid 0.9999966224387562
current fid 0.9999966224385601
current fid 0.9999966224385601
current fid 0.9999966224385601
current fid 0.9999966224385601
current fid 0.9999966224385601
current fid 0.9999966224385601
current fid 0.9999966224385601
current fid 0.9999966224385601
current fid 0.9999966224385601
current fid 0.9999966224385601
current fid 0.9999966224385601
current fid 0.9999966224385601
current fid 0.9999966224385601
current fid 0.9999966224385601
current fid 0.9999966224385601
current fid 0.9999966224385601
current fid 0.9999966224385601
current fid 0.9999966224385601
current fid 0.9999966224385601
current fid 0.9999966224385601
current fid 0.9999966224385601
current fid 0.9999966224385601
current fid 0.9999966224385601
current fid 0.9999966224385601
current fid 0.9999966224385601
current fid 0.9999966224332788
current fid 0.9999966224274829
current fid 0.9999966224305973
current fid 0.9999966224364423
current fid 0.9999966224385601
current fid 0.9999966224385601
current fid 0.9999966224385601
current fid 0.9999966224385601
current fid 0.9999966224385601
current fid 0.9999966224385601
current fid 0.9999966224385601
current fid 0.9999966224385601
current fid 0.9999966224385601
current fid 0.9999966224391459
current fid 0.9999966224385632
current fid 0.9999966224362773
current fid 0.9999966224365231
current fid 0.9999966224385617
current fid 0.9999966224444801
current fid 0.99999662245712
current fid 0.9999966224533701
current fid 0.9999966224312841
current fid 0.9999966224385604
current fid 0.999996622438557
current fid 0.9999966224385599
current fid 0.9999966224385595
current fid 0.9999966224383152
current fid 0.9999966224401917
current fid 0.9999966224385426
current fid 0.9999966224385617
current fid 0.9999966224383867
current fid 0.9999966224258904
current fid 0.9999966224385444
current fid 0.9999966224308839
current fid 0.9999966224383274
current fid 0.9999966224385746
current fid 0.9999966224385566
current fid 0.9999966224385741
current fid 0.9999966224385601
current fid 0.9999966224385601
current fid 0.9999966224385601
current fid 0.9999966224385601
current fid 0.9999966224385601
current fid 0.9999966224385601
current fid 0.9999966224385601
current fid 0.9999966224385601
current fid 0.9999966224385601
current fid 0.9999966224385601
current fid 0.9999966224385601
current fid 0.9999966224385601
current fid 0.9999966224385601
current fid 0.9999966224385601
current fid 0.9999966224385601
current fid 0.9999966224385601
current fid 0.9999966224385601
current fid 0.9999966224385601
current fid 0.9999966224385601
current fid 0.9999966224385601
current fid 0.9999966224385601
current fid 0.9999966224385601
current fid 0.9999966224385601
current fid 0.9999966224385601
current fid 0.9999966224385601
current fid 0.9998798624616705
current fid 0.9998798624613189
current fid 0.9998798624597621
current fid 0.9998798624580882
current fid 0.9998798624617338
current fid 0.9998798624620102
current fid 0.9998798624614761
current fid 0.9998798624588059
current fid 0.9998798624574278
current fid 0.9998798624609267
current fid 0.999879862461676
current fid 0.9998798624626533
current fid 0.9998798624620184
current fid 0.9998798624605781
current fid 0.9998798624580503
current fid 0.9998798624605557
current fid 0.99987986245988
current fid 0.9998798624615018
current fid 0.999879862462709
current fid 0.9998798624686595
current fid 0.999879862462526
current fid 0.9998798624608537
current fid 0.9998798624618113
current fid 0.9998798624598274
current fid 0.999879862461571
current fid 0.999879862463468
current fid 0.9998798624616705
current fid 0.9998798624616705
current fid 0.9998798624616705
current fid 0.9998798624616705
current fid 0.9998798624616705
current fid 0.9998798624616705
current fid 0.9998798624616705
current fid 0.9998798624616705
current fid 0.9998798624616705
current fid 0.9998798624616705
current fid 0.9998798624616705
current fid 0.9998798624616705
current fid 0.9998798624616705
current fid 0.9998798624616705
current fid 0.9998798624616705
current fid 0.9998798624616705
current fid 0.9998798624616705
current fid 0.9998798624616705
current fid 0.9998798624616705
current fid 0.9998798624616705
current fid 0.9998798624616705
current fid 0.9998798624616705
current fid 0.9998798624616705
current fid 0.9998798624616705
current fid 0.9998798624616705
current fid 0.9998798625341495
current fid 0.9998798625328915
current fid 0.999879862382857
current fid 0.9998798623843126
current fid 0.9998798624616705
current fid 0.9998798624616705
current fid 0.9998798624616705
current fid 0.9998798624616705
current fid 0.9998798624616705
current fid 0.9998798624616705
current fid 0.9998798624616705
current fid 0.9998798624616705
current fid 0.9998798624616705
current fid 0.9998798624609256
current fid 0.9998798624616756
current fid 0.9998798624914564
current fid 0.99987986247214
current fid 0.9998798624616703
current fid 0.9998798624773282
current fid 0.999879862387907
current fid 0.9998798625675104
current fid 0.9998798624660925
current fid 0.9998798624616725
current fid 0.9998798624616716
current fid 0.9998798624616714
current fid 0.9998798624616367
current fid 0.999879862475297
current fid 0.9998798624578088
current fid 0.9998798624616969
current fid 0.999879862461666
current fid 0.9998798624715358
current fid 0.999879862588785
current fid 0.9998798624616672
current fid 0.9998798623447975
current fid 0.9998798624764786
current fid 0.9998798624616765
current fid 0.9998798624616629
current fid 0.9998798624616398
current fid 0.9998798624616705
current fid 0.9998798624616705
current fid 0.9998798624616705
current fid 0.9998798624616705
current fid 0.9998798624616705
current fid 0.9998798624616705
current fid 0.9998798624616705
current fid 0.9998798624616705
current fid 0.9998798624616705
current fid 0.9998798624616705
current fid 0.9998798624616705
current fid 0.9998798624616705
current fid 0.9998798624616705
current fid 0.9998798624616705
current fid 0.9998798624616705
current fid 0.9998798624616705
current fid 0.9998798624616705
current fid 0.9998798624616705
current fid 0.9998798624616705
current fid 0.9998798624616705
current fid 0.9998798624616705
current fid 0.9998798624616705
current fid 0.9998798624616705
current fid 0.9998798624616705
current fid 0.9998798624616705
current fid 0.9999968574274205
current fid 0.9999968574277218
current fid 0.9999968574276326
current fid 0.9999968574278009
current fid 0.9999968574276432
current fid 0.9999968574272355
current fid 0.9999968574277165
current fid 0.9999968574270124
current fid 0.9999968574278988
current fid 0.9999968574274829
current fid 0.9999968574274152
current fid 0.9999968574273261
current fid 0.9999968574273415
current fid 0.9999968574275644
current fid 0.9999968574277209
current fid 0.9999968574272435
current fid 0.9999968574271565
current fid 0.9999968574275981
current fid 0.9999968574274787
current fid 0.9999968574283817
current fid 0.9999968574273159
current fid 0.999996857427466
current fid 0.9999968574272851
current fid 0.9999968574276312
current fid 0.999996857427399
current fid 0.999996857427689
current fid 0.9999968574274205
current fid 0.9999968574274205
current fid 0.9999968574274205
current fid 0.9999968574274205
current fid 0.9999968574274205
current fid 0.9999968574274205
current fid 0.9999968574274205
current fid 0.9999968574274205
current fid 0.9999968574274205
current fid 0.9999968574274205
current fid 0.9999968574274205
current fid 0.9999968574274205
current fid 0.9999968574274205
current fid 0.9999968574274205
current fid 0.9999968574274205
current fid 0.9999968574274205
current fid 0.9999968574274205
current fid 0.9999968574274205
current fid 0.9999968574274205
current fid 0.9999968574274205
current fid 0.9999968574274205
current fid 0.9999968574274205
current fid 0.9999968574274205
current fid 0.9999968574274205
current fid 0.9999968574274205
current fid 0.9999968574254889
current fid 0.9999968574198757
current fid 0.999996857416424
current fid 0.9999968574220912
current fid 0.9999968574274205
current fid 0.9999968574274205
current fid 0.9999968574274205
current fid 0.9999968574274205
current fid 0.9999968574274205
current fid 0.9999968574274205
current fid 0.9999968574274205
current fid 0.9999968574274205
current fid 0.9999968574274205
current fid 0.9999968574279476
current fid 0.9999968574274218
current fid 0.9999968574265068
current fid 0.9999968574259746
current fid 0.9999968574274227
current fid 0.9999968574337639
current fid 0.9999968574420282
current fid 0.9999968574461264
current fid 0.9999968574206513
current fid 0.9999968574274223
current fid 0.9999968574274178
current fid 0.9999968574274203
current fid 0.9999968574274207
current fid 0.9999968574277689
current fid 0.9999968574287526
current fid 0.9999968574274047
current fid 0.9999968574274223
current fid 0.9999968574276756
current fid 0.9999968574207401
current fid 0.9999968574274039
current fid 0.9999968574150666
current fid 0.9999968574278137
current fid 0.9999968574274356
current fid 0.9999968574274176
current fid 0.999996857427436
current fid 0.9999968574274205
current fid 0.9999968574274205
current fid 0.9999968574274205
current fid 0.9999968574274205
current fid 0.9999968574274205
current fid 0.9999968574274205
current fid 0.9999968574274205
current fid 0.9999968574274205
current fid 0.9999968574274205
current fid 0.9999968574274205
current fid 0.9999968574274205
current fid 0.9999968574274205
current fid 0.9999968574274205
current fid 0.9999968574274205
current fid 0.9999968574274205
current fid 0.9999968574274205
current fid 0.9999968574274205
current fid 0.9999968574274205
current fid 0.9999968574274205
current fid 0.9999968574274205
current fid 0.9999968574274205
current fid 0.9999968574274205
current fid 0.9999968574274205
current fid 0.9999968574274205
current fid 0.9999968574274205
current fid 0.9999995233562722
current fid 0.9999995233562671
current fid 0.9999995233563737
current fid 0.9999995233564658
current fid 0.9999995233563514
current fid 0.9999995233562944
current fid 0.9999995233563854
current fid 0.9999995233560985
current fid 0.9999995233565027
current fid 0.9999995233562116
current fid 0.9999995233562815
current fid 0.9999995233562178
current fid 0.9999995233562877
current fid 0.9999995233563452
current fid 0.999999523356407
current fid 0.9999995233562573
current fid 0.9999995233561594
current fid 0.9999995233562711
current fid 0.9999995233563208
current fid 0.9999995233566374
current fid 0.9999995233562136
current fid 0.999999523356288
current fid 0.9999995233562085
current fid 0.9999995233563772
current fid 0.9999995233562726
current fid 0.9999995233563832
current fid 0.9999995233562722
current fid 0.9999995233562722
current fid 0.9999995233562722
current fid 0.9999995233562722
current fid 0.9999995233562722
current fid 0.9999995233562722
current fid 0.9999995233562722
current fid 0.9999995233562722
current fid 0.9999995233562722
current fid 0.9999995233562722
current fid 0.9999995233562722
current fid 0.9999995233562722
current fid 0.9999995233562722
current fid 0.9999995233562722
current fid 0.9999995233562722
current fid 0.9999995233562722
current fid 0.9999995233562722
current fid 0.9999995233562722
current fid 0.9999995233562722
current fid 0.9999995233562722
current fid 0.9999995233562722
current fid 0.9999995233562722
current fid 0.9999995233562722
current fid 0.9999995233562722
current fid 0.9999995233562722
current fid 0.9999995233550936
current fid 0.9999995233524932
current fid 0.9999995233518868
current fid 0.9999995233545067
current fid 0.9999995233562722
current fid 0.9999995233562722
current fid 0.9999995233562722
current fid 0.9999995233562722
current fid 0.9999995233562722
current fid 0.9999995233562722
current fid 0.9999995233562722
current fid 0.9999995233562722
current fid 0.9999995233562722
current fid 0.9999995233562353
current fid 0.9999995233562795
current fid 0.999999523355805
current fid 0.9999995233554635
current fid 0.9999995233562726
current fid 0.9999995233588546
current fid 0.9999995233632042
current fid 0.9999995233639623
current fid 0.9999995233533407
current fid 0.9999995233562708
current fid 0.9999995233562713
current fid 0.9999995233562717
current fid 0.9999995233562735
current fid 0.9999995233564032
current fid 0.9999995233570047
current fid 0.9999995233562518
current fid 0.9999995233562755
current fid 0.9999995233563428
current fid 0.9999995233525243
current fid 0.9999995233562544
current fid 0.9999995233515593
current fid 0.9999995233563632
current fid 0.9999995233562884
current fid 0.9999995233562691
current fid 0.9999995233562888
current fid 0.9999995233562722
current fid 0.9999995233562722
current fid 0.9999995233562722
current fid 0.9999995233562722
current fid 0.9999995233562722
current fid 0.9999995233562722
current fid 0.9999995233562722
current fid 0.9999995233562722
current fid 0.9999995233562722
current fid 0.9999995233562722
current fid 0.9999995233562722
current fid 0.9999995233562722
current fid 0.9999995233562722
current fid 0.9999995233562722
current fid 0.9999995233562722
current fid 0.9999995233562722
current fid 0.9999995233562722
current fid 0.9999995233562722
current fid 0.9999995233562722
current fid 0.9999995233562722
current fid 0.9999995233562722
current fid 0.9999995233562722
current fid 0.9999995233562722
current fid 0.9999995233562722
current fid 0.9999995233562722
current fid 0.9999999849735356
current fid 0.9999999849735083
current fid 0.9999999849735571
current fid 0.9999999849735776
current fid 0.999999984973546
current fid 0.9999999849735625
current fid 0.9999999849735474
current fid 0.999999984973505
current fid 0.9999999849735669
current fid 0.9999999849735143
current fid 0.9999999849735389
current fid 0.9999999849735263
current fid 0.9999999849735518
current fid 0.9999999849735454
current fid 0.9999999849735491
current fid 0.9999999849735449
current fid 0.9999999849735167
current fid 0.9999999849735189
current fid 0.9999999849735485
current fid 0.9999999849735611
current fid 0.9999999849735236
current fid 0.9999999849735378
current fid 0.9999999849735278
current fid 0.9999999849735607
current fid 0.99999998497354
current fid 0.9999999849735587
current fid 0.9999999849735356
current fid 0.9999999849735356
current fid 0.9999999849735356
current fid 0.9999999849735356
current fid 0.9999999849735356
current fid 0.9999999849735356
current fid 0.9999999849735356
current fid 0.9999999849735356
current fid 0.9999999849735356
current fid 0.9999999849735356
current fid 0.9999999849735356
current fid 0.9999999849735356
current fid 0.9999999849735356
current fid 0.9999999849735356
current fid 0.9999999849735356
current fid 0.9999999849735356
current fid 0.9999999849735356
current fid 0.9999999849735356
current fid 0.9999999849735356
current fid 0.9999999849735356
current fid 0.9999999849735356
current fid 0.9999999849735356
current fid 0.9999999849735356
current fid 0.9999999849735356
current fid 0.9999999849735356
current fid 0.9999999849733824
current fid 0.9999999849729181
current fid 0.9999999849730529
current fid 0.9999999849735187
current fid 0.9999999849735356
current fid 0.9999999849735356
current fid 0.9999999849735356
current fid 0.9999999849735356
current fid 0.9999999849735356
current fid 0.9999999849735356
current fid 0.9999999849735356
current fid 0.9999999849735356
current fid 0.9999999849735356
current fid 0.9999999849734814
current fid 0.9999999849735463
current fid 0.999999984973302
current fid 0.9999999849734879
current fid 0.9999999849735409
current fid 0.9999999849738782
current fid 0.9999999849746001
current fid 0.9999999849743985
current fid 0.999999984973149
current fid 0.9999999849735383
current fid 0.9999999849735396
current fid 0.9999999849735369
current fid 0.9999999849735411
current fid 0.9999999849734779
current fid 0.9999999849735611
current fid 0.9999999849735205
current fid 0.9999999849735391
current fid 0.9999999849735176
current fid 0.9999999849728488
current fid 0.9999999849735218
current fid 0.9999999849730318
current fid 0.9999999849735218
current fid 0.9999999849735545
current fid 0.9999999849735387
current fid 0.9999999849735576
current fid 0.9999999849735356
current fid 0.9999999849735356
current fid 0.9999999849735356
current fid 0.9999999849735356
current fid 0.9999999849735356
current fid 0.9999999849735356
current fid 0.9999999849735356
current fid 0.9999999849735356
current fid 0.9999999849735356
current fid 0.9999999849735356
current fid 0.9999999849735356
current fid 0.9999999849735356
current fid 0.9999999849735356
current fid 0.9999999849735356
current fid 0.9999999849735356
current fid 0.9999999849735356
current fid 0.9999999849735356
current fid 0.9999999849735356
current fid 0.9999999849735356
current fid 0.9999999849735356
current fid 0.9999999849735356
current fid 0.9999999849735356
current fid 0.9999999849735356
current fid 0.9999999849735356
current fid 0.9999999849735356
current fid 0.9999999989281867
current fid 0.9999999989281809
current fid 0.9999999989281971
current fid 0.9999999989281989
current fid 0.9999999989281869
current fid 0.9999999989281911
current fid 0.9999999989281885
current fid 0.9999999989281783
current fid 0.9999999989281836
current fid 0.9999999989281814
current fid 0.9999999989281874
current fid 0.9999999989281843
current fid 0.9999999989281871
current fid 0.9999999989281829
current fid 0.9999999989281712
current fid 0.9999999989281894
current fid 0.999999998928178
current fid 0.999999998928182
current fid 0.9999999989281889
current fid 0.999999998928168
current fid 0.9999999989281851
current fid 0.9999999989281811
current fid 0.9999999989281876
current fid 0.9999999989281971
current fid 0.9999999989281856
current fid 0.9999999989281951
current fid 0.9999999989281867
current fid 0.9999999989281867
current fid 0.9999999989281867
current fid 0.9999999989281867
current fid 0.9999999989281867
current fid 0.9999999989281867
current fid 0.9999999989281867
current fid 0.9999999989281867
current fid 0.9999999989281867
current fid 0.9999999989281867
current fid 0.9999999989281867
current fid 0.9999999989281867
current fid 0.9999999989281867
current fid 0.9999999989281867
current fid 0.9999999989281867
current fid 0.9999999989281867
current fid 0.9999999989281867
current fid 0.9999999989281867
current fid 0.9999999989281867
current fid 0.9999999989281867
current fid 0.9999999989281867
current fid 0.9999999989281867
current fid 0.9999999989281867
current fid 0.9999999989281867
current fid 0.9999999989281867
current fid 0.9999999989281867
current fid 0.9999999989281501
current fid 0.9999999989281811
current fid 0.9999999989282184
current fid 0.9999999989281867
current fid 0.9999999989281867
current fid 0.9999999989281867
current fid 0.9999999989281867
current fid 0.9999999989281867
current fid 0.9999999989281867
current fid 0.9999999989281867
current fid 0.9999999989281867
current fid 0.9999999989281867
current fid 0.9999999989281738
current fid 0.9999999989281971
current fid 0.9999999989281665
current fid 0.9999999989281776
current fid 0.9999999989281858
current fid 0.9999999989281936
current fid 0.9999999989282353
current fid 0.9999999989281987
current fid 0.999999998928172
current fid 0.9999999989281865
current fid 0.9999999989281865
current fid 0.9999999989281882
current fid 0.9999999989281847
current fid 0.9999999989281769
current fid 0.9999999989281878
current fid 0.9999999989281703
current fid 0.999999998928188
current fid 0.9999999989281845
current fid 0.9999999989281347
current fid 0.9999999989281685
current fid 0.9999999989281849
current fid 0.9999999989281838
current fid 0.9999999989282047
current fid 0.9999999989281865
current fid 0.999999998928204
current fid 0.9999999989281867
current fid 0.9999999989281867
current fid 0.9999999989281867
current fid 0.9999999989281867
current fid 0.9999999989281867
current fid 0.9999999989281867
current fid 0.9999999989281867
current fid 0.9999999989281867
current fid 0.9999999989281867
current fid 0.9999999989281867
current fid 0.9999999989281867
current fid 0.9999999989281867
current fid 0.9999999989281867
current fid 0.9999999989281867
current fid 0.9999999989281867
current fid 0.9999999989281867
current fid 0.9999999989281867
current fid 0.9999999989281867
current fid 0.9999999989281867
current fid 0.9999999989281867
current fid 0.9999999989281867
current fid 0.9999999989281867
current fid 0.9999999989281867
current fid 0.9999999989281867
current fid 0.9999999989281867
norb 5
qubits QuantumRegister(10, 'q')
Optimization level  3 OrderedDict([('rz', 112), ('sx', 97), ('cx', 35)]) 86
two qubit gate depth 19
current fragment 1
converged SCF energy = -5.35854713562122
converged SCF energy = -5.35854713562123

WARN: RCCSD method does not support ROHF method. ROHF object is converted to UHF object and UCCSD method is called.

E(UCCSD) = -5.362277103416714  E_corr = -0.00372996779548916
nelec (0, 3)
current fid 0.9988045424102964
current fid 0.9988045424102964
current fid 0.9988045424102964
current fid 0.9988045424102964
current fid 0.9988045424102964
current fid 0.9988045424102964
current fid 0.9988045424102964
current fid 0.9988045424102964
current fid 0.9988045424102964
current fid 0.9988045424102964
current fid 0.9988045424102964
current fid 0.9988045424102964
current fid 0.9988045424102964
current fid 0.9988045424102964
current fid 0.9988045424102964
current fid 0.9988045424102964
current fid 0.9988045424102964
current fid 0.9988045424102964
current fid 0.9988045424102964
current fid 0.9988045424102964
current fid 0.9988045424102964
current fid 0.9988045424102964
current fid 0.9988045424102964
current fid 0.9988045424102964
current fid 0.9988045424102964
current fid 0.9988045424102964
current fid 0.9988045424102964
current fid 0.9988045424102964
current fid 0.9988045424102964
current fid 0.9988045424102964
current fid 0.9988045424102964
current fid 0.9988045424102964
current fid 0.9988045424102964
current fid 0.9988045424102964
current fid 0.9988045424102964
current fid 0.9988045424102964
current fid 0.9988045424102964
current fid 0.9988045424102964
current fid 0.9988045424102964
current fid 0.9988045424102964
current fid 0.9988045424102964
current fid 0.9988045424102964
current fid 0.9988045424102964
current fid 0.9988045424102964
current fid 0.9988045424102964
current fid 0.9988045424102964
current fid 0.9988045424102964
current fid 0.9988045424102964
current fid 0.9988045424102964
current fid 0.9988045424102964
current fid 0.9988045424102964
current fid 0.9988045424102964
current fid 0.9988045424102964
current fid 0.9988045424102964
current fid 0.9988045424102964
current fid 0.9988045424102964
current fid 0.9988045424102964
current fid 0.9988045424102964
current fid 0.9988045424102964
current fid 0.9988045424102964
current fid 0.9988045424102964
current fid 0.9988045424102964
current fid 0.9988045424102964
current fid 0.9988045424102964
current fid 0.9988045424102964
current fid 0.9988045424102964
current fid 0.9988045424102964
current fid 0.9988045424102964
current fid 0.9988045424102964
current fid 0.9988045424102964
current fid 0.9988045424102964
current fid 0.9988045424102964
current fid 0.9988045424102964
current fid 0.9988045424102964
current fid 0.9988045424102964
current fid 0.9988045424102964
current fid 0.9988045424102964
current fid 0.9988045424102964
current fid 0.9988045424102964
current fid 0.9988045424102964
current fid 0.9988045424102964
current fid 0.9988045424102964
current fid 0.9988045424102964
current fid 0.9988045424102964
current fid 0.9988045424102964
current fid 0.9988045424102964
current fid 0.9988045424102964
current fid 0.9988045424102964
current fid 0.9988045424102964
current fid 0.9988045424102964
current fid 0.9988045424102964
current fid 0.9988045424102964
current fid 0.9988045424102964
current fid 0.9988045424102964
current fid 0.9988045424102964
current fid 0.9988045424102964
current fid 0.9988045424102964
current fid 0.9988045424102964
current fid 0.9988045424102964
current fid 0.9988045424102964
current fid 0.9988045424102964
current fid 0.9988045424102964
current fid 0.9988045424102964
current fid 0.9988045424102964
current fid 0.9988045424102964
current fid 0.9988045424102964
current fid 0.9988045424102964
current fid 0.9988045424102964
current fid 0.9988045424102964
current fid 0.9988045424102964
current fid 0.9988045424102964
current fid 0.9988045424102964
current fid 0.9988045424102964
current fid 0.9988045424102964
norb 5
qubits QuantumRegister(10, 'q')
Optimization level  3 OrderedDict([('rz', 65), ('sx', 50), ('cx', 21), ('x', 4)]) 54
two qubit gate depth 12
converged SCF energy = -11.9474738348072
converged SCF energy = -11.9474738348077
CCSD not converged
E(CCSD) = -12.32951109541319  E_corr = -0.3820372606054792
starting transpilation 
transpiling circuit  0
circuit transpiled  
Optimization level  3 OrderedDict([('sx', 3531), ('rz', 2505), ('cz', 1362), ('x', 35), ('measure', 20), ('barrier', 2)]) 1110
two qubit gate depth 330
SamplerOptions(_VERSION=2, max_execution_time=10800, environment=EnvironmentOptions(log_level='WARNING', callback=None, job_tags=None, private=False), simulator=SimulatorOptions(noise_model=Unset, seed_simulator=Unset, coupling_map=Unset, basis_gates=Unset), default_shots=100000, dynamical_decoupling=DynamicalDecouplingOptions(enable=True, sequence_type='XpXm', extra_slack_distribution=Unset, scheduling_method=Unset, skip_reset_qubits=Unset), execution=SamplerExecutionOptionsV2(init_qubits=Unset, rep_delay=Unset, meas_type=Unset), twirling=TwirlingOptions(enable_gates=True, enable_measure=True, num_randomizations=Unset, shots_per_randomization=Unset, strategy=Unset), experimental=Unset)
submitted job d5nbgkk8d8hc73chikug 
job_id d5nbgkk8d8hc73chikug
