overwrite output file: KD_ls.log
HF energy:  -2649.1455509803955
LASSCF energy:  -2649.1523536694403
CASCI with LAS orbital -2649.1537232691476
current fragment 0
converged SCF energy = -5.3579618584956
converged SCF energy = -5.3579618584956

WARN: RCCSD method does not support ROHF method. ROHF object is converted to UHF object and UCCSD method is called.

E(UCCSD) = -5.361685215687287  E_corr = -0.003723357191685525
nelec (3, 0)
current fid 0.9990818333972843
current fid 0.9990818333970655
current fid 0.9990818333972099
current fid 0.9990818333974057
current fid 0.9990818333972876
current fid 0.9990818333974825
current fid 0.999081833397364
current fid 0.9990818333972326
current fid 0.9990818333973709
current fid 0.9990818333973134
current fid 0.9990818333972756
current fid 0.9990818333973054
current fid 0.9990818333972918
current fid 0.9990818333972696
current fid 0.9990818333972663
current fid 0.9990818333972357
current fid 0.9990818333972872
current fid 0.9990818333972805
current fid 0.9990818333973198
current fid 0.9990818333972588
current fid 0.9990818333972896
current fid 0.9990818333973069
current fid 0.9990818333973176
current fid 0.9990818333972836
current fid 0.9990818333972801
current fid 0.9990818333972641
current fid 0.9990818333972843
current fid 0.9990818333972843
current fid 0.9990818333972843
current fid 0.9990818333972843
current fid 0.9990818333972843
current fid 0.9990818333972843
current fid 0.9990818333972843
current fid 0.9990818333972843
current fid 0.9990818333972843
current fid 0.9990818333972843
current fid 0.9990818333972843
current fid 0.9990818333972843
current fid 0.9990818333972843
current fid 0.9990818333972843
current fid 0.9990818333972843
current fid 0.9990818333972843
current fid 0.9990818333972843
current fid 0.9990818333972843
current fid 0.9990818333972843
current fid 0.9990818333972843
current fid 0.9990818333972843
current fid 0.9990818333972843
current fid 0.9990818333972843
current fid 0.9990818333972843
current fid 0.9990818333972843
current fid 0.9990818335469853
current fid 0.9990818333901975
current fid 0.9990818333978128
current fid 0.9990818335469993
current fid 0.9990818333972843
current fid 0.9990818333972843
current fid 0.9990818333972843
current fid 0.9990818333972843
current fid 0.9990818333972843
current fid 0.9990818333972843
current fid 0.9990818333969137
current fid 0.9990818333972803
current fid 0.9990818333995244
current fid 0.999081833397121
current fid 0.9990818333972847
current fid 0.9990818334193896
current fid 0.999081833395472
current fid 0.9990818333990537
current fid 0.9990818334203984
current fid 0.9990818333972838
current fid 0.9990818333972867
current fid 0.9990818333972838
current fid 0.9990818333972843
current fid 0.9990818333972843
current fid 0.9990818333972841
current fid 0.9990818333972856
current fid 0.9990818333972832
current fid 0.9990818333972852
current fid 0.9990818333972841
current fid 0.9990818333972832
current fid 0.999081833397283
current fid 0.9990818333972841
current fid 0.9990818333972838
current fid 0.9990818333972825
current fid 0.9990818333972854
current fid 0.9990818333972843
current fid 0.9990818333972843
current fid 0.9990818333972843
current fid 0.9990818333972843
current fid 0.9990818333972843
current fid 0.9990818333972843
current fid 0.9990818333972843
current fid 0.9990818333972843
current fid 0.9990818333972843
current fid 0.9990818333972843
current fid 0.9990818333972843
current fid 0.9990818333972843
current fid 0.9990818333972843
current fid 0.9990818333972843
current fid 0.9990818333972843
current fid 0.9990818333972843
current fid 0.9990818333972843
current fid 0.9990818333972843
current fid 0.9990818333972843
current fid 0.9990818333972843
current fid 0.9990818333972843
current fid 0.9990818333972843
current fid 0.9990818333972843
current fid 0.9990818333972843
current fid 0.9990818333972843
current fid 0.8708603392692891
current fid 0.8708603393358156
current fid 0.870860339398429
current fid 0.8708603388491841
current fid 0.8708603391081102
current fid 0.8708603392073249
current fid 0.8708603387055236
current fid 0.8708603398252848
current fid 0.8708603394393749
current fid 0.8708603390941783
current fid 0.870860339282263
current fid 0.870860339170075
current fid 0.8708603393503167
current fid 0.8708603394492201
current fid 0.8708603394189735
current fid 0.8708603395549152
current fid 0.8708603391788394
current fid 0.8708603391920726
current fid 0.8708603388402326
current fid 0.8708603392147289
current fid 0.870860339168755
current fid 0.8708603390457655
current fid 0.8708603388249739
current fid 0.8708603394048087
current fid 0.8708603394236364
current fid 0.8708603394239658
current fid 0.8708603392692891
current fid 0.8708603392692891
current fid 0.8708603392692891
current fid 0.8708603392692891
current fid 0.8708603392692891
current fid 0.8708603392692891
current fid 0.8708603392692891
current fid 0.8708603392692891
current fid 0.8708603392692891
current fid 0.8708603392692891
current fid 0.8708603392692891
current fid 0.8708603392692891
current fid 0.8708603392692891
current fid 0.8708603392692891
current fid 0.8708603392692891
current fid 0.8708603392692891
current fid 0.8708603392692891
current fid 0.8708603392692891
current fid 0.8708603392692891
current fid 0.8708603392692891
current fid 0.8708603392692891
current fid 0.8708603392692891
current fid 0.8708603392692891
current fid 0.8708603392692891
current fid 0.8708603392692891
current fid 0.8708603378471999
current fid 0.8708603402287095
current fid 0.8708603390879339
current fid 0.8708603376916578
current fid 0.8708603392692891
current fid 0.8708603392692891
current fid 0.8708603392692891
current fid 0.8708603392692891
current fid 0.8708603392692891
current fid 0.8708603392692891
current fid 0.87086033924386
current fid 0.8708603392679453
current fid 0.8708603389894406
current fid 0.8708603393065113
current fid 0.8708603392608514
current fid 0.8708603366072359
current fid 0.8708603396284422
current fid 0.8708603390440888
current fid 0.8708603365498397
current fid 0.8708603392775096
current fid 0.8708603392692499
current fid 0.8708603392684824
current fid 0.8708603392712005
current fid 0.8708603392752557
current fid 0.8708603392452172
current fid 0.8708603392652621
current fid 0.870860339285494
current fid 0.8708603393280765
current fid 0.8708603390769409
current fid 0.8708603392666382
current fid 0.8708603391541148
current fid 0.8708603393238172
current fid 0.8708603392720684
current fid 0.8708603392531019
current fid 0.8708603392732305
current fid 0.8708603392692891
current fid 0.8708603392692891
current fid 0.8708603392692891
current fid 0.8708603392692891
current fid 0.8708603392692891
current fid 0.8708603392692891
current fid 0.8708603392692891
current fid 0.8708603392692891
current fid 0.8708603392692891
current fid 0.8708603392692891
current fid 0.8708603392692891
current fid 0.8708603392692891
current fid 0.8708603392692891
current fid 0.8708603392692891
current fid 0.8708603392692891
current fid 0.8708603392692891
current fid 0.8708603392692891
current fid 0.8708603392692891
current fid 0.8708603392692891
current fid 0.8708603392692891
current fid 0.8708603392692891
current fid 0.8708603392692891
current fid 0.8708603392692891
current fid 0.8708603392692891
current fid 0.8708603392692891
current fid 0.999853667255321
current fid 0.999853667254394
current fid 0.9998536672556306
current fid 0.9998536672535192
current fid 0.9998536672543458
current fid 0.9998536672561658
current fid 0.9998536672523834
current fid 0.9998536672583461
current fid 0.9998536672568692
current fid 0.999853667254439
current fid 0.9998536672553221
current fid 0.9998536672548376
current fid 0.9998536672558491
current fid 0.9998536672563221
current fid 0.9998536672560958
current fid 0.9998536672567382
current fid 0.9998536672547834
current fid 0.9998536672547952
current fid 0.9998536672528877
current fid 0.9998536672548662
current fid 0.9998536672547319
current fid 0.9998536672541157
current fid 0.9998536672528471
current fid 0.9998536672561307
current fid 0.9998536672562528
current fid 0.9998536672561329
current fid 0.999853667255321
current fid 0.999853667255321
current fid 0.999853667255321
current fid 0.999853667255321
current fid 0.999853667255321
current fid 0.999853667255321
current fid 0.999853667255321
current fid 0.999853667255321
current fid 0.999853667255321
current fid 0.999853667255321
current fid 0.999853667255321
current fid 0.999853667255321
current fid 0.999853667255321
current fid 0.999853667255321
current fid 0.999853667255321
current fid 0.999853667255321
current fid 0.999853667255321
current fid 0.999853667255321
current fid 0.999853667255321
current fid 0.999853667255321
current fid 0.999853667255321
current fid 0.999853667255321
current fid 0.999853667255321
current fid 0.999853667255321
current fid 0.999853667255321
current fid 0.9998536672912949
current fid 0.9998536673082439
current fid 0.9998536672427499
current fid 0.9998536672790311
current fid 0.999853667255321
current fid 0.999853667255321
current fid 0.999853667255321
current fid 0.999853667255321
current fid 0.999853667255321
current fid 0.999853667255321
current fid 0.9998536672529139
current fid 0.9998536672552821
current fid 0.9998536672419102
current fid 0.9998536672578829
current fid 0.999853667255293
current fid 0.9998536671200451
current fid 0.999853667279008
current fid 0.9998536672479222
current fid 0.9998536671151116
current fid 0.9998536672553514
current fid 0.9998536672553221
current fid 0.9998536672553181
current fid 0.999853667255327
current fid 0.999853667256132
current fid 0.9998536672536391
current fid 0.9998536672552981
current fid 0.9998536672553767
current fid 0.9998536672617293
current fid 0.9998536672416252
current fid 0.9998536672553006
current fid 0.9998536672507967
current fid 0.9998536672615272
current fid 0.999853667255343
current fid 0.999853667255265
current fid 0.9998536672553456
current fid 0.999853667255321
current fid 0.999853667255321
current fid 0.999853667255321
current fid 0.999853667255321
current fid 0.999853667255321
current fid 0.999853667255321
current fid 0.999853667255321
current fid 0.999853667255321
current fid 0.999853667255321
current fid 0.999853667255321
current fid 0.999853667255321
current fid 0.999853667255321
current fid 0.999853667255321
current fid 0.999853667255321
current fid 0.999853667255321
current fid 0.999853667255321
current fid 0.999853667255321
current fid 0.999853667255321
current fid 0.999853667255321
current fid 0.999853667255321
current fid 0.999853667255321
current fid 0.999853667255321
current fid 0.999853667255321
current fid 0.999853667255321
current fid 0.999853667255321
current fid 0.9993665386150525
current fid 0.9993665386103718
current fid 0.9993665386107838
current fid 0.9993665386236315
current fid 0.9993665386219784
current fid 0.9993665386173172
current fid 0.9993665386240594
current fid 0.9993665386070719
current fid 0.9993665386152344
current fid 0.9993665386165385
current fid 0.9993665386154172
current fid 0.9993665386175071
current fid 0.9993665386126657
current fid 0.9993665386108241
current fid 0.9993665386106093
current fid 0.9993665386085725
current fid 0.999366538616263
current fid 0.9993665386179202
current fid 0.9993665386235187
current fid 0.9993665386156599
current fid 0.999366538617293
current fid 0.9993665386223041
current fid 0.9993665386242885
current fid 0.9993665386123609
current fid 0.9993665386098219
current fid 0.9993665386118382
current fid 0.9993665386150525
current fid 0.9993665386150525
current fid 0.9993665386150525
current fid 0.9993665386150525
current fid 0.9993665386150525
current fid 0.9993665386150525
current fid 0.9993665386150525
current fid 0.9993665386150525
current fid 0.9993665386150525
current fid 0.9993665386150525
current fid 0.9993665386150525
current fid 0.9993665386150525
current fid 0.9993665386150525
current fid 0.9993665386150525
current fid 0.9993665386150525
current fid 0.9993665386150525
current fid 0.9993665386150525
current fid 0.9993665386150525
current fid 0.9993665386150525
current fid 0.9993665386150525
current fid 0.9993665386150525
current fid 0.9993665386150525
current fid 0.9993665386150525
current fid 0.9993665386150525
current fid 0.9993665386150525
current fid 0.9993665385185955
current fid 0.999366538450129
current fid 0.9993665386901402
current fid 0.9993665386084861
current fid 0.9993665386150525
current fid 0.9993665386150525
current fid 0.9993665386150525
current fid 0.9993665386150525
current fid 0.9993665386150525
current fid 0.9993665386150525
current fid 0.9993665386113114
current fid 0.9993665386149696
current fid 0.9993665386448244
current fid 0.9993665386016494
current fid 0.9993665386148253
current fid 0.9993665389205666
current fid 0.9993665384997008
current fid 0.9993665386174794
current fid 0.9993665389275668
current fid 0.9993665386152721
current fid 0.9993665386150545
current fid 0.9993665386150266
current fid 0.9993665386151036
current fid 0.9993665386104504
current fid 0.9993665386273979
current fid 0.999366538614915
current fid 0.9993665386155038
current fid 0.9993665385782521
current fid 0.9993665387154009
current fid 0.9993665386149563
current fid 0.9993665386545585
current fid 0.999366538580247
current fid 0.9993665386151611
current fid 0.9993665386146076
current fid 0.9993665386151909
current fid 0.9993665386150525
current fid 0.9993665386150525
current fid 0.9993665386150525
current fid 0.9993665386150525
current fid 0.9993665386150525
current fid 0.9993665386150525
current fid 0.9993665386150525
current fid 0.9993665386150525
current fid 0.9993665386150525
current fid 0.9993665386150525
current fid 0.9993665386150525
current fid 0.9993665386150525
current fid 0.9993665386150525
current fid 0.9993665386150525
current fid 0.9993665386150525
current fid 0.9993665386150525
current fid 0.9993665386150525
current fid 0.9993665386150525
current fid 0.9993665386150525
current fid 0.9993665386150525
current fid 0.9993665386150525
current fid 0.9993665386150525
current fid 0.9993665386150525
current fid 0.9993665386150525
current fid 0.9993665386150525
current fid 0.9999781931469867
current fid 0.9999781931452507
current fid 0.9999781931462377
current fid 0.9999781931475107
current fid 0.9999781931477747
current fid 0.9999781931483129
current fid 0.9999781931467548
current fid 0.9999781931475391
current fid 0.9999781931483107
current fid 0.9999781931466156
current fid 0.9999781931470364
current fid 0.9999781931471785
current fid 0.9999781931469187
current fid 0.9999781931467908
current fid 0.9999781931465017
current fid 0.9999781931465959
current fid 0.9999781931469107
current fid 0.9999781931470613
current fid 0.9999781931467908
current fid 0.9999781931469927
current fid 0.9999781931470515
current fid 0.999978193147748
current fid 0.9999781931471459
current fid 0.9999781931469249
current fid 0.9999781931466964
current fid 0.9999781931468714
current fid 0.9999781931469867
current fid 0.9999781931469867
current fid 0.9999781931469867
current fid 0.9999781931469867
current fid 0.9999781931469867
current fid 0.9999781931469867
current fid 0.9999781931469867
current fid 0.9999781931469867
current fid 0.9999781931469867
current fid 0.9999781931469867
current fid 0.9999781931469867
current fid 0.9999781931469867
current fid 0.9999781931469867
current fid 0.9999781931469867
current fid 0.9999781931469867
current fid 0.9999781931469867
current fid 0.9999781931469867
current fid 0.9999781931469867
current fid 0.9999781931469867
current fid 0.9999781931469867
current fid 0.9999781931469867
current fid 0.9999781931469867
current fid 0.9999781931469867
current fid 0.9999781931469867
current fid 0.9999781931469867
current fid 0.9999781931422504
current fid 0.9999781931325405
current fid 0.9999781931616606
current fid 0.9999781931617922
current fid 0.9999781931469867
current fid 0.9999781931469867
current fid 0.9999781931469867
current fid 0.9999781931469867
current fid 0.9999781931469867
current fid 0.9999781931469867
current fid 0.999978193144154
current fid 0.9999781931469491
current fid 0.9999781931468288
current fid 0.9999781931445608
current fid 0.99997819314699
current fid 0.9999781931474236
current fid 0.9999781931274014
current fid 0.9999781931421448
current fid 0.9999781931462013
current fid 0.9999781931469889
current fid 0.9999781931469915
current fid 0.9999781931469895
current fid 0.9999781931469882
current fid 0.9999781931460914
current fid 0.9999781931496554
current fid 0.9999781931469907
current fid 0.9999781931469871
current fid 0.9999781931398716
current fid 0.9999781931686773
current fid 0.9999781931469895
current fid 0.999978193155807
current fid 0.9999781931403117
current fid 0.9999781931469909
current fid 0.9999781931469904
current fid 0.9999781931469891
current fid 0.9999781931469867
current fid 0.9999781931469867
current fid 0.9999781931469867
current fid 0.9999781931469867
current fid 0.9999781931469867
current fid 0.9999781931469867
current fid 0.9999781931469867
current fid 0.9999781931469867
current fid 0.9999781931469867
current fid 0.9999781931469867
current fid 0.9999781931469867
current fid 0.9999781931469867
current fid 0.9999781931469867
current fid 0.9999781931469867
current fid 0.9999781931469867
current fid 0.9999781931469867
current fid 0.9999781931469867
current fid 0.9999781931469867
current fid 0.9999781931469867
current fid 0.9999781931469867
current fid 0.9999781931469867
current fid 0.9999781931469867
current fid 0.9999781931469867
current fid 0.9999781931469867
current fid 0.9999781931469867
current fid 0.9999811704624195
current fid 0.9999811704607765
current fid 0.999981170462069
current fid 0.9999811704630404
current fid 0.9999811704619052
current fid 0.9999811704639496
current fid 0.9999811704627448
current fid 0.9999811704622018
current fid 0.9999811704629842
current fid 0.9999811704626875
current fid 0.9999811704623012
current fid 0.9999811704624335
current fid 0.999981170462598
current fid 0.999981170462559
current fid 0.9999811704626094
current fid 0.9999811704623964
current fid 0.9999811704623609
current fid 0.9999811704622318
current fid 0.9999811704623143
current fid 0.9999811704620428
current fid 0.9999811704623087
current fid 0.9999811704620304
current fid 0.9999811704621585
current fid 0.9999811704625983
current fid 0.9999811704626844
current fid 0.9999811704624082
current fid 0.9999811704624195
current fid 0.9999811704624195
current fid 0.9999811704624195
current fid 0.9999811704624195
current fid 0.9999811704624195
current fid 0.9999811704624195
current fid 0.9999811704624195
current fid 0.9999811704624195
current fid 0.9999811704624195
current fid 0.9999811704624195
current fid 0.9999811704624195
current fid 0.9999811704624195
current fid 0.9999811704624195
current fid 0.9999811704624195
current fid 0.9999811704624195
current fid 0.9999811704624195
current fid 0.9999811704624195
current fid 0.9999811704624195
current fid 0.9999811704624195
current fid 0.9999811704624195
current fid 0.9999811704624195
current fid 0.9999811704624195
current fid 0.9999811704624195
current fid 0.9999811704624195
current fid 0.9999811704624195
current fid 0.9999811704675345
current fid 0.9999811704684503
current fid 0.9999811704545999
current fid 0.9999811704565665
current fid 0.9999811704624195
current fid 0.9999811704624195
current fid 0.9999811704624195
current fid 0.9999811704624195
current fid 0.9999811704624195
current fid 0.9999811704624195
current fid 0.9999811704595009
current fid 0.9999811704623789
current fid 0.9999811704626651
current fid 0.9999811704637034
current fid 0.9999811704624226
current fid 0.9999811704655492
current fid 0.9999811704724475
current fid 0.9999811704649344
current fid 0.9999811704658037
current fid 0.9999811704624213
current fid 0.999981170462418
current fid 0.9999811704624186
current fid 0.9999811704624213
current fid 0.9999811704625556
current fid 0.9999811704609906
current fid 0.9999811704624197
current fid 0.9999811704624215
current fid 0.9999811704634047
current fid 0.9999811704505287
current fid 0.9999811704624184
current fid 0.9999811704559997
current fid 0.9999811704631529
current fid 0.9999811704624222
current fid 0.9999811704624202
current fid 0.9999811704624211
current fid 0.9999811704624195
current fid 0.9999811704624195
current fid 0.9999811704624195
current fid 0.9999811704624195
current fid 0.9999811704624195
current fid 0.9999811704624195
current fid 0.9999811704624195
current fid 0.9999811704624195
current fid 0.9999811704624195
current fid 0.9999811704624195
current fid 0.9999811704624195
current fid 0.9999811704624195
current fid 0.9999811704624195
current fid 0.9999811704624195
current fid 0.9999811704624195
current fid 0.9999811704624195
current fid 0.9999811704624195
current fid 0.9999811704624195
current fid 0.9999811704624195
current fid 0.9999811704624195
current fid 0.9999811704624195
current fid 0.9999811704624195
current fid 0.9999811704624195
current fid 0.9999811704624195
current fid 0.9999811704624195
current fid 0.99998197969129
current fid 0.9999819796896127
current fid 0.9999819796908133
current fid 0.999981979691812
current fid 0.9999819796912183
current fid 0.9999819796927464
current fid 0.9999819796913122
current fid 0.9999819796914483
current fid 0.9999819796921606
current fid 0.9999819796912982
current fid 0.9999819796912285
current fid 0.9999819796913519
current fid 0.9999819796913884
current fid 0.9999819796913335
current fid 0.9999819796912591
current fid 0.9999819796911747
current fid 0.999981979691205
current fid 0.9999819796911825
current fid 0.9999819796910802
current fid 0.9999819796910602
current fid 0.9999819796912252
current fid 0.999981979691272
current fid 0.9999819796911126
current fid 0.9999819796914006
current fid 0.9999819796913755
current fid 0.999981979691264
current fid 0.99998197969129
current fid 0.99998197969129
current fid 0.99998197969129
current fid 0.99998197969129
current fid 0.99998197969129
current fid 0.99998197969129
current fid 0.99998197969129
current fid 0.99998197969129
current fid 0.99998197969129
current fid 0.99998197969129
current fid 0.99998197969129
current fid 0.99998197969129
current fid 0.99998197969129
current fid 0.99998197969129
current fid 0.99998197969129
current fid 0.99998197969129
current fid 0.99998197969129
current fid 0.99998197969129
current fid 0.99998197969129
current fid 0.99998197969129
current fid 0.99998197969129
current fid 0.99998197969129
current fid 0.99998197969129
current fid 0.99998197969129
current fid 0.99998197969129
current fid 0.9999819796913295
current fid 0.9999819796913162
current fid 0.999981979691149
current fid 0.9999819796911015
current fid 0.99998197969129
current fid 0.99998197969129
current fid 0.99998197969129
current fid 0.99998197969129
current fid 0.99998197969129
current fid 0.99998197969129
current fid 0.9999819796883803
current fid 0.9999819796912482
current fid 0.9999819796912656
current fid 0.9999819796913222
current fid 0.9999819796912889
current fid 0.9999819796913122
current fid 0.9999819796914681
current fid 0.9999819796912756
current fid 0.9999819796912442
current fid 0.9999819796912909
current fid 0.9999819796912909
current fid 0.9999819796912889
current fid 0.9999819796912875
current fid 0.9999819796912478
current fid 0.9999819796912591
current fid 0.9999819796912875
current fid 0.9999819796912927
current fid 0.9999819796909398
current fid 0.999981979691079
current fid 0.9999819796912898
current fid 0.9999819796910253
current fid 0.9999819796909396
current fid 0.9999819796912898
current fid 0.9999819796912882
current fid 0.9999819796912915
current fid 0.99998197969129
current fid 0.99998197969129
current fid 0.99998197969129
current fid 0.99998197969129
current fid 0.99998197969129
current fid 0.99998197969129
current fid 0.99998197969129
current fid 0.99998197969129
current fid 0.99998197969129
current fid 0.99998197969129
current fid 0.99998197969129
current fid 0.99998197969129
current fid 0.99998197969129
current fid 0.99998197969129
current fid 0.99998197969129
current fid 0.99998197969129
current fid 0.99998197969129
current fid 0.99998197969129
current fid 0.99998197969129
current fid 0.99998197969129
current fid 0.99998197969129
current fid 0.99998197969129
current fid 0.99998197969129
current fid 0.99998197969129
current fid 0.99998197969129
current fid 0.9999820330387856
current fid 0.9999820330371068
current fid 0.9999820330383049
current fid 0.9999820330393003
current fid 0.9999820330387286
current fid 0.9999820330402363
current fid 0.9999820330387872
current fid 0.9999820330389655
current fid 0.9999820330396698
current fid 0.9999820330387803
current fid 0.999982033038727
current fid 0.9999820330388458
current fid 0.9999820330388811
current fid 0.9999820330388287
current fid 0.9999820330387477
current fid 0.9999820330386657
current fid 0.999982033038701
current fid 0.9999820330386782
current fid 0.9999820330385634
current fid 0.9999820330385656
current fid 0.9999820330387228
current fid 0.9999820330387836
current fid 0.9999820330386042
current fid 0.999982033038892
current fid 0.9999820330388678
current fid 0.9999820330387619
current fid 0.9999820330387856
current fid 0.9999820330387856
current fid 0.9999820330387856
current fid 0.9999820330387856
current fid 0.9999820330387856
current fid 0.9999820330387856
current fid 0.9999820330387856
current fid 0.9999820330387856
current fid 0.9999820330387856
current fid 0.9999820330387856
current fid 0.9999820330387856
current fid 0.9999820330387856
current fid 0.9999820330387856
current fid 0.9999820330387856
current fid 0.9999820330387856
current fid 0.9999820330387856
current fid 0.9999820330387856
current fid 0.9999820330387856
current fid 0.9999820330387856
current fid 0.9999820330387856
current fid 0.9999820330387856
current fid 0.9999820330387856
current fid 0.9999820330387856
current fid 0.9999820330387856
current fid 0.9999820330387856
current fid 0.9999820330386417
current fid 0.9999820330386311
current fid 0.9999820330389491
current fid 0.9999820330388671
current fid 0.9999820330387856
current fid 0.9999820330387856
current fid 0.9999820330387856
current fid 0.9999820330387856
current fid 0.9999820330387856
current fid 0.9999820330387856
current fid 0.9999820330358784
current fid 0.9999820330387468
current fid 0.9999820330387774
current fid 0.9999820330387672
current fid 0.9999820330387861
current fid 0.9999820330387212
current fid 0.9999820330385798
current fid 0.999982033038715
current fid 0.9999820330386944
current fid 0.9999820330387874
current fid 0.9999820330387863
current fid 0.9999820330387859
current fid 0.9999820330387861
current fid 0.9999820330387688
current fid 0.9999820330388132
current fid 0.9999820330387836
current fid 0.9999820330387865
current fid 0.999982033038662
current fid 0.9999820330390441
current fid 0.9999820330387843
current fid 0.9999820330388913
current fid 0.9999820330386668
current fid 0.9999820330387899
current fid 0.9999820330387854
current fid 0.9999820330387874
current fid 0.9999820330387856
current fid 0.9999820330387856
current fid 0.9999820330387856
current fid 0.9999820330387856
current fid 0.9999820330387856
current fid 0.9999820330387856
current fid 0.9999820330387856
current fid 0.9999820330387856
current fid 0.9999820330387856
current fid 0.9999820330387856
current fid 0.9999820330387856
current fid 0.9999820330387856
current fid 0.9999820330387856
current fid 0.9999820330387856
current fid 0.9999820330387856
current fid 0.9999820330387856
current fid 0.9999820330387856
current fid 0.9999820330387856
current fid 0.9999820330387856
current fid 0.9999820330387856
current fid 0.9999820330387856
current fid 0.9999820330387856
current fid 0.9999820330387856
current fid 0.9999820330387856
current fid 0.9999820330387856
current fid 0.999982213469483
current fid 0.9999822134678126
current fid 0.9999822134689912
current fid 0.9999822134699646
current fid 0.9999822134694988
current fid 0.9999822134709123
current fid 0.9999822134694131
current fid 0.9999822134697544
current fid 0.9999822134704156
current fid 0.9999822134694213
current fid 0.9999822134694353
current fid 0.9999822134695521
current fid 0.9999822134695674
current fid 0.9999822134695168
current fid 0.9999822134694204
current fid 0.999982213469364
current fid 0.999982213469392
current fid 0.9999822134693918
current fid 0.9999822134692303
current fid 0.9999822134692963
current fid 0.9999822134694242
current fid 0.9999822134695316
current fid 0.9999822134693058
current fid 0.999982213469588
current fid 0.999982213469543
current fid 0.9999822134694599
current fid 0.999982213469483
current fid 0.999982213469483
current fid 0.999982213469483
current fid 0.999982213469483
current fid 0.999982213469483
current fid 0.999982213469483
current fid 0.999982213469483
current fid 0.999982213469483
current fid 0.999982213469483
current fid 0.999982213469483
current fid 0.999982213469483
current fid 0.999982213469483
current fid 0.999982213469483
current fid 0.999982213469483
current fid 0.999982213469483
current fid 0.999982213469483
current fid 0.999982213469483
current fid 0.999982213469483
current fid 0.999982213469483
current fid 0.999982213469483
current fid 0.999982213469483
current fid 0.999982213469483
current fid 0.999982213469483
current fid 0.999982213469483
current fid 0.999982213469483
current fid 0.999982213468605
current fid 0.9999822134686024
current fid 0.9999822134708659
current fid 0.9999822134706443
current fid 0.999982213469483
current fid 0.999982213469483
current fid 0.999982213469483
current fid 0.999982213469483
current fid 0.999982213469483
current fid 0.999982213469483
current fid 0.9999822134665982
current fid 0.999982213469443
current fid 0.9999822134695174
current fid 0.9999822134692503
current fid 0.9999822134694828
current fid 0.9999822134690678
current fid 0.9999822134677406
current fid 0.9999822134691928
current fid 0.9999822134692126
current fid 0.9999822134694828
current fid 0.9999822134694839
current fid 0.9999822134694815
current fid 0.9999822134694808
current fid 0.9999822134695623
current fid 0.9999822134697368
current fid 0.9999822134694806
current fid 0.9999822134694841
current fid 0.9999822134702444
current fid 0.9999822134716109
current fid 0.9999822134694824
current fid 0.9999822134710697
current fid 0.9999822134702904
current fid 0.9999822134694846
current fid 0.9999822134694828
current fid 0.9999822134694824
current fid 0.999982213469483
current fid 0.999982213469483
current fid 0.999982213469483
current fid 0.999982213469483
current fid 0.999982213469483
current fid 0.999982213469483
current fid 0.999982213469483
current fid 0.999982213469483
current fid 0.999982213469483
current fid 0.999982213469483
current fid 0.999982213469483
current fid 0.999982213469483
current fid 0.999982213469483
current fid 0.999982213469483
current fid 0.999982213469483
current fid 0.999982213469483
current fid 0.999982213469483
current fid 0.999982213469483
current fid 0.999982213469483
current fid 0.999982213469483
current fid 0.999982213469483
current fid 0.999982213469483
current fid 0.999982213469483
current fid 0.999982213469483
current fid 0.999982213469483
current fid 0.9999832041706271
current fid 0.9999832041690264
current fid 0.9999832041701224
current fid 0.9999832041709933
current fid 0.9999832041708197
current fid 0.9999832041719654
current fid 0.9999832041703354
current fid 0.9999832041711536
current fid 0.9999832041716825
current fid 0.999983204170422
current fid 0.9999832041706025
current fid 0.999983204170698
current fid 0.9999832041706802
current fid 0.999983204170646
current fid 0.9999832041705008
current fid 0.9999832041705077
current fid 0.9999832041705214
current fid 0.9999832041705643
current fid 0.9999832041702732
current fid 0.9999832041705417
current fid 0.9999832041705814
current fid 0.9999832041708037
current fid 0.9999832041704422
current fid 0.9999832041707168
current fid 0.9999832041706274
current fid 0.9999832041706236
current fid 0.9999832041706271
current fid 0.9999832041706271
current fid 0.9999832041706271
current fid 0.9999832041706271
current fid 0.9999832041706271
current fid 0.9999832041706271
current fid 0.9999832041706271
current fid 0.9999832041706271
current fid 0.9999832041706271
current fid 0.9999832041706271
current fid 0.9999832041706271
current fid 0.9999832041706271
current fid 0.9999832041706271
current fid 0.9999832041706271
current fid 0.9999832041706271
current fid 0.9999832041706271
current fid 0.9999832041706271
current fid 0.9999832041706271
current fid 0.9999832041706271
current fid 0.9999832041706271
current fid 0.9999832041706271
current fid 0.9999832041706271
current fid 0.9999832041706271
current fid 0.9999832041706271
current fid 0.9999832041706271
current fid 0.9999832041678325
current fid 0.9999832041681795
current fid 0.9999832041751427
current fid 0.9999832041746088
current fid 0.9999832041706271
current fid 0.9999832041706271
current fid 0.9999832041706271
current fid 0.9999832041706271
current fid 0.9999832041706271
current fid 0.9999832041706271
current fid 0.9999832041678602
current fid 0.9999832041705907
current fid 0.9999832041708498
current fid 0.9999832041698506
current fid 0.999983204170626
current fid 0.999983204169294
current fid 0.9999832041649277
current fid 0.999983204169975
current fid 0.999983204170156
current fid 0.9999832041706271
current fid 0.9999832041706271
current fid 0.9999832041706254
current fid 0.9999832041706245
current fid 0.9999832041710828
current fid 0.9999832041714658
current fid 0.9999832041706276
current fid 0.9999832041706294
current fid 0.9999832041748477
current fid 0.9999832041775331
current fid 0.9999832041706294
current fid 0.999983204176463
current fid 0.9999832041750002
current fid 0.9999832041706247
current fid 0.9999832041706274
current fid 0.9999832041706265
current fid 0.9999832041706271
current fid 0.9999832041706271
current fid 0.9999832041706271
current fid 0.9999832041706271
current fid 0.9999832041706271
current fid 0.9999832041706271
current fid 0.9999832041706271
current fid 0.9999832041706271
current fid 0.9999832041706271
current fid 0.9999832041706271
current fid 0.9999832041706271
current fid 0.9999832041706271
current fid 0.9999832041706271
current fid 0.9999832041706271
current fid 0.9999832041706271
current fid 0.9999832041706271
current fid 0.9999832041706271
current fid 0.9999832041706271
current fid 0.9999832041706271
current fid 0.9999832041706271
current fid 0.9999832041706271
current fid 0.9999832041706271
current fid 0.9999832041706271
current fid 0.9999832041706271
current fid 0.9999832041706271
current fid 0.999985602714302
current fid 0.9999856027128841
current fid 0.9999856027138015
current fid 0.9999856027144781
current fid 0.9999856027147543
current fid 0.9999856027154297
current fid 0.9999856027137001
current fid 0.9999856027151782
current fid 0.9999856027154714
current fid 0.9999856027138886
current fid 0.9999856027143216
current fid 0.9999856027143798
current fid 0.999985602714308
current fid 0.9999856027142874
current fid 0.9999856027140895
current fid 0.999985602714199
current fid 0.9999856027141797
current fid 0.9999856027142798
current fid 0.9999856027138093
current fid 0.9999856027143675
current fid 0.999985602714271
current fid 0.9999856027146562
current fid 0.9999856027141111
current fid 0.9999856027143595
current fid 0.999985602714211
current fid 0.9999856027143167
current fid 0.999985602714302
current fid 0.999985602714302
current fid 0.999985602714302
current fid 0.999985602714302
current fid 0.999985602714302
current fid 0.999985602714302
current fid 0.999985602714302
current fid 0.999985602714302
current fid 0.999985602714302
current fid 0.999985602714302
current fid 0.999985602714302
current fid 0.999985602714302
current fid 0.999985602714302
current fid 0.999985602714302
current fid 0.999985602714302
current fid 0.999985602714302
current fid 0.999985602714302
current fid 0.999985602714302
current fid 0.999985602714302
current fid 0.999985602714302
current fid 0.999985602714302
current fid 0.999985602714302
current fid 0.999985602714302
current fid 0.999985602714302
current fid 0.999985602714302
current fid 0.9999856027088164
current fid 0.9999856027095676
current fid 0.9999856027232521
current fid 0.9999856027222471
current fid 0.999985602714302
current fid 0.999985602714302
current fid 0.999985602714302
current fid 0.999985602714302
current fid 0.999985602714302
current fid 0.999985602714302
current fid 0.9999856027118638
current fid 0.9999856027142772
current fid 0.9999856027147739
current fid 0.9999856027127513
current fid 0.9999856027143038
current fid 0.9999856027116801
current fid 0.9999856027029538
current fid 0.9999856027130875
current fid 0.9999856027135249
current fid 0.9999856027143027
current fid 0.9999856027143023
current fid 0.9999856027143003
current fid 0.9999856027142923
current fid 0.9999856027152458
current fid 0.9999856027159564
current fid 0.9999856027143116
current fid 0.9999856027143043
current fid 0.9999856027231817
current fid 0.9999856027279457
current fid 0.9999856027143098
current fid 0.9999856027259515
current fid 0.9999856027234848
current fid 0.9999856027142956
current fid 0.999985602714302
current fid 0.9999856027142963
current fid 0.999985602714302
current fid 0.999985602714302
current fid 0.999985602714302
current fid 0.999985602714302
current fid 0.999985602714302
current fid 0.999985602714302
current fid 0.999985602714302
current fid 0.999985602714302
current fid 0.999985602714302
current fid 0.999985602714302
current fid 0.999985602714302
current fid 0.999985602714302
current fid 0.999985602714302
current fid 0.999985602714302
current fid 0.999985602714302
current fid 0.999985602714302
current fid 0.999985602714302
current fid 0.999985602714302
current fid 0.999985602714302
current fid 0.999985602714302
current fid 0.999985602714302
current fid 0.999985602714302
current fid 0.999985602714302
current fid 0.999985602714302
current fid 0.999985602714302
current fid 0.9999903127871544
current fid 0.9999903127861488
current fid 0.9999903127867164
current fid 0.9999903127870963
current fid 0.9999903127878847
current fid 0.9999903127878683
current fid 0.9999903127862734
current fid 0.9999903127883046
current fid 0.9999903127883077
current fid 0.999990312786536
current fid 0.9999903127872208
current fid 0.9999903127872313
current fid 0.9999903127870907
current fid 0.9999903127870878
current fid 0.9999903127868551
current fid 0.999990312787075
current fid 0.9999903127870341
current fid 0.9999903127871971
current fid 0.9999903127865722
current fid 0.9999903127874007
current fid 0.9999903127871589
current fid 0.9999903127877067
current fid 0.9999903127870148
current fid 0.9999903127871569
current fid 0.999990312786953
current fid 0.9999903127871802
current fid 0.9999903127871544
current fid 0.9999903127871544
current fid 0.9999903127871544
current fid 0.9999903127871544
current fid 0.9999903127871544
current fid 0.9999903127871544
current fid 0.9999903127871544
current fid 0.9999903127871544
current fid 0.9999903127871544
current fid 0.9999903127871544
current fid 0.9999903127871544
current fid 0.9999903127871544
current fid 0.9999903127871544
current fid 0.9999903127871544
current fid 0.9999903127871544
current fid 0.9999903127871544
current fid 0.9999903127871544
current fid 0.9999903127871544
current fid 0.9999903127871544
current fid 0.9999903127871544
current fid 0.9999903127871544
current fid 0.9999903127871544
current fid 0.9999903127871544
current fid 0.9999903127871544
current fid 0.9999903127871544
current fid 0.9999903127788549
current fid 0.9999903127796422
current fid 0.9999903128006802
current fid 0.9999903127990708
current fid 0.9999903127871544
current fid 0.9999903127871544
current fid 0.9999903127871544
current fid 0.9999903127871544
current fid 0.9999903127871544
current fid 0.9999903127871544
current fid 0.9999903127854534
current fid 0.9999903127871516
current fid 0.9999903127878017
current fid 0.9999903127848316
current fid 0.9999903127871524
current fid 0.9999903127832238
current fid 0.9999903127699329
current fid 0.9999903127850728
current fid 0.9999903127857453
current fid 0.9999903127871531
current fid 0.9999903127871542
current fid 0.9999903127871493
current fid 0.999990312787126
current fid 0.9999903127884356
current fid 0.9999903127896209
current fid 0.9999903127871762
current fid 0.9999903127871562
current fid 0.9999903127993048
current fid 0.99999031280779
current fid 0.999990312787178
current fid 0.9999903128042131
current fid 0.9999903127997727
current fid 0.9999903127871291
current fid 0.9999903127871513
current fid 0.9999903127871311
current fid 0.9999903127871544
current fid 0.9999903127871544
current fid 0.9999903127871544
current fid 0.9999903127871544
current fid 0.9999903127871544
current fid 0.9999903127871544
current fid 0.9999903127871544
current fid 0.9999903127871544
current fid 0.9999903127871544
current fid 0.9999903127871544
current fid 0.9999903127871544
current fid 0.9999903127871544
current fid 0.9999903127871544
current fid 0.9999903127871544
current fid 0.9999903127871544
current fid 0.9999903127871544
current fid 0.9999903127871544
current fid 0.9999903127871544
current fid 0.9999903127871544
current fid 0.9999903127871544
current fid 0.9999903127871544
current fid 0.9999903127871544
current fid 0.9999903127871544
current fid 0.9999903127871544
current fid 0.9999903127871544
current fid 0.9999960593710641
current fid 0.9999960593706566
current fid 0.999996059370798
current fid 0.9999960593708687
current fid 0.9999960593718366
current fid 0.9999960593712628
current fid 0.9999960593702452
current fid 0.9999960593720741
current fid 0.9999960593718652
current fid 0.9999960593704641
current fid 0.9999960593711482
current fid 0.9999960593711362
current fid 0.9999960593709655
current fid 0.9999960593709559
current fid 0.9999960593707803
current fid 0.9999960593710279
current fid 0.9999960593709943
current fid 0.999996059371158
current fid 0.9999960593705891
current fid 0.9999960593713845
current fid 0.9999960593711071
current fid 0.999996059371652
current fid 0.9999960593710412
current fid 0.9999960593710052
current fid 0.9999960593708207
current fid 0.9999960593710792
current fid 0.9999960593710641
current fid 0.9999960593710641
current fid 0.9999960593710641
current fid 0.9999960593710641
current fid 0.9999960593710641
current fid 0.9999960593710641
current fid 0.9999960593710641
current fid 0.9999960593710641
current fid 0.9999960593710641
current fid 0.9999960593710641
current fid 0.9999960593710641
current fid 0.9999960593710641
current fid 0.9999960593710641
current fid 0.9999960593710641
current fid 0.9999960593710641
current fid 0.9999960593710641
current fid 0.9999960593710641
current fid 0.9999960593710641
current fid 0.9999960593710641
current fid 0.9999960593710641
current fid 0.9999960593710641
current fid 0.9999960593710641
current fid 0.9999960593710641
current fid 0.9999960593710641
current fid 0.9999960593710641
current fid 0.9999960593626119
current fid 0.9999960593628606
current fid 0.9999960593845937
current fid 0.9999960593826239
current fid 0.9999960593710641
current fid 0.9999960593710641
current fid 0.9999960593710641
current fid 0.9999960593710641
current fid 0.9999960593710641
current fid 0.9999960593710641
current fid 0.9999960593704239
current fid 0.9999960593710925
current fid 0.9999960593715013
current fid 0.9999960593685463
current fid 0.9999960593710625
current fid 0.999996059367065
current fid 0.9999960593538395
current fid 0.9999960593687184
current fid 0.9999960593690348
current fid 0.9999960593710616
current fid 0.9999960593710623
current fid 0.9999960593710541
current fid 0.9999960593710123
current fid 0.9999960593720795
current fid 0.9999960593738283
current fid 0.9999960593711027
current fid 0.9999960593710656
current fid 0.9999960593804932
current fid 0.9999960593918299
current fid 0.9999960593711045
current fid 0.999996059387111
current fid 0.9999960593809655
current fid 0.9999960593710201
current fid 0.9999960593710616
current fid 0.9999960593710223
current fid 0.9999960593710641
current fid 0.9999960593710641
current fid 0.9999960593710641
current fid 0.9999960593710641
current fid 0.9999960593710641
current fid 0.9999960593710641
current fid 0.9999960593710641
current fid 0.9999960593710641
current fid 0.9999960593710641
current fid 0.9999960593710641
current fid 0.9999960593710641
current fid 0.9999960593710641
current fid 0.9999960593710641
current fid 0.9999960593710641
current fid 0.9999960593710641
current fid 0.9999960593710641
current fid 0.9999960593710641
current fid 0.9999960593710641
current fid 0.9999960593710641
current fid 0.9999960593710641
current fid 0.9999960593710641
current fid 0.9999960593710641
current fid 0.9999960593710641
current fid 0.9999960593710641
current fid 0.9999960593710641
current fid 0.9999730456778485
current fid 0.9999730456785232
current fid 0.9999730456786327
current fid 0.9999730456772508
current fid 0.9999730456765944
current fid 0.9999730456773287
current fid 0.9999730456764454
current fid 0.9999730456790978
current fid 0.9999730456781235
current fid 0.9999730456774584
current fid 0.9999730456777177
current fid 0.9999730456775872
current fid 0.9999730456779719
current fid 0.9999730456783511
current fid 0.999973045678419
current fid 0.9999730456783456
current fid 0.9999730456777222
current fid 0.9999730456774784
current fid 0.9999730456768438
current fid 0.999973045678263
current fid 0.999973045677483
current fid 0.9999730456765431
current fid 0.9999730456765091
current fid 0.9999730456782785
current fid 0.9999730456784537
current fid 0.9999730456781619
current fid 0.9999730456778485
current fid 0.9999730456778485
current fid 0.9999730456778485
current fid 0.9999730456778485
current fid 0.9999730456778485
current fid 0.9999730456778485
current fid 0.9999730456778485
current fid 0.9999730456778485
current fid 0.9999730456778485
current fid 0.9999730456778485
current fid 0.9999730456778485
current fid 0.9999730456778485
current fid 0.9999730456778485
current fid 0.9999730456778485
current fid 0.9999730456778485
current fid 0.9999730456778485
current fid 0.9999730456778485
current fid 0.9999730456778485
current fid 0.9999730456778485
current fid 0.9999730456778485
current fid 0.9999730456778485
current fid 0.9999730456778485
current fid 0.9999730456778485
current fid 0.9999730456778485
current fid 0.9999730456778485
current fid 0.9999730456806737
current fid 0.9999730457039385
current fid 0.9999730456637725
current fid 0.9999730456690052
current fid 0.9999730456778485
current fid 0.9999730456778485
current fid 0.9999730456778485
current fid 0.9999730456778485
current fid 0.9999730456778485
current fid 0.9999730456778485
current fid 0.9999730456782951
current fid 0.9999730456779118
current fid 0.999973045684645
current fid 0.9999730456953473
current fid 0.9999730456778412
current fid 0.9999730456819433
current fid 0.9999730456906643
current fid 0.9999730456774426
current fid 0.9999730456926622
current fid 0.9999730456778583
current fid 0.9999730456778487
current fid 0.9999730456778378
current fid 0.9999730456777703
current fid 0.9999730456820881
current fid 0.9999730456529032
current fid 0.9999730456779025
current fid 0.9999730456778192
current fid 0.9999730457405739
current fid 0.9999730456512805
current fid 0.9999730456778954
current fid 0.9999730456843563
current fid 0.9999730457393369
current fid 0.9999730456778019
current fid 0.9999730456778831
current fid 0.999973045677799
current fid 0.9999730456778485
current fid 0.9999730456778485
current fid 0.9999730456778485
current fid 0.9999730456778485
current fid 0.9999730456778485
current fid 0.9999730456778485
current fid 0.9999730456778485
current fid 0.9999730456778485
current fid 0.9999730456778485
current fid 0.9999730456778485
current fid 0.9999730456778485
current fid 0.9999730456778485
current fid 0.9999730456778485
current fid 0.9999730456778485
current fid 0.9999730456778485
current fid 0.9999730456778485
current fid 0.9999730456778485
current fid 0.9999730456778485
current fid 0.9999730456778485
current fid 0.9999730456778485
current fid 0.9999730456778485
current fid 0.9999730456778485
current fid 0.9999730456778485
current fid 0.9999730456778485
current fid 0.9999730456778485
current fid 0.9999964604642854
current fid 0.9999964604640031
current fid 0.9999964604641408
current fid 0.9999964604640407
current fid 0.9999964604648276
current fid 0.9999964604644055
current fid 0.9999964604634021
current fid 0.9999964604653205
current fid 0.9999964604650234
current fid 0.9999964604637112
current fid 0.9999964604643513
current fid 0.9999964604643196
current fid 0.9999964604642096
current fid 0.9999964604642501
current fid 0.9999964604641028
current fid 0.9999964604643087
current fid 0.9999964604642099
current fid 0.9999964604643296
current fid 0.9999964604637565
current fid 0.9999964604646129
current fid 0.9999964604642849
current fid 0.9999964604646593
current fid 0.9999964604641108
current fid 0.9999964604642818
current fid 0.9999964604641381
current fid 0.9999964604643375
current fid 0.9999964604642854
current fid 0.9999964604642854
current fid 0.9999964604642854
current fid 0.9999964604642854
current fid 0.9999964604642854
current fid 0.9999964604642854
current fid 0.9999964604642854
current fid 0.9999964604642854
current fid 0.9999964604642854
current fid 0.9999964604642854
current fid 0.9999964604642854
current fid 0.9999964604642854
current fid 0.9999964604642854
current fid 0.9999964604642854
current fid 0.9999964604642854
current fid 0.9999964604642854
current fid 0.9999964604642854
current fid 0.9999964604642854
current fid 0.9999964604642854
current fid 0.9999964604642854
current fid 0.9999964604642854
current fid 0.9999964604642854
current fid 0.9999964604642854
current fid 0.9999964604642854
current fid 0.9999964604642854
current fid 0.999996460457187
current fid 0.9999964604600854
current fid 0.9999964604745716
current fid 0.999996460473478
current fid 0.9999964604642854
current fid 0.9999964604642854
current fid 0.9999964604642854
current fid 0.9999964604642854
current fid 0.9999964604642854
current fid 0.9999964604642854
current fid 0.9999964604637709
current fid 0.9999964604643187
current fid 0.9999964604654467
current fid 0.9999964604641366
current fid 0.9999964604642851
current fid 0.9999964604612254
current fid 0.9999964604505245
current fid 0.9999964604621677
current fid 0.9999964604642083
current fid 0.999996460464284
current fid 0.9999964604642845
current fid 0.9999964604642736
current fid 0.9999964604642343
current fid 0.999996460465688
current fid 0.9999964604637915
current fid 0.9999964604643253
current fid 0.9999964604642863
current fid 0.9999964604799004
current fid 0.9999964604795796
current fid 0.9999964604643258
current fid 0.9999964604792316
current fid 0.9999964604801636
current fid 0.999996460464245
current fid 0.999996460464286
current fid 0.9999964604642461
current fid 0.9999964604642854
current fid 0.9999964604642854
current fid 0.9999964604642854
current fid 0.9999964604642854
current fid 0.9999964604642854
current fid 0.9999964604642854
current fid 0.9999964604642854
current fid 0.9999964604642854
current fid 0.9999964604642854
current fid 0.9999964604642854
current fid 0.9999964604642854
current fid 0.9999964604642854
current fid 0.9999964604642854
current fid 0.9999964604642854
current fid 0.9999964604642854
current fid 0.9999964604642854
current fid 0.9999964604642854
current fid 0.9999964604642854
current fid 0.9999964604642854
current fid 0.9999964604642854
current fid 0.9999964604642854
current fid 0.9999964604642854
current fid 0.9999964604642854
current fid 0.9999964604642854
current fid 0.9999964604642854
current fid 0.9999993682452878
current fid 0.9999993682453284
current fid 0.9999993682452794
current fid 0.9999993682451428
current fid 0.999999368245606
current fid 0.9999993682451963
current fid 0.9999993682449032
current fid 0.9999993682457226
current fid 0.999999368245526
current fid 0.9999993682450058
current fid 0.9999993682453302
current fid 0.9999993682453151
current fid 0.9999993682452394
current fid 0.9999993682452325
current fid 0.9999993682452056
current fid 0.9999993682453422
current fid 0.9999993682452796
current fid 0.9999993682453315
current fid 0.9999993682450469
current fid 0.9999993682454736
current fid 0.999999368245308
current fid 0.9999993682455134
current fid 0.9999993682452669
current fid 0.9999993682452432
current fid 0.9999993682451992
current fid 0.9999993682452931
current fid 0.9999993682452878
current fid 0.9999993682452878
current fid 0.9999993682452878
current fid 0.9999993682452878
current fid 0.9999993682452878
current fid 0.9999993682452878
current fid 0.9999993682452878
current fid 0.9999993682452878
current fid 0.9999993682452878
current fid 0.9999993682452878
current fid 0.9999993682452878
current fid 0.9999993682452878
current fid 0.9999993682452878
current fid 0.9999993682452878
current fid 0.9999993682452878
current fid 0.9999993682452878
current fid 0.9999993682452878
current fid 0.9999993682452878
current fid 0.9999993682452878
current fid 0.9999993682452878
current fid 0.9999993682452878
current fid 0.9999993682452878
current fid 0.9999993682452878
current fid 0.9999993682452878
current fid 0.9999993682452878
current fid 0.9999993682418565
current fid 0.9999993682425471
current fid 0.9999993682506226
current fid 0.9999993682499858
current fid 0.9999993682452878
current fid 0.9999993682452878
current fid 0.9999993682452878
current fid 0.9999993682452878
current fid 0.9999993682452878
current fid 0.9999993682452878
current fid 0.9999993682453626
current fid 0.9999993682453397
current fid 0.9999993682456686
current fid 0.9999993682444833
current fid 0.9999993682452851
current fid 0.999999368243755
current fid 0.9999993682382632
current fid 0.9999993682443108
current fid 0.9999993682448972
current fid 0.9999993682452902
current fid 0.9999993682452878
current fid 0.9999993682452758
current fid 0.9999993682452243
current fid 0.9999993682458209
current fid 0.9999993682460121
current fid 0.9999993682453355
current fid 0.9999993682452913
current fid 0.9999993682510767
current fid 0.9999993682533027
current fid 0.9999993682453342
current fid 0.9999993682521574
current fid 0.9999993682512521
current fid 0.9999993682452392
current fid 0.9999993682452876
current fid 0.9999993682452414
current fid 0.9999993682452878
current fid 0.9999993682452878
current fid 0.9999993682452878
current fid 0.9999993682452878
current fid 0.9999993682452878
current fid 0.9999993682452878
current fid 0.9999993682452878
current fid 0.9999993682452878
current fid 0.9999993682452878
current fid 0.9999993682452878
current fid 0.9999993682452878
current fid 0.9999993682452878
current fid 0.9999993682452878
current fid 0.9999993682452878
current fid 0.9999993682452878
current fid 0.9999993682452878
current fid 0.9999993682452878
current fid 0.9999993682452878
current fid 0.9999993682452878
current fid 0.9999993682452878
current fid 0.9999993682452878
current fid 0.9999993682452878
current fid 0.9999993682452878
current fid 0.9999993682452878
current fid 0.9999993682452878
current fid 0.9999999473250825
current fid 0.9999999473251262
current fid 0.9999999473251291
current fid 0.9999999473250718
current fid 0.9999999473251582
current fid 0.9999999473250378
current fid 0.999999947325021
current fid 0.9999999473251313
current fid 0.9999999473250922
current fid 0.9999999473250167
current fid 0.9999999473250876
current fid 0.9999999473251027
current fid 0.9999999473250709
current fid 0.9999999473250423
current fid 0.9999999473250754
current fid 0.999999947325134
current fid 0.99999994732511
current fid 0.9999999473250971
current fid 0.9999999473250081
current fid 0.9999999473251358
current fid 0.9999999473250933
current fid 0.9999999473251351
current fid 0.9999999473250873
current fid 0.9999999473250478
current fid 0.9999999473250607
current fid 0.9999999473250578
current fid 0.9999999473250825
current fid 0.9999999473250825
current fid 0.9999999473250825
current fid 0.9999999473250825
current fid 0.9999999473250825
current fid 0.9999999473250825
current fid 0.9999999473250825
current fid 0.9999999473250825
current fid 0.9999999473250825
current fid 0.9999999473250825
current fid 0.9999999473250825
current fid 0.9999999473250825
current fid 0.9999999473250825
current fid 0.9999999473250825
current fid 0.9999999473250825
current fid 0.9999999473250825
current fid 0.9999999473250825
current fid 0.9999999473250825
current fid 0.9999999473250825
current fid 0.9999999473250825
current fid 0.9999999473250825
current fid 0.9999999473250825
current fid 0.9999999473250825
current fid 0.9999999473250825
current fid 0.9999999473250825
current fid 0.9999999473245849
current fid 0.9999999473244165
current fid 0.9999999473260899
current fid 0.9999999473261212
current fid 0.9999999473250825
current fid 0.9999999473250825
current fid 0.9999999473250825
current fid 0.9999999473250825
current fid 0.9999999473250825
current fid 0.9999999473250825
current fid 0.9999999473251642
current fid 0.9999999473251322
current fid 0.9999999473251073
current fid 0.999999947325025
current fid 0.9999999473250814
current fid 0.9999999473248411
current fid 0.9999999473238328
current fid 0.9999999473248473
current fid 0.9999999473249344
current fid 0.9999999473250822
current fid 0.9999999473250798
current fid 0.9999999473250669
current fid 0.9999999473250154
current fid 0.9999999473251491
current fid 0.9999999473251482
current fid 0.9999999473251286
current fid 0.9999999473250845
current fid 0.9999999473256649
current fid 0.999999947326687
current fid 0.9999999473251273
current fid 0.9999999473263046
current fid 0.9999999473256556
current fid 0.9999999473250347
current fid 0.9999999473250822
current fid 0.999999947325036
current fid 0.9999999473250825
current fid 0.9999999473250825
current fid 0.9999999473250825
current fid 0.9999999473250825
current fid 0.9999999473250825
current fid 0.9999999473250825
current fid 0.9999999473250825
current fid 0.9999999473250825
current fid 0.9999999473250825
current fid 0.9999999473250825
current fid 0.9999999473250825
current fid 0.9999999473250825
current fid 0.9999999473250825
current fid 0.9999999473250825
current fid 0.9999999473250825
current fid 0.9999999473250825
current fid 0.9999999473250825
current fid 0.9999999473250825
current fid 0.9999999473250825
current fid 0.9999999473250825
current fid 0.9999999473250825
current fid 0.9999999473250825
current fid 0.9999999473250825
current fid 0.9999999473250825
current fid 0.9999999473250825
current fid 0.999999980553938
current fid 0.9999999805539462
current fid 0.9999999805539911
current fid 0.9999999805539627
current fid 0.9999999805539529
current fid 0.999999980553936
current fid 0.9999999805539398
current fid 0.9999999805539256
current fid 0.999999980553928
current fid 0.9999999805539149
current fid 0.9999999805539376
current fid 0.99999998055396
current fid 0.9999999805539387
current fid 0.9999999805539125
current fid 0.9999999805539607
current fid 0.9999999805539911
current fid 0.9999999805539693
current fid 0.9999999805539413
current fid 0.9999999805538914
current fid 0.9999999805539631
current fid 0.9999999805539449
current fid 0.9999999805539476
current fid 0.9999999805539378
current fid 0.9999999805539123
current fid 0.9999999805539453
current fid 0.9999999805539171
current fid 0.999999980553938
current fid 0.999999980553938
current fid 0.999999980553938
current fid 0.999999980553938
current fid 0.999999980553938
current fid 0.999999980553938
current fid 0.999999980553938
current fid 0.999999980553938
current fid 0.999999980553938
current fid 0.999999980553938
current fid 0.999999980553938
current fid 0.999999980553938
current fid 0.999999980553938
current fid 0.999999980553938
current fid 0.999999980553938
current fid 0.999999980553938
current fid 0.999999980553938
current fid 0.999999980553938
current fid 0.999999980553938
current fid 0.999999980553938
current fid 0.999999980553938
current fid 0.999999980553938
current fid 0.999999980553938
current fid 0.999999980553938
current fid 0.999999980553938
current fid 0.9999999805540744
current fid 0.9999999805539305
current fid 0.9999999805539331
current fid 0.9999999805540799
current fid 0.999999980553938
current fid 0.999999980553938
current fid 0.999999980553938
current fid 0.999999980553938
current fid 0.999999980553938
current fid 0.999999980553938
current fid 0.9999999805539509
current fid 0.9999999805539889
current fid 0.9999999805539291
current fid 0.9999999805539815
current fid 0.9999999805539347
current fid 0.999999980553946
current fid 0.9999999805539564
current fid 0.9999999805539453
current fid 0.9999999805539307
current fid 0.9999999805539382
current fid 0.9999999805539371
current fid 0.9999999805539276
current fid 0.9999999805538763
current fid 0.999999980553938
current fid 0.9999999805539
current fid 0.9999999805539831
current fid 0.9999999805539416
current fid 0.9999999805539007
current fid 0.9999999805539551
current fid 0.9999999805539846
current fid 0.9999999805539509
current fid 0.9999999805538872
current fid 0.9999999805538943
current fid 0.9999999805539393
current fid 0.9999999805538927
current fid 0.999999980553938
current fid 0.999999980553938
current fid 0.999999980553938
current fid 0.999999980553938
current fid 0.999999980553938
current fid 0.999999980553938
current fid 0.999999980553938
current fid 0.999999980553938
current fid 0.999999980553938
current fid 0.999999980553938
current fid 0.999999980553938
current fid 0.999999980553938
current fid 0.999999980553938
current fid 0.999999980553938
current fid 0.999999980553938
current fid 0.999999980553938
current fid 0.999999980553938
current fid 0.999999980553938
current fid 0.999999980553938
current fid 0.999999980553938
current fid 0.999999980553938
current fid 0.999999980553938
current fid 0.999999980553938
current fid 0.999999980553938
current fid 0.999999980553938
current fid 0.9999999816349502
current fid 0.9999999816349471
current fid 0.9999999816349955
current fid 0.9999999816349724
current fid 0.9999999816349575
current fid 0.9999999816349555
current fid 0.9999999816349524
current fid 0.999999981634936
current fid 0.999999981634936
current fid 0.9999999816349275
current fid 0.9999999816349429
current fid 0.9999999816349675
current fid 0.9999999816349489
current fid 0.9999999816349202
current fid 0.9999999816349666
current fid 0.9999999816350008
current fid 0.9999999816349746
current fid 0.9999999816349477
current fid 0.9999999816349013
current fid 0.9999999816349642
current fid 0.9999999816349509
current fid 0.9999999816349513
current fid 0.9999999816349411
current fid 0.9999999816349244
current fid 0.999999981634954
current fid 0.9999999816349253
current fid 0.9999999816349502
current fid 0.9999999816349502
current fid 0.9999999816349502
current fid 0.9999999816349502
current fid 0.9999999816349502
current fid 0.9999999816349502
current fid 0.9999999816349502
current fid 0.9999999816349502
current fid 0.9999999816349502
current fid 0.9999999816349502
current fid 0.9999999816349502
current fid 0.9999999816349502
current fid 0.9999999816349502
current fid 0.9999999816349502
current fid 0.9999999816349502
current fid 0.9999999816349502
current fid 0.9999999816349502
current fid 0.9999999816349502
current fid 0.9999999816349502
current fid 0.9999999816349502
current fid 0.9999999816349502
current fid 0.9999999816349502
current fid 0.9999999816349502
current fid 0.9999999816349502
current fid 0.9999999816349502
current fid 0.9999999816350938
current fid 0.9999999816349955
current fid 0.9999999816348898
current fid 0.9999999816350155
current fid 0.9999999816349502
current fid 0.9999999816349502
current fid 0.9999999816349502
current fid 0.9999999816349502
current fid 0.9999999816349502
current fid 0.9999999816349502
current fid 0.9999999816349464
current fid 0.9999999816349979
current fid 0.999999981634952
current fid 0.9999999816349584
current fid 0.999999981634948
current fid 0.9999999816349757
current fid 0.9999999816350157
current fid 0.9999999816349588
current fid 0.9999999816349724
current fid 0.9999999816349493
current fid 0.9999999816349469
current fid 0.9999999816349358
current fid 0.999999981634886
current fid 0.9999999816349453
current fid 0.9999999816349329
current fid 0.9999999816349917
current fid 0.999999981634952
current fid 0.9999999816349482
current fid 0.9999999816348578
current fid 0.9999999816349933
current fid 0.9999999816348885
current fid 0.9999999816349473
current fid 0.9999999816349058
current fid 0.9999999816349477
current fid 0.9999999816349044
current fid 0.9999999816349502
current fid 0.9999999816349502
current fid 0.9999999816349502
current fid 0.9999999816349502
current fid 0.9999999816349502
current fid 0.9999999816349502
current fid 0.9999999816349502
current fid 0.9999999816349502
current fid 0.9999999816349502
current fid 0.9999999816349502
current fid 0.9999999816349502
current fid 0.9999999816349502
current fid 0.9999999816349502
current fid 0.9999999816349502
current fid 0.9999999816349502
current fid 0.9999999816349502
current fid 0.9999999816349502
current fid 0.9999999816349502
current fid 0.9999999816349502
current fid 0.9999999816349502
current fid 0.9999999816349502
current fid 0.9999999816349502
current fid 0.9999999816349502
current fid 0.9999999816349502
current fid 0.9999999816349502
norb 5
qubits QuantumRegister(10, 'q')
Optimization level  3 OrderedDict([('rz', 115), ('sx', 92), ('cx', 40), ('x', 2)]) 104
two qubit gate depth 26
current fragment 1
converged SCF energy = -5.35854712803321
converged SCF energy = -5.35854712803321

WARN: RCCSD method does not support ROHF method. ROHF object is converted to UHF object and UCCSD method is called.

E(UCCSD) = -5.36227709582928  E_corr = -0.003729967796068144
nelec (0, 3)
current fid 0.9988045441644431
current fid 0.9988045441644431
current fid 0.9988045441644431
current fid 0.9988045441644431
current fid 0.9988045441644431
current fid 0.9988045441644431
current fid 0.9988045441644431
current fid 0.9988045441644431
current fid 0.9988045441644431
current fid 0.9988045441644431
current fid 0.9988045441644431
current fid 0.9988045441644431
current fid 0.9988045441644431
current fid 0.9988045441644431
current fid 0.9988045441644431
current fid 0.9988045441644431
current fid 0.9988045441644431
current fid 0.9988045441644431
current fid 0.9988045441644431
current fid 0.9988045441644431
current fid 0.9988045441644431
current fid 0.9988045441644431
current fid 0.9988045441644431
current fid 0.9988045441644431
current fid 0.9988045441644431
current fid 0.9988045441644431
current fid 0.9988045441644431
current fid 0.9988045441644431
current fid 0.9988045441644431
current fid 0.9988045441644431
current fid 0.9988045441644431
current fid 0.9988045441644431
current fid 0.9988045441644431
current fid 0.9988045441644431
current fid 0.9988045441644431
current fid 0.9988045441644431
current fid 0.9988045441644431
current fid 0.9988045441644431
current fid 0.9988045441644431
current fid 0.9988045441644431
current fid 0.9988045441644431
current fid 0.9988045441644431
current fid 0.9988045441644431
current fid 0.9988045441644431
current fid 0.9988045441644431
current fid 0.9988045441644431
current fid 0.9988045441644431
current fid 0.9988045441644431
current fid 0.9988045441644431
current fid 0.9988045441644431
current fid 0.9988045441644431
current fid 0.9988045441644431
current fid 0.9988045441644431
current fid 0.9988045441644431
current fid 0.9988045441644431
current fid 0.9988045441644431
current fid 0.9988045441644431
current fid 0.9988045441644431
current fid 0.9988045441644431
current fid 0.9988045441644431
current fid 0.9988045441644431
current fid 0.9988045441644431
current fid 0.9988045441644431
current fid 0.9988045441644431
current fid 0.9988045441644431
current fid 0.9988045441644431
current fid 0.9988045441644431
current fid 0.9988045441644431
current fid 0.9988045441644431
current fid 0.9988045441644431
current fid 0.9988045441644431
current fid 0.9988045441644431
current fid 0.9988045441644431
current fid 0.9988045441644431
current fid 0.9988045441644431
current fid 0.9988045441644431
current fid 0.9988045441644431
current fid 0.9988045441644431
current fid 0.9988045441644431
current fid 0.9988045441644431
current fid 0.9988045441644431
current fid 0.9988045441644431
current fid 0.9988045441644431
current fid 0.9988045441644431
current fid 0.9988045441644431
current fid 0.9988045441644431
current fid 0.9988045441644431
current fid 0.9988045441644431
current fid 0.9988045441644431
current fid 0.9988045441644431
current fid 0.9988045441644431
current fid 0.9988045441644431
current fid 0.9988045441644431
current fid 0.9988045441644431
current fid 0.9988045441644431
current fid 0.9988045441644431
current fid 0.9988045441644431
current fid 0.9988045441644431
current fid 0.9988045441644431
current fid 0.9988045441644431
current fid 0.9988045441644431
current fid 0.9988045441644431
current fid 0.9988045441644431
current fid 0.9988045441644431
current fid 0.9988045441644431
current fid 0.9988045441644431
current fid 0.9988045441644431
current fid 0.9988045441644431
current fid 0.9988045441644431
current fid 0.9988045441644431
current fid 0.9988045441644431
norb 5
qubits QuantumRegister(10, 'q')
Optimization level  3 OrderedDict([('rz', 60), ('sx', 51), ('cx', 21), ('x', 3)]) 50
two qubit gate depth 12
converged SCF energy = -11.9474738348075
converged SCF energy = -11.9474738348074
CCSD not converged
E(CCSD) = -12.3293162133415  E_corr = -0.3818423785340528
Optimization level  3 OrderedDict([('rz', 1789), ('sx', 1265), ('cx', 824), ('measure', 20), ('x', 19), ('barrier', 2)]) 411
two qubit gate depth 123
num_alpha 3
num_beta 3

Starting configuration recovery iteration 0
batches [array([[False, False, False, ...,  True,  True, False],
       [False, False, False, ..., False, False, False],
       [False, False, False, ...,  True,  True,  True],
       ...,
       [False,  True, False, ...,  True,  True,  True],
       [False, False, False, ..., False,  True,  True],
       [False, False, False, ...,  True,  True, False]]), array([[False, False, False, ..., False, False,  True],
       [False, False, False, ..., False,  True,  True],
       [False, False, False, ...,  True, False, False],
       ...,
       [False, False, False, ...,  True, False,  True],
       [False, False, False, ...,  True, False,  True],
       [ True, False, False, ..., False, False,  True]]), array([[False, False, False, ..., False,  True,  True],
       [False, False, False, ..., False,  True,  True],
       [False, False, False, ...,  True, False,  True],
       ...,
       [False, False, False, ..., False, False, False],
       [False, False, False, ..., False, False, False],
       [False, False, False, ...,  True,  True, False]]), array([[False, False, False, ...,  True, False,  True],
       [False, False, False, ..., False, False, False],
       [False, False, False, ...,  True,  True,  True],
       ...,
       [False, False, False, ...,  True,  True, False],
       [False, False, False, ...,  True, False,  True],
       [False, False, False, ..., False, False, False]]), array([[False, False, False, ..., False,  True, False],
       [False, False, False, ...,  True, False, False],
       [False, False, False, ...,  True,  True, False],
       ...,
       [False, False, False, ..., False,  True, False],
       [False,  True, False, ..., False, False,  True],
       [False, False, False, ...,  True, False,  True]])]
current batch [[False False False ...  True  True False]
 [False False False ... False False False]
 [False False False ...  True  True  True]
 ...
 [False  True False ...  True  True  True]
 [False False False ... False  True  True]
 [False False False ...  True  True False]]
Batch 0 subspace dimension: 729
current batch [[False False False ... False False  True]
 [False False False ... False  True  True]
 [False False False ...  True False False]
 ...
 [False False False ...  True False  True]
 [False False False ...  True False  True]
 [ True False False ... False False  True]]
Batch 1 subspace dimension: 729
current batch [[False False False ... False  True  True]
 [False False False ... False  True  True]
 [False False False ...  True False  True]
 ...
 [False False False ... False False False]
 [False False False ... False False False]
 [False False False ...  True  True False]]
Batch 2 subspace dimension: 841
current batch [[False False False ...  True False  True]
 [False False False ... False False False]
 [False False False ...  True  True  True]
 ...
 [False False False ...  True  True False]
 [False False False ...  True False  True]
 [False False False ... False False False]]
Batch 3 subspace dimension: 1024
current batch [[False False False ... False  True False]
 [False False False ...  True False False]
 [False False False ...  True  True False]
 ...
 [False False False ... False  True False]
 [False  True False ... False False  True]
 [False False False ...  True False  True]]
Batch 4 subspace dimension: 1089


Starting configuration recovery iteration 1
batches [array([[False, False, False, ..., False,  True,  True],
       [False, False, False, ...,  True,  True,  True],
       [False, False, False, ..., False, False,  True],
       ...,
       [False, False, False, ...,  True,  True,  True],
       [False, False, False, ...,  True,  True, False],
       [False, False, False, ..., False, False, False]]), array([[False, False, False, ..., False,  True,  True],
       [False, False, False, ...,  True,  True,  True],
       [False, False, False, ...,  True,  True,  True],
       ...,
       [False, False, False, ..., False, False,  True],
       [False, False, False, ...,  True,  True, False],
       [False, False, False, ...,  True, False, False]]), array([[False, False, False, ...,  True,  True,  True],
       [False, False, False, ...,  True, False, False],
       [False, False, False, ...,  True, False,  True],
       ...,
       [False,  True, False, ...,  True,  True, False],
       [False, False, False, ..., False, False,  True],
       [False, False, False, ...,  True,  True, False]]), array([[False, False, False, ...,  True,  True,  True],
       [False, False, False, ..., False, False,  True],
       [False, False, False, ...,  True,  True,  True],
       ...,
       [False, False, False, ...,  True, False, False],
       [False, False, False, ...,  True, False, False],
       [False, False, False, ...,  True, False, False]]), array([[False, False, False, ..., False,  True,  True],
       [False, False, False, ...,  True,  True,  True],
       [False, False, False, ...,  True, False,  True],
       ...,
       [False, False, False, ...,  True, False, False],
       [False, False, False, ..., False,  True, False],
       [False, False, False, ...,  True, False,  True]])]
current batch [[False False False ... False  True  True]
 [False False False ...  True  True  True]
 [False False False ... False False  True]
 ...
 [False False False ...  True  True  True]
 [False False False ...  True  True False]
 [False False False ... False False False]]
Batch 0 subspace dimension: 841
current batch [[False False False ... False  True  True]
 [False False False ...  True  True  True]
 [False False False ...  True  True  True]
 ...
 [False False False ... False False  True]
 [False False False ...  True  True False]
 [False False False ...  True False False]]
Batch 1 subspace dimension: 625
current batch [[False False False ...  True  True  True]
 [False False False ...  True False False]
 [False False False ...  True False  True]
 ...
 [False  True False ...  True  True False]
 [False False False ... False False  True]
 [False False False ...  True  True False]]
Batch 2 subspace dimension: 961
current batch [[False False False ...  True  True  True]
 [False False False ... False False  True]
 [False False False ...  True  True  True]
 ...
 [False False False ...  True False False]
 [False False False ...  True False False]
 [False False False ...  True False False]]
Batch 3 subspace dimension: 729
current batch [[False False False ... False  True  True]
 [False False False ...  True  True  True]
 [False False False ...  True False  True]
 ...
 [False False False ...  True False False]
 [False False False ... False  True False]
 [False False False ...  True False  True]]
Batch 4 subspace dimension: 784


Starting configuration recovery iteration 2
batches [array([[False, False, False, ..., False, False,  True],
       [False, False, False, ..., False,  True, False],
       [False, False, False, ...,  True, False, False],
       ...,
       [False, False, False, ...,  True,  True, False],
       [False, False, False, ..., False,  True, False],
       [False, False, False, ..., False,  True, False]]), array([[False, False, False, ...,  True,  True, False],
       [False, False, False, ..., False, False, False],
       [False, False, False, ..., False,  True, False],
       ...,
       [False, False, False, ...,  True, False, False],
       [False, False, False, ...,  True, False, False],
       [False, False, False, ..., False,  True,  True]]), array([[False, False, False, ..., False,  True, False],
       [False, False, False, ..., False,  True, False],
       [False, False, False, ..., False,  True, False],
       ...,
       [False, False, False, ..., False,  True, False],
       [False, False, False, ...,  True, False, False],
       [False, False, False, ..., False, False,  True]]), array([[False, False, False, ...,  True,  True, False],
       [False, False, False, ...,  True,  True,  True],
       [False, False, False, ..., False,  True,  True],
       ...,
       [False, False, False, ...,  True, False,  True],
       [False, False, False, ...,  True,  True, False],
       [False, False, False, ...,  True,  True,  True]]), array([[False, False, False, ..., False, False,  True],
       [False,  True, False, ..., False,  True, False],
       [False, False, False, ...,  True,  True,  True],
       ...,
       [False, False, False, ..., False, False, False],
       [False, False, False, ..., False, False, False],
       [False, False, False, ...,  True, False,  True]])]
current batch [[False False False ... False False  True]
 [False False False ... False  True False]
 [False False False ...  True False False]
 ...
 [False False False ...  True  True False]
 [False False False ... False  True False]
 [False False False ... False  True False]]
Batch 0 subspace dimension: 784
current batch [[False False False ...  True  True False]
 [False False False ... False False False]
 [False False False ... False  True False]
 ...
 [False False False ...  True False False]
 [False False False ...  True False False]
 [False False False ... False  True  True]]
Batch 1 subspace dimension: 1024
current batch [[False False False ... False  True False]
 [False False False ... False  True False]
 [False False False ... False  True False]
 ...
 [False False False ... False  True False]
 [False False False ...  True False False]
 [False False False ... False False  True]]
Batch 2 subspace dimension: 841
current batch [[False False False ...  True  True False]
 [False False False ...  True  True  True]
 [False False False ... False  True  True]
 ...
 [False False False ...  True False  True]
 [False False False ...  True  True False]
 [False False False ...  True  True  True]]
Batch 3 subspace dimension: 841
current batch [[False False False ... False False  True]
 [False  True False ... False  True False]
 [False False False ...  True  True  True]
 ...
 [False False False ... False False False]
 [False False False ... False False False]
 [False False False ...  True False  True]]
Batch 4 subspace dimension: 900


Starting configuration recovery iteration 3
batches [array([[False, False, False, ..., False,  True,  True],
       [False, False, False, ...,  True,  True, False],
       [False, False, False, ...,  True,  True, False],
       ...,
       [False, False, False, ...,  True,  True,  True],
       [False, False, False, ..., False, False, False],
       [False, False, False, ...,  True,  True, False]]), array([[False, False, False, ..., False,  True, False],
       [False, False, False, ..., False, False, False],
       [False, False, False, ..., False, False, False],
       ...,
       [False, False, False, ..., False,  True, False],
       [False, False, False, ...,  True,  True, False],
       [False, False, False, ...,  True,  True, False]]), array([[False, False, False, ...,  True,  True,  True],
       [False, False, False, ...,  True,  True, False],
       [False, False, False, ..., False, False, False],
       ...,
       [False, False, False, ...,  True, False, False],
       [False, False, False, ...,  True, False, False],
       [False, False, False, ..., False, False, False]]), array([[False, False, False, ...,  True,  True,  True],
       [False, False, False, ..., False,  True, False],
       [False, False, False, ...,  True, False,  True],
       ...,
       [False, False, False, ..., False,  True,  True],
       [False, False, False, ...,  True,  True, False],
       [False, False, False, ...,  True, False,  True]]), array([[False, False, False, ..., False,  True, False],
       [False, False, False, ...,  True,  True,  True],
       [False, False, False, ..., False, False,  True],
       ...,
       [False, False, False, ...,  True,  True, False],
       [False, False, False, ...,  True, False,  True],
       [False, False, False, ..., False,  True, False]])]
current batch [[False False False ... False  True  True]
 [False False False ...  True  True False]
 [False False False ...  True  True False]
 ...
 [False False False ...  True  True  True]
 [False False False ... False False False]
 [False False False ...  True  True False]]
Batch 0 subspace dimension: 961
current batch [[False False False ... False  True False]
 [False False False ... False False False]
 [False False False ... False False False]
 ...
 [False False False ... False  True False]
 [False False False ...  True  True False]
 [False False False ...  True  True False]]
Batch 1 subspace dimension: 1024
current batch [[False False False ...  True  True  True]
 [False False False ...  True  True False]
 [False False False ... False False False]
 ...
 [False False False ...  True False False]
 [False False False ...  True False False]
 [False False False ... False False False]]
Batch 2 subspace dimension: 676
current batch [[False False False ...  True  True  True]
 [False False False ... False  True False]
 [False False False ...  True False  True]
 ...
 [False False False ... False  True  True]
 [False False False ...  True  True False]
 [False False False ...  True False  True]]
Batch 3 subspace dimension: 729
current batch [[False False False ... False  True False]
 [False False False ...  True  True  True]
 [False False False ... False False  True]
 ...
 [False False False ...  True  True False]
 [False False False ...  True False  True]
 [False False False ... False  True False]]
Batch 4 subspace dimension: 841


Starting configuration recovery iteration 4
batches [array([[False, False, False, ..., False,  True, False],
       [False, False, False, ...,  True,  True,  True],
       [False, False, False, ..., False, False,  True],
       ...,
       [False, False, False, ...,  True, False, False],
       [False, False, False, ...,  True,  True, False],
       [False, False, False, ...,  True,  True, False]]), array([[False, False, False, ...,  True, False,  True],
       [False, False, False, ...,  True, False,  True],
       [False, False, False, ...,  True,  True, False],
       ...,
       [False, False, False, ...,  True, False,  True],
       [ True, False, False, ...,  True,  True,  True],
       [False,  True, False, ...,  True, False, False]]), array([[False, False, False, ...,  True, False,  True],
       [False, False, False, ..., False,  True,  True],
       [False, False, False, ...,  True,  True,  True],
       ...,
       [False, False, False, ...,  True, False,  True],
       [False, False, False, ...,  True,  True, False],
       [False, False, False, ...,  True,  True, False]]), array([[False, False, False, ..., False,  True, False],
       [False, False, False, ..., False,  True,  True],
       [False, False, False, ...,  True,  True, False],
       ...,
       [False, False, False, ...,  True, False,  True],
       [False, False, False, ..., False,  True, False],
       [False, False, False, ...,  True, False,  True]]), array([[False, False, False, ...,  True, False, False],
       [False, False, False, ..., False,  True,  True],
       [False, False, False, ..., False, False, False],
       ...,
       [False, False, False, ..., False, False,  True],
       [False, False, False, ..., False, False, False],
       [False, False, False, ..., False, False,  True]])]
current batch [[False False False ... False  True False]
 [False False False ...  True  True  True]
 [False False False ... False False  True]
 ...
 [False False False ...  True False False]
 [False False False ...  True  True False]
 [False False False ...  True  True False]]
Batch 0 subspace dimension: 1024
current batch [[False False False ...  True False  True]
 [False False False ...  True False  True]
 [False False False ...  True  True False]
 ...
 [False False False ...  True False  True]
 [ True False False ...  True  True  True]
 [False  True False ...  True False False]]
Batch 1 subspace dimension: 729
current batch [[False False False ...  True False  True]
 [False False False ... False  True  True]
 [False False False ...  True  True  True]
 ...
 [False False False ...  True False  True]
 [False False False ...  True  True False]
 [False False False ...  True  True False]]
Batch 2 subspace dimension: 900
current batch [[False False False ... False  True False]
 [False False False ... False  True  True]
 [False False False ...  True  True False]
 ...
 [False False False ...  True False  True]
 [False False False ... False  True False]
 [False False False ...  True False  True]]
Batch 3 subspace dimension: 625
current batch [[False False False ...  True False False]
 [False False False ... False  True  True]
 [False False False ... False False False]
 ...
 [False False False ... False False  True]
 [False False False ... False False False]
 [False False False ... False False  True]]
Batch 4 subspace dimension: 841

las-lucj-sqd energy is -12.321613287839373
