output file: KD_ls_post_process.log
HF energy:  -2649.1455509803936
LASSCF energy:  -2649.1523536694394
CASCI with LAS orbital -2649.153723269619
job_id d5nbgkk8d8hc73chikug
num_alpha 3
num_beta 3

Starting configuration recovery iteration 0
batches [array([[False,  True,  True, ...,  True,  True, False],
       [False, False,  True, ..., False,  True, False],
       [False, False, False, ..., False, False, False],
       ...,
       [False, False, False, ...,  True,  True, False],
       [False,  True,  True, ..., False,  True, False],
       [ True, False,  True, ..., False, False,  True]]), array([[ True, False, False, ...,  True, False,  True],
       [ True, False, False, ..., False,  True,  True],
       [False, False,  True, ...,  True, False,  True],
       ...,
       [False, False,  True, ..., False,  True, False],
       [False, False, False, ..., False, False, False],
       [ True, False, False, ..., False, False, False]]), array([[False, False,  True, ..., False, False, False],
       [False, False, False, ..., False, False, False],
       [False,  True, False, ...,  True, False,  True],
       ...,
       [False,  True,  True, ...,  True, False,  True],
       [False, False, False, ...,  True, False, False],
       [False,  True,  True, ..., False,  True, False]]), array([[False, False, False, ...,  True, False, False],
       [False, False,  True, ..., False,  True, False],
       [ True, False,  True, ...,  True, False, False],
       ...,
       [False,  True, False, ..., False, False, False],
       [ True, False,  True, ...,  True, False, False],
       [False, False, False, ...,  True, False, False]]), array([[ True, False, False, ...,  True, False,  True],
       [ True,  True, False, ...,  True, False,  True],
       [False, False, False, ..., False, False, False],
       ...,
       [ True, False, False, ...,  True, False,  True],
       [False, False, False, ..., False, False,  True],
       [ True, False, False, ...,  True,  True, False]])]
current batch [[False  True  True ...  True  True False]
 [False False  True ... False  True False]
 [False False False ... False False False]
 ...
 [False False False ...  True  True False]
 [False  True  True ... False  True False]
 [ True False  True ... False False  True]]
Batch 0 subspace dimension: 12544
current batch [[ True False False ...  True False  True]
 [ True False False ... False  True  True]
 [False False  True ...  True False  True]
 ...
 [False False  True ... False  True False]
 [False False False ... False False False]
 [ True False False ... False False False]]
Batch 1 subspace dimension: 11449
current batch [[False False  True ... False False False]
 [False False False ... False False False]
 [False  True False ...  True False  True]
 ...
 [False  True  True ...  True False  True]
 [False False False ...  True False False]
 [False  True  True ... False  True False]]
Batch 2 subspace dimension: 12321
current batch [[False False False ...  True False False]
 [False False  True ... False  True False]
 [ True False  True ...  True False False]
 ...
 [False  True False ... False False False]
 [ True False  True ...  True False False]
 [False False False ...  True False False]]
Batch 3 subspace dimension: 11449
current batch [[ True False False ...  True False  True]
 [ True  True False ...  True False  True]
 [False False False ... False False False]
 ...
 [ True False False ...  True False  True]
 [False False False ... False False  True]
 [ True False False ...  True  True False]]
Batch 4 subspace dimension: 11881


Starting configuration recovery iteration 1
batches [array([[False, False, False, ..., False,  True, False],
       [False,  True,  True, ...,  True, False, False],
       [ True, False, False, ..., False, False,  True],
       ...,
       [False, False, False, ..., False, False,  True],
       [False, False, False, ...,  True,  True, False],
       [False, False, False, ...,  True, False, False]]), array([[False, False, False, ...,  True, False,  True],
       [False, False,  True, ..., False, False,  True],
       [False,  True, False, ..., False, False, False],
       ...,
       [False, False,  True, ...,  True, False,  True],
       [False,  True, False, ..., False, False,  True],
       [False, False, False, ..., False,  True,  True]]), array([[False, False,  True, ...,  True, False,  True],
       [False, False, False, ...,  True, False,  True],
       [False, False, False, ..., False,  True,  True],
       ...,
       [False, False,  True, ...,  True,  True, False],
       [False, False,  True, ..., False,  True,  True],
       [False, False, False, ..., False,  True,  True]]), array([[False, False,  True, ...,  True, False, False],
       [False, False, False, ..., False,  True,  True],
       [False,  True, False, ...,  True,  True,  True],
       ...,
       [False, False, False, ...,  True,  True, False],
       [False, False, False, ...,  True,  True,  True],
       [False, False, False, ...,  True,  True, False]]), array([[False, False,  True, ...,  True,  True,  True],
       [False, False,  True, ..., False,  True, False],
       [False, False, False, ..., False, False,  True],
       ...,
       [ True, False, False, ..., False,  True, False],
       [ True, False, False, ...,  True, False,  True],
       [False, False,  True, ..., False,  True, False]])]
current batch [[False False False ... False  True False]
 [False  True  True ...  True False False]
 [ True False False ... False False  True]
 ...
 [False False False ... False False  True]
 [False False False ...  True  True False]
 [False False False ...  True False False]]
Batch 0 subspace dimension: 6889
current batch [[False False False ...  True False  True]
 [False False  True ... False False  True]
 [False  True False ... False False False]
 ...
 [False False  True ...  True False  True]
 [False  True False ... False False  True]
 [False False False ... False  True  True]]
Batch 1 subspace dimension: 7056
current batch [[False False  True ...  True False  True]
 [False False False ...  True False  True]
 [False False False ... False  True  True]
 ...
 [False False  True ...  True  True False]
 [False False  True ... False  True  True]
 [False False False ... False  True  True]]
Batch 2 subspace dimension: 6400
current batch [[False False  True ...  True False False]
 [False False False ... False  True  True]
 [False  True False ...  True  True  True]
 ...
 [False False False ...  True  True False]
 [False False False ...  True  True  True]
 [False False False ...  True  True False]]
Batch 3 subspace dimension: 6084
current batch [[False False  True ...  True  True  True]
 [False False  True ... False  True False]
 [False False False ... False False  True]
 ...
 [ True False False ... False  True False]
 [ True False False ...  True False  True]
 [False False  True ... False  True False]]
Batch 4 subspace dimension: 7225


Starting configuration recovery iteration 2
batches [array([[False, False, False, ...,  True, False,  True],
       [False, False, False, ...,  True,  True, False],
       [ True, False, False, ..., False, False,  True],
       ...,
       [ True, False,  True, ...,  True, False, False],
       [False, False,  True, ...,  True, False, False],
       [False, False,  True, ...,  True,  True, False]]), array([[False, False,  True, ...,  True, False, False],
       [False, False, False, ..., False,  True, False],
       [False,  True,  True, ..., False,  True, False],
       ...,
       [False, False,  True, ..., False, False, False],
       [False, False, False, ...,  True,  True,  True],
       [False, False, False, ...,  True, False, False]]), array([[ True, False, False, ...,  True, False,  True],
       [False, False,  True, ...,  True, False,  True],
       [False, False, False, ..., False,  True, False],
       ...,
       [False, False, False, ...,  True, False, False],
       [False, False, False, ...,  True, False, False],
       [False, False,  True, ...,  True, False, False]]), array([[False, False, False, ...,  True,  True,  True],
       [False, False,  True, ...,  True, False,  True],
       [False, False, False, ..., False, False,  True],
       ...,
       [False, False, False, ..., False,  True,  True],
       [False, False, False, ..., False, False, False],
       [False, False, False, ...,  True,  True,  True]]), array([[False,  True, False, ..., False,  True, False],
       [False,  True, False, ..., False, False,  True],
       [False,  True, False, ...,  True, False, False],
       ...,
       [False, False, False, ..., False,  True, False],
       [False, False, False, ..., False, False,  True],
       [False, False,  True, ..., False,  True,  True]])]
current batch [[False False False ...  True False  True]
 [False False False ...  True  True False]
 [ True False False ... False False  True]
 ...
 [ True False  True ...  True False False]
 [False False  True ...  True False False]
 [False False  True ...  True  True False]]
Batch 0 subspace dimension: 7396
current batch [[False False  True ...  True False False]
 [False False False ... False  True False]
 [False  True  True ... False  True False]
 ...
 [False False  True ... False False False]
 [False False False ...  True  True  True]
 [False False False ...  True False False]]
Batch 1 subspace dimension: 6561
current batch [[ True False False ...  True False  True]
 [False False  True ...  True False  True]
 [False False False ... False  True False]
 ...
 [False False False ...  True False False]
 [False False False ...  True False False]
 [False False  True ...  True False False]]
Batch 2 subspace dimension: 6400
current batch [[False False False ...  True  True  True]
 [False False  True ...  True False  True]
 [False False False ... False False  True]
 ...
 [False False False ... False  True  True]
 [False False False ... False False False]
 [False False False ...  True  True  True]]
Batch 3 subspace dimension: 5929
current batch [[False  True False ... False  True False]
 [False  True False ... False False  True]
 [False  True False ...  True False False]
 ...
 [False False False ... False  True False]
 [False False False ... False False  True]
 [False False  True ... False  True  True]]
Batch 4 subspace dimension: 5776


Starting configuration recovery iteration 3
batches [array([[False, False,  True, ...,  True,  True, False],
       [False, False,  True, ...,  True,  True, False],
       [False, False,  True, ...,  True, False, False],
       ...,
       [False, False,  True, ...,  True, False,  True],
       [False, False, False, ...,  True, False, False],
       [False, False,  True, ...,  True,  True, False]]), array([[ True, False,  True, ..., False,  True,  True],
       [False, False, False, ..., False,  True,  True],
       [False, False, False, ...,  True,  True, False],
       ...,
       [False, False, False, ..., False, False,  True],
       [False, False,  True, ...,  True,  True, False],
       [ True, False,  True, ..., False, False, False]]), array([[False, False, False, ...,  True, False, False],
       [False, False, False, ...,  True,  True, False],
       [False, False,  True, ..., False, False,  True],
       ...,
       [False, False,  True, ..., False, False, False],
       [False, False, False, ...,  True, False, False],
       [False, False,  True, ..., False, False,  True]]), array([[False, False,  True, ..., False,  True, False],
       [ True, False, False, ..., False, False,  True],
       [False, False,  True, ...,  True, False, False],
       ...,
       [False,  True,  True, ..., False,  True, False],
       [False, False, False, ...,  True, False,  True],
       [False, False, False, ...,  True,  True, False]]), array([[False, False, False, ...,  True, False, False],
       [ True, False, False, ..., False, False,  True],
       [False, False,  True, ...,  True, False,  True],
       ...,
       [False, False,  True, ..., False, False, False],
       [False, False, False, ..., False,  True, False],
       [False, False, False, ...,  True,  True, False]])]
current batch [[False False  True ...  True  True False]
 [False False  True ...  True  True False]
 [False False  True ...  True False False]
 ...
 [False False  True ...  True False  True]
 [False False False ...  True False False]
 [False False  True ...  True  True False]]
Batch 0 subspace dimension: 6724
current batch [[ True False  True ... False  True  True]
 [False False False ... False  True  True]
 [False False False ...  True  True False]
 ...
 [False False False ... False False  True]
 [False False  True ...  True  True False]
 [ True False  True ... False False False]]
Batch 1 subspace dimension: 5476
current batch [[False False False ...  True False False]
 [False False False ...  True  True False]
 [False False  True ... False False  True]
 ...
 [False False  True ... False False False]
 [False False False ...  True False False]
 [False False  True ... False False  True]]
Batch 2 subspace dimension: 6241
current batch [[False False  True ... False  True False]
 [ True False False ... False False  True]
 [False False  True ...  True False False]
 ...
 [False  True  True ... False  True False]
 [False False False ...  True False  True]
 [False False False ...  True  True False]]
Batch 3 subspace dimension: 6889
current batch [[False False False ...  True False False]
 [ True False False ... False False  True]
 [False False  True ...  True False  True]
 ...
 [False False  True ... False False False]
 [False False False ... False  True False]
 [False False False ...  True  True False]]
Batch 4 subspace dimension: 5776


Starting configuration recovery iteration 4
batches [array([[False, False, False, ...,  True, False, False],
       [False, False,  True, ...,  True, False,  True],
       [False, False,  True, ..., False, False, False],
       ...,
       [False, False, False, ..., False,  True,  True],
       [False, False, False, ..., False,  True, False],
       [False,  True,  True, ...,  True, False, False]]), array([[False, False,  True, ..., False, False, False],
       [False, False, False, ..., False, False,  True],
       [False,  True, False, ...,  True,  True, False],
       ...,
       [False, False, False, ...,  True,  True, False],
       [False, False,  True, ...,  True, False,  True],
       [False, False,  True, ..., False,  True, False]]), array([[ True, False, False, ..., False, False,  True],
       [False, False,  True, ...,  True, False,  True],
       [False, False,  True, ...,  True, False, False],
       ...,
       [False, False, False, ..., False,  True, False],
       [False, False,  True, ...,  True,  True, False],
       [False, False,  True, ..., False, False,  True]]), array([[ True, False, False, ...,  True, False, False],
       [False, False, False, ...,  True,  True,  True],
       [False, False, False, ..., False,  True, False],
       ...,
       [False, False,  True, ..., False, False, False],
       [False, False,  True, ...,  True, False,  True],
       [False, False,  True, ...,  True, False, False]]), array([[False, False, False, ...,  True,  True,  True],
       [False, False, False, ..., False, False, False],
       [False, False,  True, ...,  True, False, False],
       ...,
       [False, False,  True, ...,  True,  True, False],
       [ True, False, False, ...,  True,  True,  True],
       [False, False, False, ...,  True, False, False]])]
current batch [[False False False ...  True False False]
 [False False  True ...  True False  True]
 [False False  True ... False False False]
 ...
 [False False False ... False  True  True]
 [False False False ... False  True False]
 [False  True  True ...  True False False]]
Batch 0 subspace dimension: 6724
current batch [[False False  True ... False False False]
 [False False False ... False False  True]
 [False  True False ...  True  True False]
 ...
 [False False False ...  True  True False]
 [False False  True ...  True False  True]
 [False False  True ... False  True False]]
Batch 1 subspace dimension: 5625
current batch [[ True False False ... False False  True]
 [False False  True ...  True False  True]
 [False False  True ...  True False False]
 ...
 [False False False ... False  True False]
 [False False  True ...  True  True False]
 [False False  True ... False False  True]]
Batch 2 subspace dimension: 6400
current batch [[ True False False ...  True False False]
 [False False False ...  True  True  True]
 [False False False ... False  True False]
 ...
 [False False  True ... False False False]
 [False False  True ...  True False  True]
 [False False  True ...  True False False]]
Batch 3 subspace dimension: 6084
current batch [[False False False ...  True  True  True]
 [False False False ... False False False]
 [False False  True ...  True False False]
 ...
 [False False  True ...  True  True False]
 [ True False False ...  True  True  True]
 [False False False ...  True False False]]
Batch 4 subspace dimension: 7056

las-lucj-sqd energy is -12.522147311718747
