overwrite output file: KD_ls.log
HF energy:  -2649.1455509803973
LASSCF energy:  -2649.1523536694403
CASCI with LAS orbital -2649.1537232700566
current fragment 0
converged SCF energy = -5.35796186544598
converged SCF energy = -5.35796186544598

WARN: RCCSD method does not support ROHF method. ROHF object is converted to UHF object and UCCSD method is called.

E(UCCSD) = -5.36168522263702  E_corr = -0.003723357191040764
nelec (3, 0)
current fid 0.9984900819569076
current fid 0.9984900819570658
current fid 0.9984900819568193
current fid 0.998490081956994
current fid 0.9984900819568
current fid 0.9984900819568227
current fid 0.9984900819568916
current fid 0.9984900819568433
current fid 0.9984900819570465
current fid 0.9984900819569531
current fid 0.9984900819568943
current fid 0.9984900819568809
current fid 0.9984900819569946
current fid 0.9984900819569098
current fid 0.998490081956857
current fid 0.9984900819568634
current fid 0.9984900819568956
current fid 0.9984900819569447
current fid 0.9984900819569151
current fid 0.998490081956902
current fid 0.9984900819569407
current fid 0.9984900819568725
current fid 0.9984900819569456
current fid 0.9984900819569265
current fid 0.9984900819568827
current fid 0.9984900819568938
current fid 0.9984900819569076
current fid 0.9984900819569076
current fid 0.9984900819569076
current fid 0.9984900819569076
current fid 0.9984900819569076
current fid 0.9984900819569076
current fid 0.9984900819569076
current fid 0.9984900819569076
current fid 0.9984900819569076
current fid 0.9984900819569076
current fid 0.9984900819569076
current fid 0.9984900819569076
current fid 0.9984900819569076
current fid 0.9984900819569076
current fid 0.9984900819569076
current fid 0.9984900819569076
current fid 0.9984900819569076
current fid 0.9984900819569076
current fid 0.9984900819569076
current fid 0.9984900819569076
current fid 0.9984900819569076
current fid 0.9984900819569076
current fid 0.9984900819569076
current fid 0.9984900819569076
current fid 0.9984900819569076
current fid 0.998490081764081
current fid 0.9984900819590492
current fid 0.9984900819574013
current fid 0.9984900817640957
current fid 0.9984900819569076
current fid 0.9984900819569076
current fid 0.9984900819569076
current fid 0.9984900819569076
current fid 0.9984900819569076
current fid 0.9984900819569076
current fid 0.9984900819572751
current fid 0.9984900819569102
current fid 0.9984900819591428
current fid 0.9984900819567423
current fid 0.9984900819569076
current fid 0.9984900819774587
current fid 0.9984900819552112
current fid 0.9984900819585539
current fid 0.9984900819785415
current fid 0.9984900819569058
current fid 0.9984900819569065
current fid 0.9984900819569056
current fid 0.9984900819569047
current fid 0.9984900819569049
current fid 0.9984900819569065
current fid 0.9984900819569051
current fid 0.9984900819569056
current fid 0.9984900819569082
current fid 0.9984900819569067
current fid 0.9984900819569051
current fid 0.9984900819569058
current fid 0.9984900819569063
current fid 0.9984900819569056
current fid 0.9984900819569085
current fid 0.9984900819569074
current fid 0.9984900819569076
current fid 0.9984900819569076
current fid 0.9984900819569076
current fid 0.9984900819569076
current fid 0.9984900819569076
current fid 0.9984900819569076
current fid 0.9984900819569076
current fid 0.9984900819569076
current fid 0.9984900819569076
current fid 0.9984900819569076
current fid 0.9984900819569076
current fid 0.9984900819569076
current fid 0.9984900819569076
current fid 0.9984900819569076
current fid 0.9984900819569076
current fid 0.9984900819569076
current fid 0.9984900819569076
current fid 0.9984900819569076
current fid 0.9984900819569076
current fid 0.9984900819569076
current fid 0.9984900819569076
current fid 0.9984900819569076
current fid 0.9984900819569076
current fid 0.9984900819569076
current fid 0.9984900819569076
current fid 0.8988323005088833
current fid 0.8988323005064534
current fid 0.8988323006415936
current fid 0.8988323005263957
current fid 0.8988323001275835
current fid 0.8988323004411751
current fid 0.8988323004369566
current fid 0.8988323003800935
current fid 0.898832300625922
current fid 0.898832300799402
current fid 0.8988323005575968
current fid 0.8988323005489971
current fid 0.8988323005808637
current fid 0.8988323004547865
current fid 0.898832300612463
current fid 0.8988323004112715
current fid 0.898832300338549
current fid 0.8988323003709986
current fid 0.8988323006059561
current fid 0.8988323004519106
current fid 0.8988323005206952
current fid 0.8988323005204961
current fid 0.8988323007155127
current fid 0.8988323006899751
current fid 0.8988323004816332
current fid 0.8988323004462034
current fid 0.8988323005088833
current fid 0.8988323005088833
current fid 0.8988323005088833
current fid 0.8988323005088833
current fid 0.8988323005088833
current fid 0.8988323005088833
current fid 0.8988323005088833
current fid 0.8988323005088833
current fid 0.8988323005088833
current fid 0.8988323005088833
current fid 0.8988323005088833
current fid 0.8988323005088833
current fid 0.8988323005088833
current fid 0.8988323005088833
current fid 0.8988323005088833
current fid 0.8988323005088833
current fid 0.8988323005088833
current fid 0.8988323005088833
current fid 0.8988323005088833
current fid 0.8988323005088833
current fid 0.8988323005088833
current fid 0.8988323005088833
current fid 0.8988323005088833
current fid 0.8988323005088833
current fid 0.8988323005088833
current fid 0.8988323019204165
current fid 0.8988323003905417
current fid 0.89883230048113
current fid 0.8988323019457833
current fid 0.8988323005088833
current fid 0.8988323005088833
current fid 0.8988323005088833
current fid 0.8988323005088833
current fid 0.8988323005088833
current fid 0.8988323005088833
current fid 0.8988323004804342
current fid 0.8988323005083547
current fid 0.8988323004277372
current fid 0.8988323005151733
current fid 0.8988323005075396
current fid 0.8988322997246571
current fid 0.8988323005691575
current fid 0.8988323004008506
current fid 0.8988322996324004
current fid 0.8988323005103287
current fid 0.8988323005088734
current fid 0.8988323005087581
current fid 0.8988323005088398
current fid 0.8988323005111255
current fid 0.8988323005050572
current fid 0.8988323005087177
current fid 0.8988323005080853
current fid 0.8988323005132625
current fid 0.8988323004785185
current fid 0.8988323005086397
current fid 0.8988323005624811
current fid 0.8988323005134085
current fid 0.8988323005091241
current fid 0.8988323005098267
current fid 0.898832300509063
current fid 0.8988323005088833
current fid 0.8988323005088833
current fid 0.8988323005088833
current fid 0.8988323005088833
current fid 0.8988323005088833
current fid 0.8988323005088833
current fid 0.8988323005088833
current fid 0.8988323005088833
current fid 0.8988323005088833
current fid 0.8988323005088833
current fid 0.8988323005088833
current fid 0.8988323005088833
current fid 0.8988323005088833
current fid 0.8988323005088833
current fid 0.8988323005088833
current fid 0.8988323005088833
current fid 0.8988323005088833
current fid 0.8988323005088833
current fid 0.8988323005088833
current fid 0.8988323005088833
current fid 0.8988323005088833
current fid 0.8988323005088833
current fid 0.8988323005088833
current fid 0.8988323005088833
current fid 0.8988323005088833
current fid 0.9998854047641118
current fid 0.9998854047630911
current fid 0.9998854047659202
current fid 0.9998854047637488
current fid 0.999885404761222
current fid 0.999885404764001
current fid 0.9998854047635116
current fid 0.9998854047632896
current fid 0.9998854047643543
current fid 0.9998854047665402
current fid 0.999885404764658
current fid 0.999885404764644
current fid 0.9998854047642193
current fid 0.9998854047635731
current fid 0.9998854047654107
current fid 0.9998854047634963
current fid 0.999885404762584
current fid 0.9998854047625851
current fid 0.9998854047649703
current fid 0.9998854047636249
current fid 0.9998854047640188
current fid 0.9998854047644462
current fid 0.999885404765807
current fid 0.9998854047656978
current fid 0.9998854047640172
current fid 0.9998854047636122
current fid 0.9998854047641118
current fid 0.9998854047641118
current fid 0.9998854047641118
current fid 0.9998854047641118
current fid 0.9998854047641118
current fid 0.9998854047641118
current fid 0.9998854047641118
current fid 0.9998854047641118
current fid 0.9998854047641118
current fid 0.9998854047641118
current fid 0.9998854047641118
current fid 0.9998854047641118
current fid 0.9998854047641118
current fid 0.9998854047641118
current fid 0.9998854047641118
current fid 0.9998854047641118
current fid 0.9998854047641118
current fid 0.9998854047641118
current fid 0.9998854047641118
current fid 0.9998854047641118
current fid 0.9998854047641118
current fid 0.9998854047641118
current fid 0.9998854047641118
current fid 0.9998854047641118
current fid 0.9998854047641118
current fid 0.9998854047433516
current fid 0.999885404747899
current fid 0.999885404760391
current fid 0.9998854047461982
current fid 0.9998854047641118
current fid 0.9998854047641118
current fid 0.9998854047641118
current fid 0.9998854047641118
current fid 0.9998854047641118
current fid 0.9998854047641118
current fid 0.9998854047615029
current fid 0.9998854047640752
current fid 0.9998854047506567
current fid 0.9998854047652457
current fid 0.9998854047640938
current fid 0.9998854046453107
current fid 0.9998854047748039
current fid 0.9998854047493163
current fid 0.9998854046380914
current fid 0.9998854047641347
current fid 0.9998854047641125
current fid 0.9998854047641151
current fid 0.9998854047641125
current fid 0.9998854047642215
current fid 0.9998854047639486
current fid 0.999885404764112
current fid 0.9998854047640998
current fid 0.9998854047646538
current fid 0.9998854047625607
current fid 0.9998854047641114
current fid 0.9998854047695884
current fid 0.9998854047647247
current fid 0.9998854047641158
current fid 0.9998854047641267
current fid 0.9998854047641165
current fid 0.9998854047641118
current fid 0.9998854047641118
current fid 0.9998854047641118
current fid 0.9998854047641118
current fid 0.9998854047641118
current fid 0.9998854047641118
current fid 0.9998854047641118
current fid 0.9998854047641118
current fid 0.9998854047641118
current fid 0.9998854047641118
current fid 0.9998854047641118
current fid 0.9998854047641118
current fid 0.9998854047641118
current fid 0.9998854047641118
current fid 0.9998854047641118
current fid 0.9998854047641118
current fid 0.9998854047641118
current fid 0.9998854047641118
current fid 0.9998854047641118
current fid 0.9998854047641118
current fid 0.9998854047641118
current fid 0.9998854047641118
current fid 0.9998854047641118
current fid 0.9998854047641118
current fid 0.9998854047641118
current fid 0.9988165859369018
current fid 0.998816585936402
current fid 0.9988165859328847
current fid 0.9988165859372282
current fid 0.9988165859543809
current fid 0.9988165859409954
current fid 0.9988165859401894
current fid 0.9988165859447475
current fid 0.9988165859296447
current fid 0.9988165859247463
current fid 0.998816585936015
current fid 0.9988165859352929
current fid 0.9988165859331595
current fid 0.9988165859394602
current fid 0.9988165859334386
current fid 0.9988165859420906
current fid 0.9988165859439
current fid 0.9988165859418504
current fid 0.998816585933874
current fid 0.9988165859400043
current fid 0.9988165859357858
current fid 0.9988165859366439
current fid 0.9988165859273644
current fid 0.9988165859297811
current fid 0.9988165859397021
current fid 0.9988165859397339
current fid 0.9988165859369018
current fid 0.9988165859369018
current fid 0.9988165859369018
current fid 0.9988165859369018
current fid 0.9988165859369018
current fid 0.9988165859369018
current fid 0.9988165859369018
current fid 0.9988165859369018
current fid 0.9988165859369018
current fid 0.9988165859369018
current fid 0.9988165859369018
current fid 0.9988165859369018
current fid 0.9988165859369018
current fid 0.9988165859369018
current fid 0.9988165859369018
current fid 0.9988165859369018
current fid 0.9988165859369018
current fid 0.9988165859369018
current fid 0.9988165859369018
current fid 0.9988165859369018
current fid 0.9988165859369018
current fid 0.9988165859369018
current fid 0.9988165859369018
current fid 0.9988165859369018
current fid 0.9988165859369018
current fid 0.9988165860004744
current fid 0.998816586019357
current fid 0.9988165859531418
current fid 0.9988165859686023
current fid 0.9988165859369018
current fid 0.9988165859369018
current fid 0.9988165859369018
current fid 0.9988165859369018
current fid 0.9988165859369018
current fid 0.9988165859369018
current fid 0.9988165859331155
current fid 0.9988165859368094
current fid 0.9988165859868164
current fid 0.9988165859323914
current fid 0.998816585936615
current fid 0.9988165863556195
current fid 0.9988165858996078
current fid 0.9988165860235179
current fid 0.9988165863865296
current fid 0.9988165859372029
current fid 0.9988165859369003
current fid 0.9988165859368898
current fid 0.9988165859368694
current fid 0.9988165859359838
current fid 0.9988165859382204
current fid 0.9988165859368727
current fid 0.9988165859366595
current fid 0.998816585930587
current fid 0.9988165859516936
current fid 0.9988165859368441
current fid 0.998816585881218
current fid 0.9988165859295394
current fid 0.9988165859369433
current fid 0.9988165859371665
current fid 0.9988165859369367
current fid 0.9988165859369018
current fid 0.9988165859369018
current fid 0.9988165859369018
current fid 0.9988165859369018
current fid 0.9988165859369018
current fid 0.9988165859369018
current fid 0.9988165859369018
current fid 0.9988165859369018
current fid 0.9988165859369018
current fid 0.9988165859369018
current fid 0.9988165859369018
current fid 0.9988165859369018
current fid 0.9988165859369018
current fid 0.9988165859369018
current fid 0.9988165859369018
current fid 0.9988165859369018
current fid 0.9988165859369018
current fid 0.9988165859369018
current fid 0.9988165859369018
current fid 0.9988165859369018
current fid 0.9988165859369018
current fid 0.9988165859369018
current fid 0.9988165859369018
current fid 0.9988165859369018
current fid 0.9988165859369018
current fid 0.999980810846183
current fid 0.9999808108451436
current fid 0.9999808108470776
current fid 0.9999808108458967
current fid 0.9999808108466166
current fid 0.9999808108468371
current fid 0.9999808108462809
current fid 0.9999808108467785
current fid 0.999980810845214
current fid 0.9999808108462471
current fid 0.999980810846417
current fid 0.9999808108463522
current fid 0.9999808108456838
current fid 0.9999808108461756
current fid 0.999980810846689
current fid 0.9999808108465247
current fid 0.9999808108460677
current fid 0.9999808108457222
current fid 0.9999808108462354
current fid 0.9999808108462427
current fid 0.9999808108459287
current fid 0.9999808108464583
current fid 0.9999808108460677
current fid 0.9999808108463413
current fid 0.9999808108465422
current fid 0.9999808108462189
current fid 0.999980810846183
current fid 0.999980810846183
current fid 0.999980810846183
current fid 0.999980810846183
current fid 0.999980810846183
current fid 0.999980810846183
current fid 0.999980810846183
current fid 0.999980810846183
current fid 0.999980810846183
current fid 0.999980810846183
current fid 0.999980810846183
current fid 0.999980810846183
current fid 0.999980810846183
current fid 0.999980810846183
current fid 0.999980810846183
current fid 0.999980810846183
current fid 0.999980810846183
current fid 0.999980810846183
current fid 0.999980810846183
current fid 0.999980810846183
current fid 0.999980810846183
current fid 0.999980810846183
current fid 0.999980810846183
current fid 0.999980810846183
current fid 0.999980810846183
current fid 0.9999808108448416
current fid 0.9999808108519525
current fid 0.9999808108469201
current fid 0.9999808108400021
current fid 0.999980810846183
current fid 0.999980810846183
current fid 0.999980810846183
current fid 0.999980810846183
current fid 0.999980810846183
current fid 0.999980810846183
current fid 0.999980810843319
current fid 0.9999808108461419
current fid 0.9999808108469392
current fid 0.9999808108460435
current fid 0.9999808108461852
current fid 0.999980810847874
current fid 0.9999808108459858
current fid 0.9999808108539733
current fid 0.9999808108490482
current fid 0.9999808108461827
current fid 0.9999808108461854
current fid 0.9999808108461836
current fid 0.9999808108461852
current fid 0.9999808108460688
current fid 0.9999808108463362
current fid 0.999980810846185
current fid 0.9999808108461816
current fid 0.9999808108452617
current fid 0.999980810848111
current fid 0.9999808108461841
current fid 0.9999808108381597
current fid 0.9999808108451058
current fid 0.9999808108461818
current fid 0.9999808108461818
current fid 0.9999808108461818
current fid 0.999980810846183
current fid 0.999980810846183
current fid 0.999980810846183
current fid 0.999980810846183
current fid 0.999980810846183
current fid 0.999980810846183
current fid 0.999980810846183
current fid 0.999980810846183
current fid 0.999980810846183
current fid 0.999980810846183
current fid 0.999980810846183
current fid 0.999980810846183
current fid 0.999980810846183
current fid 0.999980810846183
current fid 0.999980810846183
current fid 0.999980810846183
current fid 0.999980810846183
current fid 0.999980810846183
current fid 0.999980810846183
current fid 0.999980810846183
current fid 0.999980810846183
current fid 0.999980810846183
current fid 0.999980810846183
current fid 0.999980810846183
current fid 0.999980810846183
current fid 0.9999817103757479
current fid 0.9999817103744418
current fid 0.9999817103766012
current fid 0.9999817103749699
current fid 0.9999817103759528
current fid 0.9999817103762761
current fid 0.9999817103757015
current fid 0.9999817103758534
current fid 0.9999817103748568
current fid 0.999981710375803
current fid 0.9999817103758853
current fid 0.999981710376019
current fid 0.99998171037512
current fid 0.9999817103755843
current fid 0.9999817103763174
current fid 0.999981710375908
current fid 0.99998171037559
current fid 0.9999817103752694
current fid 0.9999817103758241
current fid 0.9999817103756449
current fid 0.9999817103755236
current fid 0.999981710376017
current fid 0.9999817103757654
current fid 0.9999817103758338
current fid 0.9999817103758571
current fid 0.9999817103757537
current fid 0.9999817103757479
current fid 0.9999817103757479
current fid 0.9999817103757479
current fid 0.9999817103757479
current fid 0.9999817103757479
current fid 0.9999817103757479
current fid 0.9999817103757479
current fid 0.9999817103757479
current fid 0.9999817103757479
current fid 0.9999817103757479
current fid 0.9999817103757479
current fid 0.9999817103757479
current fid 0.9999817103757479
current fid 0.9999817103757479
current fid 0.9999817103757479
current fid 0.9999817103757479
current fid 0.9999817103757479
current fid 0.9999817103757479
current fid 0.9999817103757479
current fid 0.9999817103757479
current fid 0.9999817103757479
current fid 0.9999817103757479
current fid 0.9999817103757479
current fid 0.9999817103757479
current fid 0.9999817103757479
current fid 0.9999817103740499
current fid 0.9999817103727496
current fid 0.9999817103761829
current fid 0.9999817103775149
current fid 0.9999817103757479
current fid 0.9999817103757479
current fid 0.9999817103757479
current fid 0.9999817103757479
current fid 0.9999817103757479
current fid 0.9999817103757479
current fid 0.9999817103728222
current fid 0.9999817103757055
current fid 0.9999817103757308
current fid 0.9999817103756045
current fid 0.9999817103757477
current fid 0.9999817103763707
current fid 0.9999817103741545
current fid 0.9999817103715427
current fid 0.9999817103761229
current fid 0.9999817103757468
current fid 0.999981710375745
current fid 0.9999817103757466
current fid 0.9999817103757472
current fid 0.9999817103757856
current fid 0.999981710375765
current fid 0.9999817103757483
current fid 0.9999817103757479
current fid 0.9999817103761793
current fid 0.999981710375376
current fid 0.9999817103757477
current fid 0.9999817103801071
current fid 0.9999817103762371
current fid 0.9999817103757463
current fid 0.9999817103757463
current fid 0.9999817103757455
current fid 0.9999817103757479
current fid 0.9999817103757479
current fid 0.9999817103757479
current fid 0.9999817103757479
current fid 0.9999817103757479
current fid 0.9999817103757479
current fid 0.9999817103757479
current fid 0.9999817103757479
current fid 0.9999817103757479
current fid 0.9999817103757479
current fid 0.9999817103757479
current fid 0.9999817103757479
current fid 0.9999817103757479
current fid 0.9999817103757479
current fid 0.9999817103757479
current fid 0.9999817103757479
current fid 0.9999817103757479
current fid 0.9999817103757479
current fid 0.9999817103757479
current fid 0.9999817103757479
current fid 0.9999817103757479
current fid 0.9999817103757479
current fid 0.9999817103757479
current fid 0.9999817103757479
current fid 0.9999817103757479
current fid 0.9999818749312865
current fid 0.9999818749300606
current fid 0.9999818749321885
current fid 0.9999818749307006
current fid 0.9999818749315466
current fid 0.9999818749318359
current fid 0.9999818749312808
current fid 0.999981874931636
current fid 0.9999818749304155
current fid 0.9999818749313636
current fid 0.9999818749314846
current fid 0.9999818749315268
current fid 0.9999818749307181
current fid 0.9999818749311942
current fid 0.9999818749318401
current fid 0.999981874931507
current fid 0.9999818749311278
current fid 0.9999818749307803
current fid 0.9999818749313485
current fid 0.9999818749312814
current fid 0.9999818749310407
current fid 0.999981874931607
current fid 0.999981874931293
current fid 0.9999818749314453
current fid 0.9999818749314611
current fid 0.9999818749313019
current fid 0.9999818749312865
current fid 0.9999818749312865
current fid 0.9999818749312865
current fid 0.9999818749312865
current fid 0.9999818749312865
current fid 0.9999818749312865
current fid 0.9999818749312865
current fid 0.9999818749312865
current fid 0.9999818749312865
current fid 0.9999818749312865
current fid 0.9999818749312865
current fid 0.9999818749312865
current fid 0.9999818749312865
current fid 0.9999818749312865
current fid 0.9999818749312865
current fid 0.9999818749312865
current fid 0.9999818749312865
current fid 0.9999818749312865
current fid 0.9999818749312865
current fid 0.9999818749312865
current fid 0.9999818749312865
current fid 0.9999818749312865
current fid 0.9999818749312865
current fid 0.9999818749312865
current fid 0.9999818749312865
current fid 0.9999818749320655
current fid 0.9999818749315144
current fid 0.9999818749307103
current fid 0.9999818749312415
current fid 0.9999818749312865
current fid 0.9999818749312865
current fid 0.9999818749312865
current fid 0.9999818749312865
current fid 0.9999818749312865
current fid 0.9999818749312865
current fid 0.9999818749283644
current fid 0.9999818749312455
current fid 0.9999818749311977
current fid 0.9999818749314013
current fid 0.9999818749312872
current fid 0.9999818749310616
current fid 0.999981874932302
current fid 0.9999818749317466
current fid 0.9999818749309455
current fid 0.9999818749312872
current fid 0.9999818749312843
current fid 0.9999818749312854
current fid 0.9999818749312879
current fid 0.9999818749312785
current fid 0.9999818749312044
current fid 0.9999818749312861
current fid 0.9999818749312892
current fid 0.9999818749313112
current fid 0.9999818749306792
current fid 0.9999818749312885
current fid 0.9999818749310472
current fid 0.9999818749313003
current fid 0.9999818749312857
current fid 0.9999818749312859
current fid 0.9999818749312881
current fid 0.9999818749312865
current fid 0.9999818749312865
current fid 0.9999818749312865
current fid 0.9999818749312865
current fid 0.9999818749312865
current fid 0.9999818749312865
current fid 0.9999818749312865
current fid 0.9999818749312865
current fid 0.9999818749312865
current fid 0.9999818749312865
current fid 0.9999818749312865
current fid 0.9999818749312865
current fid 0.9999818749312865
current fid 0.9999818749312865
current fid 0.9999818749312865
current fid 0.9999818749312865
current fid 0.9999818749312865
current fid 0.9999818749312865
current fid 0.9999818749312865
current fid 0.9999818749312865
current fid 0.9999818749312865
current fid 0.9999818749312865
current fid 0.9999818749312865
current fid 0.9999818749312865
current fid 0.9999818749312865
current fid 0.9999819630748707
current fid 0.9999819630736737
current fid 0.9999819630757698
current fid 0.9999819630743245
current fid 0.9999819630751405
current fid 0.9999819630754343
current fid 0.9999819630748741
current fid 0.999981963075242
current fid 0.9999819630739881
current fid 0.9999819630749571
current fid 0.9999819630750708
current fid 0.9999819630751037
current fid 0.9999819630743143
current fid 0.9999819630747877
current fid 0.9999819630754159
current fid 0.9999819630751021
current fid 0.999981963074714
current fid 0.9999819630743703
current fid 0.9999819630749307
current fid 0.9999819630748654
current fid 0.9999819630746263
current fid 0.9999819630751883
current fid 0.9999819630748672
current fid 0.9999819630750282
current fid 0.9999819630750735
current fid 0.9999819630748874
current fid 0.9999819630748707
current fid 0.9999819630748707
current fid 0.9999819630748707
current fid 0.9999819630748707
current fid 0.9999819630748707
current fid 0.9999819630748707
current fid 0.9999819630748707
current fid 0.9999819630748707
current fid 0.9999819630748707
current fid 0.9999819630748707
current fid 0.9999819630748707
current fid 0.9999819630748707
current fid 0.9999819630748707
current fid 0.9999819630748707
current fid 0.9999819630748707
current fid 0.9999819630748707
current fid 0.9999819630748707
current fid 0.9999819630748707
current fid 0.9999819630748707
current fid 0.9999819630748707
current fid 0.9999819630748707
current fid 0.9999819630748707
current fid 0.9999819630748707
current fid 0.9999819630748707
current fid 0.9999819630748707
current fid 0.9999819630756885
current fid 0.99998196307574
current fid 0.9999819630745534
current fid 0.9999819630744848
current fid 0.9999819630748707
current fid 0.9999819630748707
current fid 0.9999819630748707
current fid 0.9999819630748707
current fid 0.9999819630748707
current fid 0.9999819630748707
current fid 0.9999819630719593
current fid 0.9999819630748301
current fid 0.9999819630748146
current fid 0.9999819630749487
current fid 0.9999819630748701
current fid 0.9999819630746232
current fid 0.9999819630757227
current fid 0.9999819630761104
current fid 0.999981963074601
current fid 0.9999819630748712
current fid 0.9999819630748712
current fid 0.9999819630748734
current fid 0.9999819630748707
current fid 0.9999819630748454
current fid 0.9999819630748423
current fid 0.9999819630748734
current fid 0.9999819630748727
current fid 0.9999819630747773
current fid 0.9999819630748257
current fid 0.9999819630748723
current fid 0.999981963073602
current fid 0.9999819630747575
current fid 0.999981963074871
current fid 0.9999819630748721
current fid 0.9999819630748683
current fid 0.9999819630748707
current fid 0.9999819630748707
current fid 0.9999819630748707
current fid 0.9999819630748707
current fid 0.9999819630748707
current fid 0.9999819630748707
current fid 0.9999819630748707
current fid 0.9999819630748707
current fid 0.9999819630748707
current fid 0.9999819630748707
current fid 0.9999819630748707
current fid 0.9999819630748707
current fid 0.9999819630748707
current fid 0.9999819630748707
current fid 0.9999819630748707
current fid 0.9999819630748707
current fid 0.9999819630748707
current fid 0.9999819630748707
current fid 0.9999819630748707
current fid 0.9999819630748707
current fid 0.9999819630748707
current fid 0.9999819630748707
current fid 0.9999819630748707
current fid 0.9999819630748707
current fid 0.9999819630748707
current fid 0.9999829132170731
current fid 0.9999829132160661
current fid 0.9999829132179577
current fid 0.9999829132168
current fid 0.9999829132174266
current fid 0.9999829132177099
current fid 0.9999829132171564
current fid 0.9999829132176202
current fid 0.9999829132161374
current fid 0.9999829132171983
current fid 0.9999829132173058
current fid 0.9999829132172467
current fid 0.9999829132165986
current fid 0.9999829132170516
current fid 0.9999829132175787
current fid 0.9999829132173946
current fid 0.999982913216933
current fid 0.9999829132166057
current fid 0.9999829132171437
current fid 0.9999829132171144
current fid 0.9999829132168273
current fid 0.9999829132173327
current fid 0.9999829132170032
current fid 0.9999829132172543
current fid 0.999982913217427
current fid 0.9999829132170995
current fid 0.9999829132170731
current fid 0.9999829132170731
current fid 0.9999829132170731
current fid 0.9999829132170731
current fid 0.9999829132170731
current fid 0.9999829132170731
current fid 0.9999829132170731
current fid 0.9999829132170731
current fid 0.9999829132170731
current fid 0.9999829132170731
current fid 0.9999829132170731
current fid 0.9999829132170731
current fid 0.9999829132170731
current fid 0.9999829132170731
current fid 0.9999829132170731
current fid 0.9999829132170731
current fid 0.9999829132170731
current fid 0.9999829132170731
current fid 0.9999829132170731
current fid 0.9999829132170731
current fid 0.9999829132170731
current fid 0.9999829132170731
current fid 0.9999829132170731
current fid 0.9999829132170731
current fid 0.9999829132170731
current fid 0.9999829132184069
current fid 0.9999829132223083
current fid 0.9999829132180024
current fid 0.9999829132141115
current fid 0.9999829132170731
current fid 0.9999829132170731
current fid 0.9999829132170731
current fid 0.9999829132170731
current fid 0.9999829132170731
current fid 0.9999829132170731
current fid 0.9999829132142787
current fid 0.9999829132170254
current fid 0.9999829132172201
current fid 0.999982913216997
current fid 0.9999829132170744
current fid 0.9999829132166332
current fid 0.9999829132174082
current fid 0.9999829132237954
current fid 0.9999829132173012
current fid 0.9999829132170727
current fid 0.9999829132170738
current fid 0.9999829132170753
current fid 0.9999829132170682
current fid 0.9999829132169685
current fid 0.9999829132173014
current fid 0.9999829132170713
current fid 0.9999829132170742
current fid 0.999982913216172
current fid 0.9999829132200383
current fid 0.9999829132170709
current fid 0.999982913208993
current fid 0.9999829132161008
current fid 0.9999829132170744
current fid 0.9999829132170742
current fid 0.9999829132170758
current fid 0.9999829132170731
current fid 0.9999829132170731
current fid 0.9999829132170731
current fid 0.9999829132170731
current fid 0.9999829132170731
current fid 0.9999829132170731
current fid 0.9999829132170731
current fid 0.9999829132170731
current fid 0.9999829132170731
current fid 0.9999829132170731
current fid 0.9999829132170731
current fid 0.9999829132170731
current fid 0.9999829132170731
current fid 0.9999829132170731
current fid 0.9999829132170731
current fid 0.9999829132170731
current fid 0.9999829132170731
current fid 0.9999829132170731
current fid 0.9999829132170731
current fid 0.9999829132170731
current fid 0.9999829132170731
current fid 0.9999829132170731
current fid 0.9999829132170731
current fid 0.9999829132170731
current fid 0.9999829132170731
current fid 0.9999846939855246
current fid 0.9999846939847818
current fid 0.9999846939863533
current fid 0.9999846939855772
current fid 0.9999846939859598
current fid 0.9999846939862225
current fid 0.9999846939856976
current fid 0.9999846939862442
current fid 0.99998469398457
current fid 0.9999846939857007
current fid 0.9999846939857813
current fid 0.9999846939856318
current fid 0.999984693985166
current fid 0.9999846939855777
current fid 0.9999846939859611
current fid 0.9999846939859318
current fid 0.9999846939854091
current fid 0.9999846939851216
current fid 0.999984693985603
current fid 0.999984693985615
current fid 0.9999846939852921
current fid 0.9999846939857178
current fid 0.9999846939853962
current fid 0.9999846939857309
current fid 0.9999846939860411
current fid 0.9999846939855652
current fid 0.9999846939855246
current fid 0.9999846939855246
current fid 0.9999846939855246
current fid 0.9999846939855246
current fid 0.9999846939855246
current fid 0.9999846939855246
current fid 0.9999846939855246
current fid 0.9999846939855246
current fid 0.9999846939855246
current fid 0.9999846939855246
current fid 0.9999846939855246
current fid 0.9999846939855246
current fid 0.9999846939855246
current fid 0.9999846939855246
current fid 0.9999846939855246
current fid 0.9999846939855246
current fid 0.9999846939855246
current fid 0.9999846939855246
current fid 0.9999846939855246
current fid 0.9999846939855246
current fid 0.9999846939855246
current fid 0.9999846939855246
current fid 0.9999846939855246
current fid 0.9999846939855246
current fid 0.9999846939855246
current fid 0.9999846939873989
current fid 0.9999846939955914
current fid 0.99998469398793
current fid 0.9999846939797891
current fid 0.9999846939855246
current fid 0.9999846939855246
current fid 0.9999846939855246
current fid 0.9999846939855246
current fid 0.9999846939855246
current fid 0.9999846939855246
current fid 0.9999846939829816
current fid 0.9999846939854553
current fid 0.9999846939859467
current fid 0.9999846939852537
current fid 0.9999846939855235
current fid 0.9999846939849233
current fid 0.9999846939851833
current fid 0.9999846939982971
current fid 0.9999846939863282
current fid 0.9999846939855268
current fid 0.9999846939855273
current fid 0.9999846939855395
current fid 0.9999846939855086
current fid 0.9999846939853005
current fid 0.9999846939860764
current fid 0.9999846939855161
current fid 0.9999846939855261
current fid 0.9999846939837502
current fid 0.9999846939919816
current fid 0.9999846939855173
current fid 0.999984693969907
current fid 0.9999846939836214
current fid 0.9999846939855348
current fid 0.9999846939855246
current fid 0.9999846939855352
current fid 0.9999846939855246
current fid 0.9999846939855246
current fid 0.9999846939855246
current fid 0.9999846939855246
current fid 0.9999846939855246
current fid 0.9999846939855246
current fid 0.9999846939855246
current fid 0.9999846939855246
current fid 0.9999846939855246
current fid 0.9999846939855246
current fid 0.9999846939855246
current fid 0.9999846939855246
current fid 0.9999846939855246
current fid 0.9999846939855246
current fid 0.9999846939855246
current fid 0.9999846939855246
current fid 0.9999846939855246
current fid 0.9999846939855246
current fid 0.9999846939855246
current fid 0.9999846939855246
current fid 0.9999846939855246
current fid 0.9999846939855246
current fid 0.9999846939855246
current fid 0.9999846939855246
current fid 0.9999846939855246
current fid 0.9999886681721519
current fid 0.9999886681718546
current fid 0.9999886681727939
current fid 0.9999886681726471
current fid 0.9999886681726464
current fid 0.9999886681728452
current fid 0.9999886681724146
current fid 0.9999886681730643
current fid 0.9999886681712724
current fid 0.9999886681723786
current fid 0.9999886681724175
current fid 0.999988668172153
current fid 0.9999886681719838
current fid 0.9999886681723056
current fid 0.9999886681724346
current fid 0.999988668172632
current fid 0.9999886681720773
current fid 0.9999886681718784
current fid 0.9999886681722228
current fid 0.9999886681723054
current fid 0.9999886681719408
current fid 0.9999886681722552
current fid 0.9999886681719625
current fid 0.9999886681723729
current fid 0.9999886681728272
current fid 0.9999886681722134
current fid 0.9999886681721519
current fid 0.9999886681721519
current fid 0.9999886681721519
current fid 0.9999886681721519
current fid 0.9999886681721519
current fid 0.9999886681721519
current fid 0.9999886681721519
current fid 0.9999886681721519
current fid 0.9999886681721519
current fid 0.9999886681721519
current fid 0.9999886681721519
current fid 0.9999886681721519
current fid 0.9999886681721519
current fid 0.9999886681721519
current fid 0.9999886681721519
current fid 0.9999886681721519
current fid 0.9999886681721519
current fid 0.9999886681721519
current fid 0.9999886681721519
current fid 0.9999886681721519
current fid 0.9999886681721519
current fid 0.9999886681721519
current fid 0.9999886681721519
current fid 0.9999886681721519
current fid 0.9999886681721519
current fid 0.9999886681748307
current fid 0.9999886681878877
current fid 0.999988668175942
current fid 0.9999886681629966
current fid 0.9999886681721519
current fid 0.9999886681721519
current fid 0.9999886681721519
current fid 0.9999886681721519
current fid 0.9999886681721519
current fid 0.9999886681721519
current fid 0.9999886681702261
current fid 0.9999886681720458
current fid 0.9999886681728947
current fid 0.9999886681717112
current fid 0.9999886681721546
current fid 0.9999886681714394
current fid 0.9999886681714465
current fid 0.9999886681921261
current fid 0.9999886681737131
current fid 0.9999886681721561
current fid 0.9999886681721559
current fid 0.9999886681721861
current fid 0.9999886681721075
current fid 0.9999886681718024
current fid 0.9999886681730144
current fid 0.9999886681721271
current fid 0.9999886681721548
current fid 0.999988668169342
current fid 0.9999886681821771
current fid 0.9999886681721286
current fid 0.9999886681478373
current fid 0.9999886681691565
current fid 0.9999886681721799
current fid 0.9999886681721557
current fid 0.9999886681721788
current fid 0.9999886681721519
current fid 0.9999886681721519
current fid 0.9999886681721519
current fid 0.9999886681721519
current fid 0.9999886681721519
current fid 0.9999886681721519
current fid 0.9999886681721519
current fid 0.9999886681721519
current fid 0.9999886681721519
current fid 0.9999886681721519
current fid 0.9999886681721519
current fid 0.9999886681721519
current fid 0.9999886681721519
current fid 0.9999886681721519
current fid 0.9999886681721519
current fid 0.9999886681721519
current fid 0.9999886681721519
current fid 0.9999886681721519
current fid 0.9999886681721519
current fid 0.9999886681721519
current fid 0.9999886681721519
current fid 0.9999886681721519
current fid 0.9999886681721519
current fid 0.9999886681721519
current fid 0.9999886681721519
current fid 0.9999942945844513
current fid 0.9999942945846256
current fid 0.9999942945847442
current fid 0.9999942945852225
current fid 0.9999942945848765
current fid 0.9999942945849658
current fid 0.9999942945847096
current fid 0.99999429458533
current fid 0.9999942945838338
current fid 0.9999942945846969
current fid 0.9999942945846532
current fid 0.999994294584365
current fid 0.9999942945844995
current fid 0.9999942945846534
current fid 0.9999942945845146
current fid 0.9999942945848814
current fid 0.9999942945844216
current fid 0.9999942945843556
current fid 0.9999942945844913
current fid 0.9999942945846232
current fid 0.9999942945842895
current fid 0.9999942945844713
current fid 0.9999942945842759
current fid 0.9999942945846478
current fid 0.9999942945851168
current fid 0.9999942945845188
current fid 0.9999942945844513
current fid 0.9999942945844513
current fid 0.9999942945844513
current fid 0.9999942945844513
current fid 0.9999942945844513
current fid 0.9999942945844513
current fid 0.9999942945844513
current fid 0.9999942945844513
current fid 0.9999942945844513
current fid 0.9999942945844513
current fid 0.9999942945844513
current fid 0.9999942945844513
current fid 0.9999942945844513
current fid 0.9999942945844513
current fid 0.9999942945844513
current fid 0.9999942945844513
current fid 0.9999942945844513
current fid 0.9999942945844513
current fid 0.9999942945844513
current fid 0.9999942945844513
current fid 0.9999942945844513
current fid 0.9999942945844513
current fid 0.9999942945844513
current fid 0.9999942945844513
current fid 0.9999942945844513
current fid 0.9999942945875813
current fid 0.999994294601509
current fid 0.9999942945884068
current fid 0.9999942945745618
current fid 0.9999942945844513
current fid 0.9999942945844513
current fid 0.9999942945844513
current fid 0.9999942945844513
current fid 0.9999942945844513
current fid 0.9999942945844513
current fid 0.9999942945835083
current fid 0.9999942945842675
current fid 0.9999942945852529
current fid 0.9999942945839864
current fid 0.9999942945844538
current fid 0.9999942945837998
current fid 0.9999942945838987
current fid 0.9999942946061986
current fid 0.9999942945861633
current fid 0.9999942945844522
current fid 0.9999942945844507
current fid 0.9999942945845184
current fid 0.9999942945843558
current fid 0.9999942945839932
current fid 0.999994294585363
current fid 0.9999942945843956
current fid 0.9999942945844529
current fid 0.9999942945814932
current fid 0.9999942945951303
current fid 0.9999942945843989
current fid 0.9999942945581418
current fid 0.9999942945813112
current fid 0.9999942945845013
current fid 0.9999942945844513
current fid 0.9999942945845017
current fid 0.9999942945844513
current fid 0.9999942945844513
current fid 0.9999942945844513
current fid 0.9999942945844513
current fid 0.9999942945844513
current fid 0.9999942945844513
current fid 0.9999942945844513
current fid 0.9999942945844513
current fid 0.9999942945844513
current fid 0.9999942945844513
current fid 0.9999942945844513
current fid 0.9999942945844513
current fid 0.9999942945844513
current fid 0.9999942945844513
current fid 0.9999942945844513
current fid 0.9999942945844513
current fid 0.9999942945844513
current fid 0.9999942945844513
current fid 0.9999942945844513
current fid 0.9999942945844513
current fid 0.9999942945844513
current fid 0.9999942945844513
current fid 0.9999942945844513
current fid 0.9999942945844513
current fid 0.9999942945844513
current fid 0.9999951685056129
current fid 0.9999951685056926
current fid 0.9999951685056215
current fid 0.9999951685059069
current fid 0.9999951685063279
current fid 0.9999951685054068
current fid 0.9999951685055358
current fid 0.9999951685070331
current fid 0.9999951685058072
current fid 0.9999951685053471
current fid 0.9999951685059306
current fid 0.999995168505397
current fid 0.9999951685058145
current fid 0.9999951685060456
current fid 0.9999951685054139
current fid 0.999995168505723
current fid 0.9999951685057865
current fid 0.9999951685056575
current fid 0.999995168505314
current fid 0.9999951685062981
current fid 0.99999516850533
current fid 0.9999951685063003
current fid 0.9999951685053922
current fid 0.9999951685058105
current fid 0.9999951685055394
current fid 0.9999951685057386
current fid 0.9999951685056129
current fid 0.9999951685056129
current fid 0.9999951685056129
current fid 0.9999951685056129
current fid 0.9999951685056129
current fid 0.9999951685056129
current fid 0.9999951685056129
current fid 0.9999951685056129
current fid 0.9999951685056129
current fid 0.9999951685056129
current fid 0.9999951685056129
current fid 0.9999951685056129
current fid 0.9999951685056129
current fid 0.9999951685056129
current fid 0.9999951685056129
current fid 0.9999951685056129
current fid 0.9999951685056129
current fid 0.9999951685056129
current fid 0.9999951685056129
current fid 0.9999951685056129
current fid 0.9999951685056129
current fid 0.9999951685056129
current fid 0.9999951685056129
current fid 0.9999951685056129
current fid 0.9999951685056129
current fid 0.9999951685141908
current fid 0.9999951685171502
current fid 0.9999951684918053
current fid 0.9999951684900655
current fid 0.9999951685056129
current fid 0.9999951685056129
current fid 0.9999951685056129
current fid 0.9999951685056129
current fid 0.9999951685056129
current fid 0.9999951685056129
current fid 0.9999951685055496
current fid 0.9999951685053919
current fid 0.9999951685079932
current fid 0.9999951685093668
current fid 0.9999951685056222
current fid 0.9999951685020877
current fid 0.9999951685246542
current fid 0.9999951685235147
current fid 0.9999951685139872
current fid 0.9999951685056173
current fid 0.9999951685056153
current fid 0.9999951685057079
current fid 0.999995168505487
current fid 0.9999951685160382
current fid 0.9999951685039957
current fid 0.9999951685055685
current fid 0.9999951685056206
current fid 0.9999951684956371
current fid 0.9999951684859157
current fid 0.9999951685055718
current fid 0.9999951684944998
current fid 0.9999951684917677
current fid 0.999995168505656
current fid 0.999995168505608
current fid 0.9999951685056551
current fid 0.9999951685056129
current fid 0.9999951685056129
current fid 0.9999951685056129
current fid 0.9999951685056129
current fid 0.9999951685056129
current fid 0.9999951685056129
current fid 0.9999951685056129
current fid 0.9999951685056129
current fid 0.9999951685056129
current fid 0.9999951685056129
current fid 0.9999951685056129
current fid 0.9999951685056129
current fid 0.9999951685056129
current fid 0.9999951685056129
current fid 0.9999951685056129
current fid 0.9999951685056129
current fid 0.9999951685056129
current fid 0.9999951685056129
current fid 0.9999951685056129
current fid 0.9999951685056129
current fid 0.9999951685056129
current fid 0.9999951685056129
current fid 0.9999951685056129
current fid 0.9999951685056129
current fid 0.9999951685056129
current fid 0.999999386502679
current fid 0.9999993865029635
current fid 0.9999993865025385
current fid 0.9999993865029684
current fid 0.9999993865028531
current fid 0.9999993865027246
current fid 0.9999993865027221
current fid 0.9999993865029406
current fid 0.9999993865026005
current fid 0.9999993865028156
current fid 0.9999993865027164
current fid 0.9999993865026338
current fid 0.999999386502807
current fid 0.9999993865027683
current fid 0.9999993865025967
current fid 0.9999993865027959
current fid 0.9999993865027061
current fid 0.9999993865027876
current fid 0.9999993865026504
current fid 0.9999993865027672
current fid 0.9999993865026118
current fid 0.9999993865027283
current fid 0.9999993865026795
current fid 0.9999993865027337
current fid 0.9999993865028474
current fid 0.9999993865027252
current fid 0.999999386502679
current fid 0.999999386502679
current fid 0.999999386502679
current fid 0.999999386502679
current fid 0.999999386502679
current fid 0.999999386502679
current fid 0.999999386502679
current fid 0.999999386502679
current fid 0.999999386502679
current fid 0.999999386502679
current fid 0.999999386502679
current fid 0.999999386502679
current fid 0.999999386502679
current fid 0.999999386502679
current fid 0.999999386502679
current fid 0.999999386502679
current fid 0.999999386502679
current fid 0.999999386502679
current fid 0.999999386502679
current fid 0.999999386502679
current fid 0.999999386502679
current fid 0.999999386502679
current fid 0.999999386502679
current fid 0.999999386502679
current fid 0.999999386502679
current fid 0.9999993865039845
current fid 0.9999993865080155
current fid 0.9999993865032695
current fid 0.9999993864993004
current fid 0.999999386502679
current fid 0.999999386502679
current fid 0.999999386502679
current fid 0.999999386502679
current fid 0.999999386502679
current fid 0.999999386502679
current fid 0.9999993865028318
current fid 0.9999993865024346
current fid 0.9999993865031886
current fid 0.9999993865032906
current fid 0.9999993865026906
current fid 0.9999993865018315
current fid 0.9999993865030339
current fid 0.9999993865093595
current fid 0.99999938650397
current fid 0.9999993865026802
current fid 0.9999993865026857
current fid 0.9999993865027856
current fid 0.9999993865025472
current fid 0.9999993865044186
current fid 0.9999993865026284
current fid 0.9999993865026253
current fid 0.9999993865026873
current fid 0.9999993865008392
current fid 0.9999993865047339
current fid 0.9999993865026289
current fid 0.9999993864946171
current fid 0.9999993864999579
current fid 0.9999993865027359
current fid 0.9999993865026804
current fid 0.9999993865027368
current fid 0.999999386502679
current fid 0.999999386502679
current fid 0.999999386502679
current fid 0.999999386502679
current fid 0.999999386502679
current fid 0.999999386502679
current fid 0.999999386502679
current fid 0.999999386502679
current fid 0.999999386502679
current fid 0.999999386502679
current fid 0.999999386502679
current fid 0.999999386502679
current fid 0.999999386502679
current fid 0.999999386502679
current fid 0.999999386502679
current fid 0.999999386502679
current fid 0.999999386502679
current fid 0.999999386502679
current fid 0.999999386502679
current fid 0.999999386502679
current fid 0.999999386502679
current fid 0.999999386502679
current fid 0.999999386502679
current fid 0.999999386502679
current fid 0.999999386502679
current fid 0.9999997757335696
current fid 0.9999997757336895
current fid 0.9999997757334441
current fid 0.9999997757336555
current fid 0.9999997757336264
current fid 0.9999997757335805
current fid 0.9999997757335567
current fid 0.9999997757336124
current fid 0.9999997757334879
current fid 0.9999997757337048
current fid 0.9999997757335605
current fid 0.9999997757335845
current fid 0.99999977573361
current fid 0.9999997757335773
current fid 0.9999997757335425
current fid 0.9999997757336235
current fid 0.9999997757335578
current fid 0.9999997757336195
current fid 0.9999997757335565
current fid 0.999999775733564
current fid 0.9999997757335074
current fid 0.999999775733606
current fid 0.9999997757336291
current fid 0.999999775733594
current fid 0.9999997757336442
current fid 0.9999997757335969
current fid 0.9999997757335696
current fid 0.9999997757335696
current fid 0.9999997757335696
current fid 0.9999997757335696
current fid 0.9999997757335696
current fid 0.9999997757335696
current fid 0.9999997757335696
current fid 0.9999997757335696
current fid 0.9999997757335696
current fid 0.9999997757335696
current fid 0.9999997757335696
current fid 0.9999997757335696
current fid 0.9999997757335696
current fid 0.9999997757335696
current fid 0.9999997757335696
current fid 0.9999997757335696
current fid 0.9999997757335696
current fid 0.9999997757335696
current fid 0.9999997757335696
current fid 0.9999997757335696
current fid 0.9999997757335696
current fid 0.9999997757335696
current fid 0.9999997757335696
current fid 0.9999997757335696
current fid 0.9999997757335696
current fid 0.9999997757335867
current fid 0.9999997757352098
current fid 0.9999997757343736
current fid 0.9999997757326867
current fid 0.9999997757335696
current fid 0.9999997757335696
current fid 0.9999997757335696
current fid 0.9999997757335696
current fid 0.9999997757335696
current fid 0.9999997757335696
current fid 0.9999997757335809
current fid 0.9999997757333338
current fid 0.9999997757336468
current fid 0.9999997757335718
current fid 0.99999977573358
current fid 0.9999997757334375
current fid 0.9999997757329683
current fid 0.9999997757355265
current fid 0.9999997757336528
current fid 0.9999997757335713
current fid 0.9999997757335758
current fid 0.9999997757336724
current fid 0.999999775733443
current fid 0.9999997757337048
current fid 0.9999997757336564
current fid 0.999999775733521
current fid 0.9999997757335771
current fid 0.999999775733439
current fid 0.9999997757352078
current fid 0.9999997757335229
current fid 0.9999997757308258
current fid 0.9999997757331994
current fid 0.9999997757336191
current fid 0.9999997757335696
current fid 0.9999997757336184
current fid 0.9999997757335696
current fid 0.9999997757335696
current fid 0.9999997757335696
current fid 0.9999997757335696
current fid 0.9999997757335696
current fid 0.9999997757335696
current fid 0.9999997757335696
current fid 0.9999997757335696
current fid 0.9999997757335696
current fid 0.9999997757335696
current fid 0.9999997757335696
current fid 0.9999997757335696
current fid 0.9999997757335696
current fid 0.9999997757335696
current fid 0.9999997757335696
current fid 0.9999997757335696
current fid 0.9999997757335696
current fid 0.9999997757335696
current fid 0.9999997757335696
current fid 0.9999997757335696
current fid 0.9999997757335696
current fid 0.9999997757335696
current fid 0.9999997757335696
current fid 0.9999997757335696
current fid 0.9999997757335696
current fid 0.9999998256993798
current fid 0.9999998256994238
current fid 0.9999998256992577
current fid 0.9999998256993603
current fid 0.9999998256994078
current fid 0.9999998256993496
current fid 0.9999998256993334
current fid 0.9999998256993647
current fid 0.9999998256993368
current fid 0.9999998256994931
current fid 0.9999998256993619
current fid 0.9999998256994165
current fid 0.9999998256993896
current fid 0.9999998256993716
current fid 0.9999998256993652
current fid 0.9999998256993947
current fid 0.999999825699367
current fid 0.999999825699414
current fid 0.9999998256993679
current fid 0.9999998256993634
current fid 0.9999998256993132
current fid 0.9999998256994485
current fid 0.9999998256994607
current fid 0.9999998256993976
current fid 0.9999998256993838
current fid 0.9999998256994007
current fid 0.9999998256993798
current fid 0.9999998256993798
current fid 0.9999998256993798
current fid 0.9999998256993798
current fid 0.9999998256993798
current fid 0.9999998256993798
current fid 0.9999998256993798
current fid 0.9999998256993798
current fid 0.9999998256993798
current fid 0.9999998256993798
current fid 0.9999998256993798
current fid 0.9999998256993798
current fid 0.9999998256993798
current fid 0.9999998256993798
current fid 0.9999998256993798
current fid 0.9999998256993798
current fid 0.9999998256993798
current fid 0.9999998256993798
current fid 0.9999998256993798
current fid 0.9999998256993798
current fid 0.9999998256993798
current fid 0.9999998256993798
current fid 0.9999998256993798
current fid 0.9999998256993798
current fid 0.9999998256993798
current fid 0.9999998256993137
current fid 0.999999825699305
current fid 0.9999998256994376
current fid 0.9999998256993936
current fid 0.9999998256993798
current fid 0.9999998256993798
current fid 0.9999998256993798
current fid 0.9999998256993798
current fid 0.9999998256993798
current fid 0.9999998256993798
current fid 0.9999998256993545
current fid 0.999999825699146
current fid 0.9999998256993592
current fid 0.9999998256993556
current fid 0.9999998256993881
current fid 0.9999998256993521
current fid 0.9999998256993319
current fid 0.9999998256992793
current fid 0.9999998256992928
current fid 0.9999998256993776
current fid 0.9999998256993825
current fid 0.9999998256994775
current fid 0.9999998256992553
current fid 0.9999998256993228
current fid 0.9999998256993814
current fid 0.9999998256993294
current fid 0.9999998256993832
current fid 0.9999998256994262
current fid 0.9999998256994516
current fid 0.9999998256993348
current fid 0.9999998256994445
current fid 0.9999998256994287
current fid 0.9999998256994242
current fid 0.9999998256993798
current fid 0.9999998256994247
current fid 0.9999998256993798
current fid 0.9999998256993798
current fid 0.9999998256993798
current fid 0.9999998256993798
current fid 0.9999998256993798
current fid 0.9999998256993798
current fid 0.9999998256993798
current fid 0.9999998256993798
current fid 0.9999998256993798
current fid 0.9999998256993798
current fid 0.9999998256993798
current fid 0.9999998256993798
current fid 0.9999998256993798
current fid 0.9999998256993798
current fid 0.9999998256993798
current fid 0.9999998256993798
current fid 0.9999998256993798
current fid 0.9999998256993798
current fid 0.9999998256993798
current fid 0.9999998256993798
current fid 0.9999998256993798
current fid 0.9999998256993798
current fid 0.9999998256993798
current fid 0.9999998256993798
current fid 0.9999998256993798
current fid 0.999999826695217
current fid 0.9999998266952583
current fid 0.9999998266950982
current fid 0.9999998266951942
current fid 0.9999998266952486
current fid 0.9999998266951877
current fid 0.9999998266951706
current fid 0.9999998266952059
current fid 0.9999998266951755
current fid 0.9999998266953247
current fid 0.9999998266952004
current fid 0.9999998266952532
current fid 0.9999998266952306
current fid 0.9999998266952104
current fid 0.9999998266952024
current fid 0.9999998266952346
current fid 0.9999998266952057
current fid 0.9999998266952519
current fid 0.9999998266951982
current fid 0.9999998266952066
current fid 0.9999998266951542
current fid 0.9999998266952912
current fid 0.9999998266952972
current fid 0.999999826695233
current fid 0.999999826695219
current fid 0.9999998266952412
current fid 0.999999826695217
current fid 0.999999826695217
current fid 0.999999826695217
current fid 0.999999826695217
current fid 0.999999826695217
current fid 0.999999826695217
current fid 0.999999826695217
current fid 0.999999826695217
current fid 0.999999826695217
current fid 0.999999826695217
current fid 0.999999826695217
current fid 0.999999826695217
current fid 0.999999826695217
current fid 0.999999826695217
current fid 0.999999826695217
current fid 0.999999826695217
current fid 0.999999826695217
current fid 0.999999826695217
current fid 0.999999826695217
current fid 0.999999826695217
current fid 0.999999826695217
current fid 0.999999826695217
current fid 0.999999826695217
current fid 0.999999826695217
current fid 0.999999826695217
current fid 0.9999998266951946
current fid 0.999999826695114
current fid 0.9999998266951855
current fid 0.9999998266952213
current fid 0.999999826695217
current fid 0.999999826695217
current fid 0.999999826695217
current fid 0.999999826695217
current fid 0.999999826695217
current fid 0.999999826695217
current fid 0.9999998266951935
current fid 0.9999998266949857
current fid 0.9999998266952153
current fid 0.9999998266952248
current fid 0.9999998266952275
current fid 0.9999998266952101
current fid 0.9999998266952548
current fid 0.9999998266951029
current fid 0.9999998266952053
current fid 0.9999998266952173
current fid 0.9999998266952204
current fid 0.9999998266953163
current fid 0.9999998266950914
current fid 0.9999998266952259
current fid 0.9999998266952077
current fid 0.9999998266951713
current fid 0.9999998266952204
current fid 0.9999998266952275
current fid 0.9999998266951227
current fid 0.9999998266951731
current fid 0.9999998266953691
current fid 0.9999998266952232
current fid 0.9999998266952614
current fid 0.9999998266952175
current fid 0.9999998266952597
current fid 0.999999826695217
current fid 0.999999826695217
current fid 0.999999826695217
current fid 0.999999826695217
current fid 0.999999826695217
current fid 0.999999826695217
current fid 0.999999826695217
current fid 0.999999826695217
current fid 0.999999826695217
current fid 0.999999826695217
current fid 0.999999826695217
current fid 0.999999826695217
current fid 0.999999826695217
current fid 0.999999826695217
current fid 0.999999826695217
current fid 0.999999826695217
current fid 0.999999826695217
current fid 0.999999826695217
current fid 0.999999826695217
current fid 0.999999826695217
current fid 0.999999826695217
current fid 0.999999826695217
current fid 0.999999826695217
current fid 0.999999826695217
current fid 0.999999826695217
norb 5
qubits QuantumRegister(10, 'q')
Optimization level  3 OrderedDict([('rz', 114), ('sx', 94), ('cx', 38), ('x', 1)]) 96
two qubit gate depth 22
current fragment 1
converged SCF energy = -5.35854713562126
converged SCF energy = -5.35854713562126

WARN: RCCSD method does not support ROHF method. ROHF object is converted to UHF object and UCCSD method is called.

E(UCCSD) = -5.362277103416758  E_corr = -0.003729967795494144
nelec (0, 3)
current fid 0.998804542410295
current fid 0.998804542410295
current fid 0.998804542410295
current fid 0.998804542410295
current fid 0.998804542410295
current fid 0.998804542410295
current fid 0.998804542410295
current fid 0.998804542410295
current fid 0.998804542410295
current fid 0.998804542410295
current fid 0.998804542410295
current fid 0.998804542410295
current fid 0.998804542410295
current fid 0.998804542410295
current fid 0.998804542410295
current fid 0.998804542410295
current fid 0.998804542410295
current fid 0.998804542410295
current fid 0.998804542410295
current fid 0.998804542410295
current fid 0.998804542410295
current fid 0.998804542410295
current fid 0.998804542410295
current fid 0.998804542410295
current fid 0.998804542410295
current fid 0.998804542410295
current fid 0.998804542410295
current fid 0.998804542410295
current fid 0.998804542410295
current fid 0.998804542410295
current fid 0.998804542410295
current fid 0.998804542410295
current fid 0.998804542410295
current fid 0.998804542410295
current fid 0.998804542410295
current fid 0.998804542410295
current fid 0.998804542410295
current fid 0.998804542410295
current fid 0.998804542410295
current fid 0.998804542410295
current fid 0.998804542410295
current fid 0.998804542410295
current fid 0.998804542410295
current fid 0.998804542410295
current fid 0.998804542410295
current fid 0.998804542410295
current fid 0.998804542410295
current fid 0.998804542410295
current fid 0.998804542410295
current fid 0.998804542410295
current fid 0.998804542410295
current fid 0.998804542410295
current fid 0.998804542410295
current fid 0.998804542410295
current fid 0.998804542410295
current fid 0.998804542410295
current fid 0.998804542410295
current fid 0.998804542410295
current fid 0.998804542410295
current fid 0.998804542410295
current fid 0.998804542410295
current fid 0.998804542410295
current fid 0.998804542410295
current fid 0.998804542410295
current fid 0.998804542410295
current fid 0.998804542410295
current fid 0.998804542410295
current fid 0.998804542410295
current fid 0.998804542410295
current fid 0.998804542410295
current fid 0.998804542410295
current fid 0.998804542410295
current fid 0.998804542410295
current fid 0.998804542410295
current fid 0.998804542410295
current fid 0.998804542410295
current fid 0.998804542410295
current fid 0.998804542410295
current fid 0.998804542410295
current fid 0.998804542410295
current fid 0.998804542410295
current fid 0.998804542410295
current fid 0.998804542410295
current fid 0.998804542410295
current fid 0.998804542410295
current fid 0.998804542410295
current fid 0.998804542410295
current fid 0.998804542410295
current fid 0.998804542410295
current fid 0.998804542410295
current fid 0.998804542410295
current fid 0.998804542410295
current fid 0.998804542410295
current fid 0.998804542410295
current fid 0.998804542410295
current fid 0.998804542410295
current fid 0.998804542410295
current fid 0.998804542410295
current fid 0.998804542410295
current fid 0.998804542410295
current fid 0.998804542410295
current fid 0.998804542410295
current fid 0.998804542410295
current fid 0.998804542410295
current fid 0.998804542410295
current fid 0.998804542410295
current fid 0.998804542410295
current fid 0.998804542410295
current fid 0.998804542410295
current fid 0.998804542410295
current fid 0.998804542410295
norb 5
qubits QuantumRegister(10, 'q')
Optimization level  3 OrderedDict([('rz', 71), ('sx', 56), ('cx', 24), ('x', 4)]) 53
two qubit gate depth 13
converged SCF energy = -11.9474738348077
converged SCF energy = -11.9474738348077
CCSD not converged
E(CCSD) = -12.32911317296793  E_corr = -0.3816393381601851
Optimization level  3 OrderedDict([('rz', 2740), ('sx', 1827), ('cx', 1388), ('measure', 20), ('x', 16), ('barrier', 2)]) 602
two qubit gate depth 196
num_alpha 3
num_beta 3

Starting configuration recovery iteration 0
batches [array([[False, False,  True, ..., False, False, False],
       [ True, False, False, ..., False, False, False],
       [ True, False, False, ..., False, False, False],
       ...,
       [False, False,  True, ...,  True,  True, False],
       [False, False, False, ..., False, False, False],
       [False, False,  True, ..., False, False,  True]]), array([[False, False,  True, ..., False,  True, False],
       [False,  True,  True, ..., False,  True,  True],
       [False, False, False, ..., False, False, False],
       ...,
       [False, False, False, ..., False,  True, False],
       [False, False, False, ...,  True, False,  True],
       [ True, False, False, ..., False, False,  True]]), array([[ True, False,  True, ..., False, False,  True],
       [False,  True, False, ..., False, False,  True],
       [False,  True, False, ..., False, False, False],
       ...,
       [ True, False, False, ..., False, False,  True],
       [False,  True,  True, ...,  True, False, False],
       [False,  True, False, ..., False, False, False]]), array([[False, False,  True, ..., False,  True,  True],
       [False, False, False, ..., False, False, False],
       [False, False, False, ..., False, False, False],
       ...,
       [False, False,  True, ..., False,  True,  True],
       [ True,  True, False, ..., False, False, False],
       [False, False,  True, ..., False,  True, False]]), array([[False, False, False, ...,  True, False, False],
       [False, False,  True, ..., False, False, False],
       [False, False,  True, ..., False, False, False],
       ...,
       [ True, False,  True, ..., False, False, False],
       [False, False, False, ..., False, False, False],
       [ True, False, False, ..., False,  True, False]])]
current batch [[False False  True ... False False False]
 [ True False False ... False False False]
 [ True False False ... False False False]
 ...
 [False False  True ...  True  True False]
 [False False False ... False False False]
 [False False  True ... False False  True]]
Batch 0 subspace dimension: 11449
current batch [[False False  True ... False  True False]
 [False  True  True ... False  True  True]
 [False False False ... False False False]
 ...
 [False False False ... False  True False]
 [False False False ...  True False  True]
 [ True False False ... False False  True]]
Batch 1 subspace dimension: 12321
current batch [[ True False  True ... False False  True]
 [False  True False ... False False  True]
 [False  True False ... False False False]
 ...
 [ True False False ... False False  True]
 [False  True  True ...  True False False]
 [False  True False ... False False False]]
Batch 2 subspace dimension: 12996
current batch [[False False  True ... False  True  True]
 [False False False ... False False False]
 [False False False ... False False False]
 ...
 [False False  True ... False  True  True]
 [ True  True False ... False False False]
 [False False  True ... False  True False]]
Batch 3 subspace dimension: 12321
current batch [[False False False ...  True False False]
 [False False  True ... False False False]
 [False False  True ... False False False]
 ...
 [ True False  True ... False False False]
 [False False False ... False False False]
 [ True False False ... False  True False]]
Batch 4 subspace dimension: 12100


Starting configuration recovery iteration 1
batches [array([[False, False,  True, ...,  True, False,  True],
       [False, False,  True, ...,  True, False, False],
       [False, False,  True, ..., False,  True,  True],
       ...,
       [False, False, False, ...,  True, False, False],
       [False, False,  True, ...,  True,  True, False],
       [False, False, False, ...,  True,  True, False]]), array([[ True,  True, False, ...,  True, False,  True],
       [False, False,  True, ...,  True, False,  True],
       [False, False,  True, ...,  True, False,  True],
       ...,
       [False, False, False, ..., False,  True, False],
       [False, False, False, ..., False, False,  True],
       [False, False, False, ..., False,  True, False]]), array([[False, False,  True, ..., False,  True,  True],
       [False, False,  True, ...,  True, False,  True],
       [False, False, False, ..., False, False, False],
       ...,
       [False, False, False, ..., False, False,  True],
       [False, False, False, ...,  True, False,  True],
       [False, False, False, ..., False,  True, False]]), array([[False, False,  True, ...,  True,  True, False],
       [False, False,  True, ...,  True, False, False],
       [False, False, False, ...,  True, False, False],
       ...,
       [False, False,  True, ..., False,  True, False],
       [False, False,  True, ..., False,  True,  True],
       [False, False,  True, ...,  True,  True, False]]), array([[False, False, False, ..., False, False,  True],
       [False, False, False, ...,  True, False,  True],
       [False, False,  True, ..., False, False,  True],
       ...,
       [False, False, False, ..., False,  True, False],
       [False, False,  True, ...,  True, False,  True],
       [False, False,  True, ..., False, False, False]])]
current batch [[False False  True ...  True False  True]
 [False False  True ...  True False False]
 [False False  True ... False  True  True]
 ...
 [False False False ...  True False False]
 [False False  True ...  True  True False]
 [False False False ...  True  True False]]
Batch 0 subspace dimension: 6084
current batch [[ True  True False ...  True False  True]
 [False False  True ...  True False  True]
 [False False  True ...  True False  True]
 ...
 [False False False ... False  True False]
 [False False False ... False False  True]
 [False False False ... False  True False]]
Batch 1 subspace dimension: 5625
current batch [[False False  True ... False  True  True]
 [False False  True ...  True False  True]
 [False False False ... False False False]
 ...
 [False False False ... False False  True]
 [False False False ...  True False  True]
 [False False False ... False  True False]]
Batch 2 subspace dimension: 6724
current batch [[False False  True ...  True  True False]
 [False False  True ...  True False False]
 [False False False ...  True False False]
 ...
 [False False  True ... False  True False]
 [False False  True ... False  True  True]
 [False False  True ...  True  True False]]
Batch 3 subspace dimension: 5776
current batch [[False False False ... False False  True]
 [False False False ...  True False  True]
 [False False  True ... False False  True]
 ...
 [False False False ... False  True False]
 [False False  True ...  True False  True]
 [False False  True ... False False False]]
Batch 4 subspace dimension: 7396


Starting configuration recovery iteration 2
batches [array([[False, False,  True, ...,  True, False,  True],
       [ True, False,  True, ..., False,  True,  True],
       [ True,  True, False, ..., False,  True,  True],
       ...,
       [False, False, False, ..., False,  True,  True],
       [False, False,  True, ..., False, False,  True],
       [ True, False,  True, ...,  True, False, False]]), array([[False, False, False, ...,  True, False,  True],
       [False, False,  True, ..., False,  True,  True],
       [False, False,  True, ..., False, False, False],
       ...,
       [False, False,  True, ..., False,  True, False],
       [False, False, False, ...,  True,  True, False],
       [False, False, False, ...,  True, False,  True]]), array([[False, False, False, ..., False, False, False],
       [False, False,  True, ..., False, False, False],
       [False, False, False, ...,  True,  True,  True],
       ...,
       [False,  True, False, ..., False, False,  True],
       [False, False, False, ..., False,  True, False],
       [False, False, False, ..., False,  True,  True]]), array([[False, False, False, ..., False, False, False],
       [False, False, False, ...,  True,  True, False],
       [False, False,  True, ..., False, False,  True],
       ...,
       [False, False,  True, ...,  True, False,  True],
       [False, False, False, ...,  True, False,  True],
       [False, False,  True, ..., False, False, False]]), array([[False, False, False, ...,  True,  True, False],
       [False, False,  True, ...,  True,  True,  True],
       [False, False,  True, ...,  True,  True, False],
       ...,
       [False, False, False, ...,  True,  True, False],
       [False, False,  True, ..., False,  True, False],
       [False, False,  True, ...,  True,  True, False]])]
current batch [[False False  True ...  True False  True]
 [ True False  True ... False  True  True]
 [ True  True False ... False  True  True]
 ...
 [False False False ... False  True  True]
 [False False  True ... False False  True]
 [ True False  True ...  True False False]]
Batch 0 subspace dimension: 6241
current batch [[False False False ...  True False  True]
 [False False  True ... False  True  True]
 [False False  True ... False False False]
 ...
 [False False  True ... False  True False]
 [False False False ...  True  True False]
 [False False False ...  True False  True]]
Batch 1 subspace dimension: 7744
current batch [[False False False ... False False False]
 [False False  True ... False False False]
 [False False False ...  True  True  True]
 ...
 [False  True False ... False False  True]
 [False False False ... False  True False]
 [False False False ... False  True  True]]
Batch 2 subspace dimension: 6561
current batch [[False False False ... False False False]
 [False False False ...  True  True False]
 [False False  True ... False False  True]
 ...
 [False False  True ...  True False  True]
 [False False False ...  True False  True]
 [False False  True ... False False False]]
Batch 3 subspace dimension: 7056
current batch [[False False False ...  True  True False]
 [False False  True ...  True  True  True]
 [False False  True ...  True  True False]
 ...
 [False False False ...  True  True False]
 [False False  True ... False  True False]
 [False False  True ...  True  True False]]
Batch 4 subspace dimension: 6724


Starting configuration recovery iteration 3
batches [array([[False, False, False, ...,  True, False,  True],
       [False, False, False, ..., False, False,  True],
       [ True, False, False, ...,  True, False,  True],
       ...,
       [False, False,  True, ...,  True,  True, False],
       [False, False,  True, ...,  True, False,  True],
       [False, False,  True, ..., False, False, False]]), array([[False, False,  True, ..., False,  True,  True],
       [False, False, False, ..., False,  True,  True],
       [False, False, False, ...,  True, False, False],
       ...,
       [False, False, False, ..., False,  True, False],
       [False, False,  True, ...,  True, False, False],
       [False, False,  True, ...,  True, False, False]]), array([[False, False, False, ..., False, False, False],
       [False, False,  True, ...,  True,  True, False],
       [False, False,  True, ..., False,  True,  True],
       ...,
       [False, False,  True, ...,  True, False,  True],
       [False, False, False, ..., False,  True,  True],
       [ True, False,  True, ...,  True, False, False]]), array([[ True, False, False, ...,  True,  True, False],
       [False, False,  True, ...,  True, False, False],
       [ True, False,  True, ...,  True,  True, False],
       ...,
       [False, False, False, ...,  True, False, False],
       [False, False,  True, ..., False,  True,  True],
       [False, False, False, ..., False, False, False]]), array([[False, False, False, ..., False,  True,  True],
       [False, False, False, ..., False, False, False],
       [False, False,  True, ..., False, False,  True],
       ...,
       [False, False,  True, ..., False,  True, False],
       [False, False,  True, ...,  True, False,  True],
       [False, False,  True, ..., False,  True, False]])]
current batch [[False False False ...  True False  True]
 [False False False ... False False  True]
 [ True False False ...  True False  True]
 ...
 [False False  True ...  True  True False]
 [False False  True ...  True False  True]
 [False False  True ... False False False]]
Batch 0 subspace dimension: 5776
current batch [[False False  True ... False  True  True]
 [False False False ... False  True  True]
 [False False False ...  True False False]
 ...
 [False False False ... False  True False]
 [False False  True ...  True False False]
 [False False  True ...  True False False]]
Batch 1 subspace dimension: 6724
current batch [[False False False ... False False False]
 [False False  True ...  True  True False]
 [False False  True ... False  True  True]
 ...
 [False False  True ...  True False  True]
 [False False False ... False  True  True]
 [ True False  True ...  True False False]]
Batch 2 subspace dimension: 5929
current batch [[ True False False ...  True  True False]
 [False False  True ...  True False False]
 [ True False  True ...  True  True False]
 ...
 [False False False ...  True False False]
 [False False  True ... False  True  True]
 [False False False ... False False False]]
Batch 3 subspace dimension: 6889
current batch [[False False False ... False  True  True]
 [False False False ... False False False]
 [False False  True ... False False  True]
 ...
 [False False  True ... False  True False]
 [False False  True ...  True False  True]
 [False False  True ... False  True False]]
Batch 4 subspace dimension: 6889


Starting configuration recovery iteration 4
batches [array([[False,  True,  True, ..., False, False,  True],
       [False, False,  True, ...,  True,  True,  True],
       [False,  True,  True, ...,  True, False, False],
       ...,
       [False, False, False, ..., False,  True, False],
       [False, False,  True, ..., False, False,  True],
       [False, False, False, ...,  True,  True, False]]), array([[False,  True, False, ..., False,  True, False],
       [False, False,  True, ...,  True, False,  True],
       [False, False, False, ..., False, False, False],
       ...,
       [False, False, False, ..., False, False, False],
       [False, False, False, ..., False, False,  True],
       [False, False,  True, ..., False, False, False]]), array([[False, False, False, ..., False,  True,  True],
       [False, False,  True, ..., False, False,  True],
       [False, False, False, ...,  True, False,  True],
       ...,
       [ True, False, False, ..., False, False,  True],
       [False, False, False, ..., False,  True, False],
       [False,  True, False, ..., False,  True, False]]), array([[False, False, False, ..., False, False,  True],
       [False, False, False, ..., False,  True, False],
       [False, False,  True, ...,  True,  True, False],
       ...,
       [False, False,  True, ..., False, False, False],
       [False, False, False, ..., False,  True,  True],
       [False,  True, False, ..., False,  True, False]]), array([[False, False, False, ..., False, False,  True],
       [False, False,  True, ...,  True, False,  True],
       [False, False, False, ..., False, False,  True],
       ...,
       [False, False,  True, ..., False,  True, False],
       [False, False, False, ...,  True,  True, False],
       [False, False,  True, ..., False,  True, False]])]
current batch [[False  True  True ... False False  True]
 [False False  True ...  True  True  True]
 [False  True  True ...  True False False]
 ...
 [False False False ... False  True False]
 [False False  True ... False False  True]
 [False False False ...  True  True False]]
Batch 0 subspace dimension: 6241
current batch [[False  True False ... False  True False]
 [False False  True ...  True False  True]
 [False False False ... False False False]
 ...
 [False False False ... False False False]
 [False False False ... False False  True]
 [False False  True ... False False False]]
Batch 1 subspace dimension: 7396
current batch [[False False False ... False  True  True]
 [False False  True ... False False  True]
 [False False False ...  True False  True]
 ...
 [ True False False ... False False  True]
 [False False False ... False  True False]
 [False  True False ... False  True False]]
Batch 2 subspace dimension: 6889
current batch [[False False False ... False False  True]
 [False False False ... False  True False]
 [False False  True ...  True  True False]
 ...
 [False False  True ... False False False]
 [False False False ... False  True  True]
 [False  True False ... False  True False]]
Batch 3 subspace dimension: 7056
current batch [[False False False ... False False  True]
 [False False  True ...  True False  True]
 [False False False ... False False  True]
 ...
 [False False  True ... False  True False]
 [False False False ...  True  True False]
 [False False  True ... False  True False]]
Batch 4 subspace dimension: 6561

las-lucj-sqd energy is -12.522779179209408
