overwrite output file: KD_ls.log
HF energy:  -2649.1455509803927
LASSCF energy:  -2649.1523536694413
CASCI with LAS orbital -2649.1537232704986
current fragment 0
converged SCF energy = -5.35796186544549
converged SCF energy = -5.35796186544549

WARN: RCCSD method does not support ROHF method. ROHF object is converted to UHF object and UCCSD method is called.

E(UCCSD) = -5.361685222636527  E_corr = -0.00372335719104097
nelec (3, 0)
current fid 0.9984900819569131
current fid 0.9984900819571195
current fid 0.99849008195706
current fid 0.9984900819569136
current fid 0.9984900819567514
current fid 0.9984900819567982
current fid 0.9984900819569769
current fid 0.9984900819568883
current fid 0.9984900819568889
current fid 0.998490081956848
current fid 0.9984900819568785
current fid 0.9984900819569038
current fid 0.9984900819568896
current fid 0.9984900819569114
current fid 0.998490081956924
current fid 0.9984900819568729
current fid 0.998490081956904
current fid 0.9984900819569078
current fid 0.9984900819569369
current fid 0.9984900819568965
current fid 0.9984900819569038
current fid 0.99849008195692
current fid 0.9984900819569349
current fid 0.9984900819569127
current fid 0.9984900819568874
current fid 0.9984900819569169
current fid 0.9984900819569131
current fid 0.9984900819569131
current fid 0.9984900819569131
current fid 0.9984900819569131
current fid 0.9984900819569131
current fid 0.9984900819569131
current fid 0.9984900819569131
current fid 0.9984900819569131
current fid 0.9984900819569131
current fid 0.9984900819569131
current fid 0.9984900819569131
current fid 0.9984900819569131
current fid 0.9984900819569131
current fid 0.9984900819569131
current fid 0.9984900819569131
current fid 0.9984900819569131
current fid 0.9984900819569131
current fid 0.9984900819569131
current fid 0.9984900819569131
current fid 0.9984900819569131
current fid 0.9984900819569131
current fid 0.9984900819569131
current fid 0.9984900819569131
current fid 0.9984900819569131
current fid 0.9984900819569131
current fid 0.9984900817642652
current fid 0.9984900819645708
current fid 0.998490081949257
current fid 0.9984900817639244
current fid 0.9984900819569131
current fid 0.9984900819569131
current fid 0.9984900819569131
current fid 0.9984900819569131
current fid 0.9984900819569131
current fid 0.9984900819569131
current fid 0.9984900819572817
current fid 0.9984900819569156
current fid 0.9984900819591479
current fid 0.9984900819567505
current fid 0.9984900819569111
current fid 0.9984900819774625
current fid 0.998490081955216
current fid 0.9984900819585573
current fid 0.9984900819785459
current fid 0.9984900819569118
current fid 0.9984900819569114
current fid 0.9984900819569116
current fid 0.9984900819569082
current fid 0.9984900819569094
current fid 0.9984900819569111
current fid 0.9984900819569116
current fid 0.9984900819569118
current fid 0.9984900819569129
current fid 0.9984900819569129
current fid 0.9984900819569114
current fid 0.9984900819569082
current fid 0.9984900819569116
current fid 0.9984900819569109
current fid 0.9984900819569118
current fid 0.9984900819569116
current fid 0.9984900819569131
current fid 0.9984900819569131
current fid 0.9984900819569131
current fid 0.9984900819569131
current fid 0.9984900819569131
current fid 0.9984900819569131
current fid 0.9984900819569131
current fid 0.9984900819569131
current fid 0.9984900819569131
current fid 0.9984900819569131
current fid 0.9984900819569131
current fid 0.9984900819569131
current fid 0.9984900819569131
current fid 0.9984900819569131
current fid 0.9984900819569131
current fid 0.9984900819569131
current fid 0.9984900819569131
current fid 0.9984900819569131
current fid 0.9984900819569131
current fid 0.9984900819569131
current fid 0.9984900819569131
current fid 0.9984900819569131
current fid 0.9984900819569131
current fid 0.9984900819569131
current fid 0.9984900819569131
current fid 0.8966620895069216
current fid 0.8966620896589543
current fid 0.8966620895152442
current fid 0.8966620894027039
current fid 0.8966620889656813
current fid 0.8966620894803544
current fid 0.8966620902038183
current fid 0.8966620895423657
current fid 0.8966620895142977
current fid 0.8966620899141854
current fid 0.8966620895980804
current fid 0.8966620895137797
current fid 0.8966620893892676
current fid 0.8966620894991709
current fid 0.8966620894699608
current fid 0.8966620893873911
current fid 0.8966620895145879
current fid 0.8966620896309138
current fid 0.8966620898353495
current fid 0.8966620895364408
current fid 0.8966620895016223
current fid 0.8966620895352568
current fid 0.8966620897093256
current fid 0.8966620894922771
current fid 0.8966620893323012
current fid 0.8966620895123619
current fid 0.8966620895069216
current fid 0.8966620895069216
current fid 0.8966620895069216
current fid 0.8966620895069216
current fid 0.8966620895069216
current fid 0.8966620895069216
current fid 0.8966620895069216
current fid 0.8966620895069216
current fid 0.8966620895069216
current fid 0.8966620895069216
current fid 0.8966620895069216
current fid 0.8966620895069216
current fid 0.8966620895069216
current fid 0.8966620895069216
current fid 0.8966620895069216
current fid 0.8966620895069216
current fid 0.8966620895069216
current fid 0.8966620895069216
current fid 0.8966620895069216
current fid 0.8966620895069216
current fid 0.8966620895069216
current fid 0.8966620895069216
current fid 0.8966620895069216
current fid 0.8966620895069216
current fid 0.8966620895069216
current fid 0.8966620907766284
current fid 0.8966620889487243
current fid 0.8966620900651213
current fid 0.8966620910619555
current fid 0.8966620895069216
current fid 0.8966620895069216
current fid 0.8966620895069216
current fid 0.8966620895069216
current fid 0.8966620895069216
current fid 0.8966620895069216
current fid 0.8966620894784317
current fid 0.8966620895065647
current fid 0.8966620894427019
current fid 0.8966620895132692
current fid 0.8966620895074915
current fid 0.8966620888709386
current fid 0.8966620895801592
current fid 0.8966620894470678
current fid 0.8966620882785868
current fid 0.8966620895063895
current fid 0.896662089506863
current fid 0.8966620895060352
current fid 0.8966620895069944
current fid 0.8966620895223988
current fid 0.8966620895066096
current fid 0.896662089503706
current fid 0.896662089507694
current fid 0.8966620896388041
current fid 0.8966620895029843
current fid 0.8966620894948827
current fid 0.8966620895088925
current fid 0.896662089859078
current fid 0.8966620895101969
current fid 0.8966620895074753
current fid 0.8966620895189682
current fid 0.8966620895069216
current fid 0.8966620895069216
current fid 0.8966620895069216
current fid 0.8966620895069216
current fid 0.8966620895069216
current fid 0.8966620895069216
current fid 0.8966620895069216
current fid 0.8966620895069216
current fid 0.8966620895069216
current fid 0.8966620895069216
current fid 0.8966620895069216
current fid 0.8966620895069216
current fid 0.8966620895069216
current fid 0.8966620895069216
current fid 0.8966620895069216
current fid 0.8966620895069216
current fid 0.8966620895069216
current fid 0.8966620895069216
current fid 0.8966620895069216
current fid 0.8966620895069216
current fid 0.8966620895069216
current fid 0.8966620895069216
current fid 0.8966620895069216
current fid 0.8966620895069216
current fid 0.8966620895069216
current fid 0.999853077132742
current fid 0.999853077132775
current fid 0.9998530771317687
current fid 0.9998530771316606
current fid 0.99985307712883
current fid 0.9998530771331919
current fid 0.9998530771384887
current fid 0.9998530771331935
current fid 0.9998530771328838
current fid 0.9998530771366863
current fid 0.9998530771337137
current fid 0.9998530771328401
current fid 0.9998530771317929
current fid 0.9998530771326383
current fid 0.9998530771322539
current fid 0.9998530771319448
current fid 0.9998530771328623
current fid 0.9998530771338776
current fid 0.9998530771354711
current fid 0.999853077133062
current fid 0.9998530771326951
current fid 0.9998530771329068
current fid 0.9998530771343483
current fid 0.9998530771325521
current fid 0.9998530771312844
current fid 0.9998530771327575
current fid 0.999853077132742
current fid 0.999853077132742
current fid 0.999853077132742
current fid 0.999853077132742
current fid 0.999853077132742
current fid 0.999853077132742
current fid 0.999853077132742
current fid 0.999853077132742
current fid 0.999853077132742
current fid 0.999853077132742
current fid 0.999853077132742
current fid 0.999853077132742
current fid 0.999853077132742
current fid 0.999853077132742
current fid 0.999853077132742
current fid 0.999853077132742
current fid 0.999853077132742
current fid 0.999853077132742
current fid 0.999853077132742
current fid 0.999853077132742
current fid 0.999853077132742
current fid 0.999853077132742
current fid 0.999853077132742
current fid 0.999853077132742
current fid 0.999853077132742
current fid 0.9998530770941465
current fid 0.9998530770623949
current fid 0.9998530772030885
current fid 0.9998530771238572
current fid 0.999853077132742
current fid 0.999853077132742
current fid 0.999853077132742
current fid 0.999853077132742
current fid 0.999853077132742
current fid 0.999853077132742
current fid 0.9998530771302079
current fid 0.9998530771327069
current fid 0.9998530771199275
current fid 0.9998530771336915
current fid 0.9998530771327491
current fid 0.9998530770206692
current fid 0.9998530771428455
current fid 0.999853077123586
current fid 0.9998530769723427
current fid 0.9998530771327337
current fid 0.9998530771327406
current fid 0.9998530771327431
current fid 0.999853077132744
current fid 0.9998530771328572
current fid 0.9998530771327528
current fid 0.9998530771327429
current fid 0.9998530771327513
current fid 0.9998530771347621
current fid 0.9998530771322042
current fid 0.9998530771326247
current fid 0.9998530771328035
current fid 0.9998530771711861
current fid 0.9998530771327409
current fid 0.9998530771327462
current fid 0.9998530771328572
current fid 0.999853077132742
current fid 0.999853077132742
current fid 0.999853077132742
current fid 0.999853077132742
current fid 0.999853077132742
current fid 0.999853077132742
current fid 0.999853077132742
current fid 0.999853077132742
current fid 0.999853077132742
current fid 0.999853077132742
current fid 0.999853077132742
current fid 0.999853077132742
current fid 0.999853077132742
current fid 0.999853077132742
current fid 0.999853077132742
current fid 0.999853077132742
current fid 0.999853077132742
current fid 0.999853077132742
current fid 0.999853077132742
current fid 0.999853077132742
current fid 0.999853077132742
current fid 0.999853077132742
current fid 0.999853077132742
current fid 0.999853077132742
current fid 0.999853077132742
current fid 0.9982320348035951
current fid 0.9982320347886705
current fid 0.9982320348009176
current fid 0.998232034812129
current fid 0.9982320348382815
current fid 0.9982320348019104
current fid 0.998232034771109
current fid 0.9982320347955136
current fid 0.9982320347998577
current fid 0.9982320347883916
current fid 0.9982320347932229
current fid 0.9982320348026312
current fid 0.9982320348090449
current fid 0.9982320348059678
current fid 0.9982320348054933
current fid 0.9982320348090431
current fid 0.9982320348022081
current fid 0.9982320347994994
current fid 0.9982320347788217
current fid 0.9982320348020072
current fid 0.9982320348015694
current fid 0.9982320348023308
current fid 0.9982320347983885
current fid 0.9982320348053251
current fid 0.9982320348107837
current fid 0.9982320348062378
current fid 0.9982320348035951
current fid 0.9982320348035951
current fid 0.9982320348035951
current fid 0.9982320348035951
current fid 0.9982320348035951
current fid 0.9982320348035951
current fid 0.9982320348035951
current fid 0.9982320348035951
current fid 0.9982320348035951
current fid 0.9982320348035951
current fid 0.9982320348035951
current fid 0.9982320348035951
current fid 0.9982320348035951
current fid 0.9982320348035951
current fid 0.9982320348035951
current fid 0.9982320348035951
current fid 0.9982320348035951
current fid 0.9982320348035951
current fid 0.9982320348035951
current fid 0.9982320348035951
current fid 0.9982320348035951
current fid 0.9982320348035951
current fid 0.9982320348035951
current fid 0.9982320348035951
current fid 0.9982320348035951
current fid 0.9982320350021511
current fid 0.9982320351591972
current fid 0.9982320344479904
current fid 0.9982320347312087
current fid 0.9982320348035951
current fid 0.9982320348035951
current fid 0.9982320348035951
current fid 0.9982320348035951
current fid 0.9982320348035951
current fid 0.9982320348035951
current fid 0.9982320347995588
current fid 0.9982320348035492
current fid 0.9982320348318495
current fid 0.9982320348011153
current fid 0.9982320348036716
current fid 0.9982320350244446
current fid 0.9982320347746818
current fid 0.9982320348253445
current fid 0.9982320354601787
current fid 0.9982320348035189
current fid 0.9982320348035962
current fid 0.9982320348036113
current fid 0.9982320348036076
current fid 0.9982320348035489
current fid 0.9982320348032533
current fid 0.9982320348036765
current fid 0.9982320348037367
current fid 0.9982320347869259
current fid 0.9982320348085807
current fid 0.9982320348021559
current fid 0.9982320348031531
current fid 0.9982320344547934
current fid 0.9982320348035129
current fid 0.9982320348036914
current fid 0.9982320348050353
current fid 0.9982320348035951
current fid 0.9982320348035951
current fid 0.9982320348035951
current fid 0.9982320348035951
current fid 0.9982320348035951
current fid 0.9982320348035951
current fid 0.9982320348035951
current fid 0.9982320348035951
current fid 0.9982320348035951
current fid 0.9982320348035951
current fid 0.9982320348035951
current fid 0.9982320348035951
current fid 0.9982320348035951
current fid 0.9982320348035951
current fid 0.9982320348035951
current fid 0.9982320348035951
current fid 0.9982320348035951
current fid 0.9982320348035951
current fid 0.9982320348035951
current fid 0.9982320348035951
current fid 0.9982320348035951
current fid 0.9982320348035951
current fid 0.9982320348035951
current fid 0.9982320348035951
current fid 0.9982320348035951
current fid 0.9999719389705419
current fid 0.9999719389683277
current fid 0.999971938969344
current fid 0.9999719389708364
current fid 0.9999719389720421
current fid 0.9999719389706394
current fid 0.9999719389709081
current fid 0.9999719389698392
current fid 0.9999719389701791
current fid 0.9999719389719415
current fid 0.9999719389698776
current fid 0.9999719389705217
current fid 0.9999719389706161
current fid 0.9999719389706203
current fid 0.999971938970531
current fid 0.9999719389705961
current fid 0.9999719389704287
current fid 0.9999719389706805
current fid 0.9999719389700266
current fid 0.999971938970285
current fid 0.9999719389705126
current fid 0.9999719389702657
current fid 0.9999719389712267
current fid 0.9999719389706481
current fid 0.9999719389705517
current fid 0.9999719389706043
current fid 0.9999719389705419
current fid 0.9999719389705419
current fid 0.9999719389705419
current fid 0.9999719389705419
current fid 0.9999719389705419
current fid 0.9999719389705419
current fid 0.9999719389705419
current fid 0.9999719389705419
current fid 0.9999719389705419
current fid 0.9999719389705419
current fid 0.9999719389705419
current fid 0.9999719389705419
current fid 0.9999719389705419
current fid 0.9999719389705419
current fid 0.9999719389705419
current fid 0.9999719389705419
current fid 0.9999719389705419
current fid 0.9999719389705419
current fid 0.9999719389705419
current fid 0.9999719389705419
current fid 0.9999719389705419
current fid 0.9999719389705419
current fid 0.9999719389705419
current fid 0.9999719389705419
current fid 0.9999719389705419
current fid 0.9999719389814751
current fid 0.9999719389885013
current fid 0.9999719389525821
current fid 0.9999719389491654
current fid 0.9999719389705419
current fid 0.9999719389705419
current fid 0.9999719389705419
current fid 0.9999719389705419
current fid 0.9999719389705419
current fid 0.9999719389705419
current fid 0.9999719389677005
current fid 0.9999719389705024
current fid 0.9999719389665033
current fid 0.9999719389707757
current fid 0.9999719389705402
current fid 0.9999719389295684
current fid 0.9999719389725004
current fid 0.9999719389678844
current fid 0.9999719389799021
current fid 0.999971938970541
current fid 0.9999719389705404
current fid 0.999971938970541
current fid 0.9999719389705408
current fid 0.9999719389707777
current fid 0.9999719389704973
current fid 0.9999719389705388
current fid 0.9999719389705408
current fid 0.9999719389699064
current fid 0.9999719389711372
current fid 0.9999719389705481
current fid 0.9999719389705244
current fid 0.9999719389290785
current fid 0.9999719389705422
current fid 0.9999719389705419
current fid 0.999971938970537
current fid 0.9999719389705419
current fid 0.9999719389705419
current fid 0.9999719389705419
current fid 0.9999719389705419
current fid 0.9999719389705419
current fid 0.9999719389705419
current fid 0.9999719389705419
current fid 0.9999719389705419
current fid 0.9999719389705419
current fid 0.9999719389705419
current fid 0.9999719389705419
current fid 0.9999719389705419
current fid 0.9999719389705419
current fid 0.9999719389705419
current fid 0.9999719389705419
current fid 0.9999719389705419
current fid 0.9999719389705419
current fid 0.9999719389705419
current fid 0.9999719389705419
current fid 0.9999719389705419
current fid 0.9999719389705419
current fid 0.9999719389705419
current fid 0.9999719389705419
current fid 0.9999719389705419
current fid 0.9999719389705419
current fid 0.9999817434602564
current fid 0.9999817434587343
current fid 0.9999817434590509
current fid 0.9999817434600758
current fid 0.9999817434608798
current fid 0.9999817434610927
current fid 0.9999817434604569
current fid 0.9999817434604342
current fid 0.9999817434604173
current fid 0.9999817434612035
current fid 0.9999817434605586
current fid 0.9999817434602997
current fid 0.999981743460289
current fid 0.9999817434601949
current fid 0.9999817434600834
current fid 0.9999817434604087
current fid 0.9999817434602877
current fid 0.9999817434604029
current fid 0.9999817434604031
current fid 0.9999817434603601
current fid 0.9999817434602759
current fid 0.9999817434602069
current fid 0.9999817434602803
current fid 0.9999817434602108
current fid 0.9999817434602222
current fid 0.9999817434601957
current fid 0.9999817434602564
current fid 0.9999817434602564
current fid 0.9999817434602564
current fid 0.9999817434602564
current fid 0.9999817434602564
current fid 0.9999817434602564
current fid 0.9999817434602564
current fid 0.9999817434602564
current fid 0.9999817434602564
current fid 0.9999817434602564
current fid 0.9999817434602564
current fid 0.9999817434602564
current fid 0.9999817434602564
current fid 0.9999817434602564
current fid 0.9999817434602564
current fid 0.9999817434602564
current fid 0.9999817434602564
current fid 0.9999817434602564
current fid 0.9999817434602564
current fid 0.9999817434602564
current fid 0.9999817434602564
current fid 0.9999817434602564
current fid 0.9999817434602564
current fid 0.9999817434602564
current fid 0.9999817434602564
current fid 0.9999817434592643
current fid 0.9999817434597008
current fid 0.9999817434608118
current fid 0.9999817434615337
current fid 0.9999817434602564
current fid 0.9999817434602564
current fid 0.9999817434602564
current fid 0.9999817434602564
current fid 0.9999817434602564
current fid 0.9999817434602564
current fid 0.9999817434573276
current fid 0.9999817434602151
current fid 0.999981743460757
current fid 0.9999817434602515
current fid 0.999981743460255
current fid 0.9999817434633065
current fid 0.9999817434603925
current fid 0.9999817434601869
current fid 0.9999817434581727
current fid 0.9999817434602546
current fid 0.9999817434602575
current fid 0.9999817434602588
current fid 0.9999817434602557
current fid 0.9999817434599364
current fid 0.9999817434602561
current fid 0.9999817434602577
current fid 0.9999817434602561
current fid 0.9999817434585182
current fid 0.9999817434602775
current fid 0.9999817434602557
current fid 0.9999817434602244
current fid 0.9999817434597408
current fid 0.9999817434602573
current fid 0.9999817434602559
current fid 0.9999817434602584
current fid 0.9999817434602564
current fid 0.9999817434602564
current fid 0.9999817434602564
current fid 0.9999817434602564
current fid 0.9999817434602564
current fid 0.9999817434602564
current fid 0.9999817434602564
current fid 0.9999817434602564
current fid 0.9999817434602564
current fid 0.9999817434602564
current fid 0.9999817434602564
current fid 0.9999817434602564
current fid 0.9999817434602564
current fid 0.9999817434602564
current fid 0.9999817434602564
current fid 0.9999817434602564
current fid 0.9999817434602564
current fid 0.9999817434602564
current fid 0.9999817434602564
current fid 0.9999817434602564
current fid 0.9999817434602564
current fid 0.9999817434602564
current fid 0.9999817434602564
current fid 0.9999817434602564
current fid 0.9999817434602564
current fid 0.9999818434177841
current fid 0.999981843416231
current fid 0.9999818434165799
current fid 0.999981843417634
current fid 0.9999818434184247
current fid 0.9999818434185619
current fid 0.9999818434180632
current fid 0.9999818434179182
current fid 0.9999818434179006
current fid 0.9999818434187984
current fid 0.9999818434180312
current fid 0.9999818434178289
current fid 0.9999818434178134
current fid 0.9999818434177346
current fid 0.9999818434176193
current fid 0.9999818434179157
current fid 0.9999818434178096
current fid 0.9999818434179419
current fid 0.9999818434179166
current fid 0.9999818434178691
current fid 0.9999818434178043
current fid 0.9999818434177203
current fid 0.9999818434178709
current fid 0.999981843417749
current fid 0.9999818434177401
current fid 0.9999818434177312
current fid 0.9999818434177841
current fid 0.9999818434177841
current fid 0.9999818434177841
current fid 0.9999818434177841
current fid 0.9999818434177841
current fid 0.9999818434177841
current fid 0.9999818434177841
current fid 0.9999818434177841
current fid 0.9999818434177841
current fid 0.9999818434177841
current fid 0.9999818434177841
current fid 0.9999818434177841
current fid 0.9999818434177841
current fid 0.9999818434177841
current fid 0.9999818434177841
current fid 0.9999818434177841
current fid 0.9999818434177841
current fid 0.9999818434177841
current fid 0.9999818434177841
current fid 0.9999818434177841
current fid 0.9999818434177841
current fid 0.9999818434177841
current fid 0.9999818434177841
current fid 0.9999818434177841
current fid 0.9999818434177841
current fid 0.9999818434177274
current fid 0.9999818434177572
current fid 0.9999818434178096
current fid 0.9999818434178884
current fid 0.9999818434177841
current fid 0.9999818434177841
current fid 0.9999818434177841
current fid 0.9999818434177841
current fid 0.9999818434177841
current fid 0.9999818434177841
current fid 0.9999818434148614
current fid 0.9999818434177452
current fid 0.999981843417852
current fid 0.9999818434177905
current fid 0.9999818434177852
current fid 0.9999818434180892
current fid 0.999981843417812
current fid 0.9999818434177539
current fid 0.9999818434176198
current fid 0.999981843417783
current fid 0.9999818434177847
current fid 0.9999818434177894
current fid 0.9999818434177863
current fid 0.9999818434177439
current fid 0.9999818434177843
current fid 0.9999818434177858
current fid 0.9999818434177834
current fid 0.999981843417715
current fid 0.9999818434177812
current fid 0.9999818434177858
current fid 0.9999818434177796
current fid 0.9999818434176946
current fid 0.9999818434177854
current fid 0.9999818434177834
current fid 0.9999818434177856
current fid 0.9999818434177841
current fid 0.9999818434177841
current fid 0.9999818434177841
current fid 0.9999818434177841
current fid 0.9999818434177841
current fid 0.9999818434177841
current fid 0.9999818434177841
current fid 0.9999818434177841
current fid 0.9999818434177841
current fid 0.9999818434177841
current fid 0.9999818434177841
current fid 0.9999818434177841
current fid 0.9999818434177841
current fid 0.9999818434177841
current fid 0.9999818434177841
current fid 0.9999818434177841
current fid 0.9999818434177841
current fid 0.9999818434177841
current fid 0.9999818434177841
current fid 0.9999818434177841
current fid 0.9999818434177841
current fid 0.9999818434177841
current fid 0.9999818434177841
current fid 0.9999818434177841
current fid 0.9999818434177841
current fid 0.9999819826475046
current fid 0.9999819826459327
current fid 0.9999819826463027
current fid 0.9999819826473834
current fid 0.9999819826481465
current fid 0.9999819826482376
current fid 0.9999819826478599
current fid 0.9999819826476016
current fid 0.9999819826475825
current fid 0.9999819826485793
current fid 0.9999819826476996
current fid 0.9999819826475499
current fid 0.9999819826475255
current fid 0.9999819826474713
current fid 0.9999819826473485
current fid 0.9999819826476305
current fid 0.9999819826475235
current fid 0.99998198264767
current fid 0.9999819826476323
current fid 0.9999819826475821
current fid 0.9999819826475235
current fid 0.9999819826474255
current fid 0.9999819826476569
current fid 0.9999819826474864
current fid 0.9999819826474506
current fid 0.9999819826474622
current fid 0.9999819826475046
current fid 0.9999819826475046
current fid 0.9999819826475046
current fid 0.9999819826475046
current fid 0.9999819826475046
current fid 0.9999819826475046
current fid 0.9999819826475046
current fid 0.9999819826475046
current fid 0.9999819826475046
current fid 0.9999819826475046
current fid 0.9999819826475046
current fid 0.9999819826475046
current fid 0.9999819826475046
current fid 0.9999819826475046
current fid 0.9999819826475046
current fid 0.9999819826475046
current fid 0.9999819826475046
current fid 0.9999819826475046
current fid 0.9999819826475046
current fid 0.9999819826475046
current fid 0.9999819826475046
current fid 0.9999819826475046
current fid 0.9999819826475046
current fid 0.9999819826475046
current fid 0.9999819826475046
current fid 0.9999819826482591
current fid 0.9999819826478881
current fid 0.9999819826471205
current fid 0.9999819826465793
current fid 0.9999819826475046
current fid 0.9999819826475046
current fid 0.9999819826475046
current fid 0.9999819826475046
current fid 0.9999819826475046
current fid 0.9999819826475046
current fid 0.9999819826446003
current fid 0.999981982647468
current fid 0.9999819826471444
current fid 0.9999819826475121
current fid 0.9999819826475053
current fid 0.9999819826453243
current fid 0.9999819826473856
current fid 0.9999819826475568
current fid 0.9999819826492128
current fid 0.9999819826475073
current fid 0.9999819826475079
current fid 0.9999819826475066
current fid 0.9999819826475066
current fid 0.9999819826477564
current fid 0.9999819826475073
current fid 0.999981982647505
current fid 0.999981982647509
current fid 0.9999819826489483
current fid 0.999981982647474
current fid 0.9999819826475077
current fid 0.9999819826475281
current fid 0.9999819826481303
current fid 0.9999819826475097
current fid 0.9999819826475073
current fid 0.9999819826475084
current fid 0.9999819826475046
current fid 0.9999819826475046
current fid 0.9999819826475046
current fid 0.9999819826475046
current fid 0.9999819826475046
current fid 0.9999819826475046
current fid 0.9999819826475046
current fid 0.9999819826475046
current fid 0.9999819826475046
current fid 0.9999819826475046
current fid 0.9999819826475046
current fid 0.9999819826475046
current fid 0.9999819826475046
current fid 0.9999819826475046
current fid 0.9999819826475046
current fid 0.9999819826475046
current fid 0.9999819826475046
current fid 0.9999819826475046
current fid 0.9999819826475046
current fid 0.9999819826475046
current fid 0.9999819826475046
current fid 0.9999819826475046
current fid 0.9999819826475046
current fid 0.9999819826475046
current fid 0.9999819826475046
current fid 0.9999823750331291
current fid 0.9999823750315293
current fid 0.9999823750319337
current fid 0.9999823750330483
current fid 0.9999823750337642
current fid 0.9999823750337624
current fid 0.9999823750335981
current fid 0.9999823750331576
current fid 0.9999823750331329
current fid 0.9999823750342849
current fid 0.999982375033232
current fid 0.9999823750331625
current fid 0.9999823750331387
current fid 0.9999823750331054
current fid 0.9999823750329822
current fid 0.9999823750332129
current fid 0.9999823750331382
current fid 0.9999823750333114
current fid 0.9999823750332322
current fid 0.999982375033176
current fid 0.9999823750331374
current fid 0.9999823750330155
current fid 0.9999823750333698
current fid 0.9999823750331231
current fid 0.9999823750330483
current fid 0.999982375033099
current fid 0.9999823750331291
current fid 0.9999823750331291
current fid 0.9999823750331291
current fid 0.9999823750331291
current fid 0.9999823750331291
current fid 0.9999823750331291
current fid 0.9999823750331291
current fid 0.9999823750331291
current fid 0.9999823750331291
current fid 0.9999823750331291
current fid 0.9999823750331291
current fid 0.9999823750331291
current fid 0.9999823750331291
current fid 0.9999823750331291
current fid 0.9999823750331291
current fid 0.9999823750331291
current fid 0.9999823750331291
current fid 0.9999823750331291
current fid 0.9999823750331291
current fid 0.9999823750331291
current fid 0.9999823750331291
current fid 0.9999823750331291
current fid 0.9999823750331291
current fid 0.9999823750331291
current fid 0.9999823750331291
current fid 0.9999823750352668
current fid 0.9999823750342265
current fid 0.9999823750320329
current fid 0.999982375030432
current fid 0.9999823750331291
current fid 0.9999823750331291
current fid 0.9999823750331291
current fid 0.9999823750331291
current fid 0.9999823750331291
current fid 0.9999823750331291
current fid 0.9999823750302741
current fid 0.9999823750330925
current fid 0.9999823750319934
current fid 0.9999823750331318
current fid 0.9999823750331298
current fid 0.9999823750266205
current fid 0.9999823750327184
current fid 0.9999823750333405
current fid 0.999982375038085
current fid 0.9999823750331309
current fid 0.9999823750331323
current fid 0.9999823750331323
current fid 0.9999823750331325
current fid 0.9999823750338597
current fid 0.9999823750331256
current fid 0.9999823750331269
current fid 0.9999823750331316
current fid 0.9999823750370695
current fid 0.999982375033039
current fid 0.9999823750331265
current fid 0.9999823750331822
current fid 0.9999823750349974
current fid 0.9999823750331329
current fid 0.9999823750331309
current fid 0.999982375033134
current fid 0.9999823750331291
current fid 0.9999823750331291
current fid 0.9999823750331291
current fid 0.9999823750331291
current fid 0.9999823750331291
current fid 0.9999823750331291
current fid 0.9999823750331291
current fid 0.9999823750331291
current fid 0.9999823750331291
current fid 0.9999823750331291
current fid 0.9999823750331291
current fid 0.9999823750331291
current fid 0.9999823750331291
current fid 0.9999823750331291
current fid 0.9999823750331291
current fid 0.9999823750331291
current fid 0.9999823750331291
current fid 0.9999823750331291
current fid 0.9999823750331291
current fid 0.9999823750331291
current fid 0.9999823750331291
current fid 0.9999823750331291
current fid 0.9999823750331291
current fid 0.9999823750331291
current fid 0.9999823750331291
current fid 0.9999833392498357
current fid 0.9999833392482252
current fid 0.9999833392486818
current fid 0.9999833392498269
current fid 0.9999833392504521
current fid 0.999983339250312
current fid 0.9999833392504703
current fid 0.9999833392497602
current fid 0.9999833392497247
current fid 0.9999833392510978
current fid 0.9999833392497927
current fid 0.9999833392498577
current fid 0.9999833392498195
current fid 0.9999833392498348
current fid 0.9999833392496994
current fid 0.9999833392498586
current fid 0.9999833392498215
current fid 0.9999833392500331
current fid 0.9999833392498908
current fid 0.9999833392498457
current fid 0.9999833392498286
current fid 0.9999833392496785
current fid 0.9999833392502137
current fid 0.9999833392498533
current fid 0.9999833392497247
current fid 0.9999833392498246
current fid 0.9999833392498357
current fid 0.9999833392498357
current fid 0.9999833392498357
current fid 0.9999833392498357
current fid 0.9999833392498357
current fid 0.9999833392498357
current fid 0.9999833392498357
current fid 0.9999833392498357
current fid 0.9999833392498357
current fid 0.9999833392498357
current fid 0.9999833392498357
current fid 0.9999833392498357
current fid 0.9999833392498357
current fid 0.9999833392498357
current fid 0.9999833392498357
current fid 0.9999833392498357
current fid 0.9999833392498357
current fid 0.9999833392498357
current fid 0.9999833392498357
current fid 0.9999833392498357
current fid 0.9999833392498357
current fid 0.9999833392498357
current fid 0.9999833392498357
current fid 0.9999833392498357
current fid 0.9999833392498357
current fid 0.9999833392540266
current fid 0.9999833392520069
current fid 0.9999833392476655
current fid 0.9999833392445105
current fid 0.9999833392498357
current fid 0.9999833392498357
current fid 0.9999833392498357
current fid 0.9999833392498357
current fid 0.9999833392498357
current fid 0.9999833392498357
current fid 0.9999833392471124
current fid 0.9999833392498029
current fid 0.9999833392475658
current fid 0.9999833392498482
current fid 0.9999833392498342
current fid 0.9999833392369122
current fid 0.9999833392490097
current fid 0.9999833392502967
current fid 0.9999833392596189
current fid 0.9999833392498364
current fid 0.9999833392498362
current fid 0.9999833392498326
current fid 0.9999833392498384
current fid 0.9999833392513006
current fid 0.9999833392498346
current fid 0.9999833392498257
current fid 0.9999833392498348
current fid 0.9999833392574576
current fid 0.999983339249663
current fid 0.9999833392498257
current fid 0.9999833392499481
current fid 0.999983339253523
current fid 0.9999833392498451
current fid 0.9999833392498348
current fid 0.9999833392498448
current fid 0.9999833392498357
current fid 0.9999833392498357
current fid 0.9999833392498357
current fid 0.9999833392498357
current fid 0.9999833392498357
current fid 0.9999833392498357
current fid 0.9999833392498357
current fid 0.9999833392498357
current fid 0.9999833392498357
current fid 0.9999833392498357
current fid 0.9999833392498357
current fid 0.9999833392498357
current fid 0.9999833392498357
current fid 0.9999833392498357
current fid 0.9999833392498357
current fid 0.9999833392498357
current fid 0.9999833392498357
current fid 0.9999833392498357
current fid 0.9999833392498357
current fid 0.9999833392498357
current fid 0.9999833392498357
current fid 0.9999833392498357
current fid 0.9999833392498357
current fid 0.9999833392498357
current fid 0.9999833392498357
current fid 0.9999856095127417
current fid 0.9999856095112067
current fid 0.9999856095117126
current fid 0.9999856095128372
current fid 0.9999856095133046
current fid 0.9999856095129736
current fid 0.9999856095135846
current fid 0.9999856095125192
current fid 0.9999856095124673
current fid 0.9999856095140855
current fid 0.9999856095124906
current fid 0.9999856095127508
current fid 0.9999856095126947
current fid 0.9999856095127855
current fid 0.9999856095126292
current fid 0.9999856095126696
current fid 0.999985609512696
current fid 0.9999856095129576
current fid 0.9999856095127231
current fid 0.9999856095127004
current fid 0.9999856095127062
current fid 0.9999856095125279
current fid 0.9999856095133113
current fid 0.9999856095127988
current fid 0.999985609512587
current fid 0.9999856095127586
current fid 0.9999856095127417
current fid 0.9999856095127417
current fid 0.9999856095127417
current fid 0.9999856095127417
current fid 0.9999856095127417
current fid 0.9999856095127417
current fid 0.9999856095127417
current fid 0.9999856095127417
current fid 0.9999856095127417
current fid 0.9999856095127417
current fid 0.9999856095127417
current fid 0.9999856095127417
current fid 0.9999856095127417
current fid 0.9999856095127417
current fid 0.9999856095127417
current fid 0.9999856095127417
current fid 0.9999856095127417
current fid 0.9999856095127417
current fid 0.9999856095127417
current fid 0.9999856095127417
current fid 0.9999856095127417
current fid 0.9999856095127417
current fid 0.9999856095127417
current fid 0.9999856095127417
current fid 0.9999856095127417
current fid 0.9999856095197491
current fid 0.999985609516433
current fid 0.9999856095090527
current fid 0.9999856095038326
current fid 0.9999856095127417
current fid 0.9999856095127417
current fid 0.9999856095127417
current fid 0.9999856095127417
current fid 0.9999856095127417
current fid 0.9999856095127417
current fid 0.9999856095103627
current fid 0.99998560951273
current fid 0.9999856095089457
current fid 0.999985609512775
current fid 0.9999856095127406
current fid 0.9999856094910607
current fid 0.9999856095113686
current fid 0.9999856095135407
current fid 0.999985609529041
current fid 0.9999856095127417
current fid 0.9999856095127411
current fid 0.9999856095127364
current fid 0.999985609512744
current fid 0.9999856095151958
current fid 0.9999856095127513
current fid 0.9999856095127124
current fid 0.9999856095127404
current fid 0.9999856095253216
current fid 0.9999856095124788
current fid 0.9999856095127131
current fid 0.9999856095129376
current fid 0.9999856095187089
current fid 0.9999856095127702
current fid 0.9999856095127386
current fid 0.9999856095127715
current fid 0.9999856095127417
current fid 0.9999856095127417
current fid 0.9999856095127417
current fid 0.9999856095127417
current fid 0.9999856095127417
current fid 0.9999856095127417
current fid 0.9999856095127417
current fid 0.9999856095127417
current fid 0.9999856095127417
current fid 0.9999856095127417
current fid 0.9999856095127417
current fid 0.9999856095127417
current fid 0.9999856095127417
current fid 0.9999856095127417
current fid 0.9999856095127417
current fid 0.9999856095127417
current fid 0.9999856095127417
current fid 0.9999856095127417
current fid 0.9999856095127417
current fid 0.9999856095127417
current fid 0.9999856095127417
current fid 0.9999856095127417
current fid 0.9999856095127417
current fid 0.9999856095127417
current fid 0.9999856095127417
current fid 0.999989956743823
current fid 0.9999899567425651
current fid 0.9999899567430773
current fid 0.9999899567440232
current fid 0.999989956744265
current fid 0.9999899567437337
current fid 0.9999899567448042
current fid 0.9999899567434379
current fid 0.9999899567433769
current fid 0.9999899567450811
current fid 0.999989956743358
current fid 0.9999899567438092
current fid 0.9999899567437541
current fid 0.999989956743924
current fid 0.9999899567437388
current fid 0.9999899567436393
current fid 0.9999899567437339
current fid 0.9999899567440379
current fid 0.9999899567436873
current fid 0.9999899567437497
current fid 0.9999899567437492
current fid 0.9999899567435925
current fid 0.9999899567445368
current fid 0.999989956743932
current fid 0.9999899567436469
current fid 0.9999899567438925
current fid 0.999989956743823
current fid 0.999989956743823
current fid 0.999989956743823
current fid 0.999989956743823
current fid 0.999989956743823
current fid 0.999989956743823
current fid 0.999989956743823
current fid 0.999989956743823
current fid 0.999989956743823
current fid 0.999989956743823
current fid 0.999989956743823
current fid 0.999989956743823
current fid 0.999989956743823
current fid 0.999989956743823
current fid 0.999989956743823
current fid 0.999989956743823
current fid 0.999989956743823
current fid 0.999989956743823
current fid 0.999989956743823
current fid 0.999989956743823
current fid 0.999989956743823
current fid 0.999989956743823
current fid 0.999989956743823
current fid 0.999989956743823
current fid 0.999989956743823
current fid 0.9999899567533909
current fid 0.9999899567489953
current fid 0.9999899567386563
current fid 0.9999899567317925
current fid 0.999989956743823
current fid 0.999989956743823
current fid 0.999989956743823
current fid 0.999989956743823
current fid 0.999989956743823
current fid 0.999989956743823
current fid 0.9999899567421578
current fid 0.9999899567438525
current fid 0.9999899567386823
current fid 0.9999899567438678
current fid 0.9999899567438214
current fid 0.9999899567144716
current fid 0.9999899567420363
current fid 0.9999899567448208
current fid 0.9999899567656374
current fid 0.999989956743821
current fid 0.9999899567438234
current fid 0.9999899567438174
current fid 0.9999899567438361
current fid 0.9999899567471221
current fid 0.9999899567438647
current fid 0.9999899567437563
current fid 0.999989956743823
current fid 0.9999899567606224
current fid 0.9999899567434704
current fid 0.9999899567437546
current fid 0.9999899567440852
current fid 0.9999899567512024
current fid 0.9999899567438902
current fid 0.9999899567438216
current fid 0.9999899567438905
current fid 0.999989956743823
current fid 0.999989956743823
current fid 0.999989956743823
current fid 0.999989956743823
current fid 0.999989956743823
current fid 0.999989956743823
current fid 0.999989956743823
current fid 0.999989956743823
current fid 0.999989956743823
current fid 0.999989956743823
current fid 0.999989956743823
current fid 0.999989956743823
current fid 0.999989956743823
current fid 0.999989956743823
current fid 0.999989956743823
current fid 0.999989956743823
current fid 0.999989956743823
current fid 0.999989956743823
current fid 0.999989956743823
current fid 0.999989956743823
current fid 0.999989956743823
current fid 0.999989956743823
current fid 0.999989956743823
current fid 0.999989956743823
current fid 0.999989956743823
current fid 0.9999956320195672
current fid 0.999995632018884
current fid 0.9999956320192803
current fid 0.9999956320198159
current fid 0.9999956320198237
current fid 0.9999956320192623
current fid 0.9999956320203697
current fid 0.9999956320191509
current fid 0.999995632019086
current fid 0.9999956320203919
current fid 0.9999956320190587
current fid 0.9999956320195426
current fid 0.9999956320195068
current fid 0.9999956320197069
current fid 0.9999956320195013
current fid 0.9999956320193052
current fid 0.9999956320194442
current fid 0.9999956320197224
current fid 0.9999956320193187
current fid 0.999995632019517
current fid 0.9999956320194655
current fid 0.9999956320193958
current fid 0.9999956320202127
current fid 0.9999956320197078
current fid 0.9999956320194184
current fid 0.9999956320196798
current fid 0.9999956320195672
current fid 0.9999956320195672
current fid 0.9999956320195672
current fid 0.9999956320195672
current fid 0.9999956320195672
current fid 0.9999956320195672
current fid 0.9999956320195672
current fid 0.9999956320195672
current fid 0.9999956320195672
current fid 0.9999956320195672
current fid 0.9999956320195672
current fid 0.9999956320195672
current fid 0.9999956320195672
current fid 0.9999956320195672
current fid 0.9999956320195672
current fid 0.9999956320195672
current fid 0.9999956320195672
current fid 0.9999956320195672
current fid 0.9999956320195672
current fid 0.9999956320195672
current fid 0.9999956320195672
current fid 0.9999956320195672
current fid 0.9999956320195672
current fid 0.9999956320195672
current fid 0.9999956320195672
current fid 0.9999956320288023
current fid 0.9999956320249416
current fid 0.9999956320142086
current fid 0.9999956320082483
current fid 0.9999956320195672
current fid 0.9999956320195672
current fid 0.9999956320195672
current fid 0.9999956320195672
current fid 0.9999956320195672
current fid 0.9999956320195672
current fid 0.9999956320189408
current fid 0.9999956320196511
current fid 0.9999956320149422
current fid 0.9999956320196456
current fid 0.9999956320195603
current fid 0.9999956319916851
current fid 0.9999956320179967
current fid 0.9999956320205571
current fid 0.9999956320397143
current fid 0.9999956320195654
current fid 0.9999956320195657
current fid 0.9999956320195599
current fid 0.9999956320195945
current fid 0.9999956320225071
current fid 0.9999956320194671
current fid 0.9999956320194511
current fid 0.9999956320195672
current fid 0.9999956320344519
current fid 0.9999956320193885
current fid 0.999995632019448
current fid 0.9999956320198017
current fid 0.9999956320247131
current fid 0.9999956320196849
current fid 0.9999956320195645
current fid 0.9999956320196878
current fid 0.9999956320195672
current fid 0.9999956320195672
current fid 0.9999956320195672
current fid 0.9999956320195672
current fid 0.9999956320195672
current fid 0.9999956320195672
current fid 0.9999956320195672
current fid 0.9999956320195672
current fid 0.9999956320195672
current fid 0.9999956320195672
current fid 0.9999956320195672
current fid 0.9999956320195672
current fid 0.9999956320195672
current fid 0.9999956320195672
current fid 0.9999956320195672
current fid 0.9999956320195672
current fid 0.9999956320195672
current fid 0.9999956320195672
current fid 0.9999956320195672
current fid 0.9999956320195672
current fid 0.9999956320195672
current fid 0.9999956320195672
current fid 0.9999956320195672
current fid 0.9999956320195672
current fid 0.9999956320195672
current fid 0.9999937868890652
current fid 0.9999937868891193
current fid 0.9999937868891084
current fid 0.9999937868887196
current fid 0.9999937868883717
current fid 0.999993786889046
current fid 0.9999937868900959
current fid 0.9999937868881754
current fid 0.9999937868890549
current fid 0.9999937868893185
current fid 0.9999937868889643
current fid 0.999993786889207
current fid 0.9999937868889777
current fid 0.9999937868889681
current fid 0.9999937868889042
current fid 0.9999937868885507
current fid 0.9999937868890862
current fid 0.9999937868892774
current fid 0.9999937868890274
current fid 0.999993786888812
current fid 0.9999937868890794
current fid 0.9999937868891962
current fid 0.9999937868895725
current fid 0.9999937868889011
current fid 0.99999378688888
current fid 0.9999937868890614
current fid 0.9999937868890652
current fid 0.9999937868890652
current fid 0.9999937868890652
current fid 0.9999937868890652
current fid 0.9999937868890652
current fid 0.9999937868890652
current fid 0.9999937868890652
current fid 0.9999937868890652
current fid 0.9999937868890652
current fid 0.9999937868890652
current fid 0.9999937868890652
current fid 0.9999937868890652
current fid 0.9999937868890652
current fid 0.9999937868890652
current fid 0.9999937868890652
current fid 0.9999937868890652
current fid 0.9999937868890652
current fid 0.9999937868890652
current fid 0.9999937868890652
current fid 0.9999937868890652
current fid 0.9999937868890652
current fid 0.9999937868890652
current fid 0.9999937868890652
current fid 0.9999937868890652
current fid 0.9999937868890652
current fid 0.9999937868913154
current fid 0.9999937868832569
current fid 0.9999937868948237
current fid 0.9999937868871112
current fid 0.9999937868890652
current fid 0.9999937868890652
current fid 0.9999937868890652
current fid 0.9999937868890652
current fid 0.9999937868890652
current fid 0.9999937868890652
current fid 0.9999937868892095
current fid 0.9999937868891757
current fid 0.9999937868750026
current fid 0.9999937868861419
current fid 0.9999937868890596
current fid 0.999993786896354
current fid 0.9999937868886275
current fid 0.999993786874054
current fid 0.9999937868951869
current fid 0.9999937868890658
current fid 0.9999937868890645
current fid 0.9999937868890556
current fid 0.9999937868890993
current fid 0.9999937868950552
current fid 0.9999937869017792
current fid 0.9999937868889615
current fid 0.9999937868890654
current fid 0.999993786923678
current fid 0.9999937868778623
current fid 0.9999937868889741
current fid 0.9999937868903781
current fid 0.9999937869113346
current fid 0.9999937868891651
current fid 0.9999937868890632
current fid 0.9999937868891575
current fid 0.9999937868890652
current fid 0.9999937868890652
current fid 0.9999937868890652
current fid 0.9999937868890652
current fid 0.9999937868890652
current fid 0.9999937868890652
current fid 0.9999937868890652
current fid 0.9999937868890652
current fid 0.9999937868890652
current fid 0.9999937868890652
current fid 0.9999937868890652
current fid 0.9999937868890652
current fid 0.9999937868890652
current fid 0.9999937868890652
current fid 0.9999937868890652
current fid 0.9999937868890652
current fid 0.9999937868890652
current fid 0.9999937868890652
current fid 0.9999937868890652
current fid 0.9999937868890652
current fid 0.9999937868890652
current fid 0.9999937868890652
current fid 0.9999937868890652
current fid 0.9999937868890652
current fid 0.9999937868890652
current fid 0.9999968057152289
current fid 0.9999968057148223
current fid 0.9999968057150639
current fid 0.9999968057152506
current fid 0.9999968057151223
current fid 0.9999968057150306
current fid 0.9999968057161179
current fid 0.9999968057146333
current fid 0.9999968057149278
current fid 0.9999968057158328
current fid 0.9999968057148685
current fid 0.9999968057152684
current fid 0.9999968057151583
current fid 0.9999968057152746
current fid 0.9999968057151241
current fid 0.9999968057148667
current fid 0.9999968057151611
current fid 0.9999968057154007
current fid 0.9999968057150606
current fid 0.9999968057150992
current fid 0.9999968057151709
current fid 0.99999680571517
current fid 0.9999968057158171
current fid 0.9999968057152473
current fid 0.9999968057150639
current fid 0.9999968057152921
current fid 0.9999968057152289
current fid 0.9999968057152289
current fid 0.9999968057152289
current fid 0.9999968057152289
current fid 0.9999968057152289
current fid 0.9999968057152289
current fid 0.9999968057152289
current fid 0.9999968057152289
current fid 0.9999968057152289
current fid 0.9999968057152289
current fid 0.9999968057152289
current fid 0.9999968057152289
current fid 0.9999968057152289
current fid 0.9999968057152289
current fid 0.9999968057152289
current fid 0.9999968057152289
current fid 0.9999968057152289
current fid 0.9999968057152289
current fid 0.9999968057152289
current fid 0.9999968057152289
current fid 0.9999968057152289
current fid 0.9999968057152289
current fid 0.9999968057152289
current fid 0.9999968057152289
current fid 0.9999968057152289
current fid 0.999996805721765
current fid 0.999996805716316
current fid 0.9999968057141368
current fid 0.9999968057074646
current fid 0.9999968057152289
current fid 0.9999968057152289
current fid 0.9999968057152289
current fid 0.9999968057152289
current fid 0.9999968057152289
current fid 0.9999968057152289
current fid 0.9999968057148962
current fid 0.9999968057153228
current fid 0.9999968057069935
current fid 0.9999968057141513
current fid 0.9999968057152231
current fid 0.9999968057008521
current fid 0.9999968057140916
current fid 0.9999968057100739
current fid 0.9999968057299888
current fid 0.9999968057152284
current fid 0.9999968057152249
current fid 0.9999968057152149
current fid 0.9999968057152544
current fid 0.9999968057193229
current fid 0.9999968057200483
current fid 0.9999968057151152
current fid 0.9999968057152302
current fid 0.9999968057376964
current fid 0.9999968057108117
current fid 0.9999968057151176
current fid 0.9999968057158679
current fid 0.9999968057269484
current fid 0.999996805715337
current fid 0.9999968057152255
current fid 0.9999968057153381
current fid 0.9999968057152289
current fid 0.9999968057152289
current fid 0.9999968057152289
current fid 0.9999968057152289
current fid 0.9999968057152289
current fid 0.9999968057152289
current fid 0.9999968057152289
current fid 0.9999968057152289
current fid 0.9999968057152289
current fid 0.9999968057152289
current fid 0.9999968057152289
current fid 0.9999968057152289
current fid 0.9999968057152289
current fid 0.9999968057152289
current fid 0.9999968057152289
current fid 0.9999968057152289
current fid 0.9999968057152289
current fid 0.9999968057152289
current fid 0.9999968057152289
current fid 0.9999968057152289
current fid 0.9999968057152289
current fid 0.9999968057152289
current fid 0.9999968057152289
current fid 0.9999968057152289
current fid 0.9999968057152289
current fid 0.9999994702567805
current fid 0.9999994702567314
current fid 0.9999994702568646
current fid 0.9999994702568318
current fid 0.9999994702567523
current fid 0.9999994702566479
current fid 0.9999994702570778
current fid 0.9999994702565398
current fid 0.9999994702565826
current fid 0.9999994702569146
current fid 0.9999994702566084
current fid 0.9999994702567738
current fid 0.9999994702567581
current fid 0.9999994702568409
current fid 0.9999994702567006
current fid 0.9999994702565658
current fid 0.9999994702567021
current fid 0.9999994702568302
current fid 0.9999994702566013
current fid 0.9999994702568009
current fid 0.999999470256709
current fid 0.9999994702567807
current fid 0.999999470257017
current fid 0.9999994702568444
current fid 0.9999994702567243
current fid 0.9999994702568529
current fid 0.9999994702567805
current fid 0.9999994702567805
current fid 0.9999994702567805
current fid 0.9999994702567805
current fid 0.9999994702567805
current fid 0.9999994702567805
current fid 0.9999994702567805
current fid 0.9999994702567805
current fid 0.9999994702567805
current fid 0.9999994702567805
current fid 0.9999994702567805
current fid 0.9999994702567805
current fid 0.9999994702567805
current fid 0.9999994702567805
current fid 0.9999994702567805
current fid 0.9999994702567805
current fid 0.9999994702567805
current fid 0.9999994702567805
current fid 0.9999994702567805
current fid 0.9999994702567805
current fid 0.9999994702567805
current fid 0.9999994702567805
current fid 0.9999994702567805
current fid 0.9999994702567805
current fid 0.9999994702567805
current fid 0.9999994702595312
current fid 0.999999470257988
current fid 0.9999994702555759
current fid 0.9999994702530375
current fid 0.9999994702567805
current fid 0.9999994702567805
current fid 0.9999994702567805
current fid 0.9999994702567805
current fid 0.9999994702567805
current fid 0.9999994702567805
current fid 0.9999994702568988
current fid 0.9999994702568984
current fid 0.9999994702540005
current fid 0.9999994702565465
current fid 0.9999994702567712
current fid 0.9999994702494308
current fid 0.9999994702566608
current fid 0.9999994702557069
current fid 0.9999994702635753
current fid 0.9999994702567776
current fid 0.999999470256778
current fid 0.9999994702567674
current fid 0.9999994702568105
current fid 0.9999994702583008
current fid 0.9999994702579342
current fid 0.9999994702566537
current fid 0.9999994702567798
current fid 0.9999994702641946
current fid 0.9999994702557413
current fid 0.9999994702566537
current fid 0.9999994702567074
current fid 0.9999994702601565
current fid 0.9999994702569026
current fid 0.9999994702567772
current fid 0.9999994702569035
current fid 0.9999994702567805
current fid 0.9999994702567805
current fid 0.9999994702567805
current fid 0.9999994702567805
current fid 0.9999994702567805
current fid 0.9999994702567805
current fid 0.9999994702567805
current fid 0.9999994702567805
current fid 0.9999994702567805
current fid 0.9999994702567805
current fid 0.9999994702567805
current fid 0.9999994702567805
current fid 0.9999994702567805
current fid 0.9999994702567805
current fid 0.9999994702567805
current fid 0.9999994702567805
current fid 0.9999994702567805
current fid 0.9999994702567805
current fid 0.9999994702567805
current fid 0.9999994702567805
current fid 0.9999994702567805
current fid 0.9999994702567805
current fid 0.9999994702567805
current fid 0.9999994702567805
current fid 0.9999994702567805
current fid 0.9999999198450737
current fid 0.9999999198451015
current fid 0.9999999198451752
current fid 0.9999999198450922
current fid 0.9999999198450866
current fid 0.999999919845088
current fid 0.9999999198451339
current fid 0.9999999198450353
current fid 0.9999999198449949
current fid 0.9999999198450744
current fid 0.999999919845068
current fid 0.9999999198450682
current fid 0.9999999198450822
current fid 0.9999999198451239
current fid 0.9999999198449994
current fid 0.9999999198449585
current fid 0.9999999198450151
current fid 0.99999991984509
current fid 0.9999999198449616
current fid 0.9999999198451668
current fid 0.9999999198450222
current fid 0.9999999198451255
current fid 0.9999999198451293
current fid 0.9999999198451319
current fid 0.9999999198450624
current fid 0.9999999198451299
current fid 0.9999999198450737
current fid 0.9999999198450737
current fid 0.9999999198450737
current fid 0.9999999198450737
current fid 0.9999999198450737
current fid 0.9999999198450737
current fid 0.9999999198450737
current fid 0.9999999198450737
current fid 0.9999999198450737
current fid 0.9999999198450737
current fid 0.9999999198450737
current fid 0.9999999198450737
current fid 0.9999999198450737
current fid 0.9999999198450737
current fid 0.9999999198450737
current fid 0.9999999198450737
current fid 0.9999999198450737
current fid 0.9999999198450737
current fid 0.9999999198450737
current fid 0.9999999198450737
current fid 0.9999999198450737
current fid 0.9999999198450737
current fid 0.9999999198450737
current fid 0.9999999198450737
current fid 0.9999999198450737
current fid 0.9999999198451637
current fid 0.9999999198452365
current fid 0.9999999198449117
current fid 0.9999999198442764
current fid 0.9999999198450737
current fid 0.9999999198450737
current fid 0.9999999198450737
current fid 0.9999999198450737
current fid 0.9999999198450737
current fid 0.9999999198450737
current fid 0.999999919845141
current fid 0.9999999198451921
current fid 0.999999919844976
current fid 0.999999919845084
current fid 0.9999999198450706
current fid 0.9999999198437273
current fid 0.9999999198448952
current fid 0.9999999198451361
current fid 0.9999999198459284
current fid 0.9999999198450755
current fid 0.9999999198450735
current fid 0.9999999198450631
current fid 0.9999999198451062
current fid 0.9999999198451344
current fid 0.9999999198449823
current fid 0.9999999198449594
current fid 0.9999999198450746
current fid 0.9999999198457568
current fid 0.9999999198450564
current fid 0.9999999198449598
current fid 0.9999999198451466
current fid 0.999999919845469
current fid 0.9999999198451914
current fid 0.9999999198450746
current fid 0.999999919845191
current fid 0.9999999198450737
current fid 0.9999999198450737
current fid 0.9999999198450737
current fid 0.9999999198450737
current fid 0.9999999198450737
current fid 0.9999999198450737
current fid 0.9999999198450737
current fid 0.9999999198450737
current fid 0.9999999198450737
current fid 0.9999999198450737
current fid 0.9999999198450737
current fid 0.9999999198450737
current fid 0.9999999198450737
current fid 0.9999999198450737
current fid 0.9999999198450737
current fid 0.9999999198450737
current fid 0.9999999198450737
current fid 0.9999999198450737
current fid 0.9999999198450737
current fid 0.9999999198450737
current fid 0.9999999198450737
current fid 0.9999999198450737
current fid 0.9999999198450737
current fid 0.9999999198450737
current fid 0.9999999198450737
current fid 0.9999999424708849
current fid 0.9999999424708924
current fid 0.9999999424709604
current fid 0.9999999424708849
current fid 0.9999999424709124
current fid 0.9999999424709477
current fid 0.9999999424709055
current fid 0.999999942470872
current fid 0.9999999424708307
current fid 0.999999942470868
current fid 0.9999999424709131
current fid 0.9999999424708857
current fid 0.9999999424709004
current fid 0.9999999424709299
current fid 0.9999999424708098
current fid 0.9999999424707852
current fid 0.9999999424708371
current fid 0.9999999424708969
current fid 0.999999942470782
current fid 0.999999942470985
current fid 0.9999999424708405
current fid 0.9999999424709424
current fid 0.9999999424709115
current fid 0.9999999424709382
current fid 0.999999942470882
current fid 0.9999999424709377
current fid 0.9999999424708849
current fid 0.9999999424708849
current fid 0.9999999424708849
current fid 0.9999999424708849
current fid 0.9999999424708849
current fid 0.9999999424708849
current fid 0.9999999424708849
current fid 0.9999999424708849
current fid 0.9999999424708849
current fid 0.9999999424708849
current fid 0.9999999424708849
current fid 0.9999999424708849
current fid 0.9999999424708849
current fid 0.9999999424708849
current fid 0.9999999424708849
current fid 0.9999999424708849
current fid 0.9999999424708849
current fid 0.9999999424708849
current fid 0.9999999424708849
current fid 0.9999999424708849
current fid 0.9999999424708849
current fid 0.9999999424708849
current fid 0.9999999424708849
current fid 0.9999999424708849
current fid 0.9999999424708849
current fid 0.9999999424705613
current fid 0.9999999424709017
current fid 0.9999999424708673
current fid 0.9999999424706217
current fid 0.9999999424708849
current fid 0.9999999424708849
current fid 0.9999999424708849
current fid 0.9999999424708849
current fid 0.9999999424708849
current fid 0.9999999424708849
current fid 0.9999999424708873
current fid 0.999999942470997
current fid 0.9999999424709317
current fid 0.9999999424708749
current fid 0.9999999424708822
current fid 0.9999999424710403
current fid 0.9999999424708484
current fid 0.9999999424708689
current fid 0.9999999424708473
current fid 0.999999942470886
current fid 0.9999999424708857
current fid 0.9999999424708753
current fid 0.9999999424709155
current fid 0.9999999424708402
current fid 0.9999999424708822
current fid 0.9999999424707747
current fid 0.9999999424708853
current fid 0.9999999424708316
current fid 0.9999999424708689
current fid 0.9999999424707758
current fid 0.9999999424709073
current fid 0.9999999424708049
current fid 0.9999999424709966
current fid 0.9999999424708849
current fid 0.9999999424709939
current fid 0.9999999424708849
current fid 0.9999999424708849
current fid 0.9999999424708849
current fid 0.9999999424708849
current fid 0.9999999424708849
current fid 0.9999999424708849
current fid 0.9999999424708849
current fid 0.9999999424708849
current fid 0.9999999424708849
current fid 0.9999999424708849
current fid 0.9999999424708849
current fid 0.9999999424708849
current fid 0.9999999424708849
current fid 0.9999999424708849
current fid 0.9999999424708849
current fid 0.9999999424708849
current fid 0.9999999424708849
current fid 0.9999999424708849
current fid 0.9999999424708849
current fid 0.9999999424708849
current fid 0.9999999424708849
current fid 0.9999999424708849
current fid 0.9999999424708849
current fid 0.9999999424708849
current fid 0.9999999424708849
current fid 0.999999945613392
current fid 0.9999999456133873
current fid 0.9999999456134533
current fid 0.999999945613384
current fid 0.9999999456134095
current fid 0.9999999456134517
current fid 0.9999999456134144
current fid 0.9999999456133722
current fid 0.9999999456133376
current fid 0.9999999456133798
current fid 0.9999999456134173
current fid 0.999999945613386
current fid 0.9999999456134018
current fid 0.9999999456134322
current fid 0.9999999456133152
current fid 0.9999999456132908
current fid 0.9999999456133432
current fid 0.9999999456134049
current fid 0.9999999456132934
current fid 0.999999945613489
current fid 0.9999999456133469
current fid 0.9999999456134435
current fid 0.9999999456134147
current fid 0.9999999456134435
current fid 0.9999999456133893
current fid 0.9999999456134393
current fid 0.999999945613392
current fid 0.999999945613392
current fid 0.999999945613392
current fid 0.999999945613392
current fid 0.999999945613392
current fid 0.999999945613392
current fid 0.999999945613392
current fid 0.999999945613392
current fid 0.999999945613392
current fid 0.999999945613392
current fid 0.999999945613392
current fid 0.999999945613392
current fid 0.999999945613392
current fid 0.999999945613392
current fid 0.999999945613392
current fid 0.999999945613392
current fid 0.999999945613392
current fid 0.999999945613392
current fid 0.999999945613392
current fid 0.999999945613392
current fid 0.999999945613392
current fid 0.999999945613392
current fid 0.999999945613392
current fid 0.999999945613392
current fid 0.999999945613392
current fid 0.9999999456130909
current fid 0.9999999456133125
current fid 0.9999999456134722
current fid 0.9999999456132648
current fid 0.999999945613392
current fid 0.999999945613392
current fid 0.999999945613392
current fid 0.999999945613392
current fid 0.999999945613392
current fid 0.999999945613392
current fid 0.9999999456133798
current fid 0.9999999456135026
current fid 0.9999999456133893
current fid 0.9999999456133938
current fid 0.9999999456133878
current fid 0.9999999456136054
current fid 0.9999999456134286
current fid 0.999999945613358
current fid 0.9999999456132073
current fid 0.999999945613392
current fid 0.99999994561339
current fid 0.9999999456133793
current fid 0.9999999456134191
current fid 0.9999999456133958
current fid 0.9999999456134193
current fid 0.9999999456132828
current fid 0.9999999456133905
current fid 0.9999999456133467
current fid 0.9999999456133785
current fid 0.9999999456132819
current fid 0.9999999456133805
current fid 0.9999999456134404
current fid 0.9999999456134975
current fid 0.9999999456133927
current fid 0.9999999456134977
current fid 0.999999945613392
current fid 0.999999945613392
current fid 0.999999945613392
current fid 0.999999945613392
current fid 0.999999945613392
current fid 0.999999945613392
current fid 0.999999945613392
current fid 0.999999945613392
current fid 0.999999945613392
current fid 0.999999945613392
current fid 0.999999945613392
current fid 0.999999945613392
current fid 0.999999945613392
current fid 0.999999945613392
current fid 0.999999945613392
current fid 0.999999945613392
current fid 0.999999945613392
current fid 0.999999945613392
current fid 0.999999945613392
current fid 0.999999945613392
current fid 0.999999945613392
current fid 0.999999945613392
current fid 0.999999945613392
current fid 0.999999945613392
current fid 0.999999945613392
current fid 0.9999999489308797
current fid 0.9999999489308524
current fid 0.9999999489309355
current fid 0.9999999489308815
current fid 0.9999999489309312
current fid 0.9999999489309424
current fid 0.9999999489308726
current fid 0.99999994893084
current fid 0.9999999489308316
current fid 0.999999948930856
current fid 0.9999999489308924
current fid 0.999999948930878
current fid 0.9999999489308946
current fid 0.9999999489309159
current fid 0.9999999489308149
current fid 0.9999999489307896
current fid 0.9999999489308364
current fid 0.9999999489308855
current fid 0.999999948930762
current fid 0.9999999489309574
current fid 0.9999999489308391
current fid 0.9999999489309261
current fid 0.9999999489309026
current fid 0.9999999489309144
current fid 0.9999999489308862
current fid 0.999999948930921
current fid 0.9999999489308797
current fid 0.9999999489308797
current fid 0.9999999489308797
current fid 0.9999999489308797
current fid 0.9999999489308797
current fid 0.9999999489308797
current fid 0.9999999489308797
current fid 0.9999999489308797
current fid 0.9999999489308797
current fid 0.9999999489308797
current fid 0.9999999489308797
current fid 0.9999999489308797
current fid 0.9999999489308797
current fid 0.9999999489308797
current fid 0.9999999489308797
current fid 0.9999999489308797
current fid 0.9999999489308797
current fid 0.9999999489308797
current fid 0.9999999489308797
current fid 0.9999999489308797
current fid 0.9999999489308797
current fid 0.9999999489308797
current fid 0.9999999489308797
current fid 0.9999999489308797
current fid 0.9999999489308797
current fid 0.999999948931142
current fid 0.9999999489313354
current fid 0.9999999489304214
current fid 0.9999999489308664
current fid 0.9999999489308797
current fid 0.9999999489308797
current fid 0.9999999489308797
current fid 0.9999999489308797
current fid 0.9999999489308797
current fid 0.9999999489308797
current fid 0.9999999489308509
current fid 0.9999999489309863
current fid 0.9999999489308149
current fid 0.999999948930788
current fid 0.999999948930878
current fid 0.9999999489315559
current fid 0.9999999489307809
current fid 0.9999999489305778
current fid 0.999999948931388
current fid 0.9999999489308788
current fid 0.9999999489308777
current fid 0.9999999489308671
current fid 0.9999999489309084
current fid 0.9999999489308231
current fid 0.9999999489311011
current fid 0.9999999489307865
current fid 0.9999999489308748
current fid 0.9999999489310492
current fid 0.9999999489306686
current fid 0.9999999489307883
current fid 0.9999999489309639
current fid 0.9999999489300981
current fid 0.9999999489309743
current fid 0.9999999489308773
current fid 0.9999999489309748
current fid 0.9999999489308797
current fid 0.9999999489308797
current fid 0.9999999489308797
current fid 0.9999999489308797
current fid 0.9999999489308797
current fid 0.9999999489308797
current fid 0.9999999489308797
current fid 0.9999999489308797
current fid 0.9999999489308797
current fid 0.9999999489308797
current fid 0.9999999489308797
current fid 0.9999999489308797
current fid 0.9999999489308797
current fid 0.9999999489308797
current fid 0.9999999489308797
current fid 0.9999999489308797
current fid 0.9999999489308797
current fid 0.9999999489308797
current fid 0.9999999489308797
current fid 0.9999999489308797
current fid 0.9999999489308797
current fid 0.9999999489308797
current fid 0.9999999489308797
current fid 0.9999999489308797
current fid 0.9999999489308797
current fid 0.9999999542477841
current fid 0.9999999542477754
current fid 0.9999999542478434
current fid 0.9999999542477732
current fid 0.9999999542477983
current fid 0.999999954247844
current fid 0.9999999542478116
current fid 0.9999999542477708
current fid 0.999999954247731
current fid 0.9999999542477761
current fid 0.9999999542478099
current fid 0.9999999542477825
current fid 0.9999999542477921
current fid 0.9999999542478187
current fid 0.9999999542477199
current fid 0.9999999542476966
current fid 0.9999999542477432
current fid 0.9999999542477965
current fid 0.9999999542477013
current fid 0.9999999542478685
current fid 0.9999999542477463
current fid 0.9999999542478258
current fid 0.9999999542478059
current fid 0.9999999542478232
current fid 0.9999999542477794
current fid 0.9999999542478261
current fid 0.9999999542477841
current fid 0.9999999542477841
current fid 0.9999999542477841
current fid 0.9999999542477841
current fid 0.9999999542477841
current fid 0.9999999542477841
current fid 0.9999999542477841
current fid 0.9999999542477841
current fid 0.9999999542477841
current fid 0.9999999542477841
current fid 0.9999999542477841
current fid 0.9999999542477841
current fid 0.9999999542477841
current fid 0.9999999542477841
current fid 0.9999999542477841
current fid 0.9999999542477841
current fid 0.9999999542477841
current fid 0.9999999542477841
current fid 0.9999999542477841
current fid 0.9999999542477841
current fid 0.9999999542477841
current fid 0.9999999542477841
current fid 0.9999999542477841
current fid 0.9999999542477841
current fid 0.9999999542477841
current fid 0.9999999542479244
current fid 0.9999999542476726
current fid 0.9999999542478949
current fid 0.9999999542480739
current fid 0.9999999542477841
current fid 0.9999999542477841
current fid 0.9999999542477841
current fid 0.9999999542477841
current fid 0.9999999542477841
current fid 0.9999999542477841
current fid 0.9999999542477679
current fid 0.9999999542478893
current fid 0.9999999542477592
current fid 0.9999999542477719
current fid 0.999999954247781
current fid 0.99999995424795
current fid 0.9999999542477908
current fid 0.9999999542477481
current fid 0.9999999542476331
current fid 0.999999954247785
current fid 0.9999999542477848
current fid 0.9999999542477723
current fid 0.9999999542478114
current fid 0.9999999542477874
current fid 0.9999999542478316
current fid 0.9999999542476926
current fid 0.9999999542477825
current fid 0.9999999542478532
current fid 0.9999999542477568
current fid 0.9999999542476946
current fid 0.9999999542477883
current fid 0.9999999542479568
current fid 0.9999999542478734
current fid 0.9999999542477837
current fid 0.9999999542478751
current fid 0.9999999542477841
current fid 0.9999999542477841
current fid 0.9999999542477841
current fid 0.9999999542477841
current fid 0.9999999542477841
current fid 0.9999999542477841
current fid 0.9999999542477841
current fid 0.9999999542477841
current fid 0.9999999542477841
current fid 0.9999999542477841
current fid 0.9999999542477841
current fid 0.9999999542477841
current fid 0.9999999542477841
current fid 0.9999999542477841
current fid 0.9999999542477841
current fid 0.9999999542477841
current fid 0.9999999542477841
current fid 0.9999999542477841
current fid 0.9999999542477841
current fid 0.9999999542477841
current fid 0.9999999542477841
current fid 0.9999999542477841
current fid 0.9999999542477841
current fid 0.9999999542477841
current fid 0.9999999542477841
current fid 0.999999955467265
current fid 0.9999999554672598
current fid 0.9999999554673278
current fid 0.999999955467261
current fid 0.9999999554672847
current fid 0.999999955467326
current fid 0.999999955467294
current fid 0.9999999554672534
current fid 0.9999999554672154
current fid 0.9999999554672636
current fid 0.9999999554672909
current fid 0.9999999554672654
current fid 0.9999999554672692
current fid 0.9999999554673045
current fid 0.9999999554672032
current fid 0.9999999554671846
current fid 0.9999999554672259
current fid 0.999999955467276
current fid 0.9999999554671861
current fid 0.9999999554673475
current fid 0.9999999554672272
current fid 0.9999999554673071
current fid 0.9999999554672896
current fid 0.9999999554673109
current fid 0.9999999554672578
current fid 0.9999999554673065
current fid 0.999999955467265
current fid 0.999999955467265
current fid 0.999999955467265
current fid 0.999999955467265
current fid 0.999999955467265
current fid 0.999999955467265
current fid 0.999999955467265
current fid 0.999999955467265
current fid 0.999999955467265
current fid 0.999999955467265
current fid 0.999999955467265
current fid 0.999999955467265
current fid 0.999999955467265
current fid 0.999999955467265
current fid 0.999999955467265
current fid 0.999999955467265
current fid 0.999999955467265
current fid 0.999999955467265
current fid 0.999999955467265
current fid 0.999999955467265
current fid 0.999999955467265
current fid 0.999999955467265
current fid 0.999999955467265
current fid 0.999999955467265
current fid 0.999999955467265
current fid 0.9999999554674288
current fid 0.9999999554671986
current fid 0.9999999554673309
current fid 0.9999999554675012
current fid 0.999999955467265
current fid 0.999999955467265
current fid 0.999999955467265
current fid 0.999999955467265
current fid 0.999999955467265
current fid 0.999999955467265
current fid 0.9999999554672505
current fid 0.9999999554673733
current fid 0.999999955467268
current fid 0.9999999554672694
current fid 0.9999999554672627
current fid 0.9999999554672772
current fid 0.999999955467276
current fid 0.9999999554672805
current fid 0.9999999554671792
current fid 0.9999999554672656
current fid 0.9999999554672669
current fid 0.999999955467259
current fid 0.9999999554672971
current fid 0.9999999554672676
current fid 0.9999999554672632
current fid 0.9999999554671779
current fid 0.9999999554672665
current fid 0.9999999554672696
current fid 0.999999955467274
current fid 0.9999999554671786
current fid 0.9999999554672598
current fid 0.999999955467378
current fid 0.9999999554673578
current fid 0.9999999554672674
current fid 0.9999999554673558
current fid 0.999999955467265
current fid 0.999999955467265
current fid 0.999999955467265
current fid 0.999999955467265
current fid 0.999999955467265
current fid 0.999999955467265
current fid 0.999999955467265
current fid 0.999999955467265
current fid 0.999999955467265
current fid 0.999999955467265
current fid 0.999999955467265
current fid 0.999999955467265
current fid 0.999999955467265
current fid 0.999999955467265
current fid 0.999999955467265
current fid 0.999999955467265
current fid 0.999999955467265
current fid 0.999999955467265
current fid 0.999999955467265
current fid 0.999999955467265
current fid 0.999999955467265
current fid 0.999999955467265
current fid 0.999999955467265
current fid 0.999999955467265
current fid 0.999999955467265
norb 5
qubits QuantumRegister(10, 'q')
Optimization level  3 OrderedDict([('rz', 117), ('sx', 94), ('cx', 40), ('x', 1)]) 105
two qubit gate depth 26
current fragment 1
converged SCF energy = -5.35854713562181
converged SCF energy = -5.35854713562181

WARN: RCCSD method does not support ROHF method. ROHF object is converted to UHF object and UCCSD method is called.

E(UCCSD) = -5.3622771034173  E_corr = -0.003729967795490193
nelec (0, 3)
current fid 0.9988045424102959
current fid 0.9988045424102959
current fid 0.9988045424102959
current fid 0.9988045424102959
current fid 0.9988045424102959
current fid 0.9988045424102959
current fid 0.9988045424102959
current fid 0.9988045424102959
current fid 0.9988045424102959
current fid 0.9988045424102959
current fid 0.9988045424102959
current fid 0.9988045424102959
current fid 0.9988045424102959
current fid 0.9988045424102959
current fid 0.9988045424102959
current fid 0.9988045424102959
current fid 0.9988045424102959
current fid 0.9988045424102959
current fid 0.9988045424102959
current fid 0.9988045424102959
current fid 0.9988045424102959
current fid 0.9988045424102959
current fid 0.9988045424102959
current fid 0.9988045424102959
current fid 0.9988045424102959
current fid 0.9988045424102959
current fid 0.9988045424102959
current fid 0.9988045424102959
current fid 0.9988045424102959
current fid 0.9988045424102959
current fid 0.9988045424102959
current fid 0.9988045424102959
current fid 0.9988045424102959
current fid 0.9988045424102959
current fid 0.9988045424102959
current fid 0.9988045424102959
current fid 0.9988045424102959
current fid 0.9988045424102959
current fid 0.9988045424102959
current fid 0.9988045424102959
current fid 0.9988045424102959
current fid 0.9988045424102959
current fid 0.9988045424102959
current fid 0.9988045424102959
current fid 0.9988045424102959
current fid 0.9988045424102959
current fid 0.9988045424102959
current fid 0.9988045424102959
current fid 0.9988045424102959
current fid 0.9988045424102959
current fid 0.9988045424102959
current fid 0.9988045424102959
current fid 0.9988045424102959
current fid 0.9988045424102959
current fid 0.9988045424102959
current fid 0.9988045424102959
current fid 0.9988045424102959
current fid 0.9988045424102959
current fid 0.9988045424102959
current fid 0.9988045424102959
current fid 0.9988045424102959
current fid 0.9988045424102959
current fid 0.9988045424102959
current fid 0.9988045424102959
current fid 0.9988045424102959
current fid 0.9988045424102959
current fid 0.9988045424102959
current fid 0.9988045424102959
current fid 0.9988045424102959
current fid 0.9988045424102959
current fid 0.9988045424102959
current fid 0.9988045424102959
current fid 0.9988045424102959
current fid 0.9988045424102959
current fid 0.9988045424102959
current fid 0.9988045424102959
current fid 0.9988045424102959
current fid 0.9988045424102959
current fid 0.9988045424102959
current fid 0.9988045424102959
current fid 0.9988045424102959
current fid 0.9988045424102959
current fid 0.9988045424102959
current fid 0.9988045424102959
current fid 0.9988045424102959
current fid 0.9988045424102959
current fid 0.9988045424102959
current fid 0.9988045424102959
current fid 0.9988045424102959
current fid 0.9988045424102959
current fid 0.9988045424102959
current fid 0.9988045424102959
current fid 0.9988045424102959
current fid 0.9988045424102959
current fid 0.9988045424102959
current fid 0.9988045424102959
current fid 0.9988045424102959
current fid 0.9988045424102959
current fid 0.9988045424102959
current fid 0.9988045424102959
current fid 0.9988045424102959
current fid 0.9988045424102959
current fid 0.9988045424102959
current fid 0.9988045424102959
current fid 0.9988045424102959
current fid 0.9988045424102959
current fid 0.9988045424102959
current fid 0.9988045424102959
current fid 0.9988045424102959
current fid 0.9988045424102959
current fid 0.9988045424102959
norb 5
qubits QuantumRegister(10, 'q')
Optimization level  3 OrderedDict([('rz', 70), ('sx', 55), ('cx', 24), ('x', 4)]) 53
two qubit gate depth 13
converged SCF energy = -11.9474738348071
converged SCF energy = -11.9474738348077
CCSD not converged
E(CCSD) = -12.32925096167652  E_corr = -0.3817771268688134
Optimization level  3 OrderedDict([('rz', 2731), ('sx', 1784), ('cx', 1390), ('x', 37), ('measure', 20), ('barrier', 2)]) 612
two qubit gate depth 199
num_alpha 3
num_beta 3

Starting configuration recovery iteration 0
batches [array([[False, False, False, ...,  True,  True, False],
       [False, False, False, ...,  True,  True, False],
       [False, False, False, ...,  True, False,  True],
       ...,
       [False, False, False, ...,  True, False,  True],
       [False, False, False, ...,  True, False,  True],
       [False, False, False, ...,  True, False, False]]), array([[False, False, False, ..., False,  True, False],
       [False, False, False, ...,  True, False,  True],
       [False, False, False, ...,  True, False,  True],
       ...,
       [False, False, False, ...,  True, False,  True],
       [False, False, False, ...,  True, False, False],
       [False, False, False, ..., False, False,  True]]), array([[False, False, False, ...,  True,  True,  True],
       [False, False, False, ...,  True, False,  True],
       [False, False, False, ...,  True,  True,  True],
       ...,
       [False, False, False, ..., False,  True, False],
       [False, False, False, ...,  True,  True, False],
       [False, False, False, ..., False, False, False]]), array([[False, False,  True, ...,  True,  True, False],
       [False, False,  True, ...,  True, False,  True],
       [False, False, False, ...,  True, False,  True],
       ...,
       [False, False, False, ..., False,  True, False],
       [False, False,  True, ..., False,  True,  True],
       [False, False, False, ..., False,  True,  True]]), array([[False, False, False, ..., False, False, False],
       [False, False, False, ...,  True, False, False],
       [False, False, False, ..., False, False,  True],
       ...,
       [False, False, False, ..., False, False, False],
       [False, False,  True, ..., False,  True, False],
       [False, False, False, ..., False, False,  True]])]
current batch [[False False False ...  True  True False]
 [False False False ...  True  True False]
 [False False False ...  True False  True]
 ...
 [False False False ...  True False  True]
 [False False False ...  True False  True]
 [False False False ...  True False False]]
Batch 0 subspace dimension: 2809
current batch [[False False False ... False  True False]
 [False False False ...  True False  True]
 [False False False ...  True False  True]
 ...
 [False False False ...  True False  True]
 [False False False ...  True False False]
 [False False False ... False False  True]]
Batch 1 subspace dimension: 2809
current batch [[False False False ...  True  True  True]
 [False False False ...  True False  True]
 [False False False ...  True  True  True]
 ...
 [False False False ... False  True False]
 [False False False ...  True  True False]
 [False False False ... False False False]]
Batch 2 subspace dimension: 2601
current batch [[False False  True ...  True  True False]
 [False False  True ...  True False  True]
 [False False False ...  True False  True]
 ...
 [False False False ... False  True False]
 [False False  True ... False  True  True]
 [False False False ... False  True  True]]
Batch 3 subspace dimension: 2500
current batch [[False False False ... False False False]
 [False False False ...  True False False]
 [False False False ... False False  True]
 ...
 [False False False ... False False False]
 [False False  True ... False  True False]
 [False False False ... False False  True]]
Batch 4 subspace dimension: 3025


Starting configuration recovery iteration 1
batches [array([[False, False, False, ..., False, False,  True],
       [False, False, False, ..., False,  True,  True],
       [False, False, False, ...,  True, False, False],
       ...,
       [False, False, False, ...,  True,  True,  True],
       [False, False, False, ...,  True,  True, False],
       [False, False, False, ..., False,  True, False]]), array([[False, False, False, ...,  True, False, False],
       [False, False, False, ..., False,  True, False],
       [False, False, False, ..., False, False,  True],
       ...,
       [False, False, False, ..., False, False,  True],
       [False, False, False, ..., False,  True, False],
       [False, False, False, ...,  True, False,  True]]), array([[False, False, False, ...,  True, False, False],
       [False, False, False, ..., False,  True,  True],
       [False, False, False, ...,  True,  True,  True],
       ...,
       [False, False,  True, ...,  True, False, False],
       [False, False, False, ..., False,  True,  True],
       [False, False, False, ...,  True,  True,  True]]), array([[False, False, False, ...,  True,  True,  True],
       [False, False, False, ...,  True, False, False],
       [False, False, False, ...,  True, False,  True],
       ...,
       [False, False, False, ...,  True, False, False],
       [False, False, False, ..., False,  True, False],
       [False, False, False, ...,  True,  True, False]]), array([[False, False, False, ...,  True, False, False],
       [False, False, False, ...,  True,  True,  True],
       [False, False, False, ...,  True, False,  True],
       ...,
       [False, False, False, ...,  True,  True,  True],
       [False, False,  True, ...,  True,  True,  True],
       [False, False, False, ..., False,  True, False]])]
current batch [[False False False ... False False  True]
 [False False False ... False  True  True]
 [False False False ...  True False False]
 ...
 [False False False ...  True  True  True]
 [False False False ...  True  True False]
 [False False False ... False  True False]]
Batch 0 subspace dimension: 2500
current batch [[False False False ...  True False False]
 [False False False ... False  True False]
 [False False False ... False False  True]
 ...
 [False False False ... False False  True]
 [False False False ... False  True False]
 [False False False ...  True False  True]]
Batch 1 subspace dimension: 2916
current batch [[False False False ...  True False False]
 [False False False ... False  True  True]
 [False False False ...  True  True  True]
 ...
 [False False  True ...  True False False]
 [False False False ... False  True  True]
 [False False False ...  True  True  True]]
Batch 2 subspace dimension: 3136
current batch [[False False False ...  True  True  True]
 [False False False ...  True False False]
 [False False False ...  True False  True]
 ...
 [False False False ...  True False False]
 [False False False ... False  True False]
 [False False False ...  True  True False]]
Batch 3 subspace dimension: 2401
current batch [[False False False ...  True False False]
 [False False False ...  True  True  True]
 [False False False ...  True False  True]
 ...
 [False False False ...  True  True  True]
 [False False  True ...  True  True  True]
 [False False False ... False  True False]]
Batch 4 subspace dimension: 2601


Starting configuration recovery iteration 2
batches [array([[False, False, False, ...,  True,  True, False],
       [False, False, False, ..., False,  True, False],
       [False, False, False, ..., False, False, False],
       ...,
       [False, False, False, ...,  True,  True, False],
       [False, False, False, ...,  True, False, False],
       [False, False, False, ..., False,  True, False]]), array([[False, False, False, ...,  True,  True,  True],
       [False, False, False, ..., False,  True,  True],
       [False, False, False, ...,  True,  True, False],
       ...,
       [False, False, False, ...,  True, False,  True],
       [False, False, False, ..., False,  True, False],
       [False, False, False, ...,  True,  True,  True]]), array([[False, False, False, ...,  True,  True,  True],
       [False, False,  True, ...,  True,  True,  True],
       [False, False, False, ...,  True,  True, False],
       ...,
       [False, False, False, ...,  True,  True, False],
       [False, False, False, ...,  True,  True, False],
       [False, False, False, ..., False, False,  True]]), array([[False, False, False, ...,  True, False, False],
       [False, False, False, ...,  True,  True,  True],
       [False, False, False, ...,  True, False, False],
       ...,
       [False, False, False, ...,  True,  True,  True],
       [False, False, False, ..., False, False, False],
       [False, False, False, ..., False,  True,  True]]), array([[False, False,  True, ..., False,  True, False],
       [False, False, False, ...,  True,  True, False],
       [False, False, False, ..., False,  True, False],
       ...,
       [False, False, False, ..., False, False,  True],
       [False, False, False, ..., False,  True, False],
       [False, False, False, ..., False,  True, False]])]
current batch [[False False False ...  True  True False]
 [False False False ... False  True False]
 [False False False ... False False False]
 ...
 [False False False ...  True  True False]
 [False False False ...  True False False]
 [False False False ... False  True False]]
Batch 0 subspace dimension: 3025
current batch [[False False False ...  True  True  True]
 [False False False ... False  True  True]
 [False False False ...  True  True False]
 ...
 [False False False ...  True False  True]
 [False False False ... False  True False]
 [False False False ...  True  True  True]]
Batch 1 subspace dimension: 2601
current batch [[False False False ...  True  True  True]
 [False False  True ...  True  True  True]
 [False False False ...  True  True False]
 ...
 [False False False ...  True  True False]
 [False False False ...  True  True False]
 [False False False ... False False  True]]
Batch 2 subspace dimension: 2500
current batch [[False False False ...  True False False]
 [False False False ...  True  True  True]
 [False False False ...  True False False]
 ...
 [False False False ...  True  True  True]
 [False False False ... False False False]
 [False False False ... False  True  True]]
Batch 3 subspace dimension: 2209
current batch [[False False  True ... False  True False]
 [False False False ...  True  True False]
 [False False False ... False  True False]
 ...
 [False False False ... False False  True]
 [False False False ... False  True False]
 [False False False ... False  True False]]
Batch 4 subspace dimension: 2704


Starting configuration recovery iteration 3
batches [array([[False, False, False, ...,  True, False,  True],
       [False, False, False, ...,  True, False,  True],
       [ True, False, False, ..., False, False, False],
       ...,
       [False, False, False, ...,  True,  True, False],
       [False, False, False, ...,  True, False, False],
       [False, False, False, ..., False,  True, False]]), array([[False, False, False, ...,  True, False,  True],
       [False, False, False, ..., False, False,  True],
       [False, False, False, ...,  True,  True, False],
       ...,
       [False, False, False, ...,  True,  True, False],
       [False, False, False, ...,  True, False, False],
       [ True, False,  True, ..., False,  True, False]]), array([[False, False,  True, ...,  True, False,  True],
       [False, False, False, ...,  True, False,  True],
       [False, False, False, ...,  True,  True,  True],
       ...,
       [False, False, False, ...,  True, False,  True],
       [False, False, False, ..., False,  True,  True],
       [False, False,  True, ...,  True, False, False]]), array([[False, False, False, ...,  True, False,  True],
       [False, False, False, ...,  True, False, False],
       [False, False, False, ...,  True, False,  True],
       ...,
       [False, False, False, ...,  True,  True, False],
       [False, False, False, ...,  True,  True, False],
       [False, False, False, ...,  True, False, False]]), array([[False, False, False, ...,  True,  True, False],
       [False, False, False, ...,  True,  True, False],
       [False, False, False, ..., False, False,  True],
       ...,
       [False, False, False, ...,  True, False, False],
       [False, False, False, ..., False, False,  True],
       [False, False, False, ...,  True, False,  True]])]
current batch [[False False False ...  True False  True]
 [False False False ...  True False  True]
 [ True False False ... False False False]
 ...
 [False False False ...  True  True False]
 [False False False ...  True False False]
 [False False False ... False  True False]]
Batch 0 subspace dimension: 3025
current batch [[False False False ...  True False  True]
 [False False False ... False False  True]
 [False False False ...  True  True False]
 ...
 [False False False ...  True  True False]
 [False False False ...  True False False]
 [ True False  True ... False  True False]]
Batch 1 subspace dimension: 2601
current batch [[False False  True ...  True False  True]
 [False False False ...  True False  True]
 [False False False ...  True  True  True]
 ...
 [False False False ...  True False  True]
 [False False False ... False  True  True]
 [False False  True ...  True False False]]
Batch 2 subspace dimension: 2916
current batch [[False False False ...  True False  True]
 [False False False ...  True False False]
 [False False False ...  True False  True]
 ...
 [False False False ...  True  True False]
 [False False False ...  True  True False]
 [False False False ...  True False False]]
Batch 3 subspace dimension: 2809
current batch [[False False False ...  True  True False]
 [False False False ...  True  True False]
 [False False False ... False False  True]
 ...
 [False False False ...  True False False]
 [False False False ... False False  True]
 [False False False ...  True False  True]]
Batch 4 subspace dimension: 2916


Starting configuration recovery iteration 4
batches [array([[False, False, False, ...,  True, False, False],
       [False, False, False, ...,  True,  True, False],
       [False, False, False, ...,  True, False, False],
       ...,
       [False, False, False, ...,  True,  True, False],
       [False, False, False, ..., False, False,  True],
       [False, False, False, ..., False,  True, False]]), array([[False, False, False, ..., False,  True,  True],
       [False, False, False, ...,  True,  True, False],
       [False, False, False, ...,  True, False,  True],
       ...,
       [False, False, False, ..., False, False,  True],
       [False, False, False, ...,  True, False,  True],
       [False, False,  True, ...,  True, False, False]]), array([[False, False, False, ...,  True, False, False],
       [False, False, False, ...,  True, False, False],
       [False, False, False, ..., False,  True, False],
       ...,
       [False, False, False, ..., False,  True,  True],
       [False, False, False, ..., False,  True, False],
       [False, False,  True, ..., False, False, False]]), array([[False, False,  True, ..., False,  True, False],
       [False, False, False, ...,  True, False, False],
       [False, False, False, ...,  True, False,  True],
       ...,
       [False, False, False, ...,  True, False, False],
       [False, False, False, ..., False, False,  True],
       [False, False, False, ...,  True,  True,  True]]), array([[False, False, False, ...,  True, False, False],
       [False, False, False, ...,  True, False, False],
       [False, False, False, ...,  True, False, False],
       ...,
       [False, False, False, ...,  True, False, False],
       [False, False, False, ...,  True,  True, False],
       [False, False, False, ..., False, False, False]])]
current batch [[False False False ...  True False False]
 [False False False ...  True  True False]
 [False False False ...  True False False]
 ...
 [False False False ...  True  True False]
 [False False False ... False False  True]
 [False False False ... False  True False]]
Batch 0 subspace dimension: 2304
current batch [[False False False ... False  True  True]
 [False False False ...  True  True False]
 [False False False ...  True False  True]
 ...
 [False False False ... False False  True]
 [False False False ...  True False  True]
 [False False  True ...  True False False]]
Batch 1 subspace dimension: 2601
current batch [[False False False ...  True False False]
 [False False False ...  True False False]
 [False False False ... False  True False]
 ...
 [False False False ... False  True  True]
 [False False False ... False  True False]
 [False False  True ... False False False]]
Batch 2 subspace dimension: 2209
current batch [[False False  True ... False  True False]
 [False False False ...  True False False]
 [False False False ...  True False  True]
 ...
 [False False False ...  True False False]
 [False False False ... False False  True]
 [False False False ...  True  True  True]]
Batch 3 subspace dimension: 2601
current batch [[False False False ...  True False False]
 [False False False ...  True False False]
 [False False False ...  True False False]
 ...
 [False False False ...  True False False]
 [False False False ...  True  True False]
 [False False False ... False False False]]
Batch 4 subspace dimension: 2500

las-lucj-sqd energy is -12.506246357321835
