output file: KD_ls.log
HF energy:  -2649.145550980398
LASSCF energy:  -2649.1523536694403
CASCI with LAS orbital -2649.1537231266193
current fragment 0
converged SCF energy = -5.35796186544569
converged SCF energy = -5.35796186544569

WARN: RCCSD method does not support ROHF method. ROHF object is converted to UHF object and UCCSD method is called.

E(UCCSD) = -5.361685222636731  E_corr = -0.003723357191040997
nelec (3, 0)
current fid 0.9984900819569074
current fid 0.9984900819571109
current fid 0.9984900819570847
current fid 0.998490081956882
current fid 0.9984900819569815
current fid 0.9984900819568238
current fid 0.9984900819569467
current fid 0.9984900819568526
current fid 0.998490081957068
current fid 0.9984900819569722
current fid 0.9984900819569047
current fid 0.9984900819569078
current fid 0.9984900819569094
current fid 0.9984900819569296
current fid 0.9984900819568843
current fid 0.9984900819569196
current fid 0.9984900819569078
current fid 0.9984900819568971
current fid 0.9984900819569384
current fid 0.9984900819568772
current fid 0.9984900819568978
current fid 0.9984900819569371
current fid 0.9984900819569358
current fid 0.9984900819569162
current fid 0.9984900819569058
current fid 0.9984900819569005
current fid 0.9984900819569074
current fid 0.9984900819569074
current fid 0.9984900819569074
current fid 0.9984900819569074
current fid 0.9984900819569074
current fid 0.9984900819569074
current fid 0.9984900819569074
current fid 0.9984900819569074
current fid 0.9984900819569074
current fid 0.9984900819569074
current fid 0.9984900819569074
current fid 0.9984900819569074
current fid 0.9984900819569074
current fid 0.9984900819569074
current fid 0.9984900819569074
current fid 0.9984900819569074
current fid 0.9984900819569074
current fid 0.9984900819569074
current fid 0.9984900819569074
current fid 0.9984900819569074
current fid 0.9984900819569074
current fid 0.9984900819569074
current fid 0.9984900819569074
current fid 0.9984900819569074
current fid 0.9984900819569074
current fid 0.998490081764081
current fid 0.9984900819573866
current fid 0.9984900819574011
current fid 0.9984900817640957
current fid 0.9984900819569074
current fid 0.9984900819569074
current fid 0.9984900819569074
current fid 0.9984900819569074
current fid 0.9984900819569074
current fid 0.9984900819569074
current fid 0.9984900819572742
current fid 0.9984900819569129
current fid 0.998490081959143
current fid 0.9984900819567454
current fid 0.9984900819569051
current fid 0.998490081977458
current fid 0.9984900819552098
current fid 0.998490081958553
current fid 0.9984900819785395
current fid 0.9984900819569054
current fid 0.9984900819569047
current fid 0.9984900819569071
current fid 0.9984900819569047
current fid 0.9984900819569065
current fid 0.9984900819569058
current fid 0.9984900819569071
current fid 0.9984900819569051
current fid 0.998490081956908
current fid 0.9984900819569056
current fid 0.9984900819569067
current fid 0.9984900819569058
current fid 0.9984900819569049
current fid 0.9984900819569056
current fid 0.9984900819569045
current fid 0.9984900819569051
current fid 0.9984900819569074
current fid 0.9984900819569074
current fid 0.9984900819569074
current fid 0.9984900819569074
current fid 0.9984900819569074
current fid 0.9984900819569074
current fid 0.9984900819569074
current fid 0.9984900819569074
current fid 0.9984900819569074
current fid 0.9984900819569074
current fid 0.9984900819569074
current fid 0.9984900819569074
current fid 0.9984900819569074
current fid 0.9984900819569074
current fid 0.9984900819569074
current fid 0.9984900819569074
current fid 0.9984900819569074
current fid 0.9984900819569074
current fid 0.9984900819569074
current fid 0.9984900819569074
current fid 0.9984900819569074
current fid 0.9984900819569074
current fid 0.9984900819569074
current fid 0.9984900819569074
current fid 0.9984900819569074
current fid 0.8989019152588184
current fid 0.8989019152107641
current fid 0.8989019151718642
current fid 0.8989019150352503
current fid 0.8989019154972807
current fid 0.8989019152123034
current fid 0.898901915197195
current fid 0.8989019149002203
current fid 0.8989019155219976
current fid 0.8989019154012852
current fid 0.8989019152805724
current fid 0.8989019152454376
current fid 0.8989019152306098
current fid 0.8989019153064184
current fid 0.8989019151799621
current fid 0.8989019152719463
current fid 0.8989019152719048
current fid 0.8989019152367845
current fid 0.8989019153367457
current fid 0.8989019151046291
current fid 0.898901915238892
current fid 0.898901915392141
current fid 0.89890191539994
current fid 0.8989019153031228
current fid 0.8989019152533162
current fid 0.8989019152347364
current fid 0.8989019152588184
current fid 0.8989019152588184
current fid 0.8989019152588184
current fid 0.8989019152588184
current fid 0.8989019152588184
current fid 0.8989019152588184
current fid 0.8989019152588184
current fid 0.8989019152588184
current fid 0.8989019152588184
current fid 0.8989019152588184
current fid 0.8989019152588184
current fid 0.8989019152588184
current fid 0.8989019152588184
current fid 0.8989019152588184
current fid 0.8989019152588184
current fid 0.8989019152588184
current fid 0.8989019152588184
current fid 0.8989019152588184
current fid 0.8989019152588184
current fid 0.8989019152588184
current fid 0.8989019152588184
current fid 0.8989019152588184
current fid 0.8989019152588184
current fid 0.8989019152588184
current fid 0.8989019152588184
current fid 0.898901916684318
current fid 0.8989019152329187
current fid 0.8989019152313237
current fid 0.8989019166826445
current fid 0.8989019152588184
current fid 0.8989019152588184
current fid 0.8989019152588184
current fid 0.8989019152588184
current fid 0.8989019152588184
current fid 0.8989019152588184
current fid 0.8989019152303129
current fid 0.8989019152583441
current fid 0.8989019151783342
current fid 0.8989019152658372
current fid 0.8989019152583344
current fid 0.8989019144772069
current fid 0.8989019153335931
current fid 0.898901915189723
current fid 0.8989019143859939
current fid 0.8989019152593087
current fid 0.8989019152588211
current fid 0.8989019152588303
current fid 0.8989019152588167
current fid 0.8989019152585423
current fid 0.8989019152573013
current fid 0.8989019152588548
current fid 0.8989019152588495
current fid 0.8989019152563938
current fid 0.8989019152438865
current fid 0.8989019152588777
current fid 0.8989019152738664
current fid 0.8989019152560652
current fid 0.8989019152587826
current fid 0.898901915258842
current fid 0.8989019152587622
current fid 0.8989019152588184
current fid 0.8989019152588184
current fid 0.8989019152588184
current fid 0.8989019152588184
current fid 0.8989019152588184
current fid 0.8989019152588184
current fid 0.8989019152588184
current fid 0.8989019152588184
current fid 0.8989019152588184
current fid 0.8989019152588184
current fid 0.8989019152588184
current fid 0.8989019152588184
current fid 0.8989019152588184
current fid 0.8989019152588184
current fid 0.8989019152588184
current fid 0.8989019152588184
current fid 0.8989019152588184
current fid 0.8989019152588184
current fid 0.8989019152588184
current fid 0.8989019152588184
current fid 0.8989019152588184
current fid 0.8989019152588184
current fid 0.8989019152588184
current fid 0.8989019152588184
current fid 0.8989019152588184
current fid 0.9998865273321427
current fid 0.9998865273303917
current fid 0.9998865273302041
current fid 0.9998865273301875
current fid 0.9998865273339052
current fid 0.9998865273322257
current fid 0.9998865273313013
current fid 0.9998865273291037
current fid 0.9998865273335861
current fid 0.9998865273330774
current fid 0.9998865273323758
current fid 0.9998865273320239
current fid 0.9998865273318529
current fid 0.9998865273324442
current fid 0.9998865273315327
current fid 0.9998865273321744
current fid 0.9998865273322477
current fid 0.9998865273319855
current fid 0.9998865273326807
current fid 0.9998865273308851
current fid 0.9998865273319935
current fid 0.9998865273331853
current fid 0.9998865273332868
current fid 0.9998865273324686
current fid 0.9998865273320916
current fid 0.9998865273319497
current fid 0.9998865273321427
current fid 0.9998865273321427
current fid 0.9998865273321427
current fid 0.9998865273321427
current fid 0.9998865273321427
current fid 0.9998865273321427
current fid 0.9998865273321427
current fid 0.9998865273321427
current fid 0.9998865273321427
current fid 0.9998865273321427
current fid 0.9998865273321427
current fid 0.9998865273321427
current fid 0.9998865273321427
current fid 0.9998865273321427
current fid 0.9998865273321427
current fid 0.9998865273321427
current fid 0.9998865273321427
current fid 0.9998865273321427
current fid 0.9998865273321427
current fid 0.9998865273321427
current fid 0.9998865273321427
current fid 0.9998865273321427
current fid 0.9998865273321427
current fid 0.9998865273321427
current fid 0.9998865273321427
current fid 0.9998865273130353
current fid 0.9998865273285265
current fid 0.9998865273283764
current fid 0.9998865273128836
current fid 0.9998865273321427
current fid 0.9998865273321427
current fid 0.9998865273321427
current fid 0.9998865273321427
current fid 0.9998865273321427
current fid 0.9998865273321427
current fid 0.9998865273295295
current fid 0.9998865273321031
current fid 0.9998865273187435
current fid 0.9998865273332663
current fid 0.9998865273321342
current fid 0.9998865272137298
current fid 0.9998865273431716
current fid 0.9998865273215282
current fid 0.9998865272065869
current fid 0.9998865273321487
current fid 0.9998865273321416
current fid 0.9998865273321431
current fid 0.9998865273321391
current fid 0.9998865273321436
current fid 0.9998865273319919
current fid 0.9998865273321402
current fid 0.9998865273321424
current fid 0.9998865273320976
current fid 0.9998865273308132
current fid 0.9998865273321396
current fid 0.9998865273334351
current fid 0.9998865273321149
current fid 0.9998865273321418
current fid 0.9998865273321391
current fid 0.99988652733214
current fid 0.9998865273321427
current fid 0.9998865273321427
current fid 0.9998865273321427
current fid 0.9998865273321427
current fid 0.9998865273321427
current fid 0.9998865273321427
current fid 0.9998865273321427
current fid 0.9998865273321427
current fid 0.9998865273321427
current fid 0.9998865273321427
current fid 0.9998865273321427
current fid 0.9998865273321427
current fid 0.9998865273321427
current fid 0.9998865273321427
current fid 0.9998865273321427
current fid 0.9998865273321427
current fid 0.9998865273321427
current fid 0.9998865273321427
current fid 0.9998865273321427
current fid 0.9998865273321427
current fid 0.9998865273321427
current fid 0.9998865273321427
current fid 0.9998865273321427
current fid 0.9998865273321427
current fid 0.9998865273321427
current fid 0.9988384781475971
current fid 0.9988384781466011
current fid 0.998838478148789
current fid 0.9988384781566422
current fid 0.9988384781365723
current fid 0.9988384781504616
current fid 0.9988384781500446
current fid 0.9988384781626722
current fid 0.9988384781345733
current fid 0.9988384781414349
current fid 0.9988384781470858
current fid 0.9988384781481532
current fid 0.998838478148787
current fid 0.9988384781453873
current fid 0.9988384781511498
current fid 0.998838478146757
current fid 0.9988384781470372
current fid 0.9988384781485793
current fid 0.9988384781444175
current fid 0.9988384781543238
current fid 0.9988384781485051
current fid 0.9988384781415679
current fid 0.9988384781416135
current fid 0.9988384781456371
current fid 0.9988384781479543
current fid 0.998838478148673
current fid 0.9988384781475971
current fid 0.9988384781475971
current fid 0.9988384781475971
current fid 0.9988384781475971
current fid 0.9988384781475971
current fid 0.9988384781475971
current fid 0.9988384781475971
current fid 0.9988384781475971
current fid 0.9988384781475971
current fid 0.9988384781475971
current fid 0.9988384781475971
current fid 0.9988384781475971
current fid 0.9988384781475971
current fid 0.9988384781475971
current fid 0.9988384781475971
current fid 0.9988384781475971
current fid 0.9988384781475971
current fid 0.9988384781475971
current fid 0.9988384781475971
current fid 0.9988384781475971
current fid 0.9988384781475971
current fid 0.9988384781475971
current fid 0.9988384781475971
current fid 0.9988384781475971
current fid 0.9988384781475971
current fid 0.9988384781942153
current fid 0.9988384781656604
current fid 0.9988384781664601
current fid 0.9988384781950687
current fid 0.9988384781475971
current fid 0.9988384781475971
current fid 0.9988384781475971
current fid 0.9988384781475971
current fid 0.9988384781475971
current fid 0.9988384781475971
current fid 0.9988384781438256
current fid 0.998838478147534
current fid 0.9988384781974369
current fid 0.9988384781422962
current fid 0.9988384781474853
current fid 0.998838478566553
current fid 0.9988384781016257
current fid 0.9988384781915051
current fid 0.9988384785973005
current fid 0.9988384781477145
current fid 0.9988384781475993
current fid 0.9988384781475931
current fid 0.9988384781476031
current fid 0.9988384781473109
current fid 0.9988384781493727
current fid 0.9988384781475906
current fid 0.9988384781476046
current fid 0.9988384781470696
current fid 0.9988384781610454
current fid 0.9988384781475902
current fid 0.9988384781344541
current fid 0.998838478146948
current fid 0.9988384781476062
current fid 0.9988384781475997
current fid 0.9988384781476082
current fid 0.9988384781475971
current fid 0.9988384781475971
current fid 0.9988384781475971
current fid 0.9988384781475971
current fid 0.9988384781475971
current fid 0.9988384781475971
current fid 0.9988384781475971
current fid 0.9988384781475971
current fid 0.9988384781475971
current fid 0.9988384781475971
current fid 0.9988384781475971
current fid 0.9988384781475971
current fid 0.9988384781475971
current fid 0.9988384781475971
current fid 0.9988384781475971
current fid 0.9988384781475971
current fid 0.9988384781475971
current fid 0.9988384781475971
current fid 0.9988384781475971
current fid 0.9988384781475971
current fid 0.9988384781475971
current fid 0.9988384781475971
current fid 0.9988384781475971
current fid 0.9988384781475971
current fid 0.9988384781475971
current fid 0.9999810891909896
current fid 0.9999810891893585
current fid 0.999981089189527
current fid 0.9999810891908464
current fid 0.9999810891906321
current fid 0.9999810891915769
current fid 0.9999810891906881
current fid 0.999981089190925
current fid 0.9999810891900315
current fid 0.9999810891907485
current fid 0.9999810891910562
current fid 0.9999810891909865
current fid 0.9999810891909436
current fid 0.9999810891908797
current fid 0.9999810891910627
current fid 0.9999810891908761
current fid 0.9999810891909932
current fid 0.99998108919102
current fid 0.9999810891909143
current fid 0.9999810891910551
current fid 0.9999810891910216
current fid 0.9999810891908688
current fid 0.999981089190961
current fid 0.9999810891909352
current fid 0.9999810891910129
current fid 0.999981089191006
current fid 0.9999810891909896
current fid 0.9999810891909896
current fid 0.9999810891909896
current fid 0.9999810891909896
current fid 0.9999810891909896
current fid 0.9999810891909896
current fid 0.9999810891909896
current fid 0.9999810891909896
current fid 0.9999810891909896
current fid 0.9999810891909896
current fid 0.9999810891909896
current fid 0.9999810891909896
current fid 0.9999810891909896
current fid 0.9999810891909896
current fid 0.9999810891909896
current fid 0.9999810891909896
current fid 0.9999810891909896
current fid 0.9999810891909896
current fid 0.9999810891909896
current fid 0.9999810891909896
current fid 0.9999810891909896
current fid 0.9999810891909896
current fid 0.9999810891909896
current fid 0.9999810891909896
current fid 0.9999810891909896
current fid 0.9999810891872347
current fid 0.9999810891922255
current fid 0.9999810891923012
current fid 0.9999810891873187
current fid 0.9999810891909896
current fid 0.9999810891909896
current fid 0.9999810891909896
current fid 0.9999810891909896
current fid 0.9999810891909896
current fid 0.9999810891909896
current fid 0.9999810891881236
current fid 0.999981089190951
current fid 0.9999810891918272
current fid 0.9999810891906794
current fid 0.9999810891909892
current fid 0.99998108919349
current fid 0.9999810891891988
current fid 0.999981089192637
current fid 0.9999810891947057
current fid 0.99998108919099
current fid 0.9999810891909883
current fid 0.9999810891909907
current fid 0.9999810891909907
current fid 0.9999810891909416
current fid 0.9999810891912574
current fid 0.9999810891909896
current fid 0.9999810891909892
current fid 0.9999810891908828
current fid 0.9999810891929196
current fid 0.999981089190992
current fid 0.9999810891891171
current fid 0.9999810891908688
current fid 0.9999810891909887
current fid 0.9999810891909889
current fid 0.9999810891909894
current fid 0.9999810891909896
current fid 0.9999810891909896
current fid 0.9999810891909896
current fid 0.9999810891909896
current fid 0.9999810891909896
current fid 0.9999810891909896
current fid 0.9999810891909896
current fid 0.9999810891909896
current fid 0.9999810891909896
current fid 0.9999810891909896
current fid 0.9999810891909896
current fid 0.9999810891909896
current fid 0.9999810891909896
current fid 0.9999810891909896
current fid 0.9999810891909896
current fid 0.9999810891909896
current fid 0.9999810891909896
current fid 0.9999810891909896
current fid 0.9999810891909896
current fid 0.9999810891909896
current fid 0.9999810891909896
current fid 0.9999810891909896
current fid 0.9999810891909896
current fid 0.9999810891909896
current fid 0.9999810891909896
current fid 0.9999818097167893
current fid 0.9999818097151397
current fid 0.9999818097152805
current fid 0.9999818097166507
current fid 0.9999818097165801
current fid 0.9999818097173602
current fid 0.9999818097163514
current fid 0.9999818097166607
current fid 0.9999818097159393
current fid 0.9999818097164791
current fid 0.9999818097168544
current fid 0.9999818097167895
current fid 0.999981809716716
current fid 0.9999818097166892
current fid 0.9999818097168399
current fid 0.9999818097167027
current fid 0.9999818097167957
current fid 0.9999818097168304
current fid 0.9999818097166618
current fid 0.9999818097167913
current fid 0.9999818097168142
current fid 0.9999818097167558
current fid 0.9999818097167695
current fid 0.9999818097167538
current fid 0.9999818097167875
current fid 0.9999818097168002
current fid 0.9999818097167893
current fid 0.9999818097167893
current fid 0.9999818097167893
current fid 0.9999818097167893
current fid 0.9999818097167893
current fid 0.9999818097167893
current fid 0.9999818097167893
current fid 0.9999818097167893
current fid 0.9999818097167893
current fid 0.9999818097167893
current fid 0.9999818097167893
current fid 0.9999818097167893
current fid 0.9999818097167893
current fid 0.9999818097167893
current fid 0.9999818097167893
current fid 0.9999818097167893
current fid 0.9999818097167893
current fid 0.9999818097167893
current fid 0.9999818097167893
current fid 0.9999818097167893
current fid 0.9999818097167893
current fid 0.9999818097167893
current fid 0.9999818097167893
current fid 0.9999818097167893
current fid 0.9999818097167893
current fid 0.9999818097168268
current fid 0.9999818097162688
current fid 0.9999818097161967
current fid 0.9999818097167618
current fid 0.9999818097167893
current fid 0.9999818097167893
current fid 0.9999818097167893
current fid 0.9999818097167893
current fid 0.9999818097167893
current fid 0.9999818097167893
current fid 0.9999818097138656
current fid 0.9999818097167507
current fid 0.9999818097167187
current fid 0.9999818097168945
current fid 0.9999818097167882
current fid 0.9999818097170144
current fid 0.9999818097174268
current fid 0.9999818097162642
current fid 0.999981809716766
current fid 0.9999818097167902
current fid 0.9999818097167891
current fid 0.9999818097167875
current fid 0.9999818097167893
current fid 0.9999818097167944
current fid 0.999981809716667
current fid 0.9999818097167906
current fid 0.9999818097167902
current fid 0.9999818097168133
current fid 0.9999818097157612
current fid 0.9999818097167911
current fid 0.9999818097177459
current fid 0.999981809716815
current fid 0.9999818097167908
current fid 0.9999818097167902
current fid 0.99998180971679
current fid 0.9999818097167893
current fid 0.9999818097167893
current fid 0.9999818097167893
current fid 0.9999818097167893
current fid 0.9999818097167893
current fid 0.9999818097167893
current fid 0.9999818097167893
current fid 0.9999818097167893
current fid 0.9999818097167893
current fid 0.9999818097167893
current fid 0.9999818097167893
current fid 0.9999818097167893
current fid 0.9999818097167893
current fid 0.9999818097167893
current fid 0.9999818097167893
current fid 0.9999818097167893
current fid 0.9999818097167893
current fid 0.9999818097167893
current fid 0.9999818097167893
current fid 0.9999818097167893
current fid 0.9999818097167893
current fid 0.9999818097167893
current fid 0.9999818097167893
current fid 0.9999818097167893
current fid 0.9999818097167893
current fid 0.9999820046933291
current fid 0.9999820046916511
current fid 0.9999820046918241
current fid 0.9999820046930975
current fid 0.9999820046930169
current fid 0.9999820046939151
current fid 0.9999820046930393
current fid 0.9999820046931435
current fid 0.9999820046924098
current fid 0.9999820046931546
current fid 0.9999820046933999
current fid 0.9999820046933138
current fid 0.9999820046932669
current fid 0.9999820046932221
current fid 0.9999820046933731
current fid 0.9999820046932074
current fid 0.999982004693332
current fid 0.9999820046933449
current fid 0.9999820046932807
current fid 0.9999820046933566
current fid 0.9999820046933566
current fid 0.9999820046932252
current fid 0.9999820046933582
current fid 0.999982004693288
current fid 0.9999820046933566
current fid 0.9999820046933326
current fid 0.9999820046933291
current fid 0.9999820046933291
current fid 0.9999820046933291
current fid 0.9999820046933291
current fid 0.9999820046933291
current fid 0.9999820046933291
current fid 0.9999820046933291
current fid 0.9999820046933291
current fid 0.9999820046933291
current fid 0.9999820046933291
current fid 0.9999820046933291
current fid 0.9999820046933291
current fid 0.9999820046933291
current fid 0.9999820046933291
current fid 0.9999820046933291
current fid 0.9999820046933291
current fid 0.9999820046933291
current fid 0.9999820046933291
current fid 0.9999820046933291
current fid 0.9999820046933291
current fid 0.9999820046933291
current fid 0.9999820046933291
current fid 0.9999820046933291
current fid 0.9999820046933291
current fid 0.9999820046933291
current fid 0.9999820046938283
current fid 0.9999820046948419
current fid 0.999982004695081
current fid 0.9999820046940772
current fid 0.9999820046933291
current fid 0.9999820046933291
current fid 0.9999820046933291
current fid 0.9999820046933291
current fid 0.9999820046933291
current fid 0.9999820046933291
current fid 0.9999820046904158
current fid 0.9999820046932891
current fid 0.9999820046933757
current fid 0.9999820046930338
current fid 0.9999820046933282
current fid 0.9999820046923261
current fid 0.9999820046915336
current fid 0.9999820046947202
current fid 0.999982004692818
current fid 0.9999820046933291
current fid 0.9999820046933309
current fid 0.9999820046933269
current fid 0.9999820046933293
current fid 0.9999820046933107
current fid 0.9999820046936955
current fid 0.9999820046933284
current fid 0.9999820046933289
current fid 0.9999820046932949
current fid 0.9999820046964408
current fid 0.9999820046933302
current fid 0.9999820046904675
current fid 0.9999820046933069
current fid 0.9999820046933289
current fid 0.9999820046933302
current fid 0.9999820046933262
current fid 0.9999820046933291
current fid 0.9999820046933291
current fid 0.9999820046933291
current fid 0.9999820046933291
current fid 0.9999820046933291
current fid 0.9999820046933291
current fid 0.9999820046933291
current fid 0.9999820046933291
current fid 0.9999820046933291
current fid 0.9999820046933291
current fid 0.9999820046933291
current fid 0.9999820046933291
current fid 0.9999820046933291
current fid 0.9999820046933291
current fid 0.9999820046933291
current fid 0.9999820046933291
current fid 0.9999820046933291
current fid 0.9999820046933291
current fid 0.9999820046933291
current fid 0.9999820046933291
current fid 0.9999820046933291
current fid 0.9999820046933291
current fid 0.9999820046933291
current fid 0.9999820046933291
current fid 0.9999820046933291
current fid 0.9999823990101513
current fid 0.999982399008482
current fid 0.9999823990086618
current fid 0.9999823990098893
current fid 0.999982399009812
current fid 0.9999823990107437
current fid 0.999982399009905
current fid 0.9999823990099568
current fid 0.9999823990092298
current fid 0.9999823990100174
current fid 0.9999823990102228
current fid 0.9999823990101382
current fid 0.9999823990101036
current fid 0.9999823990100509
current fid 0.9999823990101928
current fid 0.9999823990100247
current fid 0.9999823990101568
current fid 0.9999823990101651
current fid 0.9999823990101351
current fid 0.9999823990101864
current fid 0.9999823990101793
current fid 0.9999823990100323
current fid 0.9999823990101928
current fid 0.9999823990101111
current fid 0.9999823990101884
current fid 0.9999823990101606
current fid 0.9999823990101513
current fid 0.9999823990101513
current fid 0.9999823990101513
current fid 0.9999823990101513
current fid 0.9999823990101513
current fid 0.9999823990101513
current fid 0.9999823990101513
current fid 0.9999823990101513
current fid 0.9999823990101513
current fid 0.9999823990101513
current fid 0.9999823990101513
current fid 0.9999823990101513
current fid 0.9999823990101513
current fid 0.9999823990101513
current fid 0.9999823990101513
current fid 0.9999823990101513
current fid 0.9999823990101513
current fid 0.9999823990101513
current fid 0.9999823990101513
current fid 0.9999823990101513
current fid 0.9999823990101513
current fid 0.9999823990101513
current fid 0.9999823990101513
current fid 0.9999823990101513
current fid 0.9999823990101513
current fid 0.9999823990109511
current fid 0.9999823990122423
current fid 0.9999823990124717
current fid 0.9999823990111947
current fid 0.9999823990101513
current fid 0.9999823990101513
current fid 0.9999823990101513
current fid 0.9999823990101513
current fid 0.9999823990101513
current fid 0.9999823990101513
current fid 0.999982399007274
current fid 0.999982399010118
current fid 0.9999823990102892
current fid 0.9999823990097496
current fid 0.9999823990101537
current fid 0.9999823990086467
current fid 0.9999823990077696
current fid 0.9999823990121512
current fid 0.9999823990095136
current fid 0.9999823990101524
current fid 0.9999823990101526
current fid 0.9999823990101535
current fid 0.999982399010152
current fid 0.9999823990101184
current fid 0.999982399010646
current fid 0.9999823990101546
current fid 0.9999823990101546
current fid 0.9999823990100856
current fid 0.9999823990142642
current fid 0.9999823990101537
current fid 0.9999823990062735
current fid 0.9999823990100944
current fid 0.9999823990101526
current fid 0.999982399010152
current fid 0.9999823990101528
current fid 0.9999823990101513
current fid 0.9999823990101513
current fid 0.9999823990101513
current fid 0.9999823990101513
current fid 0.9999823990101513
current fid 0.9999823990101513
current fid 0.9999823990101513
current fid 0.9999823990101513
current fid 0.9999823990101513
current fid 0.9999823990101513
current fid 0.9999823990101513
current fid 0.9999823990101513
current fid 0.9999823990101513
current fid 0.9999823990101513
current fid 0.9999823990101513
current fid 0.9999823990101513
current fid 0.9999823990101513
current fid 0.9999823990101513
current fid 0.9999823990101513
current fid 0.9999823990101513
current fid 0.9999823990101513
current fid 0.9999823990101513
current fid 0.9999823990101513
current fid 0.9999823990101513
current fid 0.9999823990101513
current fid 0.9999836957999524
current fid 0.9999836957983297
current fid 0.9999836957985297
current fid 0.9999836957995853
current fid 0.9999836957995163
current fid 0.9999836958005419
current fid 0.99998369579988
current fid 0.999983695799721
current fid 0.9999836957990149
current fid 0.9999836957999721
current fid 0.9999836958000341
current fid 0.9999836957999295
current fid 0.9999836957999335
current fid 0.9999836957998613
current fid 0.9999836957999844
current fid 0.9999836957997992
current fid 0.9999836957999593
current fid 0.9999836957999488
current fid 0.9999836958000459
current fid 0.9999836958000197
current fid 0.9999836957999901
current fid 0.9999836957997783
current fid 0.9999836958000379
current fid 0.9999836957999206
current fid 0.9999836958000206
current fid 0.999983695799963
current fid 0.9999836957999524
current fid 0.9999836957999524
current fid 0.9999836957999524
current fid 0.9999836957999524
current fid 0.9999836957999524
current fid 0.9999836957999524
current fid 0.9999836957999524
current fid 0.9999836957999524
current fid 0.9999836957999524
current fid 0.9999836957999524
current fid 0.9999836957999524
current fid 0.9999836957999524
current fid 0.9999836957999524
current fid 0.9999836957999524
current fid 0.9999836957999524
current fid 0.9999836957999524
current fid 0.9999836957999524
current fid 0.9999836957999524
current fid 0.9999836957999524
current fid 0.9999836957999524
current fid 0.9999836957999524
current fid 0.9999836957999524
current fid 0.9999836957999524
current fid 0.9999836957999524
current fid 0.9999836957999524
current fid 0.9999836958019608
current fid 0.9999836958043529
current fid 0.9999836958045438
current fid 0.9999836958021742
current fid 0.9999836957999524
current fid 0.9999836957999524
current fid 0.9999836957999524
current fid 0.9999836957999524
current fid 0.9999836957999524
current fid 0.9999836957999524
current fid 0.9999836957972004
current fid 0.9999836957999244
current fid 0.9999836958004413
current fid 0.9999836957991246
current fid 0.9999836957999526
current fid 0.9999836957964414
current fid 0.9999836957952133
current fid 0.9999836958043764
current fid 0.999983695798802
current fid 0.9999836957999508
current fid 0.9999836957999524
current fid 0.9999836957999537
current fid 0.999983695799953
current fid 0.9999836957998629
current fid 0.999983695800954
current fid 0.999983695799955
current fid 0.9999836957999524
current fid 0.9999836957997543
current fid 0.9999836958080636
current fid 0.9999836957999544
current fid 0.9999836957920077
current fid 0.9999836957997554
current fid 0.99998369579995
current fid 0.9999836957999522
current fid 0.9999836957999526
current fid 0.9999836957999524
current fid 0.9999836957999524
current fid 0.9999836957999524
current fid 0.9999836957999524
current fid 0.9999836957999524
current fid 0.9999836957999524
current fid 0.9999836957999524
current fid 0.9999836957999524
current fid 0.9999836957999524
current fid 0.9999836957999524
current fid 0.9999836957999524
current fid 0.9999836957999524
current fid 0.9999836957999524
current fid 0.9999836957999524
current fid 0.9999836957999524
current fid 0.9999836957999524
current fid 0.9999836957999524
current fid 0.9999836957999524
current fid 0.9999836957999524
current fid 0.9999836957999524
current fid 0.9999836957999524
current fid 0.9999836957999524
current fid 0.9999836957999524
current fid 0.9999836957999524
current fid 0.9999836957999524
current fid 0.9999893743655509
current fid 0.9999893743642739
current fid 0.99998937436453
current fid 0.9999893743650695
current fid 0.9999893743649951
current fid 0.9999893743660572
current fid 0.9999893743658465
current fid 0.9999893743651797
current fid 0.9999893743646743
current fid 0.9999893743658937
current fid 0.9999893743656224
current fid 0.9999893743655149
current fid 0.999989374365572
current fid 0.9999893743654927
current fid 0.99998937436557
current fid 0.9999893743653615
current fid 0.9999893743655682
current fid 0.99998937436551
current fid 0.9999893743658396
current fid 0.999989374365634
current fid 0.9999893743656011
current fid 0.9999893743652611
current fid 0.9999893743657379
current fid 0.9999893743655343
current fid 0.9999893743656793
current fid 0.9999893743655565
current fid 0.9999893743655509
current fid 0.9999893743655509
current fid 0.9999893743655509
current fid 0.9999893743655509
current fid 0.9999893743655509
current fid 0.9999893743655509
current fid 0.9999893743655509
current fid 0.9999893743655509
current fid 0.9999893743655509
current fid 0.9999893743655509
current fid 0.9999893743655509
current fid 0.9999893743655509
current fid 0.9999893743655509
current fid 0.9999893743655509
current fid 0.9999893743655509
current fid 0.9999893743655509
current fid 0.9999893743655509
current fid 0.9999893743655509
current fid 0.9999893743655509
current fid 0.9999893743655509
current fid 0.9999893743655509
current fid 0.9999893743655509
current fid 0.9999893743655509
current fid 0.9999893743655509
current fid 0.9999893743655509
current fid 0.9999893743690283
current fid 0.9999893743730521
current fid 0.9999893743746631
current fid 0.999989374370697
current fid 0.9999893743655509
current fid 0.9999893743655509
current fid 0.9999893743655509
current fid 0.9999893743655509
current fid 0.9999893743655509
current fid 0.9999893743655509
current fid 0.9999893743635165
current fid 0.9999893743655744
current fid 0.9999893743662268
current fid 0.9999893743639138
current fid 0.9999893743655509
current fid 0.999989374359377
current fid 0.9999893743558311
current fid 0.9999893743725199
current fid 0.9999893743628187
current fid 0.9999893743655527
current fid 0.9999893743655516
current fid 0.9999893743655576
current fid 0.9999893743655625
current fid 0.9999893743653999
current fid 0.9999893743674605
current fid 0.999989374365556
current fid 0.9999893743655514
current fid 0.9999893743652452
current fid 0.9999893743813513
current fid 0.9999893743655549
current fid 0.9999893743514715
current fid 0.9999893743652947
current fid 0.999989374365546
current fid 0.9999893743655489
current fid 0.9999893743655478
current fid 0.9999893743655509
current fid 0.9999893743655509
current fid 0.9999893743655509
current fid 0.9999893743655509
current fid 0.9999893743655509
current fid 0.9999893743655509
current fid 0.9999893743655509
current fid 0.9999893743655509
current fid 0.9999893743655509
current fid 0.9999893743655509
current fid 0.9999893743655509
current fid 0.9999893743655509
current fid 0.9999893743655509
current fid 0.9999893743655509
current fid 0.9999893743655509
current fid 0.9999893743655509
current fid 0.9999893743655509
current fid 0.9999893743655509
current fid 0.9999893743655509
current fid 0.9999893743655509
current fid 0.9999893743655509
current fid 0.9999893743655509
current fid 0.9999893743655509
current fid 0.9999893743655509
current fid 0.9999893743655509
current fid 0.9999958158083823
current fid 0.9999958158078545
current fid 0.9999958158079475
current fid 0.9999958158074881
current fid 0.9999958158077958
current fid 0.9999958158086683
current fid 0.9999958158088352
current fid 0.9999958158088188
current fid 0.9999958158083434
current fid 0.9999958158087411
current fid 0.9999958158084906
current fid 0.9999958158083014
current fid 0.999995815808474
current fid 0.99999581580842
current fid 0.9999958158082404
current fid 0.9999958158082457
current fid 0.9999958158083665
current fid 0.9999958158083516
current fid 0.9999958158087935
current fid 0.9999958158087644
current fid 0.9999958158083803
current fid 0.99999581580837
current fid 0.9999958158084575
current fid 0.9999958158084356
current fid 0.9999958158085086
current fid 0.999995815808422
current fid 0.9999958158083823
current fid 0.9999958158083823
current fid 0.9999958158083823
current fid 0.9999958158083823
current fid 0.9999958158083823
current fid 0.9999958158083823
current fid 0.9999958158083823
current fid 0.9999958158083823
current fid 0.9999958158083823
current fid 0.9999958158083823
current fid 0.9999958158083823
current fid 0.9999958158083823
current fid 0.9999958158083823
current fid 0.9999958158083823
current fid 0.9999958158083823
current fid 0.9999958158083823
current fid 0.9999958158083823
current fid 0.9999958158083823
current fid 0.9999958158083823
current fid 0.9999958158083823
current fid 0.9999958158083823
current fid 0.9999958158083823
current fid 0.9999958158083823
current fid 0.9999958158083823
current fid 0.9999958158083823
current fid 0.9999958158185854
current fid 0.9999958158219427
current fid 0.9999958158113215
current fid 0.9999958158080252
current fid 0.9999958158083823
current fid 0.9999958158083823
current fid 0.9999958158083823
current fid 0.9999958158083823
current fid 0.9999958158083823
current fid 0.9999958158083823
current fid 0.9999958158076664
current fid 0.9999958158084946
current fid 0.9999958158099173
current fid 0.9999958158075558
current fid 0.9999958158083774
current fid 0.9999958157994464
current fid 0.9999958158086909
current fid 0.9999958158261276
current fid 0.9999958158078898
current fid 0.9999958158083849
current fid 0.9999958158083816
current fid 0.9999958158083951
current fid 0.9999958158084065
current fid 0.9999958158081607
current fid 0.9999958158098615
current fid 0.9999958158083891
current fid 0.9999958158083814
current fid 0.9999958158077257
current fid 0.9999958158168997
current fid 0.9999958158083925
current fid 0.9999958157879669
current fid 0.9999958158075098
current fid 0.9999958158083729
current fid 0.9999958158083796
current fid 0.9999958158083725
current fid 0.9999958158083823
current fid 0.9999958158083823
current fid 0.9999958158083823
current fid 0.9999958158083823
current fid 0.9999958158083823
current fid 0.9999958158083823
current fid 0.9999958158083823
current fid 0.9999958158083823
current fid 0.9999958158083823
current fid 0.9999958158083823
current fid 0.9999958158083823
current fid 0.9999958158083823
current fid 0.9999958158083823
current fid 0.9999958158083823
current fid 0.9999958158083823
current fid 0.9999958158083823
current fid 0.9999958158083823
current fid 0.9999958158083823
current fid 0.9999958158083823
current fid 0.9999958158083823
current fid 0.9999958158083823
current fid 0.9999958158083823
current fid 0.9999958158083823
current fid 0.9999958158083823
current fid 0.9999958158083823
current fid 0.9999844586267203
current fid 0.9999844586272418
current fid 0.9999844586279337
current fid 0.9999844586285603
current fid 0.9999844586270449
current fid 0.9999844586265784
current fid 0.9999844586270675
current fid 0.9999844586236589
current fid 0.9999844586252035
current fid 0.9999844586273064
current fid 0.9999844586264929
current fid 0.9999844586268464
current fid 0.9999844586266394
current fid 0.9999844586265795
current fid 0.9999844586271976
current fid 0.9999844586266972
current fid 0.9999844586268424
current fid 0.9999844586266032
current fid 0.999984458626772
current fid 0.999984458625503
current fid 0.9999844586268894
current fid 0.9999844586256378
current fid 0.9999844586270507
current fid 0.9999844586264751
current fid 0.9999844586267409
current fid 0.999984458626548
current fid 0.9999844586267203
current fid 0.9999844586267203
current fid 0.9999844586267203
current fid 0.9999844586267203
current fid 0.9999844586267203
current fid 0.9999844586267203
current fid 0.9999844586267203
current fid 0.9999844586267203
current fid 0.9999844586267203
current fid 0.9999844586267203
current fid 0.9999844586267203
current fid 0.9999844586267203
current fid 0.9999844586267203
current fid 0.9999844586267203
current fid 0.9999844586267203
current fid 0.9999844586267203
current fid 0.9999844586267203
current fid 0.9999844586267203
current fid 0.9999844586267203
current fid 0.9999844586267203
current fid 0.9999844586267203
current fid 0.9999844586267203
current fid 0.9999844586267203
current fid 0.9999844586267203
current fid 0.9999844586267203
current fid 0.9999844586056134
current fid 0.9999844586047347
current fid 0.9999844586539098
current fid 0.9999844586547243
current fid 0.9999844586267203
current fid 0.9999844586267203
current fid 0.9999844586267203
current fid 0.9999844586267203
current fid 0.9999844586267203
current fid 0.9999844586267203
current fid 0.9999844586277967
current fid 0.9999844586269427
current fid 0.9999844586259793
current fid 0.9999844586238299
current fid 0.9999844586267127
current fid 0.9999844586293231
current fid 0.9999844585828535
current fid 0.999984458586967
current fid 0.9999844586204774
current fid 0.9999844586267251
current fid 0.9999844586267187
current fid 0.9999844586267416
current fid 0.9999844586267671
current fid 0.9999844586265761
current fid 0.9999844586288159
current fid 0.999984458626732
current fid 0.9999844586267171
current fid 0.9999844586268908
current fid 0.999984458659663
current fid 0.9999844586267282
current fid 0.9999844586490094
current fid 0.9999844586276644
current fid 0.9999844586267107
current fid 0.9999844586267234
current fid 0.9999844586267085
current fid 0.9999844586267203
current fid 0.9999844586267203
current fid 0.9999844586267203
current fid 0.9999844586267203
current fid 0.9999844586267203
current fid 0.9999844586267203
current fid 0.9999844586267203
current fid 0.9999844586267203
current fid 0.9999844586267203
current fid 0.9999844586267203
current fid 0.9999844586267203
current fid 0.9999844586267203
current fid 0.9999844586267203
current fid 0.9999844586267203
current fid 0.9999844586267203
current fid 0.9999844586267203
current fid 0.9999844586267203
current fid 0.9999844586267203
current fid 0.9999844586267203
current fid 0.9999844586267203
current fid 0.9999844586267203
current fid 0.9999844586267203
current fid 0.9999844586267203
current fid 0.9999844586267203
current fid 0.9999844586267203
current fid 0.9999978501737307
current fid 0.9999978501734975
current fid 0.9999978501737555
current fid 0.999997850173607
current fid 0.9999978501733952
current fid 0.9999978501738979
current fid 0.9999978501741452
current fid 0.9999978501731798
current fid 0.9999978501732812
current fid 0.999997850174153
current fid 0.9999978501737458
current fid 0.9999978501737091
current fid 0.9999978501737684
current fid 0.9999978501737178
current fid 0.9999978501737609
current fid 0.9999978501736265
current fid 0.999997850173754
current fid 0.9999978501736705
current fid 0.999997850174042
current fid 0.9999978501736667
current fid 0.9999978501737775
current fid 0.9999978501734225
current fid 0.9999978501738785
current fid 0.9999978501736954
current fid 0.9999978501738304
current fid 0.9999978501737102
current fid 0.9999978501737307
current fid 0.9999978501737307
current fid 0.9999978501737307
current fid 0.9999978501737307
current fid 0.9999978501737307
current fid 0.9999978501737307
current fid 0.9999978501737307
current fid 0.9999978501737307
current fid 0.9999978501737307
current fid 0.9999978501737307
current fid 0.9999978501737307
current fid 0.9999978501737307
current fid 0.9999978501737307
current fid 0.9999978501737307
current fid 0.9999978501737307
current fid 0.9999978501737307
current fid 0.9999978501737307
current fid 0.9999978501737307
current fid 0.9999978501737307
current fid 0.9999978501737307
current fid 0.9999978501737307
current fid 0.9999978501737307
current fid 0.9999978501737307
current fid 0.9999978501737307
current fid 0.9999978501737307
current fid 0.9999978501750716
current fid 0.9999978501773336
current fid 0.9999978501834689
current fid 0.999997850181246
current fid 0.9999978501737307
current fid 0.9999978501737307
current fid 0.9999978501737307
current fid 0.9999978501737307
current fid 0.9999978501737307
current fid 0.9999978501737307
current fid 0.999997850173523
current fid 0.9999978501738741
current fid 0.9999978501745984
current fid 0.9999978501722114
current fid 0.9999978501737244
current fid 0.9999978501680139
current fid 0.9999978501616608
current fid 0.9999978501753567
current fid 0.9999978501716157
current fid 0.9999978501737338
current fid 0.9999978501737329
current fid 0.9999978501737444
current fid 0.9999978501737613
current fid 0.9999978501735552
current fid 0.999997850175479
current fid 0.9999978501737413
current fid 0.9999978501737284
current fid 0.9999978501733294
current fid 0.9999978501890802
current fid 0.9999978501737411
current fid 0.9999978501652916
current fid 0.9999978501733903
current fid 0.999997850173722
current fid 0.9999978501737335
current fid 0.999997850173722
current fid 0.9999978501737307
current fid 0.9999978501737307
current fid 0.9999978501737307
current fid 0.9999978501737307
current fid 0.9999978501737307
current fid 0.9999978501737307
current fid 0.9999978501737307
current fid 0.9999978501737307
current fid 0.9999978501737307
current fid 0.9999978501737307
current fid 0.9999978501737307
current fid 0.9999978501737307
current fid 0.9999978501737307
current fid 0.9999978501737307
current fid 0.9999978501737307
current fid 0.9999978501737307
current fid 0.9999978501737307
current fid 0.9999978501737307
current fid 0.9999978501737307
current fid 0.9999978501737307
current fid 0.9999978501737307
current fid 0.9999978501737307
current fid 0.9999978501737307
current fid 0.9999978501737307
current fid 0.9999978501737307
current fid 0.999999650031425
current fid 0.9999996500313535
current fid 0.9999996500315209
current fid 0.9999996500313324
current fid 0.9999996500312698
current fid 0.9999996500315254
current fid 0.9999996500316113
current fid 0.9999996500312682
current fid 0.9999996500313193
current fid 0.9999996500315687
current fid 0.9999996500314372
current fid 0.9999996500314094
current fid 0.9999996500314399
current fid 0.9999996500314294
current fid 0.9999996500314183
current fid 0.9999996500313664
current fid 0.9999996500314323
current fid 0.9999996500314001
current fid 0.9999996500315453
current fid 0.9999996500314337
current fid 0.9999996500314456
current fid 0.9999996500313291
current fid 0.9999996500314725
current fid 0.9999996500314163
current fid 0.999999650031461
current fid 0.999999650031415
current fid 0.999999650031425
current fid 0.999999650031425
current fid 0.999999650031425
current fid 0.999999650031425
current fid 0.999999650031425
current fid 0.999999650031425
current fid 0.999999650031425
current fid 0.999999650031425
current fid 0.999999650031425
current fid 0.999999650031425
current fid 0.999999650031425
current fid 0.999999650031425
current fid 0.999999650031425
current fid 0.999999650031425
current fid 0.999999650031425
current fid 0.999999650031425
current fid 0.999999650031425
current fid 0.999999650031425
current fid 0.999999650031425
current fid 0.999999650031425
current fid 0.999999650031425
current fid 0.999999650031425
current fid 0.999999650031425
current fid 0.999999650031425
current fid 0.999999650031425
current fid 0.9999996500323467
current fid 0.9999996500335901
current fid 0.9999996500349413
current fid 0.9999996500337154
current fid 0.999999650031425
current fid 0.999999650031425
current fid 0.999999650031425
current fid 0.999999650031425
current fid 0.999999650031425
current fid 0.999999650031425
current fid 0.9999996500314194
current fid 0.9999996500315758
current fid 0.9999996500317778
current fid 0.9999996500307402
current fid 0.9999996500314181
current fid 0.9999996500292418
current fid 0.9999996500273252
current fid 0.9999996500332344
current fid 0.9999996500305111
current fid 0.999999650031425
current fid 0.9999996500314254
current fid 0.9999996500314392
current fid 0.9999996500314601
current fid 0.9999996500313837
current fid 0.9999996500322084
current fid 0.9999996500314325
current fid 0.9999996500314217
current fid 0.9999996500312807
current fid 0.9999996500372266
current fid 0.9999996500314352
current fid 0.9999996500271475
current fid 0.9999996500312547
current fid 0.9999996500314132
current fid 0.999999650031425
current fid 0.9999996500314141
current fid 0.999999650031425
current fid 0.999999650031425
current fid 0.999999650031425
current fid 0.999999650031425
current fid 0.999999650031425
current fid 0.999999650031425
current fid 0.999999650031425
current fid 0.999999650031425
current fid 0.999999650031425
current fid 0.999999650031425
current fid 0.999999650031425
current fid 0.999999650031425
current fid 0.999999650031425
current fid 0.999999650031425
current fid 0.999999650031425
current fid 0.999999650031425
current fid 0.999999650031425
current fid 0.999999650031425
current fid 0.999999650031425
current fid 0.999999650031425
current fid 0.999999650031425
current fid 0.999999650031425
current fid 0.999999650031425
current fid 0.999999650031425
current fid 0.999999650031425
current fid 0.9999999483747966
current fid 0.9999999483747675
current fid 0.9999999483748834
current fid 0.999999948374809
current fid 0.9999999483747755
current fid 0.9999999483748723
current fid 0.9999999483747897
current fid 0.999999948374787
current fid 0.9999999483748274
current fid 0.999999948374767
current fid 0.9999999483748048
current fid 0.9999999483747948
current fid 0.9999999483747968
current fid 0.9999999483748099
current fid 0.9999999483747968
current fid 0.9999999483747937
current fid 0.9999999483748028
current fid 0.999999948374797
current fid 0.9999999483748097
current fid 0.9999999483748083
current fid 0.9999999483748092
current fid 0.999999948374813
current fid 0.9999999483747799
current fid 0.9999999483747939
current fid 0.9999999483747963
current fid 0.9999999483747954
current fid 0.9999999483747966
current fid 0.9999999483747966
current fid 0.9999999483747966
current fid 0.9999999483747966
current fid 0.9999999483747966
current fid 0.9999999483747966
current fid 0.9999999483747966
current fid 0.9999999483747966
current fid 0.9999999483747966
current fid 0.9999999483747966
current fid 0.9999999483747966
current fid 0.9999999483747966
current fid 0.9999999483747966
current fid 0.9999999483747966
current fid 0.9999999483747966
current fid 0.9999999483747966
current fid 0.9999999483747966
current fid 0.9999999483747966
current fid 0.9999999483747966
current fid 0.9999999483747966
current fid 0.9999999483747966
current fid 0.9999999483747966
current fid 0.9999999483747966
current fid 0.9999999483747966
current fid 0.9999999483747966
current fid 0.9999999483747912
current fid 0.9999999483748796
current fid 0.9999999483748423
current fid 0.999999948374763
current fid 0.9999999483747966
current fid 0.9999999483747966
current fid 0.9999999483747966
current fid 0.9999999483747966
current fid 0.9999999483747966
current fid 0.9999999483747966
current fid 0.9999999483747974
current fid 0.9999999483749498
current fid 0.9999999483748332
current fid 0.9999999483748476
current fid 0.9999999483747923
current fid 0.999999948374543
current fid 0.9999999483747513
current fid 0.9999999483748885
current fid 0.999999948374966
current fid 0.9999999483747988
current fid 0.9999999483747977
current fid 0.999999948374813
current fid 0.9999999483748301
current fid 0.9999999483747881
current fid 0.9999999483747704
current fid 0.9999999483748079
current fid 0.9999999483747966
current fid 0.9999999483747768
current fid 0.9999999483749051
current fid 0.999999948374807
current fid 0.9999999483746573
current fid 0.9999999483747857
current fid 0.9999999483747877
current fid 0.9999999483747977
current fid 0.9999999483747875
current fid 0.9999999483747966
current fid 0.9999999483747966
current fid 0.9999999483747966
current fid 0.9999999483747966
current fid 0.9999999483747966
current fid 0.9999999483747966
current fid 0.9999999483747966
current fid 0.9999999483747966
current fid 0.9999999483747966
current fid 0.9999999483747966
current fid 0.9999999483747966
current fid 0.9999999483747966
current fid 0.9999999483747966
current fid 0.9999999483747966
current fid 0.9999999483747966
current fid 0.9999999483747966
current fid 0.9999999483747966
current fid 0.9999999483747966
current fid 0.9999999483747966
current fid 0.9999999483747966
current fid 0.9999999483747966
current fid 0.9999999483747966
current fid 0.9999999483747966
current fid 0.9999999483747966
current fid 0.9999999483747966
current fid 0.9999999491907337
current fid 0.9999999491906912
current fid 0.9999999491908111
current fid 0.9999999491907441
current fid 0.9999999491907114
current fid 0.9999999491908074
current fid 0.999999949190727
current fid 0.9999999491907188
current fid 0.9999999491907592
current fid 0.9999999491906932
current fid 0.9999999491907374
current fid 0.9999999491907308
current fid 0.9999999491907259
current fid 0.9999999491907348
current fid 0.9999999491907279
current fid 0.9999999491907197
current fid 0.9999999491907352
current fid 0.9999999491907265
current fid 0.9999999491907283
current fid 0.9999999491907423
current fid 0.9999999491907445
current fid 0.9999999491907483
current fid 0.9999999491907212
current fid 0.9999999491907245
current fid 0.9999999491907301
current fid 0.9999999491907252
current fid 0.9999999491907337
current fid 0.9999999491907337
current fid 0.9999999491907337
current fid 0.9999999491907337
current fid 0.9999999491907337
current fid 0.9999999491907337
current fid 0.9999999491907337
current fid 0.9999999491907337
current fid 0.9999999491907337
current fid 0.9999999491907337
current fid 0.9999999491907337
current fid 0.9999999491907337
current fid 0.9999999491907337
current fid 0.9999999491907337
current fid 0.9999999491907337
current fid 0.9999999491907337
current fid 0.9999999491907337
current fid 0.9999999491907337
current fid 0.9999999491907337
current fid 0.9999999491907337
current fid 0.9999999491907337
current fid 0.9999999491907337
current fid 0.9999999491907337
current fid 0.9999999491907337
current fid 0.9999999491907337
current fid 0.9999999491907337
current fid 0.9999999491907445
current fid 0.9999999491907254
current fid 0.9999999491907245
current fid 0.9999999491907337
current fid 0.9999999491907337
current fid 0.9999999491907337
current fid 0.9999999491907337
current fid 0.9999999491907337
current fid 0.9999999491907337
current fid 0.9999999491907221
current fid 0.9999999491908853
current fid 0.9999999491907301
current fid 0.999999949190719
current fid 0.9999999491907283
current fid 0.9999999491907812
current fid 0.9999999491907383
current fid 0.9999999491907525
current fid 0.9999999491906799
current fid 0.9999999491907354
current fid 0.999999949190737
current fid 0.9999999491907496
current fid 0.9999999491907627
current fid 0.9999999491907312
current fid 0.999999949190735
current fid 0.9999999491907448
current fid 0.9999999491907334
current fid 0.9999999491907401
current fid 0.9999999491907297
current fid 0.9999999491907419
current fid 0.9999999491907212
current fid 0.9999999491907343
current fid 0.9999999491907239
current fid 0.999999949190733
current fid 0.9999999491907217
current fid 0.9999999491907337
current fid 0.9999999491907337
current fid 0.9999999491907337
current fid 0.9999999491907337
current fid 0.9999999491907337
current fid 0.9999999491907337
current fid 0.9999999491907337
current fid 0.9999999491907337
current fid 0.9999999491907337
current fid 0.9999999491907337
current fid 0.9999999491907337
current fid 0.9999999491907337
current fid 0.9999999491907337
current fid 0.9999999491907337
current fid 0.9999999491907337
current fid 0.9999999491907337
current fid 0.9999999491907337
current fid 0.9999999491907337
current fid 0.9999999491907337
current fid 0.9999999491907337
current fid 0.9999999491907337
current fid 0.9999999491907337
current fid 0.9999999491907337
current fid 0.9999999491907337
current fid 0.9999999491907337
norb 5
qubits QuantumRegister(10, 'q')
Optimization level  3 OrderedDict([('rz', 120), ('sx', 92), ('cx', 40), ('x', 2)]) 105
two qubit gate depth 26
current fragment 1
converged SCF energy = -5.35854713562161
converged SCF energy = -5.35854713562161

WARN: RCCSD method does not support ROHF method. ROHF object is converted to UHF object and UCCSD method is called.

E(UCCSD) = -5.362277103417107  E_corr = -0.003729967795493208
nelec (0, 3)
current fid 0.998804542410295
current fid 0.998804542410295
current fid 0.998804542410295
current fid 0.998804542410295
current fid 0.998804542410295
current fid 0.998804542410295
current fid 0.998804542410295
current fid 0.998804542410295
current fid 0.998804542410295
current fid 0.998804542410295
current fid 0.998804542410295
current fid 0.998804542410295
current fid 0.998804542410295
current fid 0.998804542410295
current fid 0.998804542410295
current fid 0.998804542410295
current fid 0.998804542410295
current fid 0.998804542410295
current fid 0.998804542410295
current fid 0.998804542410295
current fid 0.998804542410295
current fid 0.998804542410295
current fid 0.998804542410295
current fid 0.998804542410295
current fid 0.998804542410295
current fid 0.998804542410295
current fid 0.998804542410295
current fid 0.998804542410295
current fid 0.998804542410295
current fid 0.998804542410295
current fid 0.998804542410295
current fid 0.998804542410295
current fid 0.998804542410295
current fid 0.998804542410295
current fid 0.998804542410295
current fid 0.998804542410295
current fid 0.998804542410295
current fid 0.998804542410295
current fid 0.998804542410295
current fid 0.998804542410295
current fid 0.998804542410295
current fid 0.998804542410295
current fid 0.998804542410295
current fid 0.998804542410295
current fid 0.998804542410295
current fid 0.998804542410295
current fid 0.998804542410295
current fid 0.998804542410295
current fid 0.998804542410295
current fid 0.998804542410295
current fid 0.998804542410295
current fid 0.998804542410295
current fid 0.998804542410295
current fid 0.998804542410295
current fid 0.998804542410295
current fid 0.998804542410295
current fid 0.998804542410295
current fid 0.998804542410295
current fid 0.998804542410295
current fid 0.998804542410295
current fid 0.998804542410295
current fid 0.998804542410295
current fid 0.998804542410295
current fid 0.998804542410295
current fid 0.998804542410295
current fid 0.998804542410295
current fid 0.998804542410295
current fid 0.998804542410295
current fid 0.998804542410295
current fid 0.998804542410295
current fid 0.998804542410295
current fid 0.998804542410295
current fid 0.998804542410295
current fid 0.998804542410295
current fid 0.998804542410295
current fid 0.998804542410295
current fid 0.998804542410295
current fid 0.998804542410295
current fid 0.998804542410295
current fid 0.998804542410295
current fid 0.998804542410295
current fid 0.998804542410295
current fid 0.998804542410295
current fid 0.998804542410295
current fid 0.998804542410295
current fid 0.998804542410295
current fid 0.998804542410295
current fid 0.998804542410295
current fid 0.998804542410295
current fid 0.998804542410295
current fid 0.998804542410295
current fid 0.998804542410295
current fid 0.998804542410295
current fid 0.998804542410295
current fid 0.998804542410295
current fid 0.998804542410295
current fid 0.998804542410295
current fid 0.998804542410295
current fid 0.998804542410295
current fid 0.998804542410295
current fid 0.998804542410295
current fid 0.998804542410295
current fid 0.998804542410295
current fid 0.998804542410295
current fid 0.998804542410295
current fid 0.998804542410295
current fid 0.998804542410295
current fid 0.998804542410295
current fid 0.998804542410295
current fid 0.998804542410295
current fid 0.998804542410295
norb 5
qubits QuantumRegister(10, 'q')
Optimization level  3 OrderedDict([('rz', 73), ('sx', 55), ('cx', 24), ('x', 4)]) 53
two qubit gate depth 13
converged SCF energy = -11.9474738348079
converged SCF energy = -11.9474738348078
CCSD not converged
E(CCSD) = -12.32911325440421  E_corr = -0.381639419596442
Optimization level  3 OrderedDict([('rz', 1800), ('sx', 1306), ('cx', 830), ('measure', 20), ('x', 5), ('barrier', 2)]) 404
two qubit gate depth 123
num_alpha 3
num_beta 3

Starting configuration recovery iteration 0
batches [array([[False, False, False, ...,  True,  True,  True],
       [False, False, False, ...,  True,  True, False],
       [False, False, False, ...,  True, False,  True],
       ...,
       [ True, False, False, ..., False,  True,  True],
       [False, False, False, ...,  True, False,  True],
       [False, False, False, ...,  True, False,  True]]), array([[False, False, False, ...,  True,  True,  True],
       [False, False, False, ...,  True,  True,  True],
       [False, False, False, ...,  True, False,  True],
       ...,
       [False, False, False, ..., False, False,  True],
       [False, False, False, ..., False,  True,  True],
       [False, False, False, ...,  True, False,  True]]), array([[False, False, False, ...,  True,  True,  True],
       [False, False, False, ..., False, False,  True],
       [False, False, False, ...,  True, False,  True],
       ...,
       [False, False, False, ...,  True,  True, False],
       [False, False, False, ...,  True, False,  True],
       [False, False, False, ...,  True, False,  True]]), array([[False, False, False, ...,  True,  True,  True],
       [False, False, False, ..., False,  True,  True],
       [False, False, False, ...,  True,  True,  True],
       ...,
       [False, False, False, ..., False, False,  True],
       [False, False, False, ..., False,  True,  True],
       [False, False, False, ...,  True, False, False]]), array([[False, False, False, ...,  True, False,  True],
       [False, False, False, ...,  True,  True,  True],
       [False, False, False, ..., False, False,  True],
       ...,
       [False, False, False, ...,  True, False, False],
       [False, False, False, ..., False, False,  True],
       [False, False, False, ..., False,  True, False]])]
current batch [[False False False ...  True  True  True]
 [False False False ...  True  True False]
 [False False False ...  True False  True]
 ...
 [ True False False ... False  True  True]
 [False False False ...  True False  True]
 [False False False ...  True False  True]]
Batch 0 subspace dimension: 784
current batch [[False False False ...  True  True  True]
 [False False False ...  True  True  True]
 [False False False ...  True False  True]
 ...
 [False False False ... False False  True]
 [False False False ... False  True  True]
 [False False False ...  True False  True]]
Batch 1 subspace dimension: 784
current batch [[False False False ...  True  True  True]
 [False False False ... False False  True]
 [False False False ...  True False  True]
 ...
 [False False False ...  True  True False]
 [False False False ...  True False  True]
 [False False False ...  True False  True]]
Batch 2 subspace dimension: 729
current batch [[False False False ...  True  True  True]
 [False False False ... False  True  True]
 [False False False ...  True  True  True]
 ...
 [False False False ... False False  True]
 [False False False ... False  True  True]
 [False False False ...  True False False]]
Batch 3 subspace dimension: 529
current batch [[False False False ...  True False  True]
 [False False False ...  True  True  True]
 [False False False ... False False  True]
 ...
 [False False False ...  True False False]
 [False False False ... False False  True]
 [False False False ... False  True False]]
Batch 4 subspace dimension: 900


Starting configuration recovery iteration 1
batches [array([[False, False, False, ...,  True,  True,  True],
       [False, False, False, ..., False,  True,  True],
       [False, False, False, ...,  True,  True, False],
       ...,
       [False,  True, False, ..., False,  True,  True],
       [False, False, False, ...,  True,  True,  True],
       [False, False, False, ..., False, False,  True]]), array([[False, False, False, ...,  True,  True,  True],
       [False, False, False, ..., False, False,  True],
       [False, False, False, ...,  True, False,  True],
       ...,
       [ True, False, False, ..., False,  True,  True],
       [False, False, False, ..., False,  True,  True],
       [False, False, False, ...,  True, False, False]]), array([[False, False, False, ...,  True,  True,  True],
       [False, False, False, ...,  True, False,  True],
       [False, False, False, ...,  True,  True,  True],
       ...,
       [False, False, False, ...,  True, False, False],
       [False, False, False, ...,  True,  True,  True],
       [False, False, False, ...,  True, False, False]]), array([[False, False, False, ...,  True,  True,  True],
       [False, False, False, ...,  True,  True,  True],
       [False, False, False, ...,  True,  True,  True],
       ...,
       [False, False, False, ...,  True,  True,  True],
       [False, False, False, ...,  True, False,  True],
       [False, False, False, ...,  True, False, False]]), array([[False, False, False, ...,  True,  True,  True],
       [False, False, False, ...,  True, False,  True],
       [False, False, False, ...,  True,  True,  True],
       ...,
       [False, False, False, ..., False,  True, False],
       [False, False, False, ...,  True, False,  True],
       [False, False, False, ..., False,  True,  True]])]
current batch [[False False False ...  True  True  True]
 [False False False ... False  True  True]
 [False False False ...  True  True False]
 ...
 [False  True False ... False  True  True]
 [False False False ...  True  True  True]
 [False False False ... False False  True]]
Batch 0 subspace dimension: 784
current batch [[False False False ...  True  True  True]
 [False False False ... False False  True]
 [False False False ...  True False  True]
 ...
 [ True False False ... False  True  True]
 [False False False ... False  True  True]
 [False False False ...  True False False]]
Batch 1 subspace dimension: 784
current batch [[False False False ...  True  True  True]
 [False False False ...  True False  True]
 [False False False ...  True  True  True]
 ...
 [False False False ...  True False False]
 [False False False ...  True  True  True]
 [False False False ...  True False False]]
Batch 2 subspace dimension: 676
current batch [[False False False ...  True  True  True]
 [False False False ...  True  True  True]
 [False False False ...  True  True  True]
 ...
 [False False False ...  True  True  True]
 [False False False ...  True False  True]
 [False False False ...  True False False]]
Batch 3 subspace dimension: 676
current batch [[False False False ...  True  True  True]
 [False False False ...  True False  True]
 [False False False ...  True  True  True]
 ...
 [False False False ... False  True False]
 [False False False ...  True False  True]
 [False False False ... False  True  True]]
Batch 4 subspace dimension: 676


Starting configuration recovery iteration 2
batches [array([[False, False, False, ...,  True, False,  True],
       [False, False, False, ...,  True,  True,  True],
       [False, False, False, ...,  True, False,  True],
       ...,
       [False, False, False, ..., False, False,  True],
       [False, False, False, ..., False,  True,  True],
       [False, False, False, ..., False, False,  True]]), array([[False, False, False, ...,  True,  True, False],
       [False, False, False, ...,  True,  True,  True],
       [False, False, False, ...,  True, False,  True],
       ...,
       [False, False, False, ..., False, False, False],
       [False, False, False, ..., False,  True,  True],
       [False, False, False, ..., False, False,  True]]), array([[False, False, False, ..., False,  True,  True],
       [False, False, False, ..., False,  True,  True],
       [False, False, False, ...,  True,  True,  True],
       ...,
       [False, False, False, ...,  True, False,  True],
       [False, False, False, ...,  True,  True,  True],
       [False, False, False, ...,  True,  True, False]]), array([[False, False, False, ...,  True,  True,  True],
       [False, False, False, ...,  True,  True, False],
       [False, False, False, ..., False,  True,  True],
       ...,
       [False, False, False, ...,  True, False, False],
       [False, False, False, ..., False,  True, False],
       [False, False, False, ...,  True,  True, False]]), array([[False, False, False, ...,  True, False,  True],
       [False, False, False, ...,  True,  True,  True],
       [False, False, False, ...,  True,  True,  True],
       ...,
       [False, False, False, ...,  True, False,  True],
       [False, False, False, ...,  True, False,  True],
       [False, False, False, ...,  True,  True, False]])]
current batch [[False False False ...  True False  True]
 [False False False ...  True  True  True]
 [False False False ...  True False  True]
 ...
 [False False False ... False False  True]
 [False False False ... False  True  True]
 [False False False ... False False  True]]
Batch 0 subspace dimension: 784
current batch [[False False False ...  True  True False]
 [False False False ...  True  True  True]
 [False False False ...  True False  True]
 ...
 [False False False ... False False False]
 [False False False ... False  True  True]
 [False False False ... False False  True]]
Batch 1 subspace dimension: 729
current batch [[False False False ... False  True  True]
 [False False False ... False  True  True]
 [False False False ...  True  True  True]
 ...
 [False False False ...  True False  True]
 [False False False ...  True  True  True]
 [False False False ...  True  True False]]
Batch 2 subspace dimension: 841
current batch [[False False False ...  True  True  True]
 [False False False ...  True  True False]
 [False False False ... False  True  True]
 ...
 [False False False ...  True False False]
 [False False False ... False  True False]
 [False False False ...  True  True False]]
Batch 3 subspace dimension: 676
current batch [[False False False ...  True False  True]
 [False False False ...  True  True  True]
 [False False False ...  True  True  True]
 ...
 [False False False ...  True False  True]
 [False False False ...  True False  True]
 [False False False ...  True  True False]]
Batch 4 subspace dimension: 841


Starting configuration recovery iteration 3
batches [array([[False, False, False, ...,  True,  True, False],
       [False, False, False, ...,  True,  True,  True],
       [False, False, False, ...,  True,  True,  True],
       ...,
       [False, False, False, ...,  True, False, False],
       [False,  True, False, ..., False,  True,  True],
       [False, False, False, ..., False, False,  True]]), array([[False, False, False, ...,  True,  True,  True],
       [False, False, False, ..., False,  True,  True],
       [False, False, False, ...,  True,  True, False],
       ...,
       [False, False, False, ..., False, False,  True],
       [False, False, False, ..., False,  True,  True],
       [False, False, False, ..., False,  True, False]]), array([[False, False, False, ...,  True,  True,  True],
       [False, False, False, ...,  True, False, False],
       [False, False, False, ..., False,  True,  True],
       ...,
       [False, False, False, ..., False, False, False],
       [False, False, False, ..., False, False, False],
       [False, False, False, ..., False,  True,  True]]), array([[False, False, False, ...,  True, False,  True],
       [False, False, False, ...,  True,  True,  True],
       [False, False, False, ...,  True,  True, False],
       ...,
       [False, False, False, ..., False, False,  True],
       [False, False, False, ...,  True, False,  True],
       [False, False, False, ..., False, False,  True]]), array([[False, False, False, ..., False,  True,  True],
       [False, False, False, ...,  True,  True,  True],
       [False, False, False, ...,  True, False,  True],
       ...,
       [False, False, False, ...,  True, False, False],
       [False, False, False, ...,  True,  True,  True],
       [False, False, False, ...,  True,  True, False]])]
current batch [[False False False ...  True  True False]
 [False False False ...  True  True  True]
 [False False False ...  True  True  True]
 ...
 [False False False ...  True False False]
 [False  True False ... False  True  True]
 [False False False ... False False  True]]
Batch 0 subspace dimension: 841
current batch [[False False False ...  True  True  True]
 [False False False ... False  True  True]
 [False False False ...  True  True False]
 ...
 [False False False ... False False  True]
 [False False False ... False  True  True]
 [False False False ... False  True False]]
Batch 1 subspace dimension: 784
current batch [[False False False ...  True  True  True]
 [False False False ...  True False False]
 [False False False ... False  True  True]
 ...
 [False False False ... False False False]
 [False False False ... False False False]
 [False False False ... False  True  True]]
Batch 2 subspace dimension: 729
current batch [[False False False ...  True False  True]
 [False False False ...  True  True  True]
 [False False False ...  True  True False]
 ...
 [False False False ... False False  True]
 [False False False ...  True False  True]
 [False False False ... False False  True]]
Batch 3 subspace dimension: 784
current batch [[False False False ... False  True  True]
 [False False False ...  True  True  True]
 [False False False ...  True False  True]
 ...
 [False False False ...  True False False]
 [False False False ...  True  True  True]
 [False False False ...  True  True False]]
Batch 4 subspace dimension: 576


Starting configuration recovery iteration 4
batches [array([[False, False, False, ...,  True,  True,  True],
       [False, False, False, ...,  True, False,  True],
       [False, False, False, ...,  True,  True,  True],
       ...,
       [False,  True, False, ..., False,  True,  True],
       [False, False, False, ...,  True, False,  True],
       [False, False, False, ..., False,  True, False]]), array([[False, False, False, ...,  True,  True,  True],
       [False, False, False, ...,  True, False,  True],
       [False, False, False, ...,  True,  True,  True],
       ...,
       [False, False, False, ..., False,  True, False],
       [False, False, False, ..., False,  True,  True],
       [False, False, False, ..., False, False,  True]]), array([[False, False, False, ..., False,  True,  True],
       [False, False, False, ...,  True,  True,  True],
       [False, False, False, ...,  True,  True,  True],
       ...,
       [ True, False, False, ...,  True,  True, False],
       [False, False, False, ...,  True,  True,  True],
       [ True, False, False, ...,  True, False,  True]]), array([[False, False, False, ...,  True,  True, False],
       [False, False, False, ...,  True,  True,  True],
       [False, False, False, ...,  True,  True,  True],
       ...,
       [False, False, False, ...,  True,  True, False],
       [False, False, False, ...,  True, False,  True],
       [False, False, False, ...,  True,  True, False]]), array([[False, False, False, ...,  True, False,  True],
       [False, False, False, ...,  True,  True, False],
       [False, False, False, ...,  True, False,  True],
       ...,
       [False, False, False, ..., False,  True, False],
       [False, False, False, ...,  True, False, False],
       [ True, False, False, ..., False,  True,  True]])]
current batch [[False False False ...  True  True  True]
 [False False False ...  True False  True]
 [False False False ...  True  True  True]
 ...
 [False  True False ... False  True  True]
 [False False False ...  True False  True]
 [False False False ... False  True False]]
Batch 0 subspace dimension: 676
current batch [[False False False ...  True  True  True]
 [False False False ...  True False  True]
 [False False False ...  True  True  True]
 ...
 [False False False ... False  True False]
 [False False False ... False  True  True]
 [False False False ... False False  True]]
Batch 1 subspace dimension: 784
current batch [[False False False ... False  True  True]
 [False False False ...  True  True  True]
 [False False False ...  True  True  True]
 ...
 [ True False False ...  True  True False]
 [False False False ...  True  True  True]
 [ True False False ...  True False  True]]
Batch 2 subspace dimension: 841
current batch [[False False False ...  True  True False]
 [False False False ...  True  True  True]
 [False False False ...  True  True  True]
 ...
 [False False False ...  True  True False]
 [False False False ...  True False  True]
 [False False False ...  True  True False]]
Batch 3 subspace dimension: 729
current batch [[False False False ...  True False  True]
 [False False False ...  True  True False]
 [False False False ...  True False  True]
 ...
 [False False False ... False  True False]
 [False False False ...  True False False]
 [ True False False ... False  True  True]]
Batch 4 subspace dimension: 784

las-lucj-sqd energy is -12.254045800797769
